<?xml version='1.0'?>
<ns2:test-suite xmlns:ns2='urn:model.allure.qatools.yandex.ru' start='1629887107229' stop='1629887126824'>
    <name>upload new dataset on myDatasets page..</name>
    <title>upload new dataset on myDatasets page..</title>
    <test-cases>
        <test-case start='1629887107231' status='failed' stop='1629887124431'>
            <name>clear old e2e projects</name>
            <title>clear old e2e projects</title>
            <labels/>
            <parameters/>
            <steps/>
            <attachments>
                <attachment title='Screenshot' source='6fa3afb7-3fe5-4daf-8e98-060e03fc53ae-attachment.png' type='image/png' size='6580'/>
            </attachments>
            <failure>
                <message>Failed: Error while waiting for Protractor to sync with the page: "both angularJS testability and angular testability are undefined.  This could be either because this is a non-angular page or because your test involves client-side navigation, which can interfere with Protractor's bootstrapping.  See http://git.io/v4gXM for details"</message>
                <stack-trace>Error: Error while waiting for Protractor to sync with the page: "both angularJS testability and angular testability are undefined.  This could be either because this is a non-angular page or because your test involves client-side navigation, which can interfere with Protractor's bootstrapping.  See http://git.io/v4gXM for details"
                    at E:\vmware\Loop\GitHub\e2e\node_modules\protractor\built\browser.js:461:23
                    at ManagedPromise.invokeCallback_ (E:\vmware\Loop\GitHub\e2e\node_modules\selenium-webdriver\lib\promise.js:1376:14)
                    at TaskQueue.execute_ (E:\vmware\Loop\GitHub\e2e\node_modules\selenium-webdriver\lib\promise.js:3084:14)
                    at TaskQueue.executeNext_ (E:\vmware\Loop\GitHub\e2e\node_modules\selenium-webdriver\lib\promise.js:3067:27)
                    at E:\vmware\Loop\GitHub\e2e\node_modules\selenium-webdriver\lib\promise.js:2927:27
                    at E:\vmware\Loop\GitHub\e2e\node_modules\selenium-webdriver\lib\promise.js:668:7
                    at processTicksAndRejections (node:internal/process/task_queues:96:5)
                From: Task: &lt;anonymous>
                    at pollCondition (E:\vmware\Loop\GitHub\e2e\node_modules\selenium-webdriver\lib\promise.js:2195:19)
                    at E:\vmware\Loop\GitHub\e2e\node_modules\selenium-webdriver\lib\promise.js:2191:7
                    at new ManagedPromise (E:\vmware\Loop\GitHub\e2e\node_modules\selenium-webdriver\lib\promise.js:1077:7)
                    at ControlFlow.promise (E:\vmware\Loop\GitHub\e2e\node_modules\selenium-webdriver\lib\promise.js:2505:12)
                    at E:\vmware\Loop\GitHub\e2e\node_modules\selenium-webdriver\lib\promise.js:2190:22
                    at TaskQueue.execute_ (E:\vmware\Loop\GitHub\e2e\node_modules\selenium-webdriver\lib\promise.js:3084:14)
                    at TaskQueue.executeNext_ (E:\vmware\Loop\GitHub\e2e\node_modules\selenium-webdriver\lib\promise.js:3067:27)
                    at E:\vmware\Loop\GitHub\e2e\node_modules\selenium-webdriver\lib\promise.js:2974:25
                    at E:\vmware\Loop\GitHub\e2e\node_modules\selenium-webdriver\lib\promise.js:668:7
                From: Task: &lt;anonymous wait>
                    at scheduleWait (E:\vmware\Loop\GitHub\e2e\node_modules\selenium-webdriver\lib\promise.js:2188:20)
                    at ControlFlow.wait (E:\vmware\Loop\GitHub\e2e\node_modules\selenium-webdriver\lib\promise.js:2517:12)
                    at Driver.wait (E:\vmware\Loop\GitHub\e2e\node_modules\selenium-webdriver\lib\webdriver.js:934:29)
                    at run (E:\vmware\Loop\GitHub\e2e\node_modules\protractor\built\browser.js:58:33)
                    at ProtractorBrowser.to.&lt;computed> [as wait] (E:\vmware\Loop\GitHub\e2e\node_modules\protractor\built\browser.js:66:16)
                    at Function.&lt;anonymous> (E:\vmware\Loop\GitHub\e2e\utils\function-util.ts:140:19)
                    at Generator.next (&lt;anonymous>)
                    at E:\vmware\Loop\GitHub\e2e\node_modules\tslib\tslib.js:115:75
                    at new Promise (&lt;anonymous>)
                    at Object.__awaiter (E:\vmware\Loop\GitHub\e2e\node_modules\tslib\tslib.js:111:16)
                From: Task: Run it("clear old e2e projects") in control flow
                    at UserContext.&lt;anonymous> (E:\vmware\Loop\GitHub\e2e\node_modules\jasminewd2\index.js:94:19)
                    at attempt (E:\vmware\Loop\GitHub\e2e\node_modules\jasmine\node_modules\jasmine-core\lib\jasmine-core\jasmine.js:4297:26)
                    at QueueRunner.run (E:\vmware\Loop\GitHub\e2e\node_modules\jasmine\node_modules\jasmine-core\lib\jasmine-core\jasmine.js:4217:20)
                    at runNext (E:\vmware\Loop\GitHub\e2e\node_modules\jasmine\node_modules\jasmine-core\lib\jasmine-core\jasmine.js:4257:20)
                    at E:\vmware\Loop\GitHub\e2e\node_modules\jasmine\node_modules\jasmine-core\lib\jasmine-core\jasmine.js:4264:13
                    at E:\vmware\Loop\GitHub\e2e\node_modules\jasmine\node_modules\jasmine-core\lib\jasmine-core\jasmine.js:4172:9
                    at E:\vmware\Loop\GitHub\e2e\node_modules\jasminewd2\index.js:64:48
                    at ControlFlow.emit (E:\vmware\Loop\GitHub\e2e\node_modules\selenium-webdriver\lib\events.js:62:21)
                    at ControlFlow.shutdown_ (E:\vmware\Loop\GitHub\e2e\node_modules\selenium-webdriver\lib\promise.js:2674:10)
                    at E:\vmware\Loop\GitHub\e2e\node_modules\selenium-webdriver\lib\promise.js:2599:53
                From asynchronous test: 
                Error: 
                    at Suite.&lt;anonymous> (E:\vmware\Loop\GitHub\e2e\features\clear-old-e2e-projects-datasets-spec.ts:20:3)
                    at addSpecsToSuite (E:\vmware\Loop\GitHub\e2e\node_modules\jasmine\node_modules\jasmine-core\lib\jasmine-core\jasmine.js:1107:25)
                    at Env.describe (E:\vmware\Loop\GitHub\e2e\node_modules\jasmine\node_modules\jasmine-core\lib\jasmine-core\jasmine.js:1074:7)
                    at describe (E:\vmware\Loop\GitHub\e2e\node_modules\jasmine\node_modules\jasmine-core\lib\jasmine-core\jasmine.js:4399:18)
                    at Object.&lt;anonymous> (E:\vmware\Loop\GitHub\e2e\features\clear-old-e2e-projects-datasets-spec.ts:10:1)
                    at Module._compile (node:internal/modules/cjs/loader:1101:14)
                    at Module.m._compile (E:\vmware\Loop\GitHub\e2e\node_modules\ts-node\src\index.ts:422:23)
                    at Module._extensions..js (node:internal/modules/cjs/loader:1153:10)
                    at Object.require.extensions.&lt;computed> [as .ts] (E:\vmware\Loop\GitHub\e2e\node_modules\ts-node\src\index.ts:425:12)</stack-trace>
            </failure>
        </test-case>
        <test-case start='1629887124432' status='failed' stop='1629887126822'>
            <name>clear old e2e dataset</name>
            <title>clear old e2e dataset</title>
            <labels/>
            <parameters/>
            <steps/>
            <attachments>
                <attachment title='Screenshot' source='8b93fd24-a0e4-4955-987f-a6467923cf0a-attachment.png' type='image/png' size='6580'/>
            </attachments>
            <failure>
                <message>Failed: Error while waiting for Protractor to sync with the page: "both angularJS testability and angular testability are undefined.  This could be either because this is a non-angular page or because your test involves client-side navigation, which can interfere with Protractor's bootstrapping.  See http://git.io/v4gXM for details"</message>
                <stack-trace>Error: Error while waiting for Protractor to sync with the page: "both angularJS testability and angular testability are undefined.  This could be either because this is a non-angular page or because your test involves client-side navigation, which can interfere with Protractor's bootstrapping.  See http://git.io/v4gXM for details"
                    at E:\vmware\Loop\GitHub\e2e\node_modules\protractor\built\browser.js:461:23
                    at ManagedPromise.invokeCallback_ (E:\vmware\Loop\GitHub\e2e\node_modules\selenium-webdriver\lib\promise.js:1376:14)
                    at TaskQueue.execute_ (E:\vmware\Loop\GitHub\e2e\node_modules\selenium-webdriver\lib\promise.js:3084:14)
                    at TaskQueue.executeNext_ (E:\vmware\Loop\GitHub\e2e\node_modules\selenium-webdriver\lib\promise.js:3067:27)
                    at E:\vmware\Loop\GitHub\e2e\node_modules\selenium-webdriver\lib\promise.js:2927:27
                    at E:\vmware\Loop\GitHub\e2e\node_modules\selenium-webdriver\lib\promise.js:668:7
                    at processTicksAndRejections (node:internal/process/task_queues:96:5)
                From: Task: &lt;anonymous>
                    at pollCondition (E:\vmware\Loop\GitHub\e2e\node_modules\selenium-webdriver\lib\promise.js:2195:19)
                    at E:\vmware\Loop\GitHub\e2e\node_modules\selenium-webdriver\lib\promise.js:2191:7
                    at new ManagedPromise (E:\vmware\Loop\GitHub\e2e\node_modules\selenium-webdriver\lib\promise.js:1077:7)
                    at ControlFlow.promise (E:\vmware\Loop\GitHub\e2e\node_modules\selenium-webdriver\lib\promise.js:2505:12)
                    at E:\vmware\Loop\GitHub\e2e\node_modules\selenium-webdriver\lib\promise.js:2190:22
                    at TaskQueue.execute_ (E:\vmware\Loop\GitHub\e2e\node_modules\selenium-webdriver\lib\promise.js:3084:14)
                    at TaskQueue.executeNext_ (E:\vmware\Loop\GitHub\e2e\node_modules\selenium-webdriver\lib\promise.js:3067:27)
                    at E:\vmware\Loop\GitHub\e2e\node_modules\selenium-webdriver\lib\promise.js:2974:25
                    at E:\vmware\Loop\GitHub\e2e\node_modules\selenium-webdriver\lib\promise.js:668:7
                From: Task: &lt;anonymous wait>
                    at scheduleWait (E:\vmware\Loop\GitHub\e2e\node_modules\selenium-webdriver\lib\promise.js:2188:20)
                    at ControlFlow.wait (E:\vmware\Loop\GitHub\e2e\node_modules\selenium-webdriver\lib\promise.js:2517:12)
                    at Driver.wait (E:\vmware\Loop\GitHub\e2e\node_modules\selenium-webdriver\lib\webdriver.js:934:29)
                    at run (E:\vmware\Loop\GitHub\e2e\node_modules\protractor\built\browser.js:58:33)
                    at ProtractorBrowser.to.&lt;computed> [as wait] (E:\vmware\Loop\GitHub\e2e\node_modules\protractor\built\browser.js:66:16)
                    at Function.&lt;anonymous> (E:\vmware\Loop\GitHub\e2e\utils\function-util.ts:140:19)
                    at Generator.next (&lt;anonymous>)
                    at E:\vmware\Loop\GitHub\e2e\node_modules\tslib\tslib.js:115:75
                    at new Promise (&lt;anonymous>)
                    at Object.__awaiter (E:\vmware\Loop\GitHub\e2e\node_modules\tslib\tslib.js:111:16)
                From: Task: Run it("clear old e2e dataset") in control flow
                    at UserContext.&lt;anonymous> (E:\vmware\Loop\GitHub\e2e\node_modules\jasminewd2\index.js:94:19)
                    at attempt (E:\vmware\Loop\GitHub\e2e\node_modules\jasmine\node_modules\jasmine-core\lib\jasmine-core\jasmine.js:4297:26)
                    at QueueRunner.run (E:\vmware\Loop\GitHub\e2e\node_modules\jasmine\node_modules\jasmine-core\lib\jasmine-core\jasmine.js:4217:20)
                    at runNext (E:\vmware\Loop\GitHub\e2e\node_modules\jasmine\node_modules\jasmine-core\lib\jasmine-core\jasmine.js:4257:20)
                    at E:\vmware\Loop\GitHub\e2e\node_modules\jasmine\node_modules\jasmine-core\lib\jasmine-core\jasmine.js:4264:13
                    at E:\vmware\Loop\GitHub\e2e\node_modules\jasmine\node_modules\jasmine-core\lib\jasmine-core\jasmine.js:4172:9
                    at E:\vmware\Loop\GitHub\e2e\node_modules\jasminewd2\index.js:64:48
                    at ControlFlow.emit (E:\vmware\Loop\GitHub\e2e\node_modules\selenium-webdriver\lib\events.js:62:21)
                    at ControlFlow.shutdown_ (E:\vmware\Loop\GitHub\e2e\node_modules\selenium-webdriver\lib\promise.js:2674:10)
                    at E:\vmware\Loop\GitHub\e2e\node_modules\selenium-webdriver\lib\promise.js:2599:53
                From asynchronous test: 
                Error: 
                    at Suite.&lt;anonymous> (E:\vmware\Loop\GitHub\e2e\features\clear-old-e2e-projects-datasets-spec.ts:35:3)
                    at addSpecsToSuite (E:\vmware\Loop\GitHub\e2e\node_modules\jasmine\node_modules\jasmine-core\lib\jasmine-core\jasmine.js:1107:25)
                    at Env.describe (E:\vmware\Loop\GitHub\e2e\node_modules\jasmine\node_modules\jasmine-core\lib\jasmine-core\jasmine.js:1074:7)
                    at describe (E:\vmware\Loop\GitHub\e2e\node_modules\jasmine\node_modules\jasmine-core\lib\jasmine-core\jasmine.js:4399:18)
                    at Object.&lt;anonymous> (E:\vmware\Loop\GitHub\e2e\features\clear-old-e2e-projects-datasets-spec.ts:10:1)
                    at Module._compile (node:internal/modules/cjs/loader:1101:14)
                    at Module.m._compile (E:\vmware\Loop\GitHub\e2e\node_modules\ts-node\src\index.ts:422:23)
                    at Module._extensions..js (node:internal/modules/cjs/loader:1153:10)
                    at Object.require.extensions.&lt;computed> [as .ts] (E:\vmware\Loop\GitHub\e2e\node_modules\ts-node\src\index.ts:425:12)</stack-trace>
            </failure>
        </test-case>
    </test-cases>
</ns2:test-suite>