<?xml version='1.0'?>
<ns2:test-suite xmlns:ns2='urn:model.allure.qatools.yandex.ru' start='1629449909473' stop='1629450312177'>
    <name>Enter projects tab...</name>
    <title>Enter projects tab...</title>
    <test-cases>
        <test-case start='1629449909659' status='failed' stop='1629450110817'>
            <name>User and category charts should display normally.</name>
            <title>User and category charts should display normally.</title>
            <labels/>
            <parameters/>
            <steps/>
            <attachments>
                <attachment title='Screenshot' source='99cd70f6-e048-42cb-ab48-2e0040c72726-attachment.png' type='image/png' size='62781'/>
                <attachment title='Screenshot' source='2efd8207-bc71-4907-83e4-be8601640146-attachment.png' type='image/png' size='62781'/>
            </attachments>
            <failure>
                <message>WebDriverError: element click intercepted: Element &lt;a _ngcontent-tpx-c1="" class="nav-link" href="/projects" routerlinkactive="active">...&lt;/a> is not clickable at point (720, 30). Other element would receive the click: &lt;div _ngcontent-tpx-c12="" class="modal">...&lt;/div>
                  (Session info: headless chrome=92.0.4515.159)
                  (Driver info: chromedriver=92.0.4515.107 (87a818b10553a07434ea9e2b6dccf3cbe7895134-refs/branch-heads/4515@{#1634}),platform=Windows NT 10.0.19043 x86_64)</message>
                <stack-trace>WebDriverError: element click intercepted: Element &lt;a _ngcontent-tpx-c1="" class="nav-link" href="/projects" routerlinkactive="active">...&lt;/a> is not clickable at point (720, 30). Other element would receive the click: &lt;div _ngcontent-tpx-c12="" class="modal">...&lt;/div>
                  (Session info: headless chrome=92.0.4515.159)
                  (Driver info: chromedriver=92.0.4515.107 (87a818b10553a07434ea9e2b6dccf3cbe7895134-refs/branch-heads/4515@{#1634}),platform=Windows NT 10.0.19043 x86_64)
                    at Object.checkLegacyResponse (E:\vmware\Loop\GitHub\e2e\node_modules\selenium-webdriver\lib\error.js:546:15)
                    at parseHttpResponse (E:\vmware\Loop\GitHub\e2e\node_modules\selenium-webdriver\lib\http.js:509:13)
                    at E:\vmware\Loop\GitHub\e2e\node_modules\selenium-webdriver\lib\http.js:441:30
                    at runMicrotasks (&lt;anonymous>)
                    at processTicksAndRejections (node:internal/process/task_queues:96:5)
                From: Task: WebElement.click()
                    at Driver.schedule (E:\vmware\Loop\GitHub\e2e\node_modules\selenium-webdriver\lib\webdriver.js:807:17)
                    at WebElement.schedule_ (E:\vmware\Loop\GitHub\e2e\node_modules\selenium-webdriver\lib\webdriver.js:2010:25)
                    at WebElement.click (E:\vmware\Loop\GitHub\e2e\node_modules\selenium-webdriver\lib\webdriver.js:2092:17)
                    at actionFn (E:\vmware\Loop\GitHub\e2e\node_modules\protractor\built\element.js:89:44)
                    at Array.map (&lt;anonymous>)
                    at E:\vmware\Loop\GitHub\e2e\node_modules\protractor\built\element.js:461:65
                    at ManagedPromise.invokeCallback_ (E:\vmware\Loop\GitHub\e2e\node_modules\selenium-webdriver\lib\promise.js:1376:14)
                    at TaskQueue.execute_ (E:\vmware\Loop\GitHub\e2e\node_modules\selenium-webdriver\lib\promise.js:3084:14)
                    at TaskQueue.executeNext_ (E:\vmware\Loop\GitHub\e2e\node_modules\selenium-webdriver\lib\promise.js:3067:27)
                    at E:\vmware\Loop\GitHub\e2e\node_modules\selenium-webdriver\lib\promise.js:2927:27Error: 
                    at ElementArrayFinder.applyAction_ (E:\vmware\Loop\GitHub\e2e\node_modules\protractor\built\element.js:459:27)
                    at ElementArrayFinder.&lt;computed> [as click] (E:\vmware\Loop\GitHub\e2e\node_modules\protractor\built\element.js:91:29)
                    at ElementFinder.&lt;computed> [as click] (E:\vmware\Loop\GitHub\e2e\node_modules\protractor\built\element.js:831:22)
                    at ProjecstPage.&lt;anonymous> (E:\vmware\Loop\GitHub\e2e\page-object\projects-page.ts:28:36)
                    at Generator.next (&lt;anonymous>)
                    at fulfilled (E:\vmware\Loop\GitHub\e2e\node_modules\tslib\tslib.js:112:62)
                    at runMicrotasks (&lt;anonymous>)
                    at processTicksAndRejections (node:internal/process/task_queues:96:5)</stack-trace>
            </failure>
        </test-case>
        <test-case start='1629450110817' status='failed' stop='1629450312176'>
            <name>Delete and silence single flagged ticket successfully.</name>
            <title>Delete and silence single flagged ticket successfully.</title>
            <labels/>
            <parameters/>
            <steps/>
            <attachments>
                <attachment title='Screenshot' source='c1299840-b9c1-4106-8394-742ec4c3d7a8-attachment.png' type='image/png' size='62781'/>
                <attachment title='Screenshot' source='6f7be1c3-8e34-4d2f-90a9-b0e063248298-attachment.png' type='image/png' size='62781'/>
            </attachments>
            <failure>
                <message>WebDriverError: element click intercepted: Element &lt;button _ngcontent-tpx-c21="" clrtablink="" role="tab" type="button" aria-hidden="false" class="btn btn-link nav-link ng-star-inserted" id="clr-tab-link-11" aria-selected="false" tabindex="-1">...&lt;/button> is not clickable at point (172, 164). Other element would receive the click: &lt;div _ngcontent-tpx-c12="" class="modal">...&lt;/div>
                  (Session info: headless chrome=92.0.4515.159)
                  (Driver info: chromedriver=92.0.4515.107 (87a818b10553a07434ea9e2b6dccf3cbe7895134-refs/branch-heads/4515@{#1634}),platform=Windows NT 10.0.19043 x86_64)</message>
                <stack-trace>WebDriverError: element click intercepted: Element &lt;button _ngcontent-tpx-c21="" clrtablink="" role="tab" type="button" aria-hidden="false" class="btn btn-link nav-link ng-star-inserted" id="clr-tab-link-11" aria-selected="false" tabindex="-1">...&lt;/button> is not clickable at point (172, 164). Other element would receive the click: &lt;div _ngcontent-tpx-c12="" class="modal">...&lt;/div>
                  (Session info: headless chrome=92.0.4515.159)
                  (Driver info: chromedriver=92.0.4515.107 (87a818b10553a07434ea9e2b6dccf3cbe7895134-refs/branch-heads/4515@{#1634}),platform=Windows NT 10.0.19043 x86_64)
                    at Object.checkLegacyResponse (E:\vmware\Loop\GitHub\e2e\node_modules\selenium-webdriver\lib\error.js:546:15)
                    at parseHttpResponse (E:\vmware\Loop\GitHub\e2e\node_modules\selenium-webdriver\lib\http.js:509:13)
                    at E:\vmware\Loop\GitHub\e2e\node_modules\selenium-webdriver\lib\http.js:441:30
                    at runMicrotasks (&lt;anonymous>)
                    at processTicksAndRejections (node:internal/process/task_queues:96:5)
                From: Task: WebElement.click()
                    at Driver.schedule (E:\vmware\Loop\GitHub\e2e\node_modules\selenium-webdriver\lib\webdriver.js:807:17)
                    at WebElement.schedule_ (E:\vmware\Loop\GitHub\e2e\node_modules\selenium-webdriver\lib\webdriver.js:2010:25)
                    at WebElement.click (E:\vmware\Loop\GitHub\e2e\node_modules\selenium-webdriver\lib\webdriver.js:2092:17)
                    at actionFn (E:\vmware\Loop\GitHub\e2e\node_modules\protractor\built\element.js:89:44)
                    at Array.map (&lt;anonymous>)
                    at E:\vmware\Loop\GitHub\e2e\node_modules\protractor\built\element.js:461:65
                    at ManagedPromise.invokeCallback_ (E:\vmware\Loop\GitHub\e2e\node_modules\selenium-webdriver\lib\promise.js:1376:14)
                    at TaskQueue.execute_ (E:\vmware\Loop\GitHub\e2e\node_modules\selenium-webdriver\lib\promise.js:3084:14)
                    at TaskQueue.executeNext_ (E:\vmware\Loop\GitHub\e2e\node_modules\selenium-webdriver\lib\promise.js:3067:27)
                    at E:\vmware\Loop\GitHub\e2e\node_modules\selenium-webdriver\lib\promise.js:2927:27Error: 
                    at ElementArrayFinder.applyAction_ (E:\vmware\Loop\GitHub\e2e\node_modules\protractor\built\element.js:459:27)
                    at ElementArrayFinder.&lt;computed> [as click] (E:\vmware\Loop\GitHub\e2e\node_modules\protractor\built\element.js:91:29)
                    at ElementFinder.&lt;computed> [as click] (E:\vmware\Loop\GitHub\e2e\node_modules\protractor\built\element.js:831:22)
                    at ProjecstPage.&lt;anonymous> (E:\vmware\Loop\GitHub\e2e\page-object\projects-page.ts:35:41)
                    at Generator.next (&lt;anonymous>)
                    at fulfilled (E:\vmware\Loop\GitHub\e2e\node_modules\tslib\tslib.js:112:62)
                    at runMicrotasks (&lt;anonymous>)
                    at processTicksAndRejections (node:internal/process/task_queues:96:5)</stack-trace>
            </failure>
        </test-case>
    </test-cases>
</ns2:test-suite>