<?xml version='1.0'?>
<ns2:test-suite xmlns:ns2='urn:model.allure.qatools.yandex.ru' start='1629694123439' stop='1629695129085'>
    <name>Enter projects tab...</name>
    <title>Enter projects tab...</title>
    <test-cases>
        <test-case start='1629694123686' status='failed' stop='1629694324774'>
            <name>Should preview text al project, user and category charts should display normally.</name>
            <title>Should preview text al project, user and category charts should display normally.</title>
            <labels/>
            <parameters/>
            <steps/>
            <attachments>
                <attachment title='Screenshot' source='cdb9ebbf-3237-4efb-b1b2-8718aab9652a-attachment.png' type='image/png' size='59232'/>
                <attachment title='Screenshot' source='a564cc57-a751-4cea-a656-df1459d47751-attachment.png' type='image/png' size='59232'/>
            </attachments>
            <failure>
                <message>WebDriverError: element click intercepted: Element &lt;a _ngcontent-oyg-c1="" class="nav-link active" href="/projects" routerlinkactive="active">...&lt;/a> is not clickable at point (720, 30). Other element would receive the click: &lt;div _ngcontent-oyg-c13="" class="modal">...&lt;/div>
                  (Session info: chrome=92.0.4515.159)
                  (Driver info: chromedriver=92.0.4515.107 (87a818b10553a07434ea9e2b6dccf3cbe7895134-refs/branch-heads/4515@{#1634}),platform=Windows NT 10.0.19043 x86_64)</message>
                <stack-trace>WebDriverError: element click intercepted: Element &lt;a _ngcontent-oyg-c1="" class="nav-link active" href="/projects" routerlinkactive="active">...&lt;/a> is not clickable at point (720, 30). Other element would receive the click: &lt;div _ngcontent-oyg-c13="" class="modal">...&lt;/div>
                  (Session info: chrome=92.0.4515.159)
                  (Driver info: chromedriver=92.0.4515.107 (87a818b10553a07434ea9e2b6dccf3cbe7895134-refs/branch-heads/4515@{#1634}),platform=Windows NT 10.0.19043 x86_64)
                    at Object.checkLegacyResponse (E:\vmware\Loop\GitHub\e2e\node_modules\selenium-webdriver\lib\error.js:546:15)
                    at parseHttpResponse (E:\vmware\Loop\GitHub\e2e\node_modules\selenium-webdriver\lib\http.js:509:13)
                    at E:\vmware\Loop\GitHub\e2e\node_modules\selenium-webdriver\lib\http.js:441:30
                    at runMicrotasks (&lt;anonymous>)
                    at processTicksAndRejections (node:internal/process/task_queues:96:5)
                From: Task: WebElement.click()
                    at Driver.schedule (E:\vmware\Loop\GitHub\e2e\node_modules\selenium-webdriver\lib\webdriver.js:807:17)
                    at WebElement.schedule_ (E:\vmware\Loop\GitHub\e2e\node_modules\selenium-webdriver\lib\webdriver.js:2010:25)
                    at WebElement.click (E:\vmware\Loop\GitHub\e2e\node_modules\selenium-webdriver\lib\webdriver.js:2092:17)
                    at actionFn (E:\vmware\Loop\GitHub\e2e\node_modules\protractor\built\element.js:89:44)
                    at Array.map (&lt;anonymous>)
                    at E:\vmware\Loop\GitHub\e2e\node_modules\protractor\built\element.js:461:65
                    at ManagedPromise.invokeCallback_ (E:\vmware\Loop\GitHub\e2e\node_modules\selenium-webdriver\lib\promise.js:1376:14)
                    at TaskQueue.execute_ (E:\vmware\Loop\GitHub\e2e\node_modules\selenium-webdriver\lib\promise.js:3084:14)
                    at TaskQueue.executeNext_ (E:\vmware\Loop\GitHub\e2e\node_modules\selenium-webdriver\lib\promise.js:3067:27)
                    at E:\vmware\Loop\GitHub\e2e\node_modules\selenium-webdriver\lib\promise.js:2927:27Error: 
                    at ElementArrayFinder.applyAction_ (E:\vmware\Loop\GitHub\e2e\node_modules\protractor\built\element.js:459:27)
                    at ElementArrayFinder.&lt;computed> [as click] (E:\vmware\Loop\GitHub\e2e\node_modules\protractor\built\element.js:91:29)
                    at ElementFinder.&lt;computed> [as click] (E:\vmware\Loop\GitHub\e2e\node_modules\protractor\built\element.js:831:22)
                    at ProjecstPage.&lt;anonymous> (E:\vmware\Loop\GitHub\e2e\page-object\projects-page.ts:46:32)
                    at Generator.next (&lt;anonymous>)
                    at fulfilled (E:\vmware\Loop\GitHub\e2e\node_modules\tslib\tslib.js:112:62)
                    at runMicrotasks (&lt;anonymous>)
                    at processTicksAndRejections (node:internal/process/task_queues:96:5)</stack-trace>
            </failure>
        </test-case>
        <test-case start='1629694324774' status='failed' stop='1629694525034'>
            <name>Should preview text al project, delete and silence single flagged ticket successfully.</name>
            <title>Should preview text al project, delete and silence single flagged ticket successfully.</title>
            <labels/>
            <parameters/>
            <steps/>
            <attachments>
                <attachment title='Screenshot' source='eea4f89d-d7ca-4bfb-85d7-850f6ed34d8e-attachment.png' type='image/png' size='59232'/>
            </attachments>
            <failure>
                <message>Error: Timeout - Async callback was not invoked within timeout specified by jasmine.DEFAULT_TIMEOUT_INTERVAL.</message>
                <stack-trace>Error: Timeout - Async callback was not invoked within timeout specified by jasmine.DEFAULT_TIMEOUT_INTERVAL.
                    at Timeout._onTimeout (E:\vmware\Loop\GitHub\e2e\node_modules\jasmine\node_modules\jasmine-core\lib\jasmine-core\jasmine.js:4281:23)
                    at listOnTimeout (node:internal/timers:557:17)
                    at processTimers (node:internal/timers:500:7)</stack-trace>
            </failure>
        </test-case>
        <test-case start='1629694525035' status='failed' stop='1629694726465'>
            <name>Should preview log project, filter file name and return successfully.</name>
            <title>Should preview log project, filter file name and return successfully.</title>
            <labels/>
            <parameters/>
            <steps/>
            <attachments>
                <attachment title='Screenshot' source='45a5b70d-600f-41f0-8675-fad77fa061cf-attachment.png' type='image/png' size='59232'/>
                <attachment title='Screenshot' source='ba1e9cfe-1906-479f-a9a6-838aa6084015-attachment.png' type='image/png' size='59232'/>
            </attachments>
            <failure>
                <message>WebDriverError: element click intercepted: Element &lt;a _ngcontent-oyg-c1="" class="nav-link active" href="/projects" routerlinkactive="active">...&lt;/a> is not clickable at point (720, 30). Other element would receive the click: &lt;div _ngcontent-oyg-c13="" class="modal">...&lt;/div>
                  (Session info: chrome=92.0.4515.159)
                  (Driver info: chromedriver=92.0.4515.107 (87a818b10553a07434ea9e2b6dccf3cbe7895134-refs/branch-heads/4515@{#1634}),platform=Windows NT 10.0.19043 x86_64)</message>
                <stack-trace>WebDriverError: element click intercepted: Element &lt;a _ngcontent-oyg-c1="" class="nav-link active" href="/projects" routerlinkactive="active">...&lt;/a> is not clickable at point (720, 30). Other element would receive the click: &lt;div _ngcontent-oyg-c13="" class="modal">...&lt;/div>
                  (Session info: chrome=92.0.4515.159)
                  (Driver info: chromedriver=92.0.4515.107 (87a818b10553a07434ea9e2b6dccf3cbe7895134-refs/branch-heads/4515@{#1634}),platform=Windows NT 10.0.19043 x86_64)
                    at Object.checkLegacyResponse (E:\vmware\Loop\GitHub\e2e\node_modules\selenium-webdriver\lib\error.js:546:15)
                    at parseHttpResponse (E:\vmware\Loop\GitHub\e2e\node_modules\selenium-webdriver\lib\http.js:509:13)
                    at E:\vmware\Loop\GitHub\e2e\node_modules\selenium-webdriver\lib\http.js:441:30
                    at runMicrotasks (&lt;anonymous>)
                    at processTicksAndRejections (node:internal/process/task_queues:96:5)
                From: Task: WebElement.click()
                    at Driver.schedule (E:\vmware\Loop\GitHub\e2e\node_modules\selenium-webdriver\lib\webdriver.js:807:17)
                    at WebElement.schedule_ (E:\vmware\Loop\GitHub\e2e\node_modules\selenium-webdriver\lib\webdriver.js:2010:25)
                    at WebElement.click (E:\vmware\Loop\GitHub\e2e\node_modules\selenium-webdriver\lib\webdriver.js:2092:17)
                    at actionFn (E:\vmware\Loop\GitHub\e2e\node_modules\protractor\built\element.js:89:44)
                    at Array.map (&lt;anonymous>)
                    at E:\vmware\Loop\GitHub\e2e\node_modules\protractor\built\element.js:461:65
                    at ManagedPromise.invokeCallback_ (E:\vmware\Loop\GitHub\e2e\node_modules\selenium-webdriver\lib\promise.js:1376:14)
                    at TaskQueue.execute_ (E:\vmware\Loop\GitHub\e2e\node_modules\selenium-webdriver\lib\promise.js:3084:14)
                    at TaskQueue.executeNext_ (E:\vmware\Loop\GitHub\e2e\node_modules\selenium-webdriver\lib\promise.js:3067:27)
                    at E:\vmware\Loop\GitHub\e2e\node_modules\selenium-webdriver\lib\promise.js:2927:27Error: 
                    at ElementArrayFinder.applyAction_ (E:\vmware\Loop\GitHub\e2e\node_modules\protractor\built\element.js:459:27)
                    at ElementArrayFinder.&lt;computed> [as click] (E:\vmware\Loop\GitHub\e2e\node_modules\protractor\built\element.js:91:29)
                    at ElementFinder.&lt;computed> [as click] (E:\vmware\Loop\GitHub\e2e\node_modules\protractor\built\element.js:831:22)
                    at ProjecstPage.&lt;anonymous> (E:\vmware\Loop\GitHub\e2e\page-object\projects-page.ts:46:32)
                    at Generator.next (&lt;anonymous>)
                    at fulfilled (E:\vmware\Loop\GitHub\e2e\node_modules\tslib\tslib.js:112:62)
                    at runMicrotasks (&lt;anonymous>)
                    at processTicksAndRejections (node:internal/process/task_queues:96:5)</stack-trace>
            </failure>
        </test-case>
        <test-case start='1629694726466' status='failed' stop='1629694927788'>
            <name>Should preview image project, expand cell successfully.</name>
            <title>Should preview image project, expand cell successfully.</title>
            <labels/>
            <parameters/>
            <steps/>
            <attachments>
                <attachment title='Screenshot' source='39e8624b-245b-414e-a9c7-6e7105c14e63-attachment.png' type='image/png' size='59232'/>
                <attachment title='Screenshot' source='2b764337-198d-45b7-bcad-21481d883d68-attachment.png' type='image/png' size='59232'/>
            </attachments>
            <failure>
                <message>WebDriverError: element click intercepted: Element &lt;a _ngcontent-oyg-c1="" class="nav-link active" href="/projects" routerlinkactive="active">...&lt;/a> is not clickable at point (720, 30). Other element would receive the click: &lt;div _ngcontent-oyg-c13="" class="modal">...&lt;/div>
                  (Session info: chrome=92.0.4515.159)
                  (Driver info: chromedriver=92.0.4515.107 (87a818b10553a07434ea9e2b6dccf3cbe7895134-refs/branch-heads/4515@{#1634}),platform=Windows NT 10.0.19043 x86_64)</message>
                <stack-trace>WebDriverError: element click intercepted: Element &lt;a _ngcontent-oyg-c1="" class="nav-link active" href="/projects" routerlinkactive="active">...&lt;/a> is not clickable at point (720, 30). Other element would receive the click: &lt;div _ngcontent-oyg-c13="" class="modal">...&lt;/div>
                  (Session info: chrome=92.0.4515.159)
                  (Driver info: chromedriver=92.0.4515.107 (87a818b10553a07434ea9e2b6dccf3cbe7895134-refs/branch-heads/4515@{#1634}),platform=Windows NT 10.0.19043 x86_64)
                    at Object.checkLegacyResponse (E:\vmware\Loop\GitHub\e2e\node_modules\selenium-webdriver\lib\error.js:546:15)
                    at parseHttpResponse (E:\vmware\Loop\GitHub\e2e\node_modules\selenium-webdriver\lib\http.js:509:13)
                    at E:\vmware\Loop\GitHub\e2e\node_modules\selenium-webdriver\lib\http.js:441:30
                    at runMicrotasks (&lt;anonymous>)
                    at processTicksAndRejections (node:internal/process/task_queues:96:5)
                From: Task: WebElement.click()
                    at Driver.schedule (E:\vmware\Loop\GitHub\e2e\node_modules\selenium-webdriver\lib\webdriver.js:807:17)
                    at WebElement.schedule_ (E:\vmware\Loop\GitHub\e2e\node_modules\selenium-webdriver\lib\webdriver.js:2010:25)
                    at WebElement.click (E:\vmware\Loop\GitHub\e2e\node_modules\selenium-webdriver\lib\webdriver.js:2092:17)
                    at actionFn (E:\vmware\Loop\GitHub\e2e\node_modules\protractor\built\element.js:89:44)
                    at Array.map (&lt;anonymous>)
                    at E:\vmware\Loop\GitHub\e2e\node_modules\protractor\built\element.js:461:65
                    at ManagedPromise.invokeCallback_ (E:\vmware\Loop\GitHub\e2e\node_modules\selenium-webdriver\lib\promise.js:1376:14)
                    at TaskQueue.execute_ (E:\vmware\Loop\GitHub\e2e\node_modules\selenium-webdriver\lib\promise.js:3084:14)
                    at TaskQueue.executeNext_ (E:\vmware\Loop\GitHub\e2e\node_modules\selenium-webdriver\lib\promise.js:3067:27)
                    at E:\vmware\Loop\GitHub\e2e\node_modules\selenium-webdriver\lib\promise.js:2927:27Error: 
                    at ElementArrayFinder.applyAction_ (E:\vmware\Loop\GitHub\e2e\node_modules\protractor\built\element.js:459:27)
                    at ElementArrayFinder.&lt;computed> [as click] (E:\vmware\Loop\GitHub\e2e\node_modules\protractor\built\element.js:91:29)
                    at ElementFinder.&lt;computed> [as click] (E:\vmware\Loop\GitHub\e2e\node_modules\protractor\built\element.js:831:22)
                    at ProjecstPage.&lt;anonymous> (E:\vmware\Loop\GitHub\e2e\page-object\projects-page.ts:46:32)
                    at Generator.next (&lt;anonymous>)
                    at fulfilled (E:\vmware\Loop\GitHub\e2e\node_modules\tslib\tslib.js:112:62)
                    at runMicrotasks (&lt;anonymous>)
                    at processTicksAndRejections (node:internal/process/task_queues:96:5)</stack-trace>
            </failure>
        </test-case>
        <test-case start='1629694927788' status='failed' stop='1629695129083'>
            <name>Should preview ner project, expand cell successfully.</name>
            <title>Should preview ner project, expand cell successfully.</title>
            <labels/>
            <parameters/>
            <steps/>
            <attachments>
                <attachment title='Screenshot' source='ee618125-3085-490f-8f0b-54ad983c5f72-attachment.png' type='image/png' size='59232'/>
                <attachment title='Screenshot' source='3afb8995-067e-406a-bb4c-dc708b53942c-attachment.png' type='image/png' size='59232'/>
            </attachments>
            <failure>
                <message>WebDriverError: element click intercepted: Element &lt;a _ngcontent-oyg-c1="" class="nav-link active" href="/projects" routerlinkactive="active">...&lt;/a> is not clickable at point (720, 30). Other element would receive the click: &lt;div _ngcontent-oyg-c13="" class="modal">...&lt;/div>
                  (Session info: chrome=92.0.4515.159)
                  (Driver info: chromedriver=92.0.4515.107 (87a818b10553a07434ea9e2b6dccf3cbe7895134-refs/branch-heads/4515@{#1634}),platform=Windows NT 10.0.19043 x86_64)</message>
                <stack-trace>WebDriverError: element click intercepted: Element &lt;a _ngcontent-oyg-c1="" class="nav-link active" href="/projects" routerlinkactive="active">...&lt;/a> is not clickable at point (720, 30). Other element would receive the click: &lt;div _ngcontent-oyg-c13="" class="modal">...&lt;/div>
                  (Session info: chrome=92.0.4515.159)
                  (Driver info: chromedriver=92.0.4515.107 (87a818b10553a07434ea9e2b6dccf3cbe7895134-refs/branch-heads/4515@{#1634}),platform=Windows NT 10.0.19043 x86_64)
                    at Object.checkLegacyResponse (E:\vmware\Loop\GitHub\e2e\node_modules\selenium-webdriver\lib\error.js:546:15)
                    at parseHttpResponse (E:\vmware\Loop\GitHub\e2e\node_modules\selenium-webdriver\lib\http.js:509:13)
                    at E:\vmware\Loop\GitHub\e2e\node_modules\selenium-webdriver\lib\http.js:441:30
                    at runMicrotasks (&lt;anonymous>)
                    at processTicksAndRejections (node:internal/process/task_queues:96:5)
                From: Task: WebElement.click()
                    at Driver.schedule (E:\vmware\Loop\GitHub\e2e\node_modules\selenium-webdriver\lib\webdriver.js:807:17)
                    at WebElement.schedule_ (E:\vmware\Loop\GitHub\e2e\node_modules\selenium-webdriver\lib\webdriver.js:2010:25)
                    at WebElement.click (E:\vmware\Loop\GitHub\e2e\node_modules\selenium-webdriver\lib\webdriver.js:2092:17)
                    at actionFn (E:\vmware\Loop\GitHub\e2e\node_modules\protractor\built\element.js:89:44)
                    at Array.map (&lt;anonymous>)
                    at E:\vmware\Loop\GitHub\e2e\node_modules\protractor\built\element.js:461:65
                    at ManagedPromise.invokeCallback_ (E:\vmware\Loop\GitHub\e2e\node_modules\selenium-webdriver\lib\promise.js:1376:14)
                    at TaskQueue.execute_ (E:\vmware\Loop\GitHub\e2e\node_modules\selenium-webdriver\lib\promise.js:3084:14)
                    at TaskQueue.executeNext_ (E:\vmware\Loop\GitHub\e2e\node_modules\selenium-webdriver\lib\promise.js:3067:27)
                    at E:\vmware\Loop\GitHub\e2e\node_modules\selenium-webdriver\lib\promise.js:2927:27Error: 
                    at ElementArrayFinder.applyAction_ (E:\vmware\Loop\GitHub\e2e\node_modules\protractor\built\element.js:459:27)
                    at ElementArrayFinder.&lt;computed> [as click] (E:\vmware\Loop\GitHub\e2e\node_modules\protractor\built\element.js:91:29)
                    at ElementFinder.&lt;computed> [as click] (E:\vmware\Loop\GitHub\e2e\node_modules\protractor\built\element.js:831:22)
                    at ProjecstPage.&lt;anonymous> (E:\vmware\Loop\GitHub\e2e\page-object\projects-page.ts:46:32)
                    at Generator.next (&lt;anonymous>)
                    at fulfilled (E:\vmware\Loop\GitHub\e2e\node_modules\tslib\tslib.js:112:62)
                    at runMicrotasks (&lt;anonymous>)
                    at processTicksAndRejections (node:internal/process/task_queues:96:5)</stack-trace>
            </failure>
        </test-case>
    </test-cases>
</ns2:test-suite>