<?xml version='1.0'?>
<ns2:test-suite xmlns:ns2='urn:model.allure.qatools.yandex.ru' start='1629695129095' stop='1629695733075'>
    <name>delete function</name>
    <title>delete function</title>
    <test-cases>
        <test-case start='1629695129321' status='failed' stop='1629695330420'>
            <name>Should preview text dataset successfully.</name>
            <title>Should preview text dataset successfully.</title>
            <labels/>
            <parameters/>
            <steps/>
            <attachments>
                <attachment title='Screenshot' source='8c4fd6d5-f128-449c-a039-f72769c2abcd-attachment.png' type='image/png' size='59232'/>
                <attachment title='Screenshot' source='bb0432e9-0847-41b3-9913-9172cefc267b-attachment.png' type='image/png' size='59232'/>
            </attachments>
            <failure>
                <message>WebDriverError: element click intercepted: Element &lt;a _ngcontent-oyg-c1="" class="nav-link" href="/myDatasets" routerlinkactive="active">...&lt;/a> is not clickable at point (922, 30). Other element would receive the click: &lt;div _ngcontent-oyg-c13="" class="modal">...&lt;/div>
                  (Session info: chrome=92.0.4515.159)
                  (Driver info: chromedriver=92.0.4515.107 (87a818b10553a07434ea9e2b6dccf3cbe7895134-refs/branch-heads/4515@{#1634}),platform=Windows NT 10.0.19043 x86_64)</message>
                <stack-trace>WebDriverError: element click intercepted: Element &lt;a _ngcontent-oyg-c1="" class="nav-link" href="/myDatasets" routerlinkactive="active">...&lt;/a> is not clickable at point (922, 30). Other element would receive the click: &lt;div _ngcontent-oyg-c13="" class="modal">...&lt;/div>
                  (Session info: chrome=92.0.4515.159)
                  (Driver info: chromedriver=92.0.4515.107 (87a818b10553a07434ea9e2b6dccf3cbe7895134-refs/branch-heads/4515@{#1634}),platform=Windows NT 10.0.19043 x86_64)
                    at Object.checkLegacyResponse (E:\vmware\Loop\GitHub\e2e\node_modules\selenium-webdriver\lib\error.js:546:15)
                    at parseHttpResponse (E:\vmware\Loop\GitHub\e2e\node_modules\selenium-webdriver\lib\http.js:509:13)
                    at E:\vmware\Loop\GitHub\e2e\node_modules\selenium-webdriver\lib\http.js:441:30
                    at runMicrotasks (&lt;anonymous>)
                    at processTicksAndRejections (node:internal/process/task_queues:96:5)
                From: Task: WebElement.click()
                    at Driver.schedule (E:\vmware\Loop\GitHub\e2e\node_modules\selenium-webdriver\lib\webdriver.js:807:17)
                    at WebElement.schedule_ (E:\vmware\Loop\GitHub\e2e\node_modules\selenium-webdriver\lib\webdriver.js:2010:25)
                    at WebElement.click (E:\vmware\Loop\GitHub\e2e\node_modules\selenium-webdriver\lib\webdriver.js:2092:17)
                    at actionFn (E:\vmware\Loop\GitHub\e2e\node_modules\protractor\built\element.js:89:44)
                    at Array.map (&lt;anonymous>)
                    at E:\vmware\Loop\GitHub\e2e\node_modules\protractor\built\element.js:461:65
                    at ManagedPromise.invokeCallback_ (E:\vmware\Loop\GitHub\e2e\node_modules\selenium-webdriver\lib\promise.js:1376:14)
                    at TaskQueue.execute_ (E:\vmware\Loop\GitHub\e2e\node_modules\selenium-webdriver\lib\promise.js:3084:14)
                    at TaskQueue.executeNext_ (E:\vmware\Loop\GitHub\e2e\node_modules\selenium-webdriver\lib\promise.js:3067:27)
                    at E:\vmware\Loop\GitHub\e2e\node_modules\selenium-webdriver\lib\promise.js:2927:27Error: 
                    at ElementArrayFinder.applyAction_ (E:\vmware\Loop\GitHub\e2e\node_modules\protractor\built\element.js:459:27)
                    at ElementArrayFinder.&lt;computed> [as click] (E:\vmware\Loop\GitHub\e2e\node_modules\protractor\built\element.js:91:29)
                    at ElementFinder.&lt;computed> [as click] (E:\vmware\Loop\GitHub\e2e\node_modules\protractor\built\element.js:831:22)
                    at MyDatasetsPage.&lt;anonymous> (E:\vmware\Loop\GitHub\e2e\page-object\my-datasets-page.ts:24:36)
                    at Generator.next (&lt;anonymous>)
                    at fulfilled (E:\vmware\Loop\GitHub\e2e\node_modules\tslib\tslib.js:112:62)
                    at runMicrotasks (&lt;anonymous>)
                    at processTicksAndRejections (node:internal/process/task_queues:96:5)</stack-trace>
            </failure>
        </test-case>
        <test-case start='1629695330420' status='failed' stop='1629695531731'>
            <name>Should preview log dataset successfully.</name>
            <title>Should preview log dataset successfully.</title>
            <labels/>
            <parameters/>
            <steps/>
            <attachments>
                <attachment title='Screenshot' source='1569066c-7b18-4e26-b5c4-a41f54228b4d-attachment.png' type='image/png' size='59232'/>
                <attachment title='Screenshot' source='4506b651-fa8c-43c3-b4dc-4352018ae721-attachment.png' type='image/png' size='59232'/>
            </attachments>
            <failure>
                <message>WebDriverError: element click intercepted: Element &lt;a _ngcontent-oyg-c1="" class="nav-link" href="/myDatasets" routerlinkactive="active">...&lt;/a> is not clickable at point (922, 30). Other element would receive the click: &lt;div _ngcontent-oyg-c13="" class="modal">...&lt;/div>
                  (Session info: chrome=92.0.4515.159)
                  (Driver info: chromedriver=92.0.4515.107 (87a818b10553a07434ea9e2b6dccf3cbe7895134-refs/branch-heads/4515@{#1634}),platform=Windows NT 10.0.19043 x86_64)</message>
                <stack-trace>WebDriverError: element click intercepted: Element &lt;a _ngcontent-oyg-c1="" class="nav-link" href="/myDatasets" routerlinkactive="active">...&lt;/a> is not clickable at point (922, 30). Other element would receive the click: &lt;div _ngcontent-oyg-c13="" class="modal">...&lt;/div>
                  (Session info: chrome=92.0.4515.159)
                  (Driver info: chromedriver=92.0.4515.107 (87a818b10553a07434ea9e2b6dccf3cbe7895134-refs/branch-heads/4515@{#1634}),platform=Windows NT 10.0.19043 x86_64)
                    at Object.checkLegacyResponse (E:\vmware\Loop\GitHub\e2e\node_modules\selenium-webdriver\lib\error.js:546:15)
                    at parseHttpResponse (E:\vmware\Loop\GitHub\e2e\node_modules\selenium-webdriver\lib\http.js:509:13)
                    at E:\vmware\Loop\GitHub\e2e\node_modules\selenium-webdriver\lib\http.js:441:30
                    at runMicrotasks (&lt;anonymous>)
                    at processTicksAndRejections (node:internal/process/task_queues:96:5)
                From: Task: WebElement.click()
                    at Driver.schedule (E:\vmware\Loop\GitHub\e2e\node_modules\selenium-webdriver\lib\webdriver.js:807:17)
                    at WebElement.schedule_ (E:\vmware\Loop\GitHub\e2e\node_modules\selenium-webdriver\lib\webdriver.js:2010:25)
                    at WebElement.click (E:\vmware\Loop\GitHub\e2e\node_modules\selenium-webdriver\lib\webdriver.js:2092:17)
                    at actionFn (E:\vmware\Loop\GitHub\e2e\node_modules\protractor\built\element.js:89:44)
                    at Array.map (&lt;anonymous>)
                    at E:\vmware\Loop\GitHub\e2e\node_modules\protractor\built\element.js:461:65
                    at ManagedPromise.invokeCallback_ (E:\vmware\Loop\GitHub\e2e\node_modules\selenium-webdriver\lib\promise.js:1376:14)
                    at TaskQueue.execute_ (E:\vmware\Loop\GitHub\e2e\node_modules\selenium-webdriver\lib\promise.js:3084:14)
                    at TaskQueue.executeNext_ (E:\vmware\Loop\GitHub\e2e\node_modules\selenium-webdriver\lib\promise.js:3067:27)
                    at E:\vmware\Loop\GitHub\e2e\node_modules\selenium-webdriver\lib\promise.js:2927:27Error: 
                    at ElementArrayFinder.applyAction_ (E:\vmware\Loop\GitHub\e2e\node_modules\protractor\built\element.js:459:27)
                    at ElementArrayFinder.&lt;computed> [as click] (E:\vmware\Loop\GitHub\e2e\node_modules\protractor\built\element.js:91:29)
                    at ElementFinder.&lt;computed> [as click] (E:\vmware\Loop\GitHub\e2e\node_modules\protractor\built\element.js:831:22)
                    at MyDatasetsPage.&lt;anonymous> (E:\vmware\Loop\GitHub\e2e\page-object\my-datasets-page.ts:24:36)
                    at Generator.next (&lt;anonymous>)
                    at fulfilled (E:\vmware\Loop\GitHub\e2e\node_modules\tslib\tslib.js:112:62)
                    at runMicrotasks (&lt;anonymous>)
                    at processTicksAndRejections (node:internal/process/task_queues:96:5)</stack-trace>
            </failure>
        </test-case>
        <test-case start='1629695531731' status='failed' stop='1629695733074'>
            <name>Should preview image dataset successfully.</name>
            <title>Should preview image dataset successfully.</title>
            <labels/>
            <parameters/>
            <steps/>
            <attachments>
                <attachment title='Screenshot' source='172cb6cb-60ad-4faf-9fa7-a881e87c7e12-attachment.png' type='image/png' size='59232'/>
                <attachment title='Screenshot' source='b0fb6e2d-1d1e-4910-a1d9-0a1d23863594-attachment.png' type='image/png' size='59232'/>
            </attachments>
            <failure>
                <message>WebDriverError: element click intercepted: Element &lt;a _ngcontent-oyg-c1="" class="nav-link" href="/myDatasets" routerlinkactive="active">...&lt;/a> is not clickable at point (922, 30). Other element would receive the click: &lt;div _ngcontent-oyg-c13="" class="modal">...&lt;/div>
                  (Session info: chrome=92.0.4515.159)
                  (Driver info: chromedriver=92.0.4515.107 (87a818b10553a07434ea9e2b6dccf3cbe7895134-refs/branch-heads/4515@{#1634}),platform=Windows NT 10.0.19043 x86_64)</message>
                <stack-trace>WebDriverError: element click intercepted: Element &lt;a _ngcontent-oyg-c1="" class="nav-link" href="/myDatasets" routerlinkactive="active">...&lt;/a> is not clickable at point (922, 30). Other element would receive the click: &lt;div _ngcontent-oyg-c13="" class="modal">...&lt;/div>
                  (Session info: chrome=92.0.4515.159)
                  (Driver info: chromedriver=92.0.4515.107 (87a818b10553a07434ea9e2b6dccf3cbe7895134-refs/branch-heads/4515@{#1634}),platform=Windows NT 10.0.19043 x86_64)
                    at Object.checkLegacyResponse (E:\vmware\Loop\GitHub\e2e\node_modules\selenium-webdriver\lib\error.js:546:15)
                    at parseHttpResponse (E:\vmware\Loop\GitHub\e2e\node_modules\selenium-webdriver\lib\http.js:509:13)
                    at E:\vmware\Loop\GitHub\e2e\node_modules\selenium-webdriver\lib\http.js:441:30
                    at runMicrotasks (&lt;anonymous>)
                    at processTicksAndRejections (node:internal/process/task_queues:96:5)
                From: Task: WebElement.click()
                    at Driver.schedule (E:\vmware\Loop\GitHub\e2e\node_modules\selenium-webdriver\lib\webdriver.js:807:17)
                    at WebElement.schedule_ (E:\vmware\Loop\GitHub\e2e\node_modules\selenium-webdriver\lib\webdriver.js:2010:25)
                    at WebElement.click (E:\vmware\Loop\GitHub\e2e\node_modules\selenium-webdriver\lib\webdriver.js:2092:17)
                    at actionFn (E:\vmware\Loop\GitHub\e2e\node_modules\protractor\built\element.js:89:44)
                    at Array.map (&lt;anonymous>)
                    at E:\vmware\Loop\GitHub\e2e\node_modules\protractor\built\element.js:461:65
                    at ManagedPromise.invokeCallback_ (E:\vmware\Loop\GitHub\e2e\node_modules\selenium-webdriver\lib\promise.js:1376:14)
                    at TaskQueue.execute_ (E:\vmware\Loop\GitHub\e2e\node_modules\selenium-webdriver\lib\promise.js:3084:14)
                    at TaskQueue.executeNext_ (E:\vmware\Loop\GitHub\e2e\node_modules\selenium-webdriver\lib\promise.js:3067:27)
                    at E:\vmware\Loop\GitHub\e2e\node_modules\selenium-webdriver\lib\promise.js:2927:27Error: 
                    at ElementArrayFinder.applyAction_ (E:\vmware\Loop\GitHub\e2e\node_modules\protractor\built\element.js:459:27)
                    at ElementArrayFinder.&lt;computed> [as click] (E:\vmware\Loop\GitHub\e2e\node_modules\protractor\built\element.js:91:29)
                    at ElementFinder.&lt;computed> [as click] (E:\vmware\Loop\GitHub\e2e\node_modules\protractor\built\element.js:831:22)
                    at MyDatasetsPage.&lt;anonymous> (E:\vmware\Loop\GitHub\e2e\page-object\my-datasets-page.ts:24:36)
                    at Generator.next (&lt;anonymous>)
                    at fulfilled (E:\vmware\Loop\GitHub\e2e\node_modules\tslib\tslib.js:112:62)
                    at runMicrotasks (&lt;anonymous>)
                    at processTicksAndRejections (node:internal/process/task_queues:96:5)</stack-trace>
            </failure>
        </test-case>
    </test-cases>
</ns2:test-suite>