<?xml version='1.0'?>
<ns2:test-suite xmlns:ns2='urn:model.allure.qatools.yandex.ru' start='1629687315417' stop='1629687919134'>
    <name>delete function</name>
    <title>delete function</title>
    <test-cases>
        <test-case start='1629687315418' status='failed' stop='1629687516634'>
            <name>Should preview text dataset successfully.</name>
            <title>Should preview text dataset successfully.</title>
            <labels/>
            <parameters/>
            <steps/>
            <attachments>
                <attachment title='Screenshot' source='72fbcbf6-cd13-4d3a-be39-97ccff7194fe-attachment.png' type='image/png' size='66354'/>
                <attachment title='Screenshot' source='93618636-d04a-42c5-9a0f-2155b68acd47-attachment.png' type='image/png' size='66354'/>
                <attachment title='Screenshot' source='8df9e816-025f-48fc-8ec1-077ffbfd2394-attachment.png' type='image/png' size='66354'/>
            </attachments>
            <failure>
                <message>Failed: EADDRINUSE connect EADDRINUSE 127.0.0.1:63150</message>
                <stack-trace>Error: EADDRINUSE connect EADDRINUSE 127.0.0.1:63150
                    at ClientRequest.&lt;anonymous> (E:\vmware\Loop\GitHub\e2e\node_modules\selenium-webdriver\http\index.js:238:15)
                    at ClientRequest.emit (node:events:394:28)
                    at Socket.socketErrorListener (node:_http_client:447:9)
                    at Socket.emit (node:events:394:28)
                    at emitErrorNT (node:internal/streams/destroy:157:8)
                    at emitErrorCloseNT (node:internal/streams/destroy:122:3)
                    at processTicksAndRejections (node:internal/process/task_queues:83:21)
                From: Task: WebDriver.manage().logs().get(browser)
                    at Driver.schedule (E:\vmware\Loop\GitHub\e2e\node_modules\selenium-webdriver\lib\webdriver.js:807:17)
                    at Logs.get (E:\vmware\Loop\GitHub\e2e\node_modules\selenium-webdriver\lib\webdriver.js:1731:25)
                    at Jasmine2Reporter._callee7$ (E:\vmware\Loop\GitHub\e2e\node_modules\protractor-beautiful-reporter\index.js:5154:64)
                    at tryCatch (E:\vmware\Loop\GitHub\e2e\node_modules\protractor-beautiful-reporter\index.js:5748:40)
                    at Generator.invoke [as _invoke] (E:\vmware\Loop\GitHub\e2e\node_modules\protractor-beautiful-reporter\index.js:6022:22)
                    at Generator.prototype.&lt;computed> [as next] (E:\vmware\Loop\GitHub\e2e\node_modules\protractor-beautiful-reporter\index.js:5781:21)
                    at step (E:\vmware\Loop\GitHub\e2e\node_modules\protractor-beautiful-reporter\index.js:4754:191)
                    at E:\vmware\Loop\GitHub\e2e\node_modules\protractor-beautiful-reporter\index.js:4754:361
                    at runMicrotasks (&lt;anonymous>)
                    at processTicksAndRejections (node:internal/process/task_queues:96:5)
                From: Task: Run beforeEach in control flow
                    at UserContext.&lt;anonymous> (E:\vmware\Loop\GitHub\e2e\node_modules\jasminewd2\index.js:94:19)
                    at attempt (E:\vmware\Loop\GitHub\e2e\node_modules\jasmine\node_modules\jasmine-core\lib\jasmine-core\jasmine.js:4297:26)
                    at QueueRunner.run (E:\vmware\Loop\GitHub\e2e\node_modules\jasmine\node_modules\jasmine-core\lib\jasmine-core\jasmine.js:4217:20)
                    at QueueRunner.execute (E:\vmware\Loop\GitHub\e2e\node_modules\jasmine\node_modules\jasmine-core\lib\jasmine-core\jasmine.js:4199:10)
                    at Spec.queueRunnerFactory (E:\vmware\Loop\GitHub\e2e\node_modules\jasmine\node_modules\jasmine-core\lib\jasmine-core\jasmine.js:909:35)
                    at Spec.execute (E:\vmware\Loop\GitHub\e2e\node_modules\jasmine\node_modules\jasmine-core\lib\jasmine-core\jasmine.js:526:10)
                    at UserContext.fn (E:\vmware\Loop\GitHub\e2e\node_modules\jasmine\node_modules\jasmine-core\lib\jasmine-core\jasmine.js:5340:37)
                    at attempt (E:\vmware\Loop\GitHub\e2e\node_modules\jasmine\node_modules\jasmine-core\lib\jasmine-core\jasmine.js:4297:26)
                    at QueueRunner.run (E:\vmware\Loop\GitHub\e2e\node_modules\jasmine\node_modules\jasmine-core\lib\jasmine-core\jasmine.js:4217:20)
                    at runNext (E:\vmware\Loop\GitHub\e2e\node_modules\jasmine\node_modules\jasmine-core\lib\jasmine-core\jasmine.js:4257:20)
                From asynchronous test: 
                Error: 
                    at Jasmine2Reporter.jasmineStarted (E:\vmware\Loop\GitHub\e2e\node_modules\protractor-beautiful-reporter\index.js:4948:13)
                    at dispatch (E:\vmware\Loop\GitHub\e2e\node_modules\jasmine\node_modules\jasmine-core\lib\jasmine-core\jasmine.js:4366:28)
                    at ReportDispatcher.jasmineStarted (E:\vmware\Loop\GitHub\e2e\node_modules\jasmine\node_modules\jasmine-core\lib\jasmine-core\jasmine.js:4337:11)
                    at Env.execute (E:\vmware\Loop\GitHub\e2e\node_modules\jasmine\node_modules\jasmine-core\lib\jasmine-core\jasmine.js:975:16)
                    at Jasmine.execute (E:\vmware\Loop\GitHub\e2e\node_modules\jasmine\lib\jasmine.js:200:12)
                    at E:\vmware\Loop\GitHub\e2e\node_modules\protractor\built\frameworks\jasmine.js:132:15
                    at Function.promise (E:\vmware\Loop\GitHub\e2e\node_modules\q\q.js:682:9)
                    at E:\vmware\Loop\GitHub\e2e\node_modules\protractor\built\frameworks\jasmine.js:104:14
                    at _fulfilled (E:\vmware\Loop\GitHub\e2e\node_modules\q\q.js:834:54)
                From: Task: Run beforeEach in control flow
                    at UserContext.&lt;anonymous> (E:\vmware\Loop\GitHub\e2e\node_modules\jasminewd2\index.js:94:19)
                    at attempt (E:\vmware\Loop\GitHub\e2e\node_modules\jasmine\node_modules\jasmine-core\lib\jasmine-core\jasmine.js:4297:26)
                    at QueueRunner.run (E:\vmware\Loop\GitHub\e2e\node_modules\jasmine\node_modules\jasmine-core\lib\jasmine-core\jasmine.js:4217:20)
                    at QueueRunner.execute (E:\vmware\Loop\GitHub\e2e\node_modules\jasmine\node_modules\jasmine-core\lib\jasmine-core\jasmine.js:4199:10)
                    at Spec.queueRunnerFactory (E:\vmware\Loop\GitHub\e2e\node_modules\jasmine\node_modules\jasmine-core\lib\jasmine-core\jasmine.js:909:35)
                    at Spec.execute (E:\vmware\Loop\GitHub\e2e\node_modules\jasmine\node_modules\jasmine-core\lib\jasmine-core\jasmine.js:526:10)
                    at UserContext.fn (E:\vmware\Loop\GitHub\e2e\node_modules\jasmine\node_modules\jasmine-core\lib\jasmine-core\jasmine.js:5340:37)
                    at attempt (E:\vmware\Loop\GitHub\e2e\node_modules\jasmine\node_modules\jasmine-core\lib\jasmine-core\jasmine.js:4297:26)
                    at QueueRunner.run (E:\vmware\Loop\GitHub\e2e\node_modules\jasmine\node_modules\jasmine-core\lib\jasmine-core\jasmine.js:4217:20)
                    at runNext (E:\vmware\Loop\GitHub\e2e\node_modules\jasmine\node_modules\jasmine-core\lib\jasmine-core\jasmine.js:4257:20)
                From asynchronous test: 
                Error: 
                    at Jasmine2Reporter.jasmineStarted (E:\vmware\Loop\GitHub\e2e\node_modules\protractor-beautiful-reporter\index.js:4948:13)
                    at dispatch (E:\vmware\Loop\GitHub\e2e\node_modules\jasmine\node_modules\jasmine-core\lib\jasmine-core\jasmine.js:4366:28)
                    at ReportDispatcher.jasmineStarted (E:\vmware\Loop\GitHub\e2e\node_modules\jasmine\node_modules\jasmine-core\lib\jasmine-core\jasmine.js:4337:11)
                    at Env.execute (E:\vmware\Loop\GitHub\e2e\node_modules\jasmine\node_modules\jasmine-core\lib\jasmine-core\jasmine.js:975:16)
                    at Jasmine.execute (E:\vmware\Loop\GitHub\e2e\node_modules\jasmine\lib\jasmine.js:200:12)
                    at E:\vmware\Loop\GitHub\e2e\node_modules\protractor\built\frameworks\jasmine.js:132:15
                    at Function.promise (E:\vmware\Loop\GitHub\e2e\node_modules\q\q.js:682:9)
                    at E:\vmware\Loop\GitHub\e2e\node_modules\protractor\built\frameworks\jasmine.js:104:14
                    at _fulfilled (E:\vmware\Loop\GitHub\e2e\node_modules\q\q.js:834:54)
                From: Task: Run beforeEach in control flow
                    at UserContext.&lt;anonymous> (E:\vmware\Loop\GitHub\e2e\node_modules\jasminewd2\index.js:94:19)
                    at attempt (E:\vmware\Loop\GitHub\e2e\node_modules\jasmine\node_modules\jasmine-core\lib\jasmine-core\jasmine.js:4297:26)
                    at QueueRunner.run (E:\vmware\Loop\GitHub\e2e\node_modules\jasmine\node_modules\jasmine-core\lib\jasmine-core\jasmine.js:4217:20)
                    at QueueRunner.execute (E:\vmware\Loop\GitHub\e2e\node_modules\jasmine\node_modules\jasmine-core\lib\jasmine-core\jasmine.js:4199:10)
                    at Spec.queueRunnerFactory (E:\vmware\Loop\GitHub\e2e\node_modules\jasmine\node_modules\jasmine-core\lib\jasmine-core\jasmine.js:909:35)
                    at Spec.execute (E:\vmware\Loop\GitHub\e2e\node_modules\jasmine\node_modules\jasmine-core\lib\jasmine-core\jasmine.js:526:10)
                    at UserContext.fn (E:\vmware\Loop\GitHub\e2e\node_modules\jasmine\node_modules\jasmine-core\lib\jasmine-core\jasmine.js:5340:37)
                    at attempt (E:\vmware\Loop\GitHub\e2e\node_modules\jasmine\node_modules\jasmine-core\lib\jasmine-core\jasmine.js:4297:26)
                    at QueueRunner.run (E:\vmware\Loop\GitHub\e2e\node_modules\jasmine\node_modules\jasmine-core\lib\jasmine-core\jasmine.js:4217:20)
                    at runNext (E:\vmware\Loop\GitHub\e2e\node_modules\jasmine\node_modules\jasmine-core\lib\jasmine-core\jasmine.js:4257:20)
                From asynchronous test: 
                Error: 
                    at Jasmine2Reporter.jasmineStarted (E:\vmware\Loop\GitHub\e2e\node_modules\protractor-beautiful-reporter\index.js:4948:13)
                    at dispatch (E:\vmware\Loop\GitHub\e2e\node_modules\jasmine\node_modules\jasmine-core\lib\jasmine-core\jasmine.js:4366:28)
                    at ReportDispatcher.jasmineStarted (E:\vmware\Loop\GitHub\e2e\node_modules\jasmine\node_modules\jasmine-core\lib\jasmine-core\jasmine.js:4337:11)
                    at Env.execute (E:\vmware\Loop\GitHub\e2e\node_modules\jasmine\node_modules\jasmine-core\lib\jasmine-core\jasmine.js:975:16)
                    at Jasmine.execute (E:\vmware\Loop\GitHub\e2e\node_modules\jasmine\lib\jasmine.js:200:12)
                    at E:\vmware\Loop\GitHub\e2e\node_modules\protractor\built\frameworks\jasmine.js:132:15
                    at Function.promise (E:\vmware\Loop\GitHub\e2e\node_modules\q\q.js:682:9)
                    at E:\vmware\Loop\GitHub\e2e\node_modules\protractor\built\frameworks\jasmine.js:104:14
                    at _fulfilled (E:\vmware\Loop\GitHub\e2e\node_modules\q\q.js:834:54)
                From: Task: Run beforeEach in control flow
                    at UserContext.&lt;anonymous> (E:\vmware\Loop\GitHub\e2e\node_modules\jasminewd2\index.js:94:19)
                    at attempt (E:\vmware\Loop\GitHub\e2e\node_modules\jasmine\node_modules\jasmine-core\lib\jasmine-core\jasmine.js:4297:26)
                    at QueueRunner.run (E:\vmware\Loop\GitHub\e2e\node_modules\jasmine\node_modules\jasmine-core\lib\jasmine-core\jasmine.js:4217:20)
                    at QueueRunner.execute (E:\vmware\Loop\GitHub\e2e\node_modules\jasmine\node_modules\jasmine-core\lib\jasmine-core\jasmine.js:4199:10)
                    at Spec.queueRunnerFactory (E:\vmware\Loop\GitHub\e2e\node_modules\jasmine\node_modules\jasmine-core\lib\jasmine-core\jasmine.js:909:35)
                    at Spec.execute (E:\vmware\Loop\GitHub\e2e\node_modules\jasmine\node_modules\jasmine-core\lib\jasmine-core\jasmine.js:526:10)
                    at UserContext.fn (E:\vmware\Loop\GitHub\e2e\node_modules\jasmine\node_modules\jasmine-core\lib\jasmine-core\jasmine.js:5340:37)
                    at attempt (E:\vmware\Loop\GitHub\e2e\node_modules\jasmine\node_modules\jasmine-core\lib\jasmine-core\jasmine.js:4297:26)
                    at QueueRunner.run (E:\vmware\Loop\GitHub\e2e\node_modules\jasmine\node_modules\jasmine-core\lib\jasmine-core\jasmine.js:4217:20)
                    at runNext (E:\vmware\Loop\GitHub\e2e\node_modules\jasmine\node_modules\jasmine-core\lib\jasmine-core\jasmine.js:4257:20)
                From asynchronous test: 
                Error: 
                    at Jasmine2Reporter.jasmineStarted (E:\vmware\Loop\GitHub\e2e\node_modules\protractor-beautiful-reporter\index.js:4948:13)
                    at dispatch (E:\vmware\Loop\GitHub\e2e\node_modules\jasmine\node_modules\jasmine-core\lib\jasmine-core\jasmine.js:4366:28)
                    at ReportDispatcher.jasmineStarted (E:\vmware\Loop\GitHub\e2e\node_modules\jasmine\node_modules\jasmine-core\lib\jasmine-core\jasmine.js:4337:11)
                    at Env.execute (E:\vmware\Loop\GitHub\e2e\node_modules\jasmine\node_modules\jasmine-core\lib\jasmine-core\jasmine.js:975:16)
                    at Jasmine.execute (E:\vmware\Loop\GitHub\e2e\node_modules\jasmine\lib\jasmine.js:200:12)
                    at E:\vmware\Loop\GitHub\e2e\node_modules\protractor\built\frameworks\jasmine.js:132:15
                    at Function.promise (E:\vmware\Loop\GitHub\e2e\node_modules\q\q.js:682:9)
                    at E:\vmware\Loop\GitHub\e2e\node_modules\protractor\built\frameworks\jasmine.js:104:14
                    at _fulfilled (E:\vmware\Loop\GitHub\e2e\node_modules\q\q.js:834:54)
                From: Task: Run beforeEach in control flow
                    at UserContext.&lt;anonymous> (E:\vmware\Loop\GitHub\e2e\node_modules\jasminewd2\index.js:94:19)
                    at attempt (E:\vmware\Loop\GitHub\e2e\node_modules\jasmine\node_modules\jasmine-core\lib\jasmine-core\jasmine.js:4297:26)
                    at QueueRunner.run (E:\vmware\Loop\GitHub\e2e\node_modules\jasmine\node_modules\jasmine-core\lib\jasmine-core\jasmine.js:4217:20)
                    at QueueRunner.execute (E:\vmware\Loop\GitHub\e2e\node_modules\jasmine\node_modules\jasmine-core\lib\jasmine-core\jasmine.js:4199:10)
                    at Spec.queueRunnerFactory (E:\vmware\Loop\GitHub\e2e\node_modules\jasmine\node_modules\jasmine-core\lib\jasmine-core\jasmine.js:909:35)
                    at Spec.execute (E:\vmware\Loop\GitHub\e2e\node_modules\jasmine\node_modules\jasmine-core\lib\jasmine-core\jasmine.js:526:10)
                    at UserContext.fn (E:\vmware\Loop\GitHub\e2e\node_modules\jasmine\node_modules\jasmine-core\lib\jasmine-core\jasmine.js:5340:37)
                    at attempt (E:\vmware\Loop\GitHub\e2e\node_modules\jasmine\node_modules\jasmine-core\lib\jasmine-core\jasmine.js:4297:26)
                    at QueueRunner.run (E:\vmware\Loop\GitHub\e2e\node_modules\jasmine\node_modules\jasmine-core\lib\jasmine-core\jasmine.js:4217:20)
                    at runNext (E:\vmware\Loop\GitHub\e2e\node_modules\jasmine\node_modules\jasmine-core\lib\jasmine-core\jasmine.js:4257:20)
                From asynchronous test: 
                Error: 
                    at Jasmine2Reporter.jasmineStarted (E:\vmware\Loop\GitHub\e2e\node_modules\protractor-beautiful-reporter\index.js:4948:13)
                    at dispatch (E:\vmware\Loop\GitHub\e2e\node_modules\jasmine\node_modules\jasmine-core\lib\jasmine-core\jasmine.js:4366:28)
                    at ReportDispatcher.jasmineStarted (E:\vmware\Loop\GitHub\e2e\node_modules\jasmine\node_modules\jasmine-core\lib\jasmine-core\jasmine.js:4337:11)
                    at Env.execute (E:\vmware\Loop\GitHub\e2e\node_modules\jasmine\node_modules\jasmine-core\lib\jasmine-core\jasmine.js:975:16)
                    at Jasmine.execute (E:\vmware\Loop\GitHub\e2e\node_modules\jasmine\lib\jasmine.js:200:12)
                    at E:\vmware\Loop\GitHub\e2e\node_modules\protractor\built\frameworks\jasmine.js:132:15
                    at Function.promise (E:\vmware\Loop\GitHub\e2e\node_modules\q\q.js:682:9)
                    at E:\vmware\Loop\GitHub\e2e\node_modules\protractor\built\frameworks\jasmine.js:104:14
                    at _fulfilled (E:\vmware\Loop\GitHub\e2e\node_modules\q\q.js:834:54)
                From: Task: Run beforeEach in control flow
                    at UserContext.&lt;anonymous> (E:\vmware\Loop\GitHub\e2e\node_modules\jasminewd2\index.js:94:19)
                    at attempt (E:\vmware\Loop\GitHub\e2e\node_modules\jasmine\node_modules\jasmine-core\lib\jasmine-core\jasmine.js:4297:26)
                    at QueueRunner.run (E:\vmware\Loop\GitHub\e2e\node_modules\jasmine\node_modules\jasmine-core\lib\jasmine-core\jasmine.js:4217:20)
                    at QueueRunner.execute (E:\vmware\Loop\GitHub\e2e\node_modules\jasmine\node_modules\jasmine-core\lib\jasmine-core\jasmine.js:4199:10)
                    at Spec.queueRunnerFactory (E:\vmware\Loop\GitHub\e2e\node_modules\jasmine\node_modules\jasmine-core\lib\jasmine-core\jasmine.js:909:35)
                    at Spec.execute (E:\vmware\Loop\GitHub\e2e\node_modules\jasmine\node_modules\jasmine-core\lib\jasmine-core\jasmine.js:526:10)
                    at UserContext.fn (E:\vmware\Loop\GitHub\e2e\node_modules\jasmine\node_modules\jasmine-core\lib\jasmine-core\jasmine.js:5340:37)
                    at attempt (E:\vmware\Loop\GitHub\e2e\node_modules\jasmine\node_modules\jasmine-core\lib\jasmine-core\jasmine.js:4297:26)
                    at QueueRunner.run (E:\vmware\Loop\GitHub\e2e\node_modules\jasmine\node_modules\jasmine-core\lib\jasmine-core\jasmine.js:4217:20)
                    at runNext (E:\vmware\Loop\GitHub\e2e\node_modules\jasmine\node_modules\jasmine-core\lib\jasmine-core\jasmine.js:4257:20)
                From asynchronous test: 
                Error: 
                    at Jasmine2Reporter.jasmineStarted (E:\vmware\Loop\GitHub\e2e\node_modules\protractor-beautiful-reporter\index.js:4948:13)
                    at dispatch (E:\vmware\Loop\GitHub\e2e\node_modules\jasmine\node_modules\jasmine-core\lib\jasmine-core\jasmine.js:4366:28)
                    at ReportDispatcher.jasmineStarted (E:\vmware\Loop\GitHub\e2e\node_modules\jasmine\node_modules\jasmine-core\lib\jasmine-core\jasmine.js:4337:11)
                    at Env.execute (E:\vmware\Loop\GitHub\e2e\node_modules\jasmine\node_modules\jasmine-core\lib\jasmine-core\jasmine.js:975:16)
                    at Jasmine.execute (E:\vmware\Loop\GitHub\e2e\node_modules\jasmine\lib\jasmine.js:200:12)
                    at E:\vmware\Loop\GitHub\e2e\node_modules\protractor\built\frameworks\jasmine.js:132:15
                    at Function.promise (E:\vmware\Loop\GitHub\e2e\node_modules\q\q.js:682:9)
                    at E:\vmware\Loop\GitHub\e2e\node_modules\protractor\built\frameworks\jasmine.js:104:14
                    at _fulfilled (E:\vmware\Loop\GitHub\e2e\node_modules\q\q.js:834:54)
                From: Task: Run beforeEach in control flow
                    at UserContext.&lt;anonymous> (E:\vmware\Loop\GitHub\e2e\node_modules\jasminewd2\index.js:94:19)
                    at attempt (E:\vmware\Loop\GitHub\e2e\node_modules\jasmine\node_modules\jasmine-core\lib\jasmine-core\jasmine.js:4297:26)
                    at QueueRunner.run (E:\vmware\Loop\GitHub\e2e\node_modules\jasmine\node_modules\jasmine-core\lib\jasmine-core\jasmine.js:4217:20)
                    at QueueRunner.execute (E:\vmware\Loop\GitHub\e2e\node_modules\jasmine\node_modules\jasmine-core\lib\jasmine-core\jasmine.js:4199:10)
                    at Spec.queueRunnerFactory (E:\vmware\Loop\GitHub\e2e\node_modules\jasmine\node_modules\jasmine-core\lib\jasmine-core\jasmine.js:909:35)
                    at Spec.execute (E:\vmware\Loop\GitHub\e2e\node_modules\jasmine\node_modules\jasmine-core\lib\jasmine-core\jasmine.js:526:10)
                    at UserContext.fn (E:\vmware\Loop\GitHub\e2e\node_modules\jasmine\node_modules\jasmine-core\lib\jasmine-core\jasmine.js:5340:37)
                    at attempt (E:\vmware\Loop\GitHub\e2e\node_modules\jasmine\node_modules\jasmine-core\lib\jasmine-core\jasmine.js:4297:26)
                    at QueueRunner.run (E:\vmware\Loop\GitHub\e2e\node_modules\jasmine\node_modules\jasmine-core\lib\jasmine-core\jasmine.js:4217:20)
                    at runNext (E:\vmware\Loop\GitHub\e2e\node_modules\jasmine\node_modules\jasmine-core\lib\jasmine-core\jasmine.js:4257:20)
                From asynchronous test: 
                Error: 
                    at Jasmine2Reporter.jasmineStarted (E:\vmware\Loop\GitHub\e2e\node_modules\protractor-beautiful-reporter\index.js:4948:13)
                    at dispatch (E:\vmware\Loop\GitHub\e2e\node_modules\jasmine\node_modules\jasmine-core\lib\jasmine-core\jasmine.js:4366:28)
                    at ReportDispatcher.jasmineStarted (E:\vmware\Loop\GitHub\e2e\node_modules\jasmine\node_modules\jasmine-core\lib\jasmine-core\jasmine.js:4337:11)
                    at Env.execute (E:\vmware\Loop\GitHub\e2e\node_modules\jasmine\node_modules\jasmine-core\lib\jasmine-core\jasmine.js:975:16)
                    at Jasmine.execute (E:\vmware\Loop\GitHub\e2e\node_modules\jasmine\lib\jasmine.js:200:12)
                    at E:\vmware\Loop\GitHub\e2e\node_modules\protractor\built\frameworks\jasmine.js:132:15
                    at Function.promise (E:\vmware\Loop\GitHub\e2e\node_modules\q\q.js:682:9)
                    at E:\vmware\Loop\GitHub\e2e\node_modules\protractor\built\frameworks\jasmine.js:104:14
                    at _fulfilled (E:\vmware\Loop\GitHub\e2e\node_modules\q\q.js:834:54)
                From: Task: Run beforeEach in control flow
                    at UserContext.&lt;anonymous> (E:\vmware\Loop\GitHub\e2e\node_modules\jasminewd2\index.js:94:19)
                    at attempt (E:\vmware\Loop\GitHub\e2e\node_modules\jasmine\node_modules\jasmine-core\lib\jasmine-core\jasmine.js:4297:26)
                    at QueueRunner.run (E:\vmware\Loop\GitHub\e2e\node_modules\jasmine\node_modules\jasmine-core\lib\jasmine-core\jasmine.js:4217:20)
                    at QueueRunner.execute (E:\vmware\Loop\GitHub\e2e\node_modules\jasmine\node_modules\jasmine-core\lib\jasmine-core\jasmine.js:4199:10)
                    at Spec.queueRunnerFactory (E:\vmware\Loop\GitHub\e2e\node_modules\jasmine\node_modules\jasmine-core\lib\jasmine-core\jasmine.js:909:35)
                    at Spec.execute (E:\vmware\Loop\GitHub\e2e\node_modules\jasmine\node_modules\jasmine-core\lib\jasmine-core\jasmine.js:526:10)
                    at UserContext.fn (E:\vmware\Loop\GitHub\e2e\node_modules\jasmine\node_modules\jasmine-core\lib\jasmine-core\jasmine.js:5340:37)
                    at attempt (E:\vmware\Loop\GitHub\e2e\node_modules\jasmine\node_modules\jasmine-core\lib\jasmine-core\jasmine.js:4297:26)
                    at QueueRunner.run (E:\vmware\Loop\GitHub\e2e\node_modules\jasmine\node_modules\jasmine-core\lib\jasmine-core\jasmine.js:4217:20)
                    at runNext (E:\vmware\Loop\GitHub\e2e\node_modules\jasmine\node_modules\jasmine-core\lib\jasmine-core\jasmine.js:4257:20)
                From asynchronous test: 
                Error: 
                    at Jasmine2Reporter.jasmineStarted (E:\vmware\Loop\GitHub\e2e\node_modules\protractor-beautiful-reporter\index.js:4948:13)
                    at dispatch (E:\vmware\Loop\GitHub\e2e\node_modules\jasmine\node_modules\jasmine-core\lib\jasmine-core\jasmine.js:4366:28)
                    at ReportDispatcher.jasmineStarted (E:\vmware\Loop\GitHub\e2e\node_modules\jasmine\node_modules\jasmine-core\lib\jasmine-core\jasmine.js:4337:11)
                    at Env.execute (E:\vmware\Loop\GitHub\e2e\node_modules\jasmine\node_modules\jasmine-core\lib\jasmine-core\jasmine.js:975:16)
                    at Jasmine.execute (E:\vmware\Loop\GitHub\e2e\node_modules\jasmine\lib\jasmine.js:200:12)
                    at E:\vmware\Loop\GitHub\e2e\node_modules\protractor\built\frameworks\jasmine.js:132:15
                    at Function.promise (E:\vmware\Loop\GitHub\e2e\node_modules\q\q.js:682:9)
                    at E:\vmware\Loop\GitHub\e2e\node_modules\protractor\built\frameworks\jasmine.js:104:14
                    at _fulfilled (E:\vmware\Loop\GitHub\e2e\node_modules\q\q.js:834:54)
                From: Task: Run beforeEach in control flow
                    at UserContext.&lt;anonymous> (E:\vmware\Loop\GitHub\e2e\node_modules\jasminewd2\index.js:94:19)
                    at attempt (E:\vmware\Loop\GitHub\e2e\node_modules\jasmine\node_modules\jasmine-core\lib\jasmine-core\jasmine.js:4297:26)
                    at QueueRunner.run (E:\vmware\Loop\GitHub\e2e\node_modules\jasmine\node_modules\jasmine-core\lib\jasmine-core\jasmine.js:4217:20)
                    at QueueRunner.execute (E:\vmware\Loop\GitHub\e2e\node_modules\jasmine\node_modules\jasmine-core\lib\jasmine-core\jasmine.js:4199:10)
                    at Spec.queueRunnerFactory (E:\vmware\Loop\GitHub\e2e\node_modules\jasmine\node_modules\jasmine-core\lib\jasmine-core\jasmine.js:909:35)
                    at Spec.execute (E:\vmware\Loop\GitHub\e2e\node_modules\jasmine\node_modules\jasmine-core\lib\jasmine-core\jasmine.js:526:10)
                    at UserContext.fn (E:\vmware\Loop\GitHub\e2e\node_modules\jasmine\node_modules\jasmine-core\lib\jasmine-core\jasmine.js:5340:37)
                    at attempt (E:\vmware\Loop\GitHub\e2e\node_modules\jasmine\node_modules\jasmine-core\lib\jasmine-core\jasmine.js:4297:26)
                    at QueueRunner.run (E:\vmware\Loop\GitHub\e2e\node_modules\jasmine\node_modules\jasmine-core\lib\jasmine-core\jasmine.js:4217:20)
                    at runNext (E:\vmware\Loop\GitHub\e2e\node_modules\jasmine\node_modules\jasmine-core\lib\jasmine-core\jasmine.js:4257:20)
                From asynchronous test: 
                Error: 
                    at Jasmine2Reporter.jasmineStarted (E:\vmware\Loop\GitHub\e2e\node_modules\protractor-beautiful-reporter\index.js:4948:13)
                    at dispatch (E:\vmware\Loop\GitHub\e2e\node_modules\jasmine\node_modules\jasmine-core\lib\jasmine-core\jasmine.js:4366:28)
                    at ReportDispatcher.jasmineStarted (E:\vmware\Loop\GitHub\e2e\node_modules\jasmine\node_modules\jasmine-core\lib\jasmine-core\jasmine.js:4337:11)
                    at Env.execute (E:\vmware\Loop\GitHub\e2e\node_modules\jasmine\node_modules\jasmine-core\lib\jasmine-core\jasmine.js:975:16)
                    at Jasmine.execute (E:\vmware\Loop\GitHub\e2e\node_modules\jasmine\lib\jasmine.js:200:12)
                    at E:\vmware\Loop\GitHub\e2e\node_modules\protractor\built\frameworks\jasmine.js:132:15
                    at Function.promise (E:\vmware\Loop\GitHub\e2e\node_modules\q\q.js:682:9)
                    at E:\vmware\Loop\GitHub\e2e\node_modules\protractor\built\frameworks\jasmine.js:104:14
                    at _fulfilled (E:\vmware\Loop\GitHub\e2e\node_modules\q\q.js:834:54)
                From: Task: Run beforeEach in control flow
                    at UserContext.&lt;anonymous> (E:\vmware\Loop\GitHub\e2e\node_modules\jasminewd2\index.js:94:19)
                    at attempt (E:\vmware\Loop\GitHub\e2e\node_modules\jasmine\node_modules\jasmine-core\lib\jasmine-core\jasmine.js:4297:26)
                    at QueueRunner.run (E:\vmware\Loop\GitHub\e2e\node_modules\jasmine\node_modules\jasmine-core\lib\jasmine-core\jasmine.js:4217:20)
                    at QueueRunner.execute (E:\vmware\Loop\GitHub\e2e\node_modules\jasmine\node_modules\jasmine-core\lib\jasmine-core\jasmine.js:4199:10)
                    at Spec.queueRunnerFactory (E:\vmware\Loop\GitHub\e2e\node_modules\jasmine\node_modules\jasmine-core\lib\jasmine-core\jasmine.js:909:35)
                    at Spec.execute (E:\vmware\Loop\GitHub\e2e\node_modules\jasmine\node_modules\jasmine-core\lib\jasmine-core\jasmine.js:526:10)
                    at UserContext.fn (E:\vmware\Loop\GitHub\e2e\node_modules\jasmine\node_modules\jasmine-core\lib\jasmine-core\jasmine.js:5340:37)
                    at attempt (E:\vmware\Loop\GitHub\e2e\node_modules\jasmine\node_modules\jasmine-core\lib\jasmine-core\jasmine.js:4297:26)
                    at QueueRunner.run (E:\vmware\Loop\GitHub\e2e\node_modules\jasmine\node_modules\jasmine-core\lib\jasmine-core\jasmine.js:4217:20)
                    at QueueRunner.execute (E:\vmware\Loop\GitHub\e2e\node_modules\jasmine\node_modules\jasmine-core\lib\jasmine-core\jasmine.js:4199:10)
                From asynchronous test: 
                Error: 
                    at Jasmine2Reporter.jasmineStarted (E:\vmware\Loop\GitHub\e2e\node_modules\protractor-beautiful-reporter\index.js:4948:13)
                    at dispatch (E:\vmware\Loop\GitHub\e2e\node_modules\jasmine\node_modules\jasmine-core\lib\jasmine-core\jasmine.js:4366:28)
                    at ReportDispatcher.jasmineStarted (E:\vmware\Loop\GitHub\e2e\node_modules\jasmine\node_modules\jasmine-core\lib\jasmine-core\jasmine.js:4337:11)
                    at Env.execute (E:\vmware\Loop\GitHub\e2e\node_modules\jasmine\node_modules\jasmine-core\lib\jasmine-core\jasmine.js:975:16)
                    at Jasmine.execute (E:\vmware\Loop\GitHub\e2e\node_modules\jasmine\lib\jasmine.js:200:12)
                    at E:\vmware\Loop\GitHub\e2e\node_modules\protractor\built\frameworks\jasmine.js:132:15
                    at Function.promise (E:\vmware\Loop\GitHub\e2e\node_modules\q\q.js:682:9)
                    at E:\vmware\Loop\GitHub\e2e\node_modules\protractor\built\frameworks\jasmine.js:104:14
                    at _fulfilled (E:\vmware\Loop\GitHub\e2e\node_modules\q\q.js:834:54)
                From: Task: Run beforeEach in control flow
                    at UserContext.&lt;anonymous> (E:\vmware\Loop\GitHub\e2e\node_modules\jasminewd2\index.js:94:19)
                    at attempt (E:\vmware\Loop\GitHub\e2e\node_modules\jasmine\node_modules\jasmine-core\lib\jasmine-core\jasmine.js:4297:26)
                    at QueueRunner.run (E:\vmware\Loop\GitHub\e2e\node_modules\jasmine\node_modules\jasmine-core\lib\jasmine-core\jasmine.js:4217:20)
                    at QueueRunner.execute (E:\vmware\Loop\GitHub\e2e\node_modules\jasmine\node_modules\jasmine-core\lib\jasmine-core\jasmine.js:4199:10)
                    at Spec.queueRunnerFactory (E:\vmware\Loop\GitHub\e2e\node_modules\jasmine\node_modules\jasmine-core\lib\jasmine-core\jasmine.js:909:35)
                    at Spec.execute (E:\vmware\Loop\GitHub\e2e\node_modules\jasmine\node_modules\jasmine-core\lib\jasmine-core\jasmine.js:526:10)
                    at UserContext.fn (E:\vmware\Loop\GitHub\e2e\node_modules\jasmine\node_modules\jasmine-core\lib\jasmine-core\jasmine.js:5340:37)
                    at attempt (E:\vmware\Loop\GitHub\e2e\node_modules\jasmine\node_modules\jasmine-core\lib\jasmine-core\jasmine.js:4297:26)
                    at QueueRunner.run (E:\vmware\Loop\GitHub\e2e\node_modules\jasmine\node_modules\jasmine-core\lib\jasmine-core\jasmine.js:4217:20)
                    at runNext (E:\vmware\Loop\GitHub\e2e\node_modules\jasmine\node_modules\jasmine-core\lib\jasmine-core\jasmine.js:4257:20)
                From asynchronous test: 
                Error: 
                    at Jasmine2Reporter.jasmineStarted (E:\vmware\Loop\GitHub\e2e\node_modules\protractor-beautiful-reporter\index.js:4948:13)
                    at dispatch (E:\vmware\Loop\GitHub\e2e\node_modules\jasmine\node_modules\jasmine-core\lib\jasmine-core\jasmine.js:4366:28)
                    at ReportDispatcher.jasmineStarted (E:\vmware\Loop\GitHub\e2e\node_modules\jasmine\node_modules\jasmine-core\lib\jasmine-core\jasmine.js:4337:11)
                    at Env.execute (E:\vmware\Loop\GitHub\e2e\node_modules\jasmine\node_modules\jasmine-core\lib\jasmine-core\jasmine.js:975:16)
                    at Jasmine.execute (E:\vmware\Loop\GitHub\e2e\node_modules\jasmine\lib\jasmine.js:200:12)
                    at E:\vmware\Loop\GitHub\e2e\node_modules\protractor\built\frameworks\jasmine.js:132:15
                    at Function.promise (E:\vmware\Loop\GitHub\e2e\node_modules\q\q.js:682:9)
                    at E:\vmware\Loop\GitHub\e2e\node_modules\protractor\built\frameworks\jasmine.js:104:14
                    at _fulfilled (E:\vmware\Loop\GitHub\e2e\node_modules\q\q.js:834:54)
                From: Task: Run beforeEach in control flow
                    at UserContext.&lt;anonymous> (E:\vmware\Loop\GitHub\e2e\node_modules\jasminewd2\index.js:94:19)
                    at attempt (E:\vmware\Loop\GitHub\e2e\node_modules\jasmine\node_modules\jasmine-core\lib\jasmine-core\jasmine.js:4297:26)
                    at QueueRunner.run (E:\vmware\Loop\GitHub\e2e\node_modules\jasmine\node_modules\jasmine-core\lib\jasmine-core\jasmine.js:4217:20)
                    at QueueRunner.execute (E:\vmware\Loop\GitHub\e2e\node_modules\jasmine\node_modules\jasmine-core\lib\jasmine-core\jasmine.js:4199:10)
                    at Spec.queueRunnerFactory (E:\vmware\Loop\GitHub\e2e\node_modules\jasmine\node_modules\jasmine-core\lib\jasmine-core\jasmine.js:909:35)
                    at Spec.execute (E:\vmware\Loop\GitHub\e2e\node_modules\jasmine\node_modules\jasmine-core\lib\jasmine-core\jasmine.js:526:10)
                    at UserContext.fn (E:\vmware\Loop\GitHub\e2e\node_modules\jasmine\node_modules\jasmine-core\lib\jasmine-core\jasmine.js:5340:37)
                    at attempt (E:\vmware\Loop\GitHub\e2e\node_modules\jasmine\node_modules\jasmine-core\lib\jasmine-core\jasmine.js:4297:26)
                    at QueueRunner.run (E:\vmware\Loop\GitHub\e2e\node_modules\jasmine\node_modules\jasmine-core\lib\jasmine-core\jasmine.js:4217:20)
                    at runNext (E:\vmware\Loop\GitHub\e2e\node_modules\jasmine\node_modules\jasmine-core\lib\jasmine-core\jasmine.js:4257:20)
                From asynchronous test: 
                Error: 
                    at Jasmine2Reporter.jasmineStarted (E:\vmware\Loop\GitHub\e2e\node_modules\protractor-beautiful-reporter\index.js:4948:13)
                    at dispatch (E:\vmware\Loop\GitHub\e2e\node_modules\jasmine\node_modules\jasmine-core\lib\jasmine-core\jasmine.js:4366:28)
                    at ReportDispatcher.jasmineStarted (E:\vmware\Loop\GitHub\e2e\node_modules\jasmine\node_modules\jasmine-core\lib\jasmine-core\jasmine.js:4337:11)
                    at Env.execute (E:\vmware\Loop\GitHub\e2e\node_modules\jasmine\node_modules\jasmine-core\lib\jasmine-core\jasmine.js:975:16)
                    at Jasmine.execute (E:\vmware\Loop\GitHub\e2e\node_modules\jasmine\lib\jasmine.js:200:12)
                    at E:\vmware\Loop\GitHub\e2e\node_modules\protractor\built\frameworks\jasmine.js:132:15
                    at Function.promise (E:\vmware\Loop\GitHub\e2e\node_modules\q\q.js:682:9)
                    at E:\vmware\Loop\GitHub\e2e\node_modules\protractor\built\frameworks\jasmine.js:104:14
                    at _fulfilled (E:\vmware\Loop\GitHub\e2e\node_modules\q\q.js:834:54)
                From: Task: Run beforeEach in control flow
                    at UserContext.&lt;anonymous> (E:\vmware\Loop\GitHub\e2e\node_modules\jasminewd2\index.js:94:19)
                    at attempt (E:\vmware\Loop\GitHub\e2e\node_modules\jasmine\node_modules\jasmine-core\lib\jasmine-core\jasmine.js:4297:26)
                    at QueueRunner.run (E:\vmware\Loop\GitHub\e2e\node_modules\jasmine\node_modules\jasmine-core\lib\jasmine-core\jasmine.js:4217:20)
                    at QueueRunner.execute (E:\vmware\Loop\GitHub\e2e\node_modules\jasmine\node_modules\jasmine-core\lib\jasmine-core\jasmine.js:4199:10)
                    at Spec.queueRunnerFactory (E:\vmware\Loop\GitHub\e2e\node_modules\jasmine\node_modules\jasmine-core\lib\jasmine-core\jasmine.js:909:35)
                    at Spec.execute (E:\vmware\Loop\GitHub\e2e\node_modules\jasmine\node_modules\jasmine-core\lib\jasmine-core\jasmine.js:526:10)
                    at UserContext.fn (E:\vmware\Loop\GitHub\e2e\node_modules\jasmine\node_modules\jasmine-core\lib\jasmine-core\jasmine.js:5340:37)
                    at attempt (E:\vmware\Loop\GitHub\e2e\node_modules\jasmine\node_modules\jasmine-core\lib\jasmine-core\jasmine.js:4297:26)
                    at QueueRunner.run (E:\vmware\Loop\GitHub\e2e\node_modules\jasmine\node_modules\jasmine-core\lib\jasmine-core\jasmine.js:4217:20)
                    at QueueRunner.execute (E:\vmware\Loop\GitHub\e2e\node_modules\jasmine\node_modules\jasmine-core\lib\jasmine-core\jasmine.js:4199:10)
                From asynchronous test: 
                Error: 
                    at Jasmine2Reporter.jasmineStarted (E:\vmware\Loop\GitHub\e2e\node_modules\protractor-beautiful-reporter\index.js:4948:13)
                    at dispatch (E:\vmware\Loop\GitHub\e2e\node_modules\jasmine\node_modules\jasmine-core\lib\jasmine-core\jasmine.js:4366:28)
                    at ReportDispatcher.jasmineStarted (E:\vmware\Loop\GitHub\e2e\node_modules\jasmine\node_modules\jasmine-core\lib\jasmine-core\jasmine.js:4337:11)
                    at Env.execute (E:\vmware\Loop\GitHub\e2e\node_modules\jasmine\node_modules\jasmine-core\lib\jasmine-core\jasmine.js:975:16)
                    at Jasmine.execute (E:\vmware\Loop\GitHub\e2e\node_modules\jasmine\lib\jasmine.js:200:12)
                    at E:\vmware\Loop\GitHub\e2e\node_modules\protractor\built\frameworks\jasmine.js:132:15
                    at Function.promise (E:\vmware\Loop\GitHub\e2e\node_modules\q\q.js:682:9)
                    at E:\vmware\Loop\GitHub\e2e\node_modules\protractor\built\frameworks\jasmine.js:104:14
                    at _fulfilled (E:\vmware\Loop\GitHub\e2e\node_modules\q\q.js:834:54)
                From: Task: Run beforeEach in control flow
                    at UserContext.&lt;anonymous> (E:\vmware\Loop\GitHub\e2e\node_modules\jasminewd2\index.js:94:19)
                    at attempt (E:\vmware\Loop\GitHub\e2e\node_modules\jasmine\node_modules\jasmine-core\lib\jasmine-core\jasmine.js:4297:26)
                    at QueueRunner.run (E:\vmware\Loop\GitHub\e2e\node_modules\jasmine\node_modules\jasmine-core\lib\jasmine-core\jasmine.js:4217:20)
                    at QueueRunner.execute (E:\vmware\Loop\GitHub\e2e\node_modules\jasmine\node_modules\jasmine-core\lib\jasmine-core\jasmine.js:4199:10)
                    at Spec.queueRunnerFactory (E:\vmware\Loop\GitHub\e2e\node_modules\jasmine\node_modules\jasmine-core\lib\jasmine-core\jasmine.js:909:35)
                    at Spec.execute (E:\vmware\Loop\GitHub\e2e\node_modules\jasmine\node_modules\jasmine-core\lib\jasmine-core\jasmine.js:526:10)
                    at UserContext.fn (E:\vmware\Loop\GitHub\e2e\node_modules\jasmine\node_modules\jasmine-core\lib\jasmine-core\jasmine.js:5340:37)
                    at attempt (E:\vmware\Loop\GitHub\e2e\node_modules\jasmine\node_modules\jasmine-core\lib\jasmine-core\jasmine.js:4297:26)
                    at QueueRunner.run (E:\vmware\Loop\GitHub\e2e\node_modules\jasmine\node_modules\jasmine-core\lib\jasmine-core\jasmine.js:4217:20)
                    at runNext (E:\vmware\Loop\GitHub\e2e\node_modules\jasmine\node_modules\jasmine-core\lib\jasmine-core\jasmine.js:4257:20)
                From asynchronous test: 
                Error: 
                    at Jasmine2Reporter.jasmineStarted (E:\vmware\Loop\GitHub\e2e\node_modules\protractor-beautiful-reporter\index.js:4948:13)
                    at dispatch (E:\vmware\Loop\GitHub\e2e\node_modules\jasmine\node_modules\jasmine-core\lib\jasmine-core\jasmine.js:4366:28)
                    at ReportDispatcher.jasmineStarted (E:\vmware\Loop\GitHub\e2e\node_modules\jasmine\node_modules\jasmine-core\lib\jasmine-core\jasmine.js:4337:11)
                    at Env.execute (E:\vmware\Loop\GitHub\e2e\node_modules\jasmine\node_modules\jasmine-core\lib\jasmine-core\jasmine.js:975:16)
                    at Jasmine.execute (E:\vmware\Loop\GitHub\e2e\node_modules\jasmine\lib\jasmine.js:200:12)
                    at E:\vmware\Loop\GitHub\e2e\node_modules\protractor\built\frameworks\jasmine.js:132:15
                    at Function.promise (E:\vmware\Loop\GitHub\e2e\node_modules\q\q.js:682:9)
                    at E:\vmware\Loop\GitHub\e2e\node_modules\protractor\built\frameworks\jasmine.js:104:14
                    at _fulfilled (E:\vmware\Loop\GitHub\e2e\node_modules\q\q.js:834:54)
                From: Task: Run beforeEach in control flow
                    at UserContext.&lt;anonymous> (E:\vmware\Loop\GitHub\e2e\node_modules\jasminewd2\index.js:94:19)
                    at attempt (E:\vmware\Loop\GitHub\e2e\node_modules\jasmine\node_modules\jasmine-core\lib\jasmine-core\jasmine.js:4297:26)
                    at QueueRunner.run (E:\vmware\Loop\GitHub\e2e\node_modules\jasmine\node_modules\jasmine-core\lib\jasmine-core\jasmine.js:4217:20)
                    at QueueRunner.execute (E:\vmware\Loop\GitHub\e2e\node_modules\jasmine\node_modules\jasmine-core\lib\jasmine-core\jasmine.js:4199:10)
                    at Spec.queueRunnerFactory (E:\vmware\Loop\GitHub\e2e\node_modules\jasmine\node_modules\jasmine-core\lib\jasmine-core\jasmine.js:909:35)
                    at Spec.execute (E:\vmware\Loop\GitHub\e2e\node_modules\jasmine\node_modules\jasmine-core\lib\jasmine-core\jasmine.js:526:10)
                    at UserContext.fn (E:\vmware\Loop\GitHub\e2e\node_modules\jasmine\node_modules\jasmine-core\lib\jasmine-core\jasmine.js:5340:37)
                    at attempt (E:\vmware\Loop\GitHub\e2e\node_modules\jasmine\node_modules\jasmine-core\lib\jasmine-core\jasmine.js:4297:26)
                    at QueueRunner.run (E:\vmware\Loop\GitHub\e2e\node_modules\jasmine\node_modules\jasmine-core\lib\jasmine-core\jasmine.js:4217:20)
                    at QueueRunner.execute (E:\vmware\Loop\GitHub\e2e\node_modules\jasmine\node_modules\jasmine-core\lib\jasmine-core\jasmine.js:4199:10)
                From asynchronous test: 
                Error: 
                    at Jasmine2Reporter.jasmineStarted (E:\vmware\Loop\GitHub\e2e\node_modules\protractor-beautiful-reporter\index.js:4948:13)
                    at dispatch (E:\vmware\Loop\GitHub\e2e\node_modules\jasmine\node_modules\jasmine-core\lib\jasmine-core\jasmine.js:4366:28)
                    at ReportDispatcher.jasmineStarted (E:\vmware\Loop\GitHub\e2e\node_modules\jasmine\node_modules\jasmine-core\lib\jasmine-core\jasmine.js:4337:11)
                    at Env.execute (E:\vmware\Loop\GitHub\e2e\node_modules\jasmine\node_modules\jasmine-core\lib\jasmine-core\jasmine.js:975:16)
                    at Jasmine.execute (E:\vmware\Loop\GitHub\e2e\node_modules\jasmine\lib\jasmine.js:200:12)
                    at E:\vmware\Loop\GitHub\e2e\node_modules\protractor\built\frameworks\jasmine.js:132:15
                    at Function.promise (E:\vmware\Loop\GitHub\e2e\node_modules\q\q.js:682:9)
                    at E:\vmware\Loop\GitHub\e2e\node_modules\protractor\built\frameworks\jasmine.js:104:14
                    at _fulfilled (E:\vmware\Loop\GitHub\e2e\node_modules\q\q.js:834:54)
                From: Task: Run beforeEach in control flow
                    at UserContext.&lt;anonymous> (E:\vmware\Loop\GitHub\e2e\node_modules\jasminewd2\index.js:94:19)
                    at attempt (E:\vmware\Loop\GitHub\e2e\node_modules\jasmine\node_modules\jasmine-core\lib\jasmine-core\jasmine.js:4297:26)
                    at QueueRunner.run (E:\vmware\Loop\GitHub\e2e\node_modules\jasmine\node_modules\jasmine-core\lib\jasmine-core\jasmine.js:4217:20)
                    at QueueRunner.execute (E:\vmware\Loop\GitHub\e2e\node_modules\jasmine\node_modules\jasmine-core\lib\jasmine-core\jasmine.js:4199:10)
                    at Spec.queueRunnerFactory (E:\vmware\Loop\GitHub\e2e\node_modules\jasmine\node_modules\jasmine-core\lib\jasmine-core\jasmine.js:909:35)
                    at Spec.execute (E:\vmware\Loop\GitHub\e2e\node_modules\jasmine\node_modules\jasmine-core\lib\jasmine-core\jasmine.js:526:10)
                    at UserContext.fn (E:\vmware\Loop\GitHub\e2e\node_modules\jasmine\node_modules\jasmine-core\lib\jasmine-core\jasmine.js:5340:37)
                    at attempt (E:\vmware\Loop\GitHub\e2e\node_modules\jasmine\node_modules\jasmine-core\lib\jasmine-core\jasmine.js:4297:26)
                    at QueueRunner.run (E:\vmware\Loop\GitHub\e2e\node_modules\jasmine\node_modules\jasmine-core\lib\jasmine-core\jasmine.js:4217:20)
                    at runNext (E:\vmware\Loop\GitHub\e2e\node_modules\jasmine\node_modules\jasmine-core\lib\jasmine-core\jasmine.js:4257:20)
                From asynchronous test: 
                Error: 
                    at Jasmine2Reporter.jasmineStarted (E:\vmware\Loop\GitHub\e2e\node_modules\protractor-beautiful-reporter\index.js:4948:13)
                    at dispatch (E:\vmware\Loop\GitHub\e2e\node_modules\jasmine\node_modules\jasmine-core\lib\jasmine-core\jasmine.js:4366:28)
                    at ReportDispatcher.jasmineStarted (E:\vmware\Loop\GitHub\e2e\node_modules\jasmine\node_modules\jasmine-core\lib\jasmine-core\jasmine.js:4337:11)
                    at Env.execute (E:\vmware\Loop\GitHub\e2e\node_modules\jasmine\node_modules\jasmine-core\lib\jasmine-core\jasmine.js:975:16)
                    at Jasmine.execute (E:\vmware\Loop\GitHub\e2e\node_modules\jasmine\lib\jasmine.js:200:12)
                    at E:\vmware\Loop\GitHub\e2e\node_modules\protractor\built\frameworks\jasmine.js:132:15
                    at Function.promise (E:\vmware\Loop\GitHub\e2e\node_modules\q\q.js:682:9)
                    at E:\vmware\Loop\GitHub\e2e\node_modules\protractor\built\frameworks\jasmine.js:104:14
                    at _fulfilled (E:\vmware\Loop\GitHub\e2e\node_modules\q\q.js:834:54)
                From: Task: Run beforeEach in control flow
                    at UserContext.&lt;anonymous> (E:\vmware\Loop\GitHub\e2e\node_modules\jasminewd2\index.js:94:19)
                    at attempt (E:\vmware\Loop\GitHub\e2e\node_modules\jasmine\node_modules\jasmine-core\lib\jasmine-core\jasmine.js:4297:26)
                    at QueueRunner.run (E:\vmware\Loop\GitHub\e2e\node_modules\jasmine\node_modules\jasmine-core\lib\jasmine-core\jasmine.js:4217:20)
                    at QueueRunner.execute (E:\vmware\Loop\GitHub\e2e\node_modules\jasmine\node_modules\jasmine-core\lib\jasmine-core\jasmine.js:4199:10)
                    at Spec.queueRunnerFactory (E:\vmware\Loop\GitHub\e2e\node_modules\jasmine\node_modules\jasmine-core\lib\jasmine-core\jasmine.js:909:35)
                    at Spec.execute (E:\vmware\Loop\GitHub\e2e\node_modules\jasmine\node_modules\jasmine-core\lib\jasmine-core\jasmine.js:526:10)
                    at UserContext.fn (E:\vmware\Loop\GitHub\e2e\node_modules\jasmine\node_modules\jasmine-core\lib\jasmine-core\jasmine.js:5340:37)
                    at attempt (E:\vmware\Loop\GitHub\e2e\node_modules\jasmine\node_modules\jasmine-core\lib\jasmine-core\jasmine.js:4297:26)
                    at QueueRunner.run (E:\vmware\Loop\GitHub\e2e\node_modules\jasmine\node_modules\jasmine-core\lib\jasmine-core\jasmine.js:4217:20)
                    at runNext (E:\vmware\Loop\GitHub\e2e\node_modules\jasmine\node_modules\jasmine-core\lib\jasmine-core\jasmine.js:4257:20)
                From asynchronous test: 
                Error: 
                    at Jasmine2Reporter.jasmineStarted (E:\vmware\Loop\GitHub\e2e\node_modules\protractor-beautiful-reporter\index.js:4948:13)
                    at dispatch (E:\vmware\Loop\GitHub\e2e\node_modules\jasmine\node_modules\jasmine-core\lib\jasmine-core\jasmine.js:4366:28)
                    at ReportDispatcher.jasmineStarted (E:\vmware\Loop\GitHub\e2e\node_modules\jasmine\node_modules\jasmine-core\lib\jasmine-core\jasmine.js:4337:11)
                    at Env.execute (E:\vmware\Loop\GitHub\e2e\node_modules\jasmine\node_modules\jasmine-core\lib\jasmine-core\jasmine.js:975:16)
                    at Jasmine.execute (E:\vmware\Loop\GitHub\e2e\node_modules\jasmine\lib\jasmine.js:200:12)
                    at E:\vmware\Loop\GitHub\e2e\node_modules\protractor\built\frameworks\jasmine.js:132:15
                    at Function.promise (E:\vmware\Loop\GitHub\e2e\node_modules\q\q.js:682:9)
                    at E:\vmware\Loop\GitHub\e2e\node_modules\protractor\built\frameworks\jasmine.js:104:14
                    at _fulfilled (E:\vmware\Loop\GitHub\e2e\node_modules\q\q.js:834:54)
                From: Task: Run beforeEach in control flow
                    at UserContext.&lt;anonymous> (E:\vmware\Loop\GitHub\e2e\node_modules\jasminewd2\index.js:94:19)
                    at attempt (E:\vmware\Loop\GitHub\e2e\node_modules\jasmine\node_modules\jasmine-core\lib\jasmine-core\jasmine.js:4297:26)
                    at QueueRunner.run (E:\vmware\Loop\GitHub\e2e\node_modules\jasmine\node_modules\jasmine-core\lib\jasmine-core\jasmine.js:4217:20)
                    at QueueRunner.execute (E:\vmware\Loop\GitHub\e2e\node_modules\jasmine\node_modules\jasmine-core\lib\jasmine-core\jasmine.js:4199:10)
                    at Spec.queueRunnerFactory (E:\vmware\Loop\GitHub\e2e\node_modules\jasmine\node_modules\jasmine-core\lib\jasmine-core\jasmine.js:909:35)
                    at Spec.execute (E:\vmware\Loop\GitHub\e2e\node_modules\jasmine\node_modules\jasmine-core\lib\jasmine-core\jasmine.js:526:10)
                    at UserContext.fn (E:\vmware\Loop\GitHub\e2e\node_modules\jasmine\node_modules\jasmine-core\lib\jasmine-core\jasmine.js:5340:37)
                    at attempt (E:\vmware\Loop\GitHub\e2e\node_modules\jasmine\node_modules\jasmine-core\lib\jasmine-core\jasmine.js:4297:26)
                    at QueueRunner.run (E:\vmware\Loop\GitHub\e2e\node_modules\jasmine\node_modules\jasmine-core\lib\jasmine-core\jasmine.js:4217:20)
                    at runNext (E:\vmware\Loop\GitHub\e2e\node_modules\jasmine\node_modules\jasmine-core\lib\jasmine-core\jasmine.js:4257:20)
                From asynchronous test: 
                Error: 
                    at Jasmine2Reporter.jasmineStarted (E:\vmware\Loop\GitHub\e2e\node_modules\protractor-beautiful-reporter\index.js:4948:13)
                    at dispatch (E:\vmware\Loop\GitHub\e2e\node_modules\jasmine\node_modules\jasmine-core\lib\jasmine-core\jasmine.js:4366:28)
                    at ReportDispatcher.jasmineStarted (E:\vmware\Loop\GitHub\e2e\node_modules\jasmine\node_modules\jasmine-core\lib\jasmine-core\jasmine.js:4337:11)
                    at Env.execute (E:\vmware\Loop\GitHub\e2e\node_modules\jasmine\node_modules\jasmine-core\lib\jasmine-core\jasmine.js:975:16)
                    at Jasmine.execute (E:\vmware\Loop\GitHub\e2e\node_modules\jasmine\lib\jasmine.js:200:12)
                    at E:\vmware\Loop\GitHub\e2e\node_modules\protractor\built\frameworks\jasmine.js:132:15
                    at Function.promise (E:\vmware\Loop\GitHub\e2e\node_modules\q\q.js:682:9)
                    at E:\vmware\Loop\GitHub\e2e\node_modules\protractor\built\frameworks\jasmine.js:104:14
                    at _fulfilled (E:\vmware\Loop\GitHub\e2e\node_modules\q\q.js:834:54)
                From: Task: Run beforeEach in control flow
                    at UserContext.&lt;anonymous> (E:\vmware\Loop\GitHub\e2e\node_modules\jasminewd2\index.js:94:19)
                    at attempt (E:\vmware\Loop\GitHub\e2e\node_modules\jasmine\node_modules\jasmine-core\lib\jasmine-core\jasmine.js:4297:26)
                    at QueueRunner.run (E:\vmware\Loop\GitHub\e2e\node_modules\jasmine\node_modules\jasmine-core\lib\jasmine-core\jasmine.js:4217:20)
                    at QueueRunner.execute (E:\vmware\Loop\GitHub\e2e\node_modules\jasmine\node_modules\jasmine-core\lib\jasmine-core\jasmine.js:4199:10)
                    at Spec.queueRunnerFactory (E:\vmware\Loop\GitHub\e2e\node_modules\jasmine\node_modules\jasmine-core\lib\jasmine-core\jasmine.js:909:35)
                    at Spec.execute (E:\vmware\Loop\GitHub\e2e\node_modules\jasmine\node_modules\jasmine-core\lib\jasmine-core\jasmine.js:526:10)
                    at UserContext.fn (E:\vmware\Loop\GitHub\e2e\node_modules\jasmine\node_modules\jasmine-core\lib\jasmine-core\jasmine.js:5340:37)
                    at attempt (E:\vmware\Loop\GitHub\e2e\node_modules\jasmine\node_modules\jasmine-core\lib\jasmine-core\jasmine.js:4297:26)
                    at QueueRunner.run (E:\vmware\Loop\GitHub\e2e\node_modules\jasmine\node_modules\jasmine-core\lib\jasmine-core\jasmine.js:4217:20)
                    at runNext (E:\vmware\Loop\GitHub\e2e\node_modules\jasmine\node_modules\jasmine-core\lib\jasmine-core\jasmine.js:4257:20)
                From asynchronous test: 
                Error: 
                    at Jasmine2Reporter.jasmineStarted (E:\vmware\Loop\GitHub\e2e\node_modules\protractor-beautiful-reporter\index.js:4948:13)
                    at dispatch (E:\vmware\Loop\GitHub\e2e\node_modules\jasmine\node_modules\jasmine-core\lib\jasmine-core\jasmine.js:4366:28)
                    at ReportDispatcher.jasmineStarted (E:\vmware\Loop\GitHub\e2e\node_modules\jasmine\node_modules\jasmine-core\lib\jasmine-core\jasmine.js:4337:11)
                    at Env.execute (E:\vmware\Loop\GitHub\e2e\node_modules\jasmine\node_modules\jasmine-core\lib\jasmine-core\jasmine.js:975:16)
                    at Jasmine.execute (E:\vmware\Loop\GitHub\e2e\node_modules\jasmine\lib\jasmine.js:200:12)
                    at E:\vmware\Loop\GitHub\e2e\node_modules\protractor\built\frameworks\jasmine.js:132:15
                    at Function.promise (E:\vmware\Loop\GitHub\e2e\node_modules\q\q.js:682:9)
                    at E:\vmware\Loop\GitHub\e2e\node_modules\protractor\built\frameworks\jasmine.js:104:14
                    at _fulfilled (E:\vmware\Loop\GitHub\e2e\node_modules\q\q.js:834:54)
                From: Task: Run beforeEach in control flow
                    at UserContext.&lt;anonymous> (E:\vmware\Loop\GitHub\e2e\node_modules\jasminewd2\index.js:94:19)
                    at attempt (E:\vmware\Loop\GitHub\e2e\node_modules\jasmine\node_modules\jasmine-core\lib\jasmine-core\jasmine.js:4297:26)
                    at QueueRunner.run (E:\vmware\Loop\GitHub\e2e\node_modules\jasmine\node_modules\jasmine-core\lib\jasmine-core\jasmine.js:4217:20)
                    at QueueRunner.execute (E:\vmware\Loop\GitHub\e2e\node_modules\jasmine\node_modules\jasmine-core\lib\jasmine-core\jasmine.js:4199:10)
                    at Spec.queueRunnerFactory (E:\vmware\Loop\GitHub\e2e\node_modules\jasmine\node_modules\jasmine-core\lib\jasmine-core\jasmine.js:909:35)
                    at Spec.execute (E:\vmware\Loop\GitHub\e2e\node_modules\jasmine\node_modules\jasmine-core\lib\jasmine-core\jasmine.js:526:10)
                    at UserContext.fn (E:\vmware\Loop\GitHub\e2e\node_modules\jasmine\node_modules\jasmine-core\lib\jasmine-core\jasmine.js:5340:37)
                    at attempt (E:\vmware\Loop\GitHub\e2e\node_modules\jasmine\node_modules\jasmine-core\lib\jasmine-core\jasmine.js:4297:26)
                    at QueueRunner.run (E:\vmware\Loop\GitHub\e2e\node_modules\jasmine\node_modules\jasmine-core\lib\jasmine-core\jasmine.js:4217:20)
                    at runNext (E:\vmware\Loop\GitHub\e2e\node_modules\jasmine\node_modules\jasmine-core\lib\jasmine-core\jasmine.js:4257:20)
                From asynchronous test: 
                Error: 
                    at Jasmine2Reporter.jasmineStarted (E:\vmware\Loop\GitHub\e2e\node_modules\protractor-beautiful-reporter\index.js:4948:13)
                    at dispatch (E:\vmware\Loop\GitHub\e2e\node_modules\jasmine\node_modules\jasmine-core\lib\jasmine-core\jasmine.js:4366:28)
                    at ReportDispatcher.jasmineStarted (E:\vmware\Loop\GitHub\e2e\node_modules\jasmine\node_modules\jasmine-core\lib\jasmine-core\jasmine.js:4337:11)
                    at Env.execute (E:\vmware\Loop\GitHub\e2e\node_modules\jasmine\node_modules\jasmine-core\lib\jasmine-core\jasmine.js:975:16)
                    at Jasmine.execute (E:\vmware\Loop\GitHub\e2e\node_modules\jasmine\lib\jasmine.js:200:12)
                    at E:\vmware\Loop\GitHub\e2e\node_modules\protractor\built\frameworks\jasmine.js:132:15
                    at Function.promise (E:\vmware\Loop\GitHub\e2e\node_modules\q\q.js:682:9)
                    at E:\vmware\Loop\GitHub\e2e\node_modules\protractor\built\frameworks\jasmine.js:104:14
                    at _fulfilled (E:\vmware\Loop\GitHub\e2e\node_modules\q\q.js:834:54)
                From: Task: Run beforeEach in control flow
                    at UserContext.&lt;anonymous> (E:\vmware\Loop\GitHub\e2e\node_modules\jasminewd2\index.js:94:19)
                    at attempt (E:\vmware\Loop\GitHub\e2e\node_modules\jasmine\node_modules\jasmine-core\lib\jasmine-core\jasmine.js:4297:26)
                    at QueueRunner.run (E:\vmware\Loop\GitHub\e2e\node_modules\jasmine\node_modules\jasmine-core\lib\jasmine-core\jasmine.js:4217:20)
                    at QueueRunner.execute (E:\vmware\Loop\GitHub\e2e\node_modules\jasmine\node_modules\jasmine-core\lib\jasmine-core\jasmine.js:4199:10)
                    at Spec.queueRunnerFactory (E:\vmware\Loop\GitHub\e2e\node_modules\jasmine\node_modules\jasmine-core\lib\jasmine-core\jasmine.js:909:35)
                    at Spec.execute (E:\vmware\Loop\GitHub\e2e\node_modules\jasmine\node_modules\jasmine-core\lib\jasmine-core\jasmine.js:526:10)
                    at UserContext.fn (E:\vmware\Loop\GitHub\e2e\node_modules\jasmine\node_modules\jasmine-core\lib\jasmine-core\jasmine.js:5340:37)
                    at attempt (E:\vmware\Loop\GitHub\e2e\node_modules\jasmine\node_modules\jasmine-core\lib\jasmine-core\jasmine.js:4297:26)
                    at QueueRunner.run (E:\vmware\Loop\GitHub\e2e\node_modules\jasmine\node_modules\jasmine-core\lib\jasmine-core\jasmine.js:4217:20)
                    at runNext (E:\vmware\Loop\GitHub\e2e\node_modules\jasmine\node_modules\jasmine-core\lib\jasmine-core\jasmine.js:4257:20)
                From asynchronous test: 
                Error: 
                    at Jasmine2Reporter.jasmineStarted (E:\vmware\Loop\GitHub\e2e\node_modules\protractor-beautiful-reporter\index.js:4948:13)
                    at dispatch (E:\vmware\Loop\GitHub\e2e\node_modules\jasmine\node_modules\jasmine-core\lib\jasmine-core\jasmine.js:4366:28)
                    at ReportDispatcher.jasmineStarted (E:\vmware\Loop\GitHub\e2e\node_modules\jasmine\node_modules\jasmine-core\lib\jasmine-core\jasmine.js:4337:11)
                    at Env.execute (E:\vmware\Loop\GitHub\e2e\node_modules\jasmine\node_modules\jasmine-core\lib\jasmine-core\jasmine.js:975:16)
                    at Jasmine.execute (E:\vmware\Loop\GitHub\e2e\node_modules\jasmine\lib\jasmine.js:200:12)
                    at E:\vmware\Loop\GitHub\e2e\node_modules\protractor\built\frameworks\jasmine.js:132:15
                    at Function.promise (E:\vmware\Loop\GitHub\e2e\node_modules\q\q.js:682:9)
                    at E:\vmware\Loop\GitHub\e2e\node_modules\protractor\built\frameworks\jasmine.js:104:14
                    at _fulfilled (E:\vmware\Loop\GitHub\e2e\node_modules\q\q.js:834:54)
                From: Task: Run beforeEach in control flow
                    at UserContext.&lt;anonymous> (E:\vmware\Loop\GitHub\e2e\node_modules\jasminewd2\index.js:94:19)
                    at attempt (E:\vmware\Loop\GitHub\e2e\node_modules\jasmine\node_modules\jasmine-core\lib\jasmine-core\jasmine.js:4297:26)
                    at QueueRunner.run (E:\vmware\Loop\GitHub\e2e\node_modules\jasmine\node_modules\jasmine-core\lib\jasmine-core\jasmine.js:4217:20)
                    at QueueRunner.execute (E:\vmware\Loop\GitHub\e2e\node_modules\jasmine\node_modules\jasmine-core\lib\jasmine-core\jasmine.js:4199:10)
                    at Spec.queueRunnerFactory (E:\vmware\Loop\GitHub\e2e\node_modules\jasmine\node_modules\jasmine-core\lib\jasmine-core\jasmine.js:909:35)
                    at Spec.execute (E:\vmware\Loop\GitHub\e2e\node_modules\jasmine\node_modules\jasmine-core\lib\jasmine-core\jasmine.js:526:10)
                    at UserContext.fn (E:\vmware\Loop\GitHub\e2e\node_modules\jasmine\node_modules\jasmine-core\lib\jasmine-core\jasmine.js:5340:37)
                    at attempt (E:\vmware\Loop\GitHub\e2e\node_modules\jasmine\node_modules\jasmine-core\lib\jasmine-core\jasmine.js:4297:26)
                    at QueueRunner.run (E:\vmware\Loop\GitHub\e2e\node_modules\jasmine\node_modules\jasmine-core\lib\jasmine-core\jasmine.js:4217:20)
                    at runNext (E:\vmware\Loop\GitHub\e2e\node_modules\jasmine\node_modules\jasmine-core\lib\jasmine-core\jasmine.js:4257:20)
                From asynchronous test: 
                Error: 
                    at Jasmine2Reporter.jasmineStarted (E:\vmware\Loop\GitHub\e2e\node_modules\protractor-beautiful-reporter\index.js:4948:13)
                    at dispatch (E:\vmware\Loop\GitHub\e2e\node_modules\jasmine\node_modules\jasmine-core\lib\jasmine-core\jasmine.js:4366:28)
                    at ReportDispatcher.jasmineStarted (E:\vmware\Loop\GitHub\e2e\node_modules\jasmine\node_modules\jasmine-core\lib\jasmine-core\jasmine.js:4337:11)
                    at Env.execute (E:\vmware\Loop\GitHub\e2e\node_modules\jasmine\node_modules\jasmine-core\lib\jasmine-core\jasmine.js:975:16)
                    at Jasmine.execute (E:\vmware\Loop\GitHub\e2e\node_modules\jasmine\lib\jasmine.js:200:12)
                    at E:\vmware\Loop\GitHub\e2e\node_modules\protractor\built\frameworks\jasmine.js:132:15
                    at Function.promise (E:\vmware\Loop\GitHub\e2e\node_modules\q\q.js:682:9)
                    at E:\vmware\Loop\GitHub\e2e\node_modules\protractor\built\frameworks\jasmine.js:104:14
                    at _fulfilled (E:\vmware\Loop\GitHub\e2e\node_modules\q\q.js:834:54)
                From: Task: Run beforeEach in control flow
                    at UserContext.&lt;anonymous> (E:\vmware\Loop\GitHub\e2e\node_modules\jasminewd2\index.js:94:19)
                    at attempt (E:\vmware\Loop\GitHub\e2e\node_modules\jasmine\node_modules\jasmine-core\lib\jasmine-core\jasmine.js:4297:26)
                    at QueueRunner.run (E:\vmware\Loop\GitHub\e2e\node_modules\jasmine\node_modules\jasmine-core\lib\jasmine-core\jasmine.js:4217:20)
                    at QueueRunner.execute (E:\vmware\Loop\GitHub\e2e\node_modules\jasmine\node_modules\jasmine-core\lib\jasmine-core\jasmine.js:4199:10)
                    at Spec.queueRunnerFactory (E:\vmware\Loop\GitHub\e2e\node_modules\jasmine\node_modules\jasmine-core\lib\jasmine-core\jasmine.js:909:35)
                    at Spec.execute (E:\vmware\Loop\GitHub\e2e\node_modules\jasmine\node_modules\jasmine-core\lib\jasmine-core\jasmine.js:526:10)
                    at UserContext.fn (E:\vmware\Loop\GitHub\e2e\node_modules\jasmine\node_modules\jasmine-core\lib\jasmine-core\jasmine.js:5340:37)
                    at attempt (E:\vmware\Loop\GitHub\e2e\node_modules\jasmine\node_modules\jasmine-core\lib\jasmine-core\jasmine.js:4297:26)
                    at QueueRunner.run (E:\vmware\Loop\GitHub\e2e\node_modules\jasmine\node_modules\jasmine-core\lib\jasmine-core\jasmine.js:4217:20)
                    at runNext (E:\vmware\Loop\GitHub\e2e\node_modules\jasmine\node_modules\jasmine-core\lib\jasmine-core\jasmine.js:4257:20)
                From asynchronous test: 
                Error: 
                    at Jasmine2Reporter.jasmineStarted (E:\vmware\Loop\GitHub\e2e\node_modules\protractor-beautiful-reporter\index.js:4948:13)
                    at dispatch (E:\vmware\Loop\GitHub\e2e\node_modules\jasmine\node_modules\jasmine-core\lib\jasmine-core\jasmine.js:4366:28)
                    at ReportDispatcher.jasmineStarted (E:\vmware\Loop\GitHub\e2e\node_modules\jasmine\node_modules\jasmine-core\lib\jasmine-core\jasmine.js:4337:11)
                    at Env.execute (E:\vmware\Loop\GitHub\e2e\node_modules\jasmine\node_modules\jasmine-core\lib\jasmine-core\jasmine.js:975:16)
                    at Jasmine.execute (E:\vmware\Loop\GitHub\e2e\node_modules\jasmine\lib\jasmine.js:200:12)
                    at E:\vmware\Loop\GitHub\e2e\node_modules\protractor\built\frameworks\jasmine.js:132:15
                    at Function.promise (E:\vmware\Loop\GitHub\e2e\node_modules\q\q.js:682:9)
                    at E:\vmware\Loop\GitHub\e2e\node_modules\protractor\built\frameworks\jasmine.js:104:14
                    at _fulfilled (E:\vmware\Loop\GitHub\e2e\node_modules\q\q.js:834:54)
                From: Task: Run beforeEach in control flow
                    at UserContext.&lt;anonymous> (E:\vmware\Loop\GitHub\e2e\node_modules\jasminewd2\index.js:94:19)
                    at attempt (E:\vmware\Loop\GitHub\e2e\node_modules\jasmine\node_modules\jasmine-core\lib\jasmine-core\jasmine.js:4297:26)
                    at QueueRunner.run (E:\vmware\Loop\GitHub\e2e\node_modules\jasmine\node_modules\jasmine-core\lib\jasmine-core\jasmine.js:4217:20)
                    at QueueRunner.execute (E:\vmware\Loop\GitHub\e2e\node_modules\jasmine\node_modules\jasmine-core\lib\jasmine-core\jasmine.js:4199:10)
                    at Spec.queueRunnerFactory (E:\vmware\Loop\GitHub\e2e\node_modules\jasmine\node_modules\jasmine-core\lib\jasmine-core\jasmine.js:909:35)
                    at Spec.execute (E:\vmware\Loop\GitHub\e2e\node_modules\jasmine\node_modules\jasmine-core\lib\jasmine-core\jasmine.js:526:10)
                    at UserContext.fn (E:\vmware\Loop\GitHub\e2e\node_modules\jasmine\node_modules\jasmine-core\lib\jasmine-core\jasmine.js:5340:37)
                    at attempt (E:\vmware\Loop\GitHub\e2e\node_modules\jasmine\node_modules\jasmine-core\lib\jasmine-core\jasmine.js:4297:26)
                    at QueueRunner.run (E:\vmware\Loop\GitHub\e2e\node_modules\jasmine\node_modules\jasmine-core\lib\jasmine-core\jasmine.js:4217:20)
                    at runNext (E:\vmware\Loop\GitHub\e2e\node_modules\jasmine\node_modules\jasmine-core\lib\jasmine-core\jasmine.js:4257:20)
                From asynchronous test: 
                Error: 
                    at Jasmine2Reporter.jasmineStarted (E:\vmware\Loop\GitHub\e2e\node_modules\protractor-beautiful-reporter\index.js:4948:13)
                    at dispatch (E:\vmware\Loop\GitHub\e2e\node_modules\jasmine\node_modules\jasmine-core\lib\jasmine-core\jasmine.js:4366:28)
                    at ReportDispatcher.jasmineStarted (E:\vmware\Loop\GitHub\e2e\node_modules\jasmine\node_modules\jasmine-core\lib\jasmine-core\jasmine.js:4337:11)
                    at Env.execute (E:\vmware\Loop\GitHub\e2e\node_modules\jasmine\node_modules\jasmine-core\lib\jasmine-core\jasmine.js:975:16)
                    at Jasmine.execute (E:\vmware\Loop\GitHub\e2e\node_modules\jasmine\lib\jasmine.js:200:12)
                    at E:\vmware\Loop\GitHub\e2e\node_modules\protractor\built\frameworks\jasmine.js:132:15
                    at Function.promise (E:\vmware\Loop\GitHub\e2e\node_modules\q\q.js:682:9)
                    at E:\vmware\Loop\GitHub\e2e\node_modules\protractor\built\frameworks\jasmine.js:104:14
                    at _fulfilled (E:\vmware\Loop\GitHub\e2e\node_modules\q\q.js:834:54)
                From: Task: Run beforeEach in control flow
                    at UserContext.&lt;anonymous> (E:\vmware\Loop\GitHub\e2e\node_modules\jasminewd2\index.js:94:19)
                    at attempt (E:\vmware\Loop\GitHub\e2e\node_modules\jasmine\node_modules\jasmine-core\lib\jasmine-core\jasmine.js:4297:26)
                    at QueueRunner.run (E:\vmware\Loop\GitHub\e2e\node_modules\jasmine\node_modules\jasmine-core\lib\jasmine-core\jasmine.js:4217:20)
                    at QueueRunner.execute (E:\vmware\Loop\GitHub\e2e\node_modules\jasmine\node_modules\jasmine-core\lib\jasmine-core\jasmine.js:4199:10)
                    at Spec.queueRunnerFactory (E:\vmware\Loop\GitHub\e2e\node_modules\jasmine\node_modules\jasmine-core\lib\jasmine-core\jasmine.js:909:35)
                    at Spec.execute (E:\vmware\Loop\GitHub\e2e\node_modules\jasmine\node_modules\jasmine-core\lib\jasmine-core\jasmine.js:526:10)
                    at UserContext.fn (E:\vmware\Loop\GitHub\e2e\node_modules\jasmine\node_modules\jasmine-core\lib\jasmine-core\jasmine.js:5340:37)
                    at attempt (E:\vmware\Loop\GitHub\e2e\node_modules\jasmine\node_modules\jasmine-core\lib\jasmine-core\jasmine.js:4297:26)
                    at QueueRunner.run (E:\vmware\Loop\GitHub\e2e\node_modules\jasmine\node_modules\jasmine-core\lib\jasmine-core\jasmine.js:4217:20)
                    at runNext (E:\vmware\Loop\GitHub\e2e\node_modules\jasmine\node_modules\jasmine-core\lib\jasmine-core\jasmine.js:4257:20)
                From asynchronous test: 
                Error: 
                    at Jasmine2Reporter.jasmineStarted (E:\vmware\Loop\GitHub\e2e\node_modules\protractor-beautiful-reporter\index.js:4948:13)
                    at dispatch (E:\vmware\Loop\GitHub\e2e\node_modules\jasmine\node_modules\jasmine-core\lib\jasmine-core\jasmine.js:4366:28)
                    at ReportDispatcher.jasmineStarted (E:\vmware\Loop\GitHub\e2e\node_modules\jasmine\node_modules\jasmine-core\lib\jasmine-core\jasmine.js:4337:11)
                    at Env.execute (E:\vmware\Loop\GitHub\e2e\node_modules\jasmine\node_modules\jasmine-core\lib\jasmine-core\jasmine.js:975:16)
                    at Jasmine.execute (E:\vmware\Loop\GitHub\e2e\node_modules\jasmine\lib\jasmine.js:200:12)
                    at E:\vmware\Loop\GitHub\e2e\node_modules\protractor\built\frameworks\jasmine.js:132:15
                    at Function.promise (E:\vmware\Loop\GitHub\e2e\node_modules\q\q.js:682:9)
                    at E:\vmware\Loop\GitHub\e2e\node_modules\protractor\built\frameworks\jasmine.js:104:14
                    at _fulfilled (E:\vmware\Loop\GitHub\e2e\node_modules\q\q.js:834:54)
                From: Task: Run beforeEach in control flow
                    at UserContext.&lt;anonymous> (E:\vmware\Loop\GitHub\e2e\node_modules\jasminewd2\index.js:94:19)
                    at attempt (E:\vmware\Loop\GitHub\e2e\node_modules\jasmine\node_modules\jasmine-core\lib\jasmine-core\jasmine.js:4297:26)
                    at QueueRunner.run (E:\vmware\Loop\GitHub\e2e\node_modules\jasmine\node_modules\jasmine-core\lib\jasmine-core\jasmine.js:4217:20)
                    at QueueRunner.execute (E:\vmware\Loop\GitHub\e2e\node_modules\jasmine\node_modules\jasmine-core\lib\jasmine-core\jasmine.js:4199:10)
                    at Spec.queueRunnerFactory (E:\vmware\Loop\GitHub\e2e\node_modules\jasmine\node_modules\jasmine-core\lib\jasmine-core\jasmine.js:909:35)
                    at Spec.execute (E:\vmware\Loop\GitHub\e2e\node_modules\jasmine\node_modules\jasmine-core\lib\jasmine-core\jasmine.js:526:10)
                    at UserContext.fn (E:\vmware\Loop\GitHub\e2e\node_modules\jasmine\node_modules\jasmine-core\lib\jasmine-core\jasmine.js:5340:37)
                    at attempt (E:\vmware\Loop\GitHub\e2e\node_modules\jasmine\node_modules\jasmine-core\lib\jasmine-core\jasmine.js:4297:26)
                    at QueueRunner.run (E:\vmware\Loop\GitHub\e2e\node_modules\jasmine\node_modules\jasmine-core\lib\jasmine-core\jasmine.js:4217:20)
                    at runNext (E:\vmware\Loop\GitHub\e2e\node_modules\jasmine\node_modules\jasmine-core\lib\jasmine-core\jasmine.js:4257:20)
                From asynchronous test: 
                Error: 
                    at Jasmine2Reporter.jasmineStarted (E:\vmware\Loop\GitHub\e2e\node_modules\protractor-beautiful-reporter\index.js:4948:13)
                    at dispatch (E:\vmware\Loop\GitHub\e2e\node_modules\jasmine\node_modules\jasmine-core\lib\jasmine-core\jasmine.js:4366:28)
                    at ReportDispatcher.jasmineStarted (E:\vmware\Loop\GitHub\e2e\node_modules\jasmine\node_modules\jasmine-core\lib\jasmine-core\jasmine.js:4337:11)
                    at Env.execute (E:\vmware\Loop\GitHub\e2e\node_modules\jasmine\node_modules\jasmine-core\lib\jasmine-core\jasmine.js:975:16)
                    at Jasmine.execute (E:\vmware\Loop\GitHub\e2e\node_modules\jasmine\lib\jasmine.js:200:12)
                    at E:\vmware\Loop\GitHub\e2e\node_modules\protractor\built\frameworks\jasmine.js:132:15
                    at Function.promise (E:\vmware\Loop\GitHub\e2e\node_modules\q\q.js:682:9)
                    at E:\vmware\Loop\GitHub\e2e\node_modules\protractor\built\frameworks\jasmine.js:104:14
                    at _fulfilled (E:\vmware\Loop\GitHub\e2e\node_modules\q\q.js:834:54)
                From: Task: Run beforeEach in control flow
                    at UserContext.&lt;anonymous> (E:\vmware\Loop\GitHub\e2e\node_modules\jasminewd2\index.js:94:19)
                    at attempt (E:\vmware\Loop\GitHub\e2e\node_modules\jasmine\node_modules\jasmine-core\lib\jasmine-core\jasmine.js:4297:26)
                    at QueueRunner.run (E:\vmware\Loop\GitHub\e2e\node_modules\jasmine\node_modules\jasmine-core\lib\jasmine-core\jasmine.js:4217:20)
                    at QueueRunner.execute (E:\vmware\Loop\GitHub\e2e\node_modules\jasmine\node_modules\jasmine-core\lib\jasmine-core\jasmine.js:4199:10)
                    at Spec.queueRunnerFactory (E:\vmware\Loop\GitHub\e2e\node_modules\jasmine\node_modules\jasmine-core\lib\jasmine-core\jasmine.js:909:35)
                    at Spec.execute (E:\vmware\Loop\GitHub\e2e\node_modules\jasmine\node_modules\jasmine-core\lib\jasmine-core\jasmine.js:526:10)
                    at UserContext.fn (E:\vmware\Loop\GitHub\e2e\node_modules\jasmine\node_modules\jasmine-core\lib\jasmine-core\jasmine.js:5340:37)
                    at attempt (E:\vmware\Loop\GitHub\e2e\node_modules\jasmine\node_modules\jasmine-core\lib\jasmine-core\jasmine.js:4297:26)
                    at QueueRunner.run (E:\vmware\Loop\GitHub\e2e\node_modules\jasmine\node_modules\jasmine-core\lib\jasmine-core\jasmine.js:4217:20)
                    at runNext (E:\vmware\Loop\GitHub\e2e\node_modules\jasmine\node_modules\jasmine-core\lib\jasmine-core\jasmine.js:4257:20)
                From asynchronous test: 
                Error: 
                    at Jasmine2Reporter.jasmineStarted (E:\vmware\Loop\GitHub\e2e\node_modules\protractor-beautiful-reporter\index.js:4948:13)
                    at dispatch (E:\vmware\Loop\GitHub\e2e\node_modules\jasmine\node_modules\jasmine-core\lib\jasmine-core\jasmine.js:4366:28)
                    at ReportDispatcher.jasmineStarted (E:\vmware\Loop\GitHub\e2e\node_modules\jasmine\node_modules\jasmine-core\lib\jasmine-core\jasmine.js:4337:11)
                    at Env.execute (E:\vmware\Loop\GitHub\e2e\node_modules\jasmine\node_modules\jasmine-core\lib\jasmine-core\jasmine.js:975:16)
                    at Jasmine.execute (E:\vmware\Loop\GitHub\e2e\node_modules\jasmine\lib\jasmine.js:200:12)
                    at E:\vmware\Loop\GitHub\e2e\node_modules\protractor\built\frameworks\jasmine.js:132:15
                    at Function.promise (E:\vmware\Loop\GitHub\e2e\node_modules\q\q.js:682:9)
                    at E:\vmware\Loop\GitHub\e2e\node_modules\protractor\built\frameworks\jasmine.js:104:14
                    at _fulfilled (E:\vmware\Loop\GitHub\e2e\node_modules\q\q.js:834:54)</stack-trace>
            </failure>
        </test-case>
        <test-case start='1629687516635' status='failed' stop='1629687717890'>
            <name>Should preview log dataset successfully.</name>
            <title>Should preview log dataset successfully.</title>
            <labels/>
            <parameters/>
            <steps/>
            <attachments>
                <attachment title='Screenshot' source='2197d397-b3e3-4761-8ef0-8bb56013dfd6-attachment.png' type='image/png' size='66354'/>
                <attachment title='Screenshot' source='953602a8-aaa9-4b53-8c8f-d63dcd09e6ab-attachment.png' type='image/png' size='66354'/>
                <attachment title='Screenshot' source='aaa7a0b3-cdf2-4032-994d-fe9300d7c55f-attachment.png' type='image/png' size='66354'/>
            </attachments>
            <failure>
                <message>Failed: EADDRINUSE connect EADDRINUSE 127.0.0.1:63150</message>
                <stack-trace>Error: EADDRINUSE connect EADDRINUSE 127.0.0.1:63150
                    at ClientRequest.&lt;anonymous> (E:\vmware\Loop\GitHub\e2e\node_modules\selenium-webdriver\http\index.js:238:15)
                    at ClientRequest.emit (node:events:394:28)
                    at Socket.socketErrorListener (node:_http_client:447:9)
                    at Socket.emit (node:events:394:28)
                    at emitErrorNT (node:internal/streams/destroy:157:8)
                    at emitErrorCloseNT (node:internal/streams/destroy:122:3)
                    at processTicksAndRejections (node:internal/process/task_queues:83:21)
                From: Task: WebDriver.manage().logs().get(browser)
                    at Driver.schedule (E:\vmware\Loop\GitHub\e2e\node_modules\selenium-webdriver\lib\webdriver.js:807:17)
                    at Logs.get (E:\vmware\Loop\GitHub\e2e\node_modules\selenium-webdriver\lib\webdriver.js:1731:25)
                    at Jasmine2Reporter._callee7$ (E:\vmware\Loop\GitHub\e2e\node_modules\protractor-beautiful-reporter\index.js:5154:64)
                    at tryCatch (E:\vmware\Loop\GitHub\e2e\node_modules\protractor-beautiful-reporter\index.js:5748:40)
                    at Generator.invoke [as _invoke] (E:\vmware\Loop\GitHub\e2e\node_modules\protractor-beautiful-reporter\index.js:6022:22)
                    at Generator.prototype.&lt;computed> [as next] (E:\vmware\Loop\GitHub\e2e\node_modules\protractor-beautiful-reporter\index.js:5781:21)
                    at step (E:\vmware\Loop\GitHub\e2e\node_modules\protractor-beautiful-reporter\index.js:4754:191)
                    at E:\vmware\Loop\GitHub\e2e\node_modules\protractor-beautiful-reporter\index.js:4754:361
                    at runMicrotasks (&lt;anonymous>)
                    at processTicksAndRejections (node:internal/process/task_queues:96:5)
                From: Task: Run beforeEach in control flow
                    at UserContext.&lt;anonymous> (E:\vmware\Loop\GitHub\e2e\node_modules\jasminewd2\index.js:94:19)
                    at attempt (E:\vmware\Loop\GitHub\e2e\node_modules\jasmine\node_modules\jasmine-core\lib\jasmine-core\jasmine.js:4297:26)
                    at QueueRunner.run (E:\vmware\Loop\GitHub\e2e\node_modules\jasmine\node_modules\jasmine-core\lib\jasmine-core\jasmine.js:4217:20)
                    at QueueRunner.execute (E:\vmware\Loop\GitHub\e2e\node_modules\jasmine\node_modules\jasmine-core\lib\jasmine-core\jasmine.js:4199:10)
                    at Spec.queueRunnerFactory (E:\vmware\Loop\GitHub\e2e\node_modules\jasmine\node_modules\jasmine-core\lib\jasmine-core\jasmine.js:909:35)
                    at Spec.execute (E:\vmware\Loop\GitHub\e2e\node_modules\jasmine\node_modules\jasmine-core\lib\jasmine-core\jasmine.js:526:10)
                    at UserContext.fn (E:\vmware\Loop\GitHub\e2e\node_modules\jasmine\node_modules\jasmine-core\lib\jasmine-core\jasmine.js:5340:37)
                    at attempt (E:\vmware\Loop\GitHub\e2e\node_modules\jasmine\node_modules\jasmine-core\lib\jasmine-core\jasmine.js:4297:26)
                    at QueueRunner.run (E:\vmware\Loop\GitHub\e2e\node_modules\jasmine\node_modules\jasmine-core\lib\jasmine-core\jasmine.js:4217:20)
                    at runNext (E:\vmware\Loop\GitHub\e2e\node_modules\jasmine\node_modules\jasmine-core\lib\jasmine-core\jasmine.js:4257:20)
                From asynchronous test: 
                Error: 
                    at Jasmine2Reporter.jasmineStarted (E:\vmware\Loop\GitHub\e2e\node_modules\protractor-beautiful-reporter\index.js:4948:13)
                    at dispatch (E:\vmware\Loop\GitHub\e2e\node_modules\jasmine\node_modules\jasmine-core\lib\jasmine-core\jasmine.js:4366:28)
                    at ReportDispatcher.jasmineStarted (E:\vmware\Loop\GitHub\e2e\node_modules\jasmine\node_modules\jasmine-core\lib\jasmine-core\jasmine.js:4337:11)
                    at Env.execute (E:\vmware\Loop\GitHub\e2e\node_modules\jasmine\node_modules\jasmine-core\lib\jasmine-core\jasmine.js:975:16)
                    at Jasmine.execute (E:\vmware\Loop\GitHub\e2e\node_modules\jasmine\lib\jasmine.js:200:12)
                    at E:\vmware\Loop\GitHub\e2e\node_modules\protractor\built\frameworks\jasmine.js:132:15
                    at Function.promise (E:\vmware\Loop\GitHub\e2e\node_modules\q\q.js:682:9)
                    at E:\vmware\Loop\GitHub\e2e\node_modules\protractor\built\frameworks\jasmine.js:104:14
                    at _fulfilled (E:\vmware\Loop\GitHub\e2e\node_modules\q\q.js:834:54)
                From: Task: Run beforeEach in control flow
                    at UserContext.&lt;anonymous> (E:\vmware\Loop\GitHub\e2e\node_modules\jasminewd2\index.js:94:19)
                    at attempt (E:\vmware\Loop\GitHub\e2e\node_modules\jasmine\node_modules\jasmine-core\lib\jasmine-core\jasmine.js:4297:26)
                    at QueueRunner.run (E:\vmware\Loop\GitHub\e2e\node_modules\jasmine\node_modules\jasmine-core\lib\jasmine-core\jasmine.js:4217:20)
                    at QueueRunner.execute (E:\vmware\Loop\GitHub\e2e\node_modules\jasmine\node_modules\jasmine-core\lib\jasmine-core\jasmine.js:4199:10)
                    at Spec.queueRunnerFactory (E:\vmware\Loop\GitHub\e2e\node_modules\jasmine\node_modules\jasmine-core\lib\jasmine-core\jasmine.js:909:35)
                    at Spec.execute (E:\vmware\Loop\GitHub\e2e\node_modules\jasmine\node_modules\jasmine-core\lib\jasmine-core\jasmine.js:526:10)
                    at UserContext.fn (E:\vmware\Loop\GitHub\e2e\node_modules\jasmine\node_modules\jasmine-core\lib\jasmine-core\jasmine.js:5340:37)
                    at attempt (E:\vmware\Loop\GitHub\e2e\node_modules\jasmine\node_modules\jasmine-core\lib\jasmine-core\jasmine.js:4297:26)
                    at QueueRunner.run (E:\vmware\Loop\GitHub\e2e\node_modules\jasmine\node_modules\jasmine-core\lib\jasmine-core\jasmine.js:4217:20)
                    at runNext (E:\vmware\Loop\GitHub\e2e\node_modules\jasmine\node_modules\jasmine-core\lib\jasmine-core\jasmine.js:4257:20)
                From asynchronous test: 
                Error: 
                    at Jasmine2Reporter.jasmineStarted (E:\vmware\Loop\GitHub\e2e\node_modules\protractor-beautiful-reporter\index.js:4948:13)
                    at dispatch (E:\vmware\Loop\GitHub\e2e\node_modules\jasmine\node_modules\jasmine-core\lib\jasmine-core\jasmine.js:4366:28)
                    at ReportDispatcher.jasmineStarted (E:\vmware\Loop\GitHub\e2e\node_modules\jasmine\node_modules\jasmine-core\lib\jasmine-core\jasmine.js:4337:11)
                    at Env.execute (E:\vmware\Loop\GitHub\e2e\node_modules\jasmine\node_modules\jasmine-core\lib\jasmine-core\jasmine.js:975:16)
                    at Jasmine.execute (E:\vmware\Loop\GitHub\e2e\node_modules\jasmine\lib\jasmine.js:200:12)
                    at E:\vmware\Loop\GitHub\e2e\node_modules\protractor\built\frameworks\jasmine.js:132:15
                    at Function.promise (E:\vmware\Loop\GitHub\e2e\node_modules\q\q.js:682:9)
                    at E:\vmware\Loop\GitHub\e2e\node_modules\protractor\built\frameworks\jasmine.js:104:14
                    at _fulfilled (E:\vmware\Loop\GitHub\e2e\node_modules\q\q.js:834:54)
                From: Task: Run beforeEach in control flow
                    at UserContext.&lt;anonymous> (E:\vmware\Loop\GitHub\e2e\node_modules\jasminewd2\index.js:94:19)
                    at attempt (E:\vmware\Loop\GitHub\e2e\node_modules\jasmine\node_modules\jasmine-core\lib\jasmine-core\jasmine.js:4297:26)
                    at QueueRunner.run (E:\vmware\Loop\GitHub\e2e\node_modules\jasmine\node_modules\jasmine-core\lib\jasmine-core\jasmine.js:4217:20)
                    at QueueRunner.execute (E:\vmware\Loop\GitHub\e2e\node_modules\jasmine\node_modules\jasmine-core\lib\jasmine-core\jasmine.js:4199:10)
                    at Spec.queueRunnerFactory (E:\vmware\Loop\GitHub\e2e\node_modules\jasmine\node_modules\jasmine-core\lib\jasmine-core\jasmine.js:909:35)
                    at Spec.execute (E:\vmware\Loop\GitHub\e2e\node_modules\jasmine\node_modules\jasmine-core\lib\jasmine-core\jasmine.js:526:10)
                    at UserContext.fn (E:\vmware\Loop\GitHub\e2e\node_modules\jasmine\node_modules\jasmine-core\lib\jasmine-core\jasmine.js:5340:37)
                    at attempt (E:\vmware\Loop\GitHub\e2e\node_modules\jasmine\node_modules\jasmine-core\lib\jasmine-core\jasmine.js:4297:26)
                    at QueueRunner.run (E:\vmware\Loop\GitHub\e2e\node_modules\jasmine\node_modules\jasmine-core\lib\jasmine-core\jasmine.js:4217:20)
                    at runNext (E:\vmware\Loop\GitHub\e2e\node_modules\jasmine\node_modules\jasmine-core\lib\jasmine-core\jasmine.js:4257:20)
                From asynchronous test: 
                Error: 
                    at Jasmine2Reporter.jasmineStarted (E:\vmware\Loop\GitHub\e2e\node_modules\protractor-beautiful-reporter\index.js:4948:13)
                    at dispatch (E:\vmware\Loop\GitHub\e2e\node_modules\jasmine\node_modules\jasmine-core\lib\jasmine-core\jasmine.js:4366:28)
                    at ReportDispatcher.jasmineStarted (E:\vmware\Loop\GitHub\e2e\node_modules\jasmine\node_modules\jasmine-core\lib\jasmine-core\jasmine.js:4337:11)
                    at Env.execute (E:\vmware\Loop\GitHub\e2e\node_modules\jasmine\node_modules\jasmine-core\lib\jasmine-core\jasmine.js:975:16)
                    at Jasmine.execute (E:\vmware\Loop\GitHub\e2e\node_modules\jasmine\lib\jasmine.js:200:12)
                    at E:\vmware\Loop\GitHub\e2e\node_modules\protractor\built\frameworks\jasmine.js:132:15
                    at Function.promise (E:\vmware\Loop\GitHub\e2e\node_modules\q\q.js:682:9)
                    at E:\vmware\Loop\GitHub\e2e\node_modules\protractor\built\frameworks\jasmine.js:104:14
                    at _fulfilled (E:\vmware\Loop\GitHub\e2e\node_modules\q\q.js:834:54)
                From: Task: Run beforeEach in control flow
                    at UserContext.&lt;anonymous> (E:\vmware\Loop\GitHub\e2e\node_modules\jasminewd2\index.js:94:19)
                    at attempt (E:\vmware\Loop\GitHub\e2e\node_modules\jasmine\node_modules\jasmine-core\lib\jasmine-core\jasmine.js:4297:26)
                    at QueueRunner.run (E:\vmware\Loop\GitHub\e2e\node_modules\jasmine\node_modules\jasmine-core\lib\jasmine-core\jasmine.js:4217:20)
                    at QueueRunner.execute (E:\vmware\Loop\GitHub\e2e\node_modules\jasmine\node_modules\jasmine-core\lib\jasmine-core\jasmine.js:4199:10)
                    at Spec.queueRunnerFactory (E:\vmware\Loop\GitHub\e2e\node_modules\jasmine\node_modules\jasmine-core\lib\jasmine-core\jasmine.js:909:35)
                    at Spec.execute (E:\vmware\Loop\GitHub\e2e\node_modules\jasmine\node_modules\jasmine-core\lib\jasmine-core\jasmine.js:526:10)
                    at UserContext.fn (E:\vmware\Loop\GitHub\e2e\node_modules\jasmine\node_modules\jasmine-core\lib\jasmine-core\jasmine.js:5340:37)
                    at attempt (E:\vmware\Loop\GitHub\e2e\node_modules\jasmine\node_modules\jasmine-core\lib\jasmine-core\jasmine.js:4297:26)
                    at QueueRunner.run (E:\vmware\Loop\GitHub\e2e\node_modules\jasmine\node_modules\jasmine-core\lib\jasmine-core\jasmine.js:4217:20)
                    at runNext (E:\vmware\Loop\GitHub\e2e\node_modules\jasmine\node_modules\jasmine-core\lib\jasmine-core\jasmine.js:4257:20)
                From asynchronous test: 
                Error: 
                    at Jasmine2Reporter.jasmineStarted (E:\vmware\Loop\GitHub\e2e\node_modules\protractor-beautiful-reporter\index.js:4948:13)
                    at dispatch (E:\vmware\Loop\GitHub\e2e\node_modules\jasmine\node_modules\jasmine-core\lib\jasmine-core\jasmine.js:4366:28)
                    at ReportDispatcher.jasmineStarted (E:\vmware\Loop\GitHub\e2e\node_modules\jasmine\node_modules\jasmine-core\lib\jasmine-core\jasmine.js:4337:11)
                    at Env.execute (E:\vmware\Loop\GitHub\e2e\node_modules\jasmine\node_modules\jasmine-core\lib\jasmine-core\jasmine.js:975:16)
                    at Jasmine.execute (E:\vmware\Loop\GitHub\e2e\node_modules\jasmine\lib\jasmine.js:200:12)
                    at E:\vmware\Loop\GitHub\e2e\node_modules\protractor\built\frameworks\jasmine.js:132:15
                    at Function.promise (E:\vmware\Loop\GitHub\e2e\node_modules\q\q.js:682:9)
                    at E:\vmware\Loop\GitHub\e2e\node_modules\protractor\built\frameworks\jasmine.js:104:14
                    at _fulfilled (E:\vmware\Loop\GitHub\e2e\node_modules\q\q.js:834:54)
                From: Task: Run beforeEach in control flow
                    at UserContext.&lt;anonymous> (E:\vmware\Loop\GitHub\e2e\node_modules\jasminewd2\index.js:94:19)
                    at attempt (E:\vmware\Loop\GitHub\e2e\node_modules\jasmine\node_modules\jasmine-core\lib\jasmine-core\jasmine.js:4297:26)
                    at QueueRunner.run (E:\vmware\Loop\GitHub\e2e\node_modules\jasmine\node_modules\jasmine-core\lib\jasmine-core\jasmine.js:4217:20)
                    at QueueRunner.execute (E:\vmware\Loop\GitHub\e2e\node_modules\jasmine\node_modules\jasmine-core\lib\jasmine-core\jasmine.js:4199:10)
                    at Spec.queueRunnerFactory (E:\vmware\Loop\GitHub\e2e\node_modules\jasmine\node_modules\jasmine-core\lib\jasmine-core\jasmine.js:909:35)
                    at Spec.execute (E:\vmware\Loop\GitHub\e2e\node_modules\jasmine\node_modules\jasmine-core\lib\jasmine-core\jasmine.js:526:10)
                    at UserContext.fn (E:\vmware\Loop\GitHub\e2e\node_modules\jasmine\node_modules\jasmine-core\lib\jasmine-core\jasmine.js:5340:37)
                    at attempt (E:\vmware\Loop\GitHub\e2e\node_modules\jasmine\node_modules\jasmine-core\lib\jasmine-core\jasmine.js:4297:26)
                    at QueueRunner.run (E:\vmware\Loop\GitHub\e2e\node_modules\jasmine\node_modules\jasmine-core\lib\jasmine-core\jasmine.js:4217:20)
                    at runNext (E:\vmware\Loop\GitHub\e2e\node_modules\jasmine\node_modules\jasmine-core\lib\jasmine-core\jasmine.js:4257:20)
                From asynchronous test: 
                Error: 
                    at Jasmine2Reporter.jasmineStarted (E:\vmware\Loop\GitHub\e2e\node_modules\protractor-beautiful-reporter\index.js:4948:13)
                    at dispatch (E:\vmware\Loop\GitHub\e2e\node_modules\jasmine\node_modules\jasmine-core\lib\jasmine-core\jasmine.js:4366:28)
                    at ReportDispatcher.jasmineStarted (E:\vmware\Loop\GitHub\e2e\node_modules\jasmine\node_modules\jasmine-core\lib\jasmine-core\jasmine.js:4337:11)
                    at Env.execute (E:\vmware\Loop\GitHub\e2e\node_modules\jasmine\node_modules\jasmine-core\lib\jasmine-core\jasmine.js:975:16)
                    at Jasmine.execute (E:\vmware\Loop\GitHub\e2e\node_modules\jasmine\lib\jasmine.js:200:12)
                    at E:\vmware\Loop\GitHub\e2e\node_modules\protractor\built\frameworks\jasmine.js:132:15
                    at Function.promise (E:\vmware\Loop\GitHub\e2e\node_modules\q\q.js:682:9)
                    at E:\vmware\Loop\GitHub\e2e\node_modules\protractor\built\frameworks\jasmine.js:104:14
                    at _fulfilled (E:\vmware\Loop\GitHub\e2e\node_modules\q\q.js:834:54)
                From: Task: Run beforeEach in control flow
                    at UserContext.&lt;anonymous> (E:\vmware\Loop\GitHub\e2e\node_modules\jasminewd2\index.js:94:19)
                    at attempt (E:\vmware\Loop\GitHub\e2e\node_modules\jasmine\node_modules\jasmine-core\lib\jasmine-core\jasmine.js:4297:26)
                    at QueueRunner.run (E:\vmware\Loop\GitHub\e2e\node_modules\jasmine\node_modules\jasmine-core\lib\jasmine-core\jasmine.js:4217:20)
                    at QueueRunner.execute (E:\vmware\Loop\GitHub\e2e\node_modules\jasmine\node_modules\jasmine-core\lib\jasmine-core\jasmine.js:4199:10)
                    at Spec.queueRunnerFactory (E:\vmware\Loop\GitHub\e2e\node_modules\jasmine\node_modules\jasmine-core\lib\jasmine-core\jasmine.js:909:35)
                    at Spec.execute (E:\vmware\Loop\GitHub\e2e\node_modules\jasmine\node_modules\jasmine-core\lib\jasmine-core\jasmine.js:526:10)
                    at UserContext.fn (E:\vmware\Loop\GitHub\e2e\node_modules\jasmine\node_modules\jasmine-core\lib\jasmine-core\jasmine.js:5340:37)
                    at attempt (E:\vmware\Loop\GitHub\e2e\node_modules\jasmine\node_modules\jasmine-core\lib\jasmine-core\jasmine.js:4297:26)
                    at QueueRunner.run (E:\vmware\Loop\GitHub\e2e\node_modules\jasmine\node_modules\jasmine-core\lib\jasmine-core\jasmine.js:4217:20)
                    at runNext (E:\vmware\Loop\GitHub\e2e\node_modules\jasmine\node_modules\jasmine-core\lib\jasmine-core\jasmine.js:4257:20)
                From asynchronous test: 
                Error: 
                    at Jasmine2Reporter.jasmineStarted (E:\vmware\Loop\GitHub\e2e\node_modules\protractor-beautiful-reporter\index.js:4948:13)
                    at dispatch (E:\vmware\Loop\GitHub\e2e\node_modules\jasmine\node_modules\jasmine-core\lib\jasmine-core\jasmine.js:4366:28)
                    at ReportDispatcher.jasmineStarted (E:\vmware\Loop\GitHub\e2e\node_modules\jasmine\node_modules\jasmine-core\lib\jasmine-core\jasmine.js:4337:11)
                    at Env.execute (E:\vmware\Loop\GitHub\e2e\node_modules\jasmine\node_modules\jasmine-core\lib\jasmine-core\jasmine.js:975:16)
                    at Jasmine.execute (E:\vmware\Loop\GitHub\e2e\node_modules\jasmine\lib\jasmine.js:200:12)
                    at E:\vmware\Loop\GitHub\e2e\node_modules\protractor\built\frameworks\jasmine.js:132:15
                    at Function.promise (E:\vmware\Loop\GitHub\e2e\node_modules\q\q.js:682:9)
                    at E:\vmware\Loop\GitHub\e2e\node_modules\protractor\built\frameworks\jasmine.js:104:14
                    at _fulfilled (E:\vmware\Loop\GitHub\e2e\node_modules\q\q.js:834:54)
                From: Task: Run beforeEach in control flow
                    at UserContext.&lt;anonymous> (E:\vmware\Loop\GitHub\e2e\node_modules\jasminewd2\index.js:94:19)
                    at attempt (E:\vmware\Loop\GitHub\e2e\node_modules\jasmine\node_modules\jasmine-core\lib\jasmine-core\jasmine.js:4297:26)
                    at QueueRunner.run (E:\vmware\Loop\GitHub\e2e\node_modules\jasmine\node_modules\jasmine-core\lib\jasmine-core\jasmine.js:4217:20)
                    at QueueRunner.execute (E:\vmware\Loop\GitHub\e2e\node_modules\jasmine\node_modules\jasmine-core\lib\jasmine-core\jasmine.js:4199:10)
                    at Spec.queueRunnerFactory (E:\vmware\Loop\GitHub\e2e\node_modules\jasmine\node_modules\jasmine-core\lib\jasmine-core\jasmine.js:909:35)
                    at Spec.execute (E:\vmware\Loop\GitHub\e2e\node_modules\jasmine\node_modules\jasmine-core\lib\jasmine-core\jasmine.js:526:10)
                    at UserContext.fn (E:\vmware\Loop\GitHub\e2e\node_modules\jasmine\node_modules\jasmine-core\lib\jasmine-core\jasmine.js:5340:37)
                    at attempt (E:\vmware\Loop\GitHub\e2e\node_modules\jasmine\node_modules\jasmine-core\lib\jasmine-core\jasmine.js:4297:26)
                    at QueueRunner.run (E:\vmware\Loop\GitHub\e2e\node_modules\jasmine\node_modules\jasmine-core\lib\jasmine-core\jasmine.js:4217:20)
                    at runNext (E:\vmware\Loop\GitHub\e2e\node_modules\jasmine\node_modules\jasmine-core\lib\jasmine-core\jasmine.js:4257:20)
                From asynchronous test: 
                Error: 
                    at Jasmine2Reporter.jasmineStarted (E:\vmware\Loop\GitHub\e2e\node_modules\protractor-beautiful-reporter\index.js:4948:13)
                    at dispatch (E:\vmware\Loop\GitHub\e2e\node_modules\jasmine\node_modules\jasmine-core\lib\jasmine-core\jasmine.js:4366:28)
                    at ReportDispatcher.jasmineStarted (E:\vmware\Loop\GitHub\e2e\node_modules\jasmine\node_modules\jasmine-core\lib\jasmine-core\jasmine.js:4337:11)
                    at Env.execute (E:\vmware\Loop\GitHub\e2e\node_modules\jasmine\node_modules\jasmine-core\lib\jasmine-core\jasmine.js:975:16)
                    at Jasmine.execute (E:\vmware\Loop\GitHub\e2e\node_modules\jasmine\lib\jasmine.js:200:12)
                    at E:\vmware\Loop\GitHub\e2e\node_modules\protractor\built\frameworks\jasmine.js:132:15
                    at Function.promise (E:\vmware\Loop\GitHub\e2e\node_modules\q\q.js:682:9)
                    at E:\vmware\Loop\GitHub\e2e\node_modules\protractor\built\frameworks\jasmine.js:104:14
                    at _fulfilled (E:\vmware\Loop\GitHub\e2e\node_modules\q\q.js:834:54)
                From: Task: Run beforeEach in control flow
                    at UserContext.&lt;anonymous> (E:\vmware\Loop\GitHub\e2e\node_modules\jasminewd2\index.js:94:19)
                    at attempt (E:\vmware\Loop\GitHub\e2e\node_modules\jasmine\node_modules\jasmine-core\lib\jasmine-core\jasmine.js:4297:26)
                    at QueueRunner.run (E:\vmware\Loop\GitHub\e2e\node_modules\jasmine\node_modules\jasmine-core\lib\jasmine-core\jasmine.js:4217:20)
                    at QueueRunner.execute (E:\vmware\Loop\GitHub\e2e\node_modules\jasmine\node_modules\jasmine-core\lib\jasmine-core\jasmine.js:4199:10)
                    at Spec.queueRunnerFactory (E:\vmware\Loop\GitHub\e2e\node_modules\jasmine\node_modules\jasmine-core\lib\jasmine-core\jasmine.js:909:35)
                    at Spec.execute (E:\vmware\Loop\GitHub\e2e\node_modules\jasmine\node_modules\jasmine-core\lib\jasmine-core\jasmine.js:526:10)
                    at UserContext.fn (E:\vmware\Loop\GitHub\e2e\node_modules\jasmine\node_modules\jasmine-core\lib\jasmine-core\jasmine.js:5340:37)
                    at attempt (E:\vmware\Loop\GitHub\e2e\node_modules\jasmine\node_modules\jasmine-core\lib\jasmine-core\jasmine.js:4297:26)
                    at QueueRunner.run (E:\vmware\Loop\GitHub\e2e\node_modules\jasmine\node_modules\jasmine-core\lib\jasmine-core\jasmine.js:4217:20)
                    at runNext (E:\vmware\Loop\GitHub\e2e\node_modules\jasmine\node_modules\jasmine-core\lib\jasmine-core\jasmine.js:4257:20)
                From asynchronous test: 
                Error: 
                    at Jasmine2Reporter.jasmineStarted (E:\vmware\Loop\GitHub\e2e\node_modules\protractor-beautiful-reporter\index.js:4948:13)
                    at dispatch (E:\vmware\Loop\GitHub\e2e\node_modules\jasmine\node_modules\jasmine-core\lib\jasmine-core\jasmine.js:4366:28)
                    at ReportDispatcher.jasmineStarted (E:\vmware\Loop\GitHub\e2e\node_modules\jasmine\node_modules\jasmine-core\lib\jasmine-core\jasmine.js:4337:11)
                    at Env.execute (E:\vmware\Loop\GitHub\e2e\node_modules\jasmine\node_modules\jasmine-core\lib\jasmine-core\jasmine.js:975:16)
                    at Jasmine.execute (E:\vmware\Loop\GitHub\e2e\node_modules\jasmine\lib\jasmine.js:200:12)
                    at E:\vmware\Loop\GitHub\e2e\node_modules\protractor\built\frameworks\jasmine.js:132:15
                    at Function.promise (E:\vmware\Loop\GitHub\e2e\node_modules\q\q.js:682:9)
                    at E:\vmware\Loop\GitHub\e2e\node_modules\protractor\built\frameworks\jasmine.js:104:14
                    at _fulfilled (E:\vmware\Loop\GitHub\e2e\node_modules\q\q.js:834:54)
                From: Task: Run beforeEach in control flow
                    at UserContext.&lt;anonymous> (E:\vmware\Loop\GitHub\e2e\node_modules\jasminewd2\index.js:94:19)
                    at attempt (E:\vmware\Loop\GitHub\e2e\node_modules\jasmine\node_modules\jasmine-core\lib\jasmine-core\jasmine.js:4297:26)
                    at QueueRunner.run (E:\vmware\Loop\GitHub\e2e\node_modules\jasmine\node_modules\jasmine-core\lib\jasmine-core\jasmine.js:4217:20)
                    at QueueRunner.execute (E:\vmware\Loop\GitHub\e2e\node_modules\jasmine\node_modules\jasmine-core\lib\jasmine-core\jasmine.js:4199:10)
                    at Spec.queueRunnerFactory (E:\vmware\Loop\GitHub\e2e\node_modules\jasmine\node_modules\jasmine-core\lib\jasmine-core\jasmine.js:909:35)
                    at Spec.execute (E:\vmware\Loop\GitHub\e2e\node_modules\jasmine\node_modules\jasmine-core\lib\jasmine-core\jasmine.js:526:10)
                    at UserContext.fn (E:\vmware\Loop\GitHub\e2e\node_modules\jasmine\node_modules\jasmine-core\lib\jasmine-core\jasmine.js:5340:37)
                    at attempt (E:\vmware\Loop\GitHub\e2e\node_modules\jasmine\node_modules\jasmine-core\lib\jasmine-core\jasmine.js:4297:26)
                    at QueueRunner.run (E:\vmware\Loop\GitHub\e2e\node_modules\jasmine\node_modules\jasmine-core\lib\jasmine-core\jasmine.js:4217:20)
                    at runNext (E:\vmware\Loop\GitHub\e2e\node_modules\jasmine\node_modules\jasmine-core\lib\jasmine-core\jasmine.js:4257:20)
                From asynchronous test: 
                Error: 
                    at Jasmine2Reporter.jasmineStarted (E:\vmware\Loop\GitHub\e2e\node_modules\protractor-beautiful-reporter\index.js:4948:13)
                    at dispatch (E:\vmware\Loop\GitHub\e2e\node_modules\jasmine\node_modules\jasmine-core\lib\jasmine-core\jasmine.js:4366:28)
                    at ReportDispatcher.jasmineStarted (E:\vmware\Loop\GitHub\e2e\node_modules\jasmine\node_modules\jasmine-core\lib\jasmine-core\jasmine.js:4337:11)
                    at Env.execute (E:\vmware\Loop\GitHub\e2e\node_modules\jasmine\node_modules\jasmine-core\lib\jasmine-core\jasmine.js:975:16)
                    at Jasmine.execute (E:\vmware\Loop\GitHub\e2e\node_modules\jasmine\lib\jasmine.js:200:12)
                    at E:\vmware\Loop\GitHub\e2e\node_modules\protractor\built\frameworks\jasmine.js:132:15
                    at Function.promise (E:\vmware\Loop\GitHub\e2e\node_modules\q\q.js:682:9)
                    at E:\vmware\Loop\GitHub\e2e\node_modules\protractor\built\frameworks\jasmine.js:104:14
                    at _fulfilled (E:\vmware\Loop\GitHub\e2e\node_modules\q\q.js:834:54)
                From: Task: Run beforeEach in control flow
                    at UserContext.&lt;anonymous> (E:\vmware\Loop\GitHub\e2e\node_modules\jasminewd2\index.js:94:19)
                    at attempt (E:\vmware\Loop\GitHub\e2e\node_modules\jasmine\node_modules\jasmine-core\lib\jasmine-core\jasmine.js:4297:26)
                    at QueueRunner.run (E:\vmware\Loop\GitHub\e2e\node_modules\jasmine\node_modules\jasmine-core\lib\jasmine-core\jasmine.js:4217:20)
                    at QueueRunner.execute (E:\vmware\Loop\GitHub\e2e\node_modules\jasmine\node_modules\jasmine-core\lib\jasmine-core\jasmine.js:4199:10)
                    at Spec.queueRunnerFactory (E:\vmware\Loop\GitHub\e2e\node_modules\jasmine\node_modules\jasmine-core\lib\jasmine-core\jasmine.js:909:35)
                    at Spec.execute (E:\vmware\Loop\GitHub\e2e\node_modules\jasmine\node_modules\jasmine-core\lib\jasmine-core\jasmine.js:526:10)
                    at UserContext.fn (E:\vmware\Loop\GitHub\e2e\node_modules\jasmine\node_modules\jasmine-core\lib\jasmine-core\jasmine.js:5340:37)
                    at attempt (E:\vmware\Loop\GitHub\e2e\node_modules\jasmine\node_modules\jasmine-core\lib\jasmine-core\jasmine.js:4297:26)
                    at QueueRunner.run (E:\vmware\Loop\GitHub\e2e\node_modules\jasmine\node_modules\jasmine-core\lib\jasmine-core\jasmine.js:4217:20)
                    at QueueRunner.execute (E:\vmware\Loop\GitHub\e2e\node_modules\jasmine\node_modules\jasmine-core\lib\jasmine-core\jasmine.js:4199:10)
                From asynchronous test: 
                Error: 
                    at Jasmine2Reporter.jasmineStarted (E:\vmware\Loop\GitHub\e2e\node_modules\protractor-beautiful-reporter\index.js:4948:13)
                    at dispatch (E:\vmware\Loop\GitHub\e2e\node_modules\jasmine\node_modules\jasmine-core\lib\jasmine-core\jasmine.js:4366:28)
                    at ReportDispatcher.jasmineStarted (E:\vmware\Loop\GitHub\e2e\node_modules\jasmine\node_modules\jasmine-core\lib\jasmine-core\jasmine.js:4337:11)
                    at Env.execute (E:\vmware\Loop\GitHub\e2e\node_modules\jasmine\node_modules\jasmine-core\lib\jasmine-core\jasmine.js:975:16)
                    at Jasmine.execute (E:\vmware\Loop\GitHub\e2e\node_modules\jasmine\lib\jasmine.js:200:12)
                    at E:\vmware\Loop\GitHub\e2e\node_modules\protractor\built\frameworks\jasmine.js:132:15
                    at Function.promise (E:\vmware\Loop\GitHub\e2e\node_modules\q\q.js:682:9)
                    at E:\vmware\Loop\GitHub\e2e\node_modules\protractor\built\frameworks\jasmine.js:104:14
                    at _fulfilled (E:\vmware\Loop\GitHub\e2e\node_modules\q\q.js:834:54)
                From: Task: Run beforeEach in control flow
                    at UserContext.&lt;anonymous> (E:\vmware\Loop\GitHub\e2e\node_modules\jasminewd2\index.js:94:19)
                    at attempt (E:\vmware\Loop\GitHub\e2e\node_modules\jasmine\node_modules\jasmine-core\lib\jasmine-core\jasmine.js:4297:26)
                    at QueueRunner.run (E:\vmware\Loop\GitHub\e2e\node_modules\jasmine\node_modules\jasmine-core\lib\jasmine-core\jasmine.js:4217:20)
                    at QueueRunner.execute (E:\vmware\Loop\GitHub\e2e\node_modules\jasmine\node_modules\jasmine-core\lib\jasmine-core\jasmine.js:4199:10)
                    at Spec.queueRunnerFactory (E:\vmware\Loop\GitHub\e2e\node_modules\jasmine\node_modules\jasmine-core\lib\jasmine-core\jasmine.js:909:35)
                    at Spec.execute (E:\vmware\Loop\GitHub\e2e\node_modules\jasmine\node_modules\jasmine-core\lib\jasmine-core\jasmine.js:526:10)
                    at UserContext.fn (E:\vmware\Loop\GitHub\e2e\node_modules\jasmine\node_modules\jasmine-core\lib\jasmine-core\jasmine.js:5340:37)
                    at attempt (E:\vmware\Loop\GitHub\e2e\node_modules\jasmine\node_modules\jasmine-core\lib\jasmine-core\jasmine.js:4297:26)
                    at QueueRunner.run (E:\vmware\Loop\GitHub\e2e\node_modules\jasmine\node_modules\jasmine-core\lib\jasmine-core\jasmine.js:4217:20)
                    at runNext (E:\vmware\Loop\GitHub\e2e\node_modules\jasmine\node_modules\jasmine-core\lib\jasmine-core\jasmine.js:4257:20)
                From asynchronous test: 
                Error: 
                    at Jasmine2Reporter.jasmineStarted (E:\vmware\Loop\GitHub\e2e\node_modules\protractor-beautiful-reporter\index.js:4948:13)
                    at dispatch (E:\vmware\Loop\GitHub\e2e\node_modules\jasmine\node_modules\jasmine-core\lib\jasmine-core\jasmine.js:4366:28)
                    at ReportDispatcher.jasmineStarted (E:\vmware\Loop\GitHub\e2e\node_modules\jasmine\node_modules\jasmine-core\lib\jasmine-core\jasmine.js:4337:11)
                    at Env.execute (E:\vmware\Loop\GitHub\e2e\node_modules\jasmine\node_modules\jasmine-core\lib\jasmine-core\jasmine.js:975:16)
                    at Jasmine.execute (E:\vmware\Loop\GitHub\e2e\node_modules\jasmine\lib\jasmine.js:200:12)
                    at E:\vmware\Loop\GitHub\e2e\node_modules\protractor\built\frameworks\jasmine.js:132:15
                    at Function.promise (E:\vmware\Loop\GitHub\e2e\node_modules\q\q.js:682:9)
                    at E:\vmware\Loop\GitHub\e2e\node_modules\protractor\built\frameworks\jasmine.js:104:14
                    at _fulfilled (E:\vmware\Loop\GitHub\e2e\node_modules\q\q.js:834:54)
                From: Task: Run beforeEach in control flow
                    at UserContext.&lt;anonymous> (E:\vmware\Loop\GitHub\e2e\node_modules\jasminewd2\index.js:94:19)
                    at attempt (E:\vmware\Loop\GitHub\e2e\node_modules\jasmine\node_modules\jasmine-core\lib\jasmine-core\jasmine.js:4297:26)
                    at QueueRunner.run (E:\vmware\Loop\GitHub\e2e\node_modules\jasmine\node_modules\jasmine-core\lib\jasmine-core\jasmine.js:4217:20)
                    at QueueRunner.execute (E:\vmware\Loop\GitHub\e2e\node_modules\jasmine\node_modules\jasmine-core\lib\jasmine-core\jasmine.js:4199:10)
                    at Spec.queueRunnerFactory (E:\vmware\Loop\GitHub\e2e\node_modules\jasmine\node_modules\jasmine-core\lib\jasmine-core\jasmine.js:909:35)
                    at Spec.execute (E:\vmware\Loop\GitHub\e2e\node_modules\jasmine\node_modules\jasmine-core\lib\jasmine-core\jasmine.js:526:10)
                    at UserContext.fn (E:\vmware\Loop\GitHub\e2e\node_modules\jasmine\node_modules\jasmine-core\lib\jasmine-core\jasmine.js:5340:37)
                    at attempt (E:\vmware\Loop\GitHub\e2e\node_modules\jasmine\node_modules\jasmine-core\lib\jasmine-core\jasmine.js:4297:26)
                    at QueueRunner.run (E:\vmware\Loop\GitHub\e2e\node_modules\jasmine\node_modules\jasmine-core\lib\jasmine-core\jasmine.js:4217:20)
                    at runNext (E:\vmware\Loop\GitHub\e2e\node_modules\jasmine\node_modules\jasmine-core\lib\jasmine-core\jasmine.js:4257:20)
                From asynchronous test: 
                Error: 
                    at Jasmine2Reporter.jasmineStarted (E:\vmware\Loop\GitHub\e2e\node_modules\protractor-beautiful-reporter\index.js:4948:13)
                    at dispatch (E:\vmware\Loop\GitHub\e2e\node_modules\jasmine\node_modules\jasmine-core\lib\jasmine-core\jasmine.js:4366:28)
                    at ReportDispatcher.jasmineStarted (E:\vmware\Loop\GitHub\e2e\node_modules\jasmine\node_modules\jasmine-core\lib\jasmine-core\jasmine.js:4337:11)
                    at Env.execute (E:\vmware\Loop\GitHub\e2e\node_modules\jasmine\node_modules\jasmine-core\lib\jasmine-core\jasmine.js:975:16)
                    at Jasmine.execute (E:\vmware\Loop\GitHub\e2e\node_modules\jasmine\lib\jasmine.js:200:12)
                    at E:\vmware\Loop\GitHub\e2e\node_modules\protractor\built\frameworks\jasmine.js:132:15
                    at Function.promise (E:\vmware\Loop\GitHub\e2e\node_modules\q\q.js:682:9)
                    at E:\vmware\Loop\GitHub\e2e\node_modules\protractor\built\frameworks\jasmine.js:104:14
                    at _fulfilled (E:\vmware\Loop\GitHub\e2e\node_modules\q\q.js:834:54)
                From: Task: Run beforeEach in control flow
                    at UserContext.&lt;anonymous> (E:\vmware\Loop\GitHub\e2e\node_modules\jasminewd2\index.js:94:19)
                    at attempt (E:\vmware\Loop\GitHub\e2e\node_modules\jasmine\node_modules\jasmine-core\lib\jasmine-core\jasmine.js:4297:26)
                    at QueueRunner.run (E:\vmware\Loop\GitHub\e2e\node_modules\jasmine\node_modules\jasmine-core\lib\jasmine-core\jasmine.js:4217:20)
                    at QueueRunner.execute (E:\vmware\Loop\GitHub\e2e\node_modules\jasmine\node_modules\jasmine-core\lib\jasmine-core\jasmine.js:4199:10)
                    at Spec.queueRunnerFactory (E:\vmware\Loop\GitHub\e2e\node_modules\jasmine\node_modules\jasmine-core\lib\jasmine-core\jasmine.js:909:35)
                    at Spec.execute (E:\vmware\Loop\GitHub\e2e\node_modules\jasmine\node_modules\jasmine-core\lib\jasmine-core\jasmine.js:526:10)
                    at UserContext.fn (E:\vmware\Loop\GitHub\e2e\node_modules\jasmine\node_modules\jasmine-core\lib\jasmine-core\jasmine.js:5340:37)
                    at attempt (E:\vmware\Loop\GitHub\e2e\node_modules\jasmine\node_modules\jasmine-core\lib\jasmine-core\jasmine.js:4297:26)
                    at QueueRunner.run (E:\vmware\Loop\GitHub\e2e\node_modules\jasmine\node_modules\jasmine-core\lib\jasmine-core\jasmine.js:4217:20)
                    at QueueRunner.execute (E:\vmware\Loop\GitHub\e2e\node_modules\jasmine\node_modules\jasmine-core\lib\jasmine-core\jasmine.js:4199:10)
                From asynchronous test: 
                Error: 
                    at Jasmine2Reporter.jasmineStarted (E:\vmware\Loop\GitHub\e2e\node_modules\protractor-beautiful-reporter\index.js:4948:13)
                    at dispatch (E:\vmware\Loop\GitHub\e2e\node_modules\jasmine\node_modules\jasmine-core\lib\jasmine-core\jasmine.js:4366:28)
                    at ReportDispatcher.jasmineStarted (E:\vmware\Loop\GitHub\e2e\node_modules\jasmine\node_modules\jasmine-core\lib\jasmine-core\jasmine.js:4337:11)
                    at Env.execute (E:\vmware\Loop\GitHub\e2e\node_modules\jasmine\node_modules\jasmine-core\lib\jasmine-core\jasmine.js:975:16)
                    at Jasmine.execute (E:\vmware\Loop\GitHub\e2e\node_modules\jasmine\lib\jasmine.js:200:12)
                    at E:\vmware\Loop\GitHub\e2e\node_modules\protractor\built\frameworks\jasmine.js:132:15
                    at Function.promise (E:\vmware\Loop\GitHub\e2e\node_modules\q\q.js:682:9)
                    at E:\vmware\Loop\GitHub\e2e\node_modules\protractor\built\frameworks\jasmine.js:104:14
                    at _fulfilled (E:\vmware\Loop\GitHub\e2e\node_modules\q\q.js:834:54)
                From: Task: Run beforeEach in control flow
                    at UserContext.&lt;anonymous> (E:\vmware\Loop\GitHub\e2e\node_modules\jasminewd2\index.js:94:19)
                    at attempt (E:\vmware\Loop\GitHub\e2e\node_modules\jasmine\node_modules\jasmine-core\lib\jasmine-core\jasmine.js:4297:26)
                    at QueueRunner.run (E:\vmware\Loop\GitHub\e2e\node_modules\jasmine\node_modules\jasmine-core\lib\jasmine-core\jasmine.js:4217:20)
                    at QueueRunner.execute (E:\vmware\Loop\GitHub\e2e\node_modules\jasmine\node_modules\jasmine-core\lib\jasmine-core\jasmine.js:4199:10)
                    at Spec.queueRunnerFactory (E:\vmware\Loop\GitHub\e2e\node_modules\jasmine\node_modules\jasmine-core\lib\jasmine-core\jasmine.js:909:35)
                    at Spec.execute (E:\vmware\Loop\GitHub\e2e\node_modules\jasmine\node_modules\jasmine-core\lib\jasmine-core\jasmine.js:526:10)
                    at UserContext.fn (E:\vmware\Loop\GitHub\e2e\node_modules\jasmine\node_modules\jasmine-core\lib\jasmine-core\jasmine.js:5340:37)
                    at attempt (E:\vmware\Loop\GitHub\e2e\node_modules\jasmine\node_modules\jasmine-core\lib\jasmine-core\jasmine.js:4297:26)
                    at QueueRunner.run (E:\vmware\Loop\GitHub\e2e\node_modules\jasmine\node_modules\jasmine-core\lib\jasmine-core\jasmine.js:4217:20)
                    at runNext (E:\vmware\Loop\GitHub\e2e\node_modules\jasmine\node_modules\jasmine-core\lib\jasmine-core\jasmine.js:4257:20)
                From asynchronous test: 
                Error: 
                    at Jasmine2Reporter.jasmineStarted (E:\vmware\Loop\GitHub\e2e\node_modules\protractor-beautiful-reporter\index.js:4948:13)
                    at dispatch (E:\vmware\Loop\GitHub\e2e\node_modules\jasmine\node_modules\jasmine-core\lib\jasmine-core\jasmine.js:4366:28)
                    at ReportDispatcher.jasmineStarted (E:\vmware\Loop\GitHub\e2e\node_modules\jasmine\node_modules\jasmine-core\lib\jasmine-core\jasmine.js:4337:11)
                    at Env.execute (E:\vmware\Loop\GitHub\e2e\node_modules\jasmine\node_modules\jasmine-core\lib\jasmine-core\jasmine.js:975:16)
                    at Jasmine.execute (E:\vmware\Loop\GitHub\e2e\node_modules\jasmine\lib\jasmine.js:200:12)
                    at E:\vmware\Loop\GitHub\e2e\node_modules\protractor\built\frameworks\jasmine.js:132:15
                    at Function.promise (E:\vmware\Loop\GitHub\e2e\node_modules\q\q.js:682:9)
                    at E:\vmware\Loop\GitHub\e2e\node_modules\protractor\built\frameworks\jasmine.js:104:14
                    at _fulfilled (E:\vmware\Loop\GitHub\e2e\node_modules\q\q.js:834:54)
                From: Task: Run beforeEach in control flow
                    at UserContext.&lt;anonymous> (E:\vmware\Loop\GitHub\e2e\node_modules\jasminewd2\index.js:94:19)
                    at attempt (E:\vmware\Loop\GitHub\e2e\node_modules\jasmine\node_modules\jasmine-core\lib\jasmine-core\jasmine.js:4297:26)
                    at QueueRunner.run (E:\vmware\Loop\GitHub\e2e\node_modules\jasmine\node_modules\jasmine-core\lib\jasmine-core\jasmine.js:4217:20)
                    at QueueRunner.execute (E:\vmware\Loop\GitHub\e2e\node_modules\jasmine\node_modules\jasmine-core\lib\jasmine-core\jasmine.js:4199:10)
                    at Spec.queueRunnerFactory (E:\vmware\Loop\GitHub\e2e\node_modules\jasmine\node_modules\jasmine-core\lib\jasmine-core\jasmine.js:909:35)
                    at Spec.execute (E:\vmware\Loop\GitHub\e2e\node_modules\jasmine\node_modules\jasmine-core\lib\jasmine-core\jasmine.js:526:10)
                    at UserContext.fn (E:\vmware\Loop\GitHub\e2e\node_modules\jasmine\node_modules\jasmine-core\lib\jasmine-core\jasmine.js:5340:37)
                    at attempt (E:\vmware\Loop\GitHub\e2e\node_modules\jasmine\node_modules\jasmine-core\lib\jasmine-core\jasmine.js:4297:26)
                    at QueueRunner.run (E:\vmware\Loop\GitHub\e2e\node_modules\jasmine\node_modules\jasmine-core\lib\jasmine-core\jasmine.js:4217:20)
                    at QueueRunner.execute (E:\vmware\Loop\GitHub\e2e\node_modules\jasmine\node_modules\jasmine-core\lib\jasmine-core\jasmine.js:4199:10)
                From asynchronous test: 
                Error: 
                    at Jasmine2Reporter.jasmineStarted (E:\vmware\Loop\GitHub\e2e\node_modules\protractor-beautiful-reporter\index.js:4948:13)
                    at dispatch (E:\vmware\Loop\GitHub\e2e\node_modules\jasmine\node_modules\jasmine-core\lib\jasmine-core\jasmine.js:4366:28)
                    at ReportDispatcher.jasmineStarted (E:\vmware\Loop\GitHub\e2e\node_modules\jasmine\node_modules\jasmine-core\lib\jasmine-core\jasmine.js:4337:11)
                    at Env.execute (E:\vmware\Loop\GitHub\e2e\node_modules\jasmine\node_modules\jasmine-core\lib\jasmine-core\jasmine.js:975:16)
                    at Jasmine.execute (E:\vmware\Loop\GitHub\e2e\node_modules\jasmine\lib\jasmine.js:200:12)
                    at E:\vmware\Loop\GitHub\e2e\node_modules\protractor\built\frameworks\jasmine.js:132:15
                    at Function.promise (E:\vmware\Loop\GitHub\e2e\node_modules\q\q.js:682:9)
                    at E:\vmware\Loop\GitHub\e2e\node_modules\protractor\built\frameworks\jasmine.js:104:14
                    at _fulfilled (E:\vmware\Loop\GitHub\e2e\node_modules\q\q.js:834:54)
                From: Task: Run beforeEach in control flow
                    at UserContext.&lt;anonymous> (E:\vmware\Loop\GitHub\e2e\node_modules\jasminewd2\index.js:94:19)
                    at attempt (E:\vmware\Loop\GitHub\e2e\node_modules\jasmine\node_modules\jasmine-core\lib\jasmine-core\jasmine.js:4297:26)
                    at QueueRunner.run (E:\vmware\Loop\GitHub\e2e\node_modules\jasmine\node_modules\jasmine-core\lib\jasmine-core\jasmine.js:4217:20)
                    at QueueRunner.execute (E:\vmware\Loop\GitHub\e2e\node_modules\jasmine\node_modules\jasmine-core\lib\jasmine-core\jasmine.js:4199:10)
                    at Spec.queueRunnerFactory (E:\vmware\Loop\GitHub\e2e\node_modules\jasmine\node_modules\jasmine-core\lib\jasmine-core\jasmine.js:909:35)
                    at Spec.execute (E:\vmware\Loop\GitHub\e2e\node_modules\jasmine\node_modules\jasmine-core\lib\jasmine-core\jasmine.js:526:10)
                    at UserContext.fn (E:\vmware\Loop\GitHub\e2e\node_modules\jasmine\node_modules\jasmine-core\lib\jasmine-core\jasmine.js:5340:37)
                    at attempt (E:\vmware\Loop\GitHub\e2e\node_modules\jasmine\node_modules\jasmine-core\lib\jasmine-core\jasmine.js:4297:26)
                    at QueueRunner.run (E:\vmware\Loop\GitHub\e2e\node_modules\jasmine\node_modules\jasmine-core\lib\jasmine-core\jasmine.js:4217:20)
                    at runNext (E:\vmware\Loop\GitHub\e2e\node_modules\jasmine\node_modules\jasmine-core\lib\jasmine-core\jasmine.js:4257:20)
                From asynchronous test: 
                Error: 
                    at Jasmine2Reporter.jasmineStarted (E:\vmware\Loop\GitHub\e2e\node_modules\protractor-beautiful-reporter\index.js:4948:13)
                    at dispatch (E:\vmware\Loop\GitHub\e2e\node_modules\jasmine\node_modules\jasmine-core\lib\jasmine-core\jasmine.js:4366:28)
                    at ReportDispatcher.jasmineStarted (E:\vmware\Loop\GitHub\e2e\node_modules\jasmine\node_modules\jasmine-core\lib\jasmine-core\jasmine.js:4337:11)
                    at Env.execute (E:\vmware\Loop\GitHub\e2e\node_modules\jasmine\node_modules\jasmine-core\lib\jasmine-core\jasmine.js:975:16)
                    at Jasmine.execute (E:\vmware\Loop\GitHub\e2e\node_modules\jasmine\lib\jasmine.js:200:12)
                    at E:\vmware\Loop\GitHub\e2e\node_modules\protractor\built\frameworks\jasmine.js:132:15
                    at Function.promise (E:\vmware\Loop\GitHub\e2e\node_modules\q\q.js:682:9)
                    at E:\vmware\Loop\GitHub\e2e\node_modules\protractor\built\frameworks\jasmine.js:104:14
                    at _fulfilled (E:\vmware\Loop\GitHub\e2e\node_modules\q\q.js:834:54)
                From: Task: Run beforeEach in control flow
                    at UserContext.&lt;anonymous> (E:\vmware\Loop\GitHub\e2e\node_modules\jasminewd2\index.js:94:19)
                    at attempt (E:\vmware\Loop\GitHub\e2e\node_modules\jasmine\node_modules\jasmine-core\lib\jasmine-core\jasmine.js:4297:26)
                    at QueueRunner.run (E:\vmware\Loop\GitHub\e2e\node_modules\jasmine\node_modules\jasmine-core\lib\jasmine-core\jasmine.js:4217:20)
                    at QueueRunner.execute (E:\vmware\Loop\GitHub\e2e\node_modules\jasmine\node_modules\jasmine-core\lib\jasmine-core\jasmine.js:4199:10)
                    at Spec.queueRunnerFactory (E:\vmware\Loop\GitHub\e2e\node_modules\jasmine\node_modules\jasmine-core\lib\jasmine-core\jasmine.js:909:35)
                    at Spec.execute (E:\vmware\Loop\GitHub\e2e\node_modules\jasmine\node_modules\jasmine-core\lib\jasmine-core\jasmine.js:526:10)
                    at UserContext.fn (E:\vmware\Loop\GitHub\e2e\node_modules\jasmine\node_modules\jasmine-core\lib\jasmine-core\jasmine.js:5340:37)
                    at attempt (E:\vmware\Loop\GitHub\e2e\node_modules\jasmine\node_modules\jasmine-core\lib\jasmine-core\jasmine.js:4297:26)
                    at QueueRunner.run (E:\vmware\Loop\GitHub\e2e\node_modules\jasmine\node_modules\jasmine-core\lib\jasmine-core\jasmine.js:4217:20)
                    at runNext (E:\vmware\Loop\GitHub\e2e\node_modules\jasmine\node_modules\jasmine-core\lib\jasmine-core\jasmine.js:4257:20)
                From asynchronous test: 
                Error: 
                    at Jasmine2Reporter.jasmineStarted (E:\vmware\Loop\GitHub\e2e\node_modules\protractor-beautiful-reporter\index.js:4948:13)
                    at dispatch (E:\vmware\Loop\GitHub\e2e\node_modules\jasmine\node_modules\jasmine-core\lib\jasmine-core\jasmine.js:4366:28)
                    at ReportDispatcher.jasmineStarted (E:\vmware\Loop\GitHub\e2e\node_modules\jasmine\node_modules\jasmine-core\lib\jasmine-core\jasmine.js:4337:11)
                    at Env.execute (E:\vmware\Loop\GitHub\e2e\node_modules\jasmine\node_modules\jasmine-core\lib\jasmine-core\jasmine.js:975:16)
                    at Jasmine.execute (E:\vmware\Loop\GitHub\e2e\node_modules\jasmine\lib\jasmine.js:200:12)
                    at E:\vmware\Loop\GitHub\e2e\node_modules\protractor\built\frameworks\jasmine.js:132:15
                    at Function.promise (E:\vmware\Loop\GitHub\e2e\node_modules\q\q.js:682:9)
                    at E:\vmware\Loop\GitHub\e2e\node_modules\protractor\built\frameworks\jasmine.js:104:14
                    at _fulfilled (E:\vmware\Loop\GitHub\e2e\node_modules\q\q.js:834:54)
                From: Task: Run beforeEach in control flow
                    at UserContext.&lt;anonymous> (E:\vmware\Loop\GitHub\e2e\node_modules\jasminewd2\index.js:94:19)
                    at attempt (E:\vmware\Loop\GitHub\e2e\node_modules\jasmine\node_modules\jasmine-core\lib\jasmine-core\jasmine.js:4297:26)
                    at QueueRunner.run (E:\vmware\Loop\GitHub\e2e\node_modules\jasmine\node_modules\jasmine-core\lib\jasmine-core\jasmine.js:4217:20)
                    at QueueRunner.execute (E:\vmware\Loop\GitHub\e2e\node_modules\jasmine\node_modules\jasmine-core\lib\jasmine-core\jasmine.js:4199:10)
                    at Spec.queueRunnerFactory (E:\vmware\Loop\GitHub\e2e\node_modules\jasmine\node_modules\jasmine-core\lib\jasmine-core\jasmine.js:909:35)
                    at Spec.execute (E:\vmware\Loop\GitHub\e2e\node_modules\jasmine\node_modules\jasmine-core\lib\jasmine-core\jasmine.js:526:10)
                    at UserContext.fn (E:\vmware\Loop\GitHub\e2e\node_modules\jasmine\node_modules\jasmine-core\lib\jasmine-core\jasmine.js:5340:37)
                    at attempt (E:\vmware\Loop\GitHub\e2e\node_modules\jasmine\node_modules\jasmine-core\lib\jasmine-core\jasmine.js:4297:26)
                    at QueueRunner.run (E:\vmware\Loop\GitHub\e2e\node_modules\jasmine\node_modules\jasmine-core\lib\jasmine-core\jasmine.js:4217:20)
                    at runNext (E:\vmware\Loop\GitHub\e2e\node_modules\jasmine\node_modules\jasmine-core\lib\jasmine-core\jasmine.js:4257:20)
                From asynchronous test: 
                Error: 
                    at Jasmine2Reporter.jasmineStarted (E:\vmware\Loop\GitHub\e2e\node_modules\protractor-beautiful-reporter\index.js:4948:13)
                    at dispatch (E:\vmware\Loop\GitHub\e2e\node_modules\jasmine\node_modules\jasmine-core\lib\jasmine-core\jasmine.js:4366:28)
                    at ReportDispatcher.jasmineStarted (E:\vmware\Loop\GitHub\e2e\node_modules\jasmine\node_modules\jasmine-core\lib\jasmine-core\jasmine.js:4337:11)
                    at Env.execute (E:\vmware\Loop\GitHub\e2e\node_modules\jasmine\node_modules\jasmine-core\lib\jasmine-core\jasmine.js:975:16)
                    at Jasmine.execute (E:\vmware\Loop\GitHub\e2e\node_modules\jasmine\lib\jasmine.js:200:12)
                    at E:\vmware\Loop\GitHub\e2e\node_modules\protractor\built\frameworks\jasmine.js:132:15
                    at Function.promise (E:\vmware\Loop\GitHub\e2e\node_modules\q\q.js:682:9)
                    at E:\vmware\Loop\GitHub\e2e\node_modules\protractor\built\frameworks\jasmine.js:104:14
                    at _fulfilled (E:\vmware\Loop\GitHub\e2e\node_modules\q\q.js:834:54)
                From: Task: Run beforeEach in control flow
                    at UserContext.&lt;anonymous> (E:\vmware\Loop\GitHub\e2e\node_modules\jasminewd2\index.js:94:19)
                    at attempt (E:\vmware\Loop\GitHub\e2e\node_modules\jasmine\node_modules\jasmine-core\lib\jasmine-core\jasmine.js:4297:26)
                    at QueueRunner.run (E:\vmware\Loop\GitHub\e2e\node_modules\jasmine\node_modules\jasmine-core\lib\jasmine-core\jasmine.js:4217:20)
                    at QueueRunner.execute (E:\vmware\Loop\GitHub\e2e\node_modules\jasmine\node_modules\jasmine-core\lib\jasmine-core\jasmine.js:4199:10)
                    at Spec.queueRunnerFactory (E:\vmware\Loop\GitHub\e2e\node_modules\jasmine\node_modules\jasmine-core\lib\jasmine-core\jasmine.js:909:35)
                    at Spec.execute (E:\vmware\Loop\GitHub\e2e\node_modules\jasmine\node_modules\jasmine-core\lib\jasmine-core\jasmine.js:526:10)
                    at UserContext.fn (E:\vmware\Loop\GitHub\e2e\node_modules\jasmine\node_modules\jasmine-core\lib\jasmine-core\jasmine.js:5340:37)
                    at attempt (E:\vmware\Loop\GitHub\e2e\node_modules\jasmine\node_modules\jasmine-core\lib\jasmine-core\jasmine.js:4297:26)
                    at QueueRunner.run (E:\vmware\Loop\GitHub\e2e\node_modules\jasmine\node_modules\jasmine-core\lib\jasmine-core\jasmine.js:4217:20)
                    at runNext (E:\vmware\Loop\GitHub\e2e\node_modules\jasmine\node_modules\jasmine-core\lib\jasmine-core\jasmine.js:4257:20)
                From asynchronous test: 
                Error: 
                    at Jasmine2Reporter.jasmineStarted (E:\vmware\Loop\GitHub\e2e\node_modules\protractor-beautiful-reporter\index.js:4948:13)
                    at dispatch (E:\vmware\Loop\GitHub\e2e\node_modules\jasmine\node_modules\jasmine-core\lib\jasmine-core\jasmine.js:4366:28)
                    at ReportDispatcher.jasmineStarted (E:\vmware\Loop\GitHub\e2e\node_modules\jasmine\node_modules\jasmine-core\lib\jasmine-core\jasmine.js:4337:11)
                    at Env.execute (E:\vmware\Loop\GitHub\e2e\node_modules\jasmine\node_modules\jasmine-core\lib\jasmine-core\jasmine.js:975:16)
                    at Jasmine.execute (E:\vmware\Loop\GitHub\e2e\node_modules\jasmine\lib\jasmine.js:200:12)
                    at E:\vmware\Loop\GitHub\e2e\node_modules\protractor\built\frameworks\jasmine.js:132:15
                    at Function.promise (E:\vmware\Loop\GitHub\e2e\node_modules\q\q.js:682:9)
                    at E:\vmware\Loop\GitHub\e2e\node_modules\protractor\built\frameworks\jasmine.js:104:14
                    at _fulfilled (E:\vmware\Loop\GitHub\e2e\node_modules\q\q.js:834:54)
                From: Task: Run beforeEach in control flow
                    at UserContext.&lt;anonymous> (E:\vmware\Loop\GitHub\e2e\node_modules\jasminewd2\index.js:94:19)
                    at attempt (E:\vmware\Loop\GitHub\e2e\node_modules\jasmine\node_modules\jasmine-core\lib\jasmine-core\jasmine.js:4297:26)
                    at QueueRunner.run (E:\vmware\Loop\GitHub\e2e\node_modules\jasmine\node_modules\jasmine-core\lib\jasmine-core\jasmine.js:4217:20)
                    at QueueRunner.execute (E:\vmware\Loop\GitHub\e2e\node_modules\jasmine\node_modules\jasmine-core\lib\jasmine-core\jasmine.js:4199:10)
                    at Spec.queueRunnerFactory (E:\vmware\Loop\GitHub\e2e\node_modules\jasmine\node_modules\jasmine-core\lib\jasmine-core\jasmine.js:909:35)
                    at Spec.execute (E:\vmware\Loop\GitHub\e2e\node_modules\jasmine\node_modules\jasmine-core\lib\jasmine-core\jasmine.js:526:10)
                    at UserContext.fn (E:\vmware\Loop\GitHub\e2e\node_modules\jasmine\node_modules\jasmine-core\lib\jasmine-core\jasmine.js:5340:37)
                    at attempt (E:\vmware\Loop\GitHub\e2e\node_modules\jasmine\node_modules\jasmine-core\lib\jasmine-core\jasmine.js:4297:26)
                    at QueueRunner.run (E:\vmware\Loop\GitHub\e2e\node_modules\jasmine\node_modules\jasmine-core\lib\jasmine-core\jasmine.js:4217:20)
                    at runNext (E:\vmware\Loop\GitHub\e2e\node_modules\jasmine\node_modules\jasmine-core\lib\jasmine-core\jasmine.js:4257:20)
                From asynchronous test: 
                Error: 
                    at Jasmine2Reporter.jasmineStarted (E:\vmware\Loop\GitHub\e2e\node_modules\protractor-beautiful-reporter\index.js:4948:13)
                    at dispatch (E:\vmware\Loop\GitHub\e2e\node_modules\jasmine\node_modules\jasmine-core\lib\jasmine-core\jasmine.js:4366:28)
                    at ReportDispatcher.jasmineStarted (E:\vmware\Loop\GitHub\e2e\node_modules\jasmine\node_modules\jasmine-core\lib\jasmine-core\jasmine.js:4337:11)
                    at Env.execute (E:\vmware\Loop\GitHub\e2e\node_modules\jasmine\node_modules\jasmine-core\lib\jasmine-core\jasmine.js:975:16)
                    at Jasmine.execute (E:\vmware\Loop\GitHub\e2e\node_modules\jasmine\lib\jasmine.js:200:12)
                    at E:\vmware\Loop\GitHub\e2e\node_modules\protractor\built\frameworks\jasmine.js:132:15
                    at Function.promise (E:\vmware\Loop\GitHub\e2e\node_modules\q\q.js:682:9)
                    at E:\vmware\Loop\GitHub\e2e\node_modules\protractor\built\frameworks\jasmine.js:104:14
                    at _fulfilled (E:\vmware\Loop\GitHub\e2e\node_modules\q\q.js:834:54)
                From: Task: Run beforeEach in control flow
                    at UserContext.&lt;anonymous> (E:\vmware\Loop\GitHub\e2e\node_modules\jasminewd2\index.js:94:19)
                    at attempt (E:\vmware\Loop\GitHub\e2e\node_modules\jasmine\node_modules\jasmine-core\lib\jasmine-core\jasmine.js:4297:26)
                    at QueueRunner.run (E:\vmware\Loop\GitHub\e2e\node_modules\jasmine\node_modules\jasmine-core\lib\jasmine-core\jasmine.js:4217:20)
                    at QueueRunner.execute (E:\vmware\Loop\GitHub\e2e\node_modules\jasmine\node_modules\jasmine-core\lib\jasmine-core\jasmine.js:4199:10)
                    at Spec.queueRunnerFactory (E:\vmware\Loop\GitHub\e2e\node_modules\jasmine\node_modules\jasmine-core\lib\jasmine-core\jasmine.js:909:35)
                    at Spec.execute (E:\vmware\Loop\GitHub\e2e\node_modules\jasmine\node_modules\jasmine-core\lib\jasmine-core\jasmine.js:526:10)
                    at UserContext.fn (E:\vmware\Loop\GitHub\e2e\node_modules\jasmine\node_modules\jasmine-core\lib\jasmine-core\jasmine.js:5340:37)
                    at attempt (E:\vmware\Loop\GitHub\e2e\node_modules\jasmine\node_modules\jasmine-core\lib\jasmine-core\jasmine.js:4297:26)
                    at QueueRunner.run (E:\vmware\Loop\GitHub\e2e\node_modules\jasmine\node_modules\jasmine-core\lib\jasmine-core\jasmine.js:4217:20)
                    at runNext (E:\vmware\Loop\GitHub\e2e\node_modules\jasmine\node_modules\jasmine-core\lib\jasmine-core\jasmine.js:4257:20)
                From asynchronous test: 
                Error: 
                    at Jasmine2Reporter.jasmineStarted (E:\vmware\Loop\GitHub\e2e\node_modules\protractor-beautiful-reporter\index.js:4948:13)
                    at dispatch (E:\vmware\Loop\GitHub\e2e\node_modules\jasmine\node_modules\jasmine-core\lib\jasmine-core\jasmine.js:4366:28)
                    at ReportDispatcher.jasmineStarted (E:\vmware\Loop\GitHub\e2e\node_modules\jasmine\node_modules\jasmine-core\lib\jasmine-core\jasmine.js:4337:11)
                    at Env.execute (E:\vmware\Loop\GitHub\e2e\node_modules\jasmine\node_modules\jasmine-core\lib\jasmine-core\jasmine.js:975:16)
                    at Jasmine.execute (E:\vmware\Loop\GitHub\e2e\node_modules\jasmine\lib\jasmine.js:200:12)
                    at E:\vmware\Loop\GitHub\e2e\node_modules\protractor\built\frameworks\jasmine.js:132:15
                    at Function.promise (E:\vmware\Loop\GitHub\e2e\node_modules\q\q.js:682:9)
                    at E:\vmware\Loop\GitHub\e2e\node_modules\protractor\built\frameworks\jasmine.js:104:14
                    at _fulfilled (E:\vmware\Loop\GitHub\e2e\node_modules\q\q.js:834:54)
                From: Task: Run beforeEach in control flow
                    at UserContext.&lt;anonymous> (E:\vmware\Loop\GitHub\e2e\node_modules\jasminewd2\index.js:94:19)
                    at attempt (E:\vmware\Loop\GitHub\e2e\node_modules\jasmine\node_modules\jasmine-core\lib\jasmine-core\jasmine.js:4297:26)
                    at QueueRunner.run (E:\vmware\Loop\GitHub\e2e\node_modules\jasmine\node_modules\jasmine-core\lib\jasmine-core\jasmine.js:4217:20)
                    at QueueRunner.execute (E:\vmware\Loop\GitHub\e2e\node_modules\jasmine\node_modules\jasmine-core\lib\jasmine-core\jasmine.js:4199:10)
                    at Spec.queueRunnerFactory (E:\vmware\Loop\GitHub\e2e\node_modules\jasmine\node_modules\jasmine-core\lib\jasmine-core\jasmine.js:909:35)
                    at Spec.execute (E:\vmware\Loop\GitHub\e2e\node_modules\jasmine\node_modules\jasmine-core\lib\jasmine-core\jasmine.js:526:10)
                    at UserContext.fn (E:\vmware\Loop\GitHub\e2e\node_modules\jasmine\node_modules\jasmine-core\lib\jasmine-core\jasmine.js:5340:37)
                    at attempt (E:\vmware\Loop\GitHub\e2e\node_modules\jasmine\node_modules\jasmine-core\lib\jasmine-core\jasmine.js:4297:26)
                    at QueueRunner.run (E:\vmware\Loop\GitHub\e2e\node_modules\jasmine\node_modules\jasmine-core\lib\jasmine-core\jasmine.js:4217:20)
                    at runNext (E:\vmware\Loop\GitHub\e2e\node_modules\jasmine\node_modules\jasmine-core\lib\jasmine-core\jasmine.js:4257:20)
                From asynchronous test: 
                Error: 
                    at Jasmine2Reporter.jasmineStarted (E:\vmware\Loop\GitHub\e2e\node_modules\protractor-beautiful-reporter\index.js:4948:13)
                    at dispatch (E:\vmware\Loop\GitHub\e2e\node_modules\jasmine\node_modules\jasmine-core\lib\jasmine-core\jasmine.js:4366:28)
                    at ReportDispatcher.jasmineStarted (E:\vmware\Loop\GitHub\e2e\node_modules\jasmine\node_modules\jasmine-core\lib\jasmine-core\jasmine.js:4337:11)
                    at Env.execute (E:\vmware\Loop\GitHub\e2e\node_modules\jasmine\node_modules\jasmine-core\lib\jasmine-core\jasmine.js:975:16)
                    at Jasmine.execute (E:\vmware\Loop\GitHub\e2e\node_modules\jasmine\lib\jasmine.js:200:12)
                    at E:\vmware\Loop\GitHub\e2e\node_modules\protractor\built\frameworks\jasmine.js:132:15
                    at Function.promise (E:\vmware\Loop\GitHub\e2e\node_modules\q\q.js:682:9)
                    at E:\vmware\Loop\GitHub\e2e\node_modules\protractor\built\frameworks\jasmine.js:104:14
                    at _fulfilled (E:\vmware\Loop\GitHub\e2e\node_modules\q\q.js:834:54)
                From: Task: Run beforeEach in control flow
                    at UserContext.&lt;anonymous> (E:\vmware\Loop\GitHub\e2e\node_modules\jasminewd2\index.js:94:19)
                    at attempt (E:\vmware\Loop\GitHub\e2e\node_modules\jasmine\node_modules\jasmine-core\lib\jasmine-core\jasmine.js:4297:26)
                    at QueueRunner.run (E:\vmware\Loop\GitHub\e2e\node_modules\jasmine\node_modules\jasmine-core\lib\jasmine-core\jasmine.js:4217:20)
                    at QueueRunner.execute (E:\vmware\Loop\GitHub\e2e\node_modules\jasmine\node_modules\jasmine-core\lib\jasmine-core\jasmine.js:4199:10)
                    at Spec.queueRunnerFactory (E:\vmware\Loop\GitHub\e2e\node_modules\jasmine\node_modules\jasmine-core\lib\jasmine-core\jasmine.js:909:35)
                    at Spec.execute (E:\vmware\Loop\GitHub\e2e\node_modules\jasmine\node_modules\jasmine-core\lib\jasmine-core\jasmine.js:526:10)
                    at UserContext.fn (E:\vmware\Loop\GitHub\e2e\node_modules\jasmine\node_modules\jasmine-core\lib\jasmine-core\jasmine.js:5340:37)
                    at attempt (E:\vmware\Loop\GitHub\e2e\node_modules\jasmine\node_modules\jasmine-core\lib\jasmine-core\jasmine.js:4297:26)
                    at QueueRunner.run (E:\vmware\Loop\GitHub\e2e\node_modules\jasmine\node_modules\jasmine-core\lib\jasmine-core\jasmine.js:4217:20)
                    at runNext (E:\vmware\Loop\GitHub\e2e\node_modules\jasmine\node_modules\jasmine-core\lib\jasmine-core\jasmine.js:4257:20)
                From asynchronous test: 
                Error: 
                    at Jasmine2Reporter.jasmineStarted (E:\vmware\Loop\GitHub\e2e\node_modules\protractor-beautiful-reporter\index.js:4948:13)
                    at dispatch (E:\vmware\Loop\GitHub\e2e\node_modules\jasmine\node_modules\jasmine-core\lib\jasmine-core\jasmine.js:4366:28)
                    at ReportDispatcher.jasmineStarted (E:\vmware\Loop\GitHub\e2e\node_modules\jasmine\node_modules\jasmine-core\lib\jasmine-core\jasmine.js:4337:11)
                    at Env.execute (E:\vmware\Loop\GitHub\e2e\node_modules\jasmine\node_modules\jasmine-core\lib\jasmine-core\jasmine.js:975:16)
                    at Jasmine.execute (E:\vmware\Loop\GitHub\e2e\node_modules\jasmine\lib\jasmine.js:200:12)
                    at E:\vmware\Loop\GitHub\e2e\node_modules\protractor\built\frameworks\jasmine.js:132:15
                    at Function.promise (E:\vmware\Loop\GitHub\e2e\node_modules\q\q.js:682:9)
                    at E:\vmware\Loop\GitHub\e2e\node_modules\protractor\built\frameworks\jasmine.js:104:14
                    at _fulfilled (E:\vmware\Loop\GitHub\e2e\node_modules\q\q.js:834:54)
                From: Task: Run beforeEach in control flow
                    at UserContext.&lt;anonymous> (E:\vmware\Loop\GitHub\e2e\node_modules\jasminewd2\index.js:94:19)
                    at attempt (E:\vmware\Loop\GitHub\e2e\node_modules\jasmine\node_modules\jasmine-core\lib\jasmine-core\jasmine.js:4297:26)
                    at QueueRunner.run (E:\vmware\Loop\GitHub\e2e\node_modules\jasmine\node_modules\jasmine-core\lib\jasmine-core\jasmine.js:4217:20)
                    at QueueRunner.execute (E:\vmware\Loop\GitHub\e2e\node_modules\jasmine\node_modules\jasmine-core\lib\jasmine-core\jasmine.js:4199:10)
                    at Spec.queueRunnerFactory (E:\vmware\Loop\GitHub\e2e\node_modules\jasmine\node_modules\jasmine-core\lib\jasmine-core\jasmine.js:909:35)
                    at Spec.execute (E:\vmware\Loop\GitHub\e2e\node_modules\jasmine\node_modules\jasmine-core\lib\jasmine-core\jasmine.js:526:10)
                    at UserContext.fn (E:\vmware\Loop\GitHub\e2e\node_modules\jasmine\node_modules\jasmine-core\lib\jasmine-core\jasmine.js:5340:37)
                    at attempt (E:\vmware\Loop\GitHub\e2e\node_modules\jasmine\node_modules\jasmine-core\lib\jasmine-core\jasmine.js:4297:26)
                    at QueueRunner.run (E:\vmware\Loop\GitHub\e2e\node_modules\jasmine\node_modules\jasmine-core\lib\jasmine-core\jasmine.js:4217:20)
                    at runNext (E:\vmware\Loop\GitHub\e2e\node_modules\jasmine\node_modules\jasmine-core\lib\jasmine-core\jasmine.js:4257:20)
                From asynchronous test: 
                Error: 
                    at Jasmine2Reporter.jasmineStarted (E:\vmware\Loop\GitHub\e2e\node_modules\protractor-beautiful-reporter\index.js:4948:13)
                    at dispatch (E:\vmware\Loop\GitHub\e2e\node_modules\jasmine\node_modules\jasmine-core\lib\jasmine-core\jasmine.js:4366:28)
                    at ReportDispatcher.jasmineStarted (E:\vmware\Loop\GitHub\e2e\node_modules\jasmine\node_modules\jasmine-core\lib\jasmine-core\jasmine.js:4337:11)
                    at Env.execute (E:\vmware\Loop\GitHub\e2e\node_modules\jasmine\node_modules\jasmine-core\lib\jasmine-core\jasmine.js:975:16)
                    at Jasmine.execute (E:\vmware\Loop\GitHub\e2e\node_modules\jasmine\lib\jasmine.js:200:12)
                    at E:\vmware\Loop\GitHub\e2e\node_modules\protractor\built\frameworks\jasmine.js:132:15
                    at Function.promise (E:\vmware\Loop\GitHub\e2e\node_modules\q\q.js:682:9)
                    at E:\vmware\Loop\GitHub\e2e\node_modules\protractor\built\frameworks\jasmine.js:104:14
                    at _fulfilled (E:\vmware\Loop\GitHub\e2e\node_modules\q\q.js:834:54)
                From: Task: Run beforeEach in control flow
                    at UserContext.&lt;anonymous> (E:\vmware\Loop\GitHub\e2e\node_modules\jasminewd2\index.js:94:19)
                    at attempt (E:\vmware\Loop\GitHub\e2e\node_modules\jasmine\node_modules\jasmine-core\lib\jasmine-core\jasmine.js:4297:26)
                    at QueueRunner.run (E:\vmware\Loop\GitHub\e2e\node_modules\jasmine\node_modules\jasmine-core\lib\jasmine-core\jasmine.js:4217:20)
                    at QueueRunner.execute (E:\vmware\Loop\GitHub\e2e\node_modules\jasmine\node_modules\jasmine-core\lib\jasmine-core\jasmine.js:4199:10)
                    at Spec.queueRunnerFactory (E:\vmware\Loop\GitHub\e2e\node_modules\jasmine\node_modules\jasmine-core\lib\jasmine-core\jasmine.js:909:35)
                    at Spec.execute (E:\vmware\Loop\GitHub\e2e\node_modules\jasmine\node_modules\jasmine-core\lib\jasmine-core\jasmine.js:526:10)
                    at UserContext.fn (E:\vmware\Loop\GitHub\e2e\node_modules\jasmine\node_modules\jasmine-core\lib\jasmine-core\jasmine.js:5340:37)
                    at attempt (E:\vmware\Loop\GitHub\e2e\node_modules\jasmine\node_modules\jasmine-core\lib\jasmine-core\jasmine.js:4297:26)
                    at QueueRunner.run (E:\vmware\Loop\GitHub\e2e\node_modules\jasmine\node_modules\jasmine-core\lib\jasmine-core\jasmine.js:4217:20)
                    at runNext (E:\vmware\Loop\GitHub\e2e\node_modules\jasmine\node_modules\jasmine-core\lib\jasmine-core\jasmine.js:4257:20)
                From asynchronous test: 
                Error: 
                    at Jasmine2Reporter.jasmineStarted (E:\vmware\Loop\GitHub\e2e\node_modules\protractor-beautiful-reporter\index.js:4948:13)
                    at dispatch (E:\vmware\Loop\GitHub\e2e\node_modules\jasmine\node_modules\jasmine-core\lib\jasmine-core\jasmine.js:4366:28)
                    at ReportDispatcher.jasmineStarted (E:\vmware\Loop\GitHub\e2e\node_modules\jasmine\node_modules\jasmine-core\lib\jasmine-core\jasmine.js:4337:11)
                    at Env.execute (E:\vmware\Loop\GitHub\e2e\node_modules\jasmine\node_modules\jasmine-core\lib\jasmine-core\jasmine.js:975:16)
                    at Jasmine.execute (E:\vmware\Loop\GitHub\e2e\node_modules\jasmine\lib\jasmine.js:200:12)
                    at E:\vmware\Loop\GitHub\e2e\node_modules\protractor\built\frameworks\jasmine.js:132:15
                    at Function.promise (E:\vmware\Loop\GitHub\e2e\node_modules\q\q.js:682:9)
                    at E:\vmware\Loop\GitHub\e2e\node_modules\protractor\built\frameworks\jasmine.js:104:14
                    at _fulfilled (E:\vmware\Loop\GitHub\e2e\node_modules\q\q.js:834:54)
                From: Task: Run beforeEach in control flow
                    at UserContext.&lt;anonymous> (E:\vmware\Loop\GitHub\e2e\node_modules\jasminewd2\index.js:94:19)
                    at attempt (E:\vmware\Loop\GitHub\e2e\node_modules\jasmine\node_modules\jasmine-core\lib\jasmine-core\jasmine.js:4297:26)
                    at QueueRunner.run (E:\vmware\Loop\GitHub\e2e\node_modules\jasmine\node_modules\jasmine-core\lib\jasmine-core\jasmine.js:4217:20)
                    at QueueRunner.execute (E:\vmware\Loop\GitHub\e2e\node_modules\jasmine\node_modules\jasmine-core\lib\jasmine-core\jasmine.js:4199:10)
                    at Spec.queueRunnerFactory (E:\vmware\Loop\GitHub\e2e\node_modules\jasmine\node_modules\jasmine-core\lib\jasmine-core\jasmine.js:909:35)
                    at Spec.execute (E:\vmware\Loop\GitHub\e2e\node_modules\jasmine\node_modules\jasmine-core\lib\jasmine-core\jasmine.js:526:10)
                    at UserContext.fn (E:\vmware\Loop\GitHub\e2e\node_modules\jasmine\node_modules\jasmine-core\lib\jasmine-core\jasmine.js:5340:37)
                    at attempt (E:\vmware\Loop\GitHub\e2e\node_modules\jasmine\node_modules\jasmine-core\lib\jasmine-core\jasmine.js:4297:26)
                    at QueueRunner.run (E:\vmware\Loop\GitHub\e2e\node_modules\jasmine\node_modules\jasmine-core\lib\jasmine-core\jasmine.js:4217:20)
                    at runNext (E:\vmware\Loop\GitHub\e2e\node_modules\jasmine\node_modules\jasmine-core\lib\jasmine-core\jasmine.js:4257:20)
                From asynchronous test: 
                Error: 
                    at Jasmine2Reporter.jasmineStarted (E:\vmware\Loop\GitHub\e2e\node_modules\protractor-beautiful-reporter\index.js:4948:13)
                    at dispatch (E:\vmware\Loop\GitHub\e2e\node_modules\jasmine\node_modules\jasmine-core\lib\jasmine-core\jasmine.js:4366:28)
                    at ReportDispatcher.jasmineStarted (E:\vmware\Loop\GitHub\e2e\node_modules\jasmine\node_modules\jasmine-core\lib\jasmine-core\jasmine.js:4337:11)
                    at Env.execute (E:\vmware\Loop\GitHub\e2e\node_modules\jasmine\node_modules\jasmine-core\lib\jasmine-core\jasmine.js:975:16)
                    at Jasmine.execute (E:\vmware\Loop\GitHub\e2e\node_modules\jasmine\lib\jasmine.js:200:12)
                    at E:\vmware\Loop\GitHub\e2e\node_modules\protractor\built\frameworks\jasmine.js:132:15
                    at Function.promise (E:\vmware\Loop\GitHub\e2e\node_modules\q\q.js:682:9)
                    at E:\vmware\Loop\GitHub\e2e\node_modules\protractor\built\frameworks\jasmine.js:104:14
                    at _fulfilled (E:\vmware\Loop\GitHub\e2e\node_modules\q\q.js:834:54)
                From: Task: Run beforeEach in control flow
                    at UserContext.&lt;anonymous> (E:\vmware\Loop\GitHub\e2e\node_modules\jasminewd2\index.js:94:19)
                    at attempt (E:\vmware\Loop\GitHub\e2e\node_modules\jasmine\node_modules\jasmine-core\lib\jasmine-core\jasmine.js:4297:26)
                    at QueueRunner.run (E:\vmware\Loop\GitHub\e2e\node_modules\jasmine\node_modules\jasmine-core\lib\jasmine-core\jasmine.js:4217:20)
                    at QueueRunner.execute (E:\vmware\Loop\GitHub\e2e\node_modules\jasmine\node_modules\jasmine-core\lib\jasmine-core\jasmine.js:4199:10)
                    at Spec.queueRunnerFactory (E:\vmware\Loop\GitHub\e2e\node_modules\jasmine\node_modules\jasmine-core\lib\jasmine-core\jasmine.js:909:35)
                    at Spec.execute (E:\vmware\Loop\GitHub\e2e\node_modules\jasmine\node_modules\jasmine-core\lib\jasmine-core\jasmine.js:526:10)
                    at UserContext.fn (E:\vmware\Loop\GitHub\e2e\node_modules\jasmine\node_modules\jasmine-core\lib\jasmine-core\jasmine.js:5340:37)
                    at attempt (E:\vmware\Loop\GitHub\e2e\node_modules\jasmine\node_modules\jasmine-core\lib\jasmine-core\jasmine.js:4297:26)
                    at QueueRunner.run (E:\vmware\Loop\GitHub\e2e\node_modules\jasmine\node_modules\jasmine-core\lib\jasmine-core\jasmine.js:4217:20)
                    at runNext (E:\vmware\Loop\GitHub\e2e\node_modules\jasmine\node_modules\jasmine-core\lib\jasmine-core\jasmine.js:4257:20)
                From asynchronous test: 
                Error: 
                    at Jasmine2Reporter.jasmineStarted (E:\vmware\Loop\GitHub\e2e\node_modules\protractor-beautiful-reporter\index.js:4948:13)
                    at dispatch (E:\vmware\Loop\GitHub\e2e\node_modules\jasmine\node_modules\jasmine-core\lib\jasmine-core\jasmine.js:4366:28)
                    at ReportDispatcher.jasmineStarted (E:\vmware\Loop\GitHub\e2e\node_modules\jasmine\node_modules\jasmine-core\lib\jasmine-core\jasmine.js:4337:11)
                    at Env.execute (E:\vmware\Loop\GitHub\e2e\node_modules\jasmine\node_modules\jasmine-core\lib\jasmine-core\jasmine.js:975:16)
                    at Jasmine.execute (E:\vmware\Loop\GitHub\e2e\node_modules\jasmine\lib\jasmine.js:200:12)
                    at E:\vmware\Loop\GitHub\e2e\node_modules\protractor\built\frameworks\jasmine.js:132:15
                    at Function.promise (E:\vmware\Loop\GitHub\e2e\node_modules\q\q.js:682:9)
                    at E:\vmware\Loop\GitHub\e2e\node_modules\protractor\built\frameworks\jasmine.js:104:14
                    at _fulfilled (E:\vmware\Loop\GitHub\e2e\node_modules\q\q.js:834:54)
                From: Task: Run beforeEach in control flow
                    at UserContext.&lt;anonymous> (E:\vmware\Loop\GitHub\e2e\node_modules\jasminewd2\index.js:94:19)
                    at attempt (E:\vmware\Loop\GitHub\e2e\node_modules\jasmine\node_modules\jasmine-core\lib\jasmine-core\jasmine.js:4297:26)
                    at QueueRunner.run (E:\vmware\Loop\GitHub\e2e\node_modules\jasmine\node_modules\jasmine-core\lib\jasmine-core\jasmine.js:4217:20)
                    at QueueRunner.execute (E:\vmware\Loop\GitHub\e2e\node_modules\jasmine\node_modules\jasmine-core\lib\jasmine-core\jasmine.js:4199:10)
                    at Spec.queueRunnerFactory (E:\vmware\Loop\GitHub\e2e\node_modules\jasmine\node_modules\jasmine-core\lib\jasmine-core\jasmine.js:909:35)
                    at Spec.execute (E:\vmware\Loop\GitHub\e2e\node_modules\jasmine\node_modules\jasmine-core\lib\jasmine-core\jasmine.js:526:10)
                    at UserContext.fn (E:\vmware\Loop\GitHub\e2e\node_modules\jasmine\node_modules\jasmine-core\lib\jasmine-core\jasmine.js:5340:37)
                    at attempt (E:\vmware\Loop\GitHub\e2e\node_modules\jasmine\node_modules\jasmine-core\lib\jasmine-core\jasmine.js:4297:26)
                    at QueueRunner.run (E:\vmware\Loop\GitHub\e2e\node_modules\jasmine\node_modules\jasmine-core\lib\jasmine-core\jasmine.js:4217:20)
                    at runNext (E:\vmware\Loop\GitHub\e2e\node_modules\jasmine\node_modules\jasmine-core\lib\jasmine-core\jasmine.js:4257:20)
                From asynchronous test: 
                Error: 
                    at Jasmine2Reporter.jasmineStarted (E:\vmware\Loop\GitHub\e2e\node_modules\protractor-beautiful-reporter\index.js:4948:13)
                    at dispatch (E:\vmware\Loop\GitHub\e2e\node_modules\jasmine\node_modules\jasmine-core\lib\jasmine-core\jasmine.js:4366:28)
                    at ReportDispatcher.jasmineStarted (E:\vmware\Loop\GitHub\e2e\node_modules\jasmine\node_modules\jasmine-core\lib\jasmine-core\jasmine.js:4337:11)
                    at Env.execute (E:\vmware\Loop\GitHub\e2e\node_modules\jasmine\node_modules\jasmine-core\lib\jasmine-core\jasmine.js:975:16)
                    at Jasmine.execute (E:\vmware\Loop\GitHub\e2e\node_modules\jasmine\lib\jasmine.js:200:12)
                    at E:\vmware\Loop\GitHub\e2e\node_modules\protractor\built\frameworks\jasmine.js:132:15
                    at Function.promise (E:\vmware\Loop\GitHub\e2e\node_modules\q\q.js:682:9)
                    at E:\vmware\Loop\GitHub\e2e\node_modules\protractor\built\frameworks\jasmine.js:104:14
                    at _fulfilled (E:\vmware\Loop\GitHub\e2e\node_modules\q\q.js:834:54)</stack-trace>
            </failure>
        </test-case>
        <test-case start='1629687717890' status='failed' stop='1629687919131'>
            <name>Should preview image dataset successfully.</name>
            <title>Should preview image dataset successfully.</title>
            <labels/>
            <parameters/>
            <steps/>
            <attachments>
                <attachment title='Screenshot' source='3ee136b7-2f39-4da0-a464-a6727423d5fc-attachment.png' type='image/png' size='66354'/>
                <attachment title='Screenshot' source='2e36f309-5cc2-4468-9235-46f0948a2d89-attachment.png' type='image/png' size='66354'/>
                <attachment title='Screenshot' source='d6b9a7f5-8001-4d81-86e3-fdb34bbb0e27-attachment.png' type='image/png' size='66354'/>
            </attachments>
            <failure>
                <message>Failed: EADDRINUSE connect EADDRINUSE 127.0.0.1:63150</message>
                <stack-trace>Error: EADDRINUSE connect EADDRINUSE 127.0.0.1:63150
                    at ClientRequest.&lt;anonymous> (E:\vmware\Loop\GitHub\e2e\node_modules\selenium-webdriver\http\index.js:238:15)
                    at ClientRequest.emit (node:events:394:28)
                    at Socket.socketErrorListener (node:_http_client:447:9)
                    at Socket.emit (node:events:394:28)
                    at emitErrorNT (node:internal/streams/destroy:157:8)
                    at emitErrorCloseNT (node:internal/streams/destroy:122:3)
                    at processTicksAndRejections (node:internal/process/task_queues:83:21)
                From: Task: WebDriver.manage().logs().get(browser)
                    at Driver.schedule (E:\vmware\Loop\GitHub\e2e\node_modules\selenium-webdriver\lib\webdriver.js:807:17)
                    at Logs.get (E:\vmware\Loop\GitHub\e2e\node_modules\selenium-webdriver\lib\webdriver.js:1731:25)
                    at Jasmine2Reporter._callee7$ (E:\vmware\Loop\GitHub\e2e\node_modules\protractor-beautiful-reporter\index.js:5154:64)
                    at tryCatch (E:\vmware\Loop\GitHub\e2e\node_modules\protractor-beautiful-reporter\index.js:5748:40)
                    at Generator.invoke [as _invoke] (E:\vmware\Loop\GitHub\e2e\node_modules\protractor-beautiful-reporter\index.js:6022:22)
                    at Generator.prototype.&lt;computed> [as next] (E:\vmware\Loop\GitHub\e2e\node_modules\protractor-beautiful-reporter\index.js:5781:21)
                    at step (E:\vmware\Loop\GitHub\e2e\node_modules\protractor-beautiful-reporter\index.js:4754:191)
                    at E:\vmware\Loop\GitHub\e2e\node_modules\protractor-beautiful-reporter\index.js:4754:361
                    at runMicrotasks (&lt;anonymous>)
                    at processTicksAndRejections (node:internal/process/task_queues:96:5)
                From: Task: Run beforeEach in control flow
                    at UserContext.&lt;anonymous> (E:\vmware\Loop\GitHub\e2e\node_modules\jasminewd2\index.js:94:19)
                    at attempt (E:\vmware\Loop\GitHub\e2e\node_modules\jasmine\node_modules\jasmine-core\lib\jasmine-core\jasmine.js:4297:26)
                    at QueueRunner.run (E:\vmware\Loop\GitHub\e2e\node_modules\jasmine\node_modules\jasmine-core\lib\jasmine-core\jasmine.js:4217:20)
                    at QueueRunner.execute (E:\vmware\Loop\GitHub\e2e\node_modules\jasmine\node_modules\jasmine-core\lib\jasmine-core\jasmine.js:4199:10)
                    at Spec.queueRunnerFactory (E:\vmware\Loop\GitHub\e2e\node_modules\jasmine\node_modules\jasmine-core\lib\jasmine-core\jasmine.js:909:35)
                    at Spec.execute (E:\vmware\Loop\GitHub\e2e\node_modules\jasmine\node_modules\jasmine-core\lib\jasmine-core\jasmine.js:526:10)
                    at UserContext.fn (E:\vmware\Loop\GitHub\e2e\node_modules\jasmine\node_modules\jasmine-core\lib\jasmine-core\jasmine.js:5340:37)
                    at attempt (E:\vmware\Loop\GitHub\e2e\node_modules\jasmine\node_modules\jasmine-core\lib\jasmine-core\jasmine.js:4297:26)
                    at QueueRunner.run (E:\vmware\Loop\GitHub\e2e\node_modules\jasmine\node_modules\jasmine-core\lib\jasmine-core\jasmine.js:4217:20)
                    at runNext (E:\vmware\Loop\GitHub\e2e\node_modules\jasmine\node_modules\jasmine-core\lib\jasmine-core\jasmine.js:4257:20)
                From asynchronous test: 
                Error: 
                    at Jasmine2Reporter.jasmineStarted (E:\vmware\Loop\GitHub\e2e\node_modules\protractor-beautiful-reporter\index.js:4948:13)
                    at dispatch (E:\vmware\Loop\GitHub\e2e\node_modules\jasmine\node_modules\jasmine-core\lib\jasmine-core\jasmine.js:4366:28)
                    at ReportDispatcher.jasmineStarted (E:\vmware\Loop\GitHub\e2e\node_modules\jasmine\node_modules\jasmine-core\lib\jasmine-core\jasmine.js:4337:11)
                    at Env.execute (E:\vmware\Loop\GitHub\e2e\node_modules\jasmine\node_modules\jasmine-core\lib\jasmine-core\jasmine.js:975:16)
                    at Jasmine.execute (E:\vmware\Loop\GitHub\e2e\node_modules\jasmine\lib\jasmine.js:200:12)
                    at E:\vmware\Loop\GitHub\e2e\node_modules\protractor\built\frameworks\jasmine.js:132:15
                    at Function.promise (E:\vmware\Loop\GitHub\e2e\node_modules\q\q.js:682:9)
                    at E:\vmware\Loop\GitHub\e2e\node_modules\protractor\built\frameworks\jasmine.js:104:14
                    at _fulfilled (E:\vmware\Loop\GitHub\e2e\node_modules\q\q.js:834:54)
                From: Task: Run beforeEach in control flow
                    at UserContext.&lt;anonymous> (E:\vmware\Loop\GitHub\e2e\node_modules\jasminewd2\index.js:94:19)
                    at attempt (E:\vmware\Loop\GitHub\e2e\node_modules\jasmine\node_modules\jasmine-core\lib\jasmine-core\jasmine.js:4297:26)
                    at QueueRunner.run (E:\vmware\Loop\GitHub\e2e\node_modules\jasmine\node_modules\jasmine-core\lib\jasmine-core\jasmine.js:4217:20)
                    at QueueRunner.execute (E:\vmware\Loop\GitHub\e2e\node_modules\jasmine\node_modules\jasmine-core\lib\jasmine-core\jasmine.js:4199:10)
                    at Spec.queueRunnerFactory (E:\vmware\Loop\GitHub\e2e\node_modules\jasmine\node_modules\jasmine-core\lib\jasmine-core\jasmine.js:909:35)
                    at Spec.execute (E:\vmware\Loop\GitHub\e2e\node_modules\jasmine\node_modules\jasmine-core\lib\jasmine-core\jasmine.js:526:10)
                    at UserContext.fn (E:\vmware\Loop\GitHub\e2e\node_modules\jasmine\node_modules\jasmine-core\lib\jasmine-core\jasmine.js:5340:37)
                    at attempt (E:\vmware\Loop\GitHub\e2e\node_modules\jasmine\node_modules\jasmine-core\lib\jasmine-core\jasmine.js:4297:26)
                    at QueueRunner.run (E:\vmware\Loop\GitHub\e2e\node_modules\jasmine\node_modules\jasmine-core\lib\jasmine-core\jasmine.js:4217:20)
                    at runNext (E:\vmware\Loop\GitHub\e2e\node_modules\jasmine\node_modules\jasmine-core\lib\jasmine-core\jasmine.js:4257:20)
                From asynchronous test: 
                Error: 
                    at Jasmine2Reporter.jasmineStarted (E:\vmware\Loop\GitHub\e2e\node_modules\protractor-beautiful-reporter\index.js:4948:13)
                    at dispatch (E:\vmware\Loop\GitHub\e2e\node_modules\jasmine\node_modules\jasmine-core\lib\jasmine-core\jasmine.js:4366:28)
                    at ReportDispatcher.jasmineStarted (E:\vmware\Loop\GitHub\e2e\node_modules\jasmine\node_modules\jasmine-core\lib\jasmine-core\jasmine.js:4337:11)
                    at Env.execute (E:\vmware\Loop\GitHub\e2e\node_modules\jasmine\node_modules\jasmine-core\lib\jasmine-core\jasmine.js:975:16)
                    at Jasmine.execute (E:\vmware\Loop\GitHub\e2e\node_modules\jasmine\lib\jasmine.js:200:12)
                    at E:\vmware\Loop\GitHub\e2e\node_modules\protractor\built\frameworks\jasmine.js:132:15
                    at Function.promise (E:\vmware\Loop\GitHub\e2e\node_modules\q\q.js:682:9)
                    at E:\vmware\Loop\GitHub\e2e\node_modules\protractor\built\frameworks\jasmine.js:104:14
                    at _fulfilled (E:\vmware\Loop\GitHub\e2e\node_modules\q\q.js:834:54)
                From: Task: Run beforeEach in control flow
                    at UserContext.&lt;anonymous> (E:\vmware\Loop\GitHub\e2e\node_modules\jasminewd2\index.js:94:19)
                    at attempt (E:\vmware\Loop\GitHub\e2e\node_modules\jasmine\node_modules\jasmine-core\lib\jasmine-core\jasmine.js:4297:26)
                    at QueueRunner.run (E:\vmware\Loop\GitHub\e2e\node_modules\jasmine\node_modules\jasmine-core\lib\jasmine-core\jasmine.js:4217:20)
                    at QueueRunner.execute (E:\vmware\Loop\GitHub\e2e\node_modules\jasmine\node_modules\jasmine-core\lib\jasmine-core\jasmine.js:4199:10)
                    at Spec.queueRunnerFactory (E:\vmware\Loop\GitHub\e2e\node_modules\jasmine\node_modules\jasmine-core\lib\jasmine-core\jasmine.js:909:35)
                    at Spec.execute (E:\vmware\Loop\GitHub\e2e\node_modules\jasmine\node_modules\jasmine-core\lib\jasmine-core\jasmine.js:526:10)
                    at UserContext.fn (E:\vmware\Loop\GitHub\e2e\node_modules\jasmine\node_modules\jasmine-core\lib\jasmine-core\jasmine.js:5340:37)
                    at attempt (E:\vmware\Loop\GitHub\e2e\node_modules\jasmine\node_modules\jasmine-core\lib\jasmine-core\jasmine.js:4297:26)
                    at QueueRunner.run (E:\vmware\Loop\GitHub\e2e\node_modules\jasmine\node_modules\jasmine-core\lib\jasmine-core\jasmine.js:4217:20)
                    at runNext (E:\vmware\Loop\GitHub\e2e\node_modules\jasmine\node_modules\jasmine-core\lib\jasmine-core\jasmine.js:4257:20)
                From asynchronous test: 
                Error: 
                    at Jasmine2Reporter.jasmineStarted (E:\vmware\Loop\GitHub\e2e\node_modules\protractor-beautiful-reporter\index.js:4948:13)
                    at dispatch (E:\vmware\Loop\GitHub\e2e\node_modules\jasmine\node_modules\jasmine-core\lib\jasmine-core\jasmine.js:4366:28)
                    at ReportDispatcher.jasmineStarted (E:\vmware\Loop\GitHub\e2e\node_modules\jasmine\node_modules\jasmine-core\lib\jasmine-core\jasmine.js:4337:11)
                    at Env.execute (E:\vmware\Loop\GitHub\e2e\node_modules\jasmine\node_modules\jasmine-core\lib\jasmine-core\jasmine.js:975:16)
                    at Jasmine.execute (E:\vmware\Loop\GitHub\e2e\node_modules\jasmine\lib\jasmine.js:200:12)
                    at E:\vmware\Loop\GitHub\e2e\node_modules\protractor\built\frameworks\jasmine.js:132:15
                    at Function.promise (E:\vmware\Loop\GitHub\e2e\node_modules\q\q.js:682:9)
                    at E:\vmware\Loop\GitHub\e2e\node_modules\protractor\built\frameworks\jasmine.js:104:14
                    at _fulfilled (E:\vmware\Loop\GitHub\e2e\node_modules\q\q.js:834:54)
                From: Task: Run beforeEach in control flow
                    at UserContext.&lt;anonymous> (E:\vmware\Loop\GitHub\e2e\node_modules\jasminewd2\index.js:94:19)
                    at attempt (E:\vmware\Loop\GitHub\e2e\node_modules\jasmine\node_modules\jasmine-core\lib\jasmine-core\jasmine.js:4297:26)
                    at QueueRunner.run (E:\vmware\Loop\GitHub\e2e\node_modules\jasmine\node_modules\jasmine-core\lib\jasmine-core\jasmine.js:4217:20)
                    at QueueRunner.execute (E:\vmware\Loop\GitHub\e2e\node_modules\jasmine\node_modules\jasmine-core\lib\jasmine-core\jasmine.js:4199:10)
                    at Spec.queueRunnerFactory (E:\vmware\Loop\GitHub\e2e\node_modules\jasmine\node_modules\jasmine-core\lib\jasmine-core\jasmine.js:909:35)
                    at Spec.execute (E:\vmware\Loop\GitHub\e2e\node_modules\jasmine\node_modules\jasmine-core\lib\jasmine-core\jasmine.js:526:10)
                    at UserContext.fn (E:\vmware\Loop\GitHub\e2e\node_modules\jasmine\node_modules\jasmine-core\lib\jasmine-core\jasmine.js:5340:37)
                    at attempt (E:\vmware\Loop\GitHub\e2e\node_modules\jasmine\node_modules\jasmine-core\lib\jasmine-core\jasmine.js:4297:26)
                    at QueueRunner.run (E:\vmware\Loop\GitHub\e2e\node_modules\jasmine\node_modules\jasmine-core\lib\jasmine-core\jasmine.js:4217:20)
                    at runNext (E:\vmware\Loop\GitHub\e2e\node_modules\jasmine\node_modules\jasmine-core\lib\jasmine-core\jasmine.js:4257:20)
                From asynchronous test: 
                Error: 
                    at Jasmine2Reporter.jasmineStarted (E:\vmware\Loop\GitHub\e2e\node_modules\protractor-beautiful-reporter\index.js:4948:13)
                    at dispatch (E:\vmware\Loop\GitHub\e2e\node_modules\jasmine\node_modules\jasmine-core\lib\jasmine-core\jasmine.js:4366:28)
                    at ReportDispatcher.jasmineStarted (E:\vmware\Loop\GitHub\e2e\node_modules\jasmine\node_modules\jasmine-core\lib\jasmine-core\jasmine.js:4337:11)
                    at Env.execute (E:\vmware\Loop\GitHub\e2e\node_modules\jasmine\node_modules\jasmine-core\lib\jasmine-core\jasmine.js:975:16)
                    at Jasmine.execute (E:\vmware\Loop\GitHub\e2e\node_modules\jasmine\lib\jasmine.js:200:12)
                    at E:\vmware\Loop\GitHub\e2e\node_modules\protractor\built\frameworks\jasmine.js:132:15
                    at Function.promise (E:\vmware\Loop\GitHub\e2e\node_modules\q\q.js:682:9)
                    at E:\vmware\Loop\GitHub\e2e\node_modules\protractor\built\frameworks\jasmine.js:104:14
                    at _fulfilled (E:\vmware\Loop\GitHub\e2e\node_modules\q\q.js:834:54)
                From: Task: Run beforeEach in control flow
                    at UserContext.&lt;anonymous> (E:\vmware\Loop\GitHub\e2e\node_modules\jasminewd2\index.js:94:19)
                    at attempt (E:\vmware\Loop\GitHub\e2e\node_modules\jasmine\node_modules\jasmine-core\lib\jasmine-core\jasmine.js:4297:26)
                    at QueueRunner.run (E:\vmware\Loop\GitHub\e2e\node_modules\jasmine\node_modules\jasmine-core\lib\jasmine-core\jasmine.js:4217:20)
                    at QueueRunner.execute (E:\vmware\Loop\GitHub\e2e\node_modules\jasmine\node_modules\jasmine-core\lib\jasmine-core\jasmine.js:4199:10)
                    at Spec.queueRunnerFactory (E:\vmware\Loop\GitHub\e2e\node_modules\jasmine\node_modules\jasmine-core\lib\jasmine-core\jasmine.js:909:35)
                    at Spec.execute (E:\vmware\Loop\GitHub\e2e\node_modules\jasmine\node_modules\jasmine-core\lib\jasmine-core\jasmine.js:526:10)
                    at UserContext.fn (E:\vmware\Loop\GitHub\e2e\node_modules\jasmine\node_modules\jasmine-core\lib\jasmine-core\jasmine.js:5340:37)
                    at attempt (E:\vmware\Loop\GitHub\e2e\node_modules\jasmine\node_modules\jasmine-core\lib\jasmine-core\jasmine.js:4297:26)
                    at QueueRunner.run (E:\vmware\Loop\GitHub\e2e\node_modules\jasmine\node_modules\jasmine-core\lib\jasmine-core\jasmine.js:4217:20)
                    at runNext (E:\vmware\Loop\GitHub\e2e\node_modules\jasmine\node_modules\jasmine-core\lib\jasmine-core\jasmine.js:4257:20)
                From asynchronous test: 
                Error: 
                    at Jasmine2Reporter.jasmineStarted (E:\vmware\Loop\GitHub\e2e\node_modules\protractor-beautiful-reporter\index.js:4948:13)
                    at dispatch (E:\vmware\Loop\GitHub\e2e\node_modules\jasmine\node_modules\jasmine-core\lib\jasmine-core\jasmine.js:4366:28)
                    at ReportDispatcher.jasmineStarted (E:\vmware\Loop\GitHub\e2e\node_modules\jasmine\node_modules\jasmine-core\lib\jasmine-core\jasmine.js:4337:11)
                    at Env.execute (E:\vmware\Loop\GitHub\e2e\node_modules\jasmine\node_modules\jasmine-core\lib\jasmine-core\jasmine.js:975:16)
                    at Jasmine.execute (E:\vmware\Loop\GitHub\e2e\node_modules\jasmine\lib\jasmine.js:200:12)
                    at E:\vmware\Loop\GitHub\e2e\node_modules\protractor\built\frameworks\jasmine.js:132:15
                    at Function.promise (E:\vmware\Loop\GitHub\e2e\node_modules\q\q.js:682:9)
                    at E:\vmware\Loop\GitHub\e2e\node_modules\protractor\built\frameworks\jasmine.js:104:14
                    at _fulfilled (E:\vmware\Loop\GitHub\e2e\node_modules\q\q.js:834:54)
                From: Task: Run beforeEach in control flow
                    at UserContext.&lt;anonymous> (E:\vmware\Loop\GitHub\e2e\node_modules\jasminewd2\index.js:94:19)
                    at attempt (E:\vmware\Loop\GitHub\e2e\node_modules\jasmine\node_modules\jasmine-core\lib\jasmine-core\jasmine.js:4297:26)
                    at QueueRunner.run (E:\vmware\Loop\GitHub\e2e\node_modules\jasmine\node_modules\jasmine-core\lib\jasmine-core\jasmine.js:4217:20)
                    at QueueRunner.execute (E:\vmware\Loop\GitHub\e2e\node_modules\jasmine\node_modules\jasmine-core\lib\jasmine-core\jasmine.js:4199:10)
                    at Spec.queueRunnerFactory (E:\vmware\Loop\GitHub\e2e\node_modules\jasmine\node_modules\jasmine-core\lib\jasmine-core\jasmine.js:909:35)
                    at Spec.execute (E:\vmware\Loop\GitHub\e2e\node_modules\jasmine\node_modules\jasmine-core\lib\jasmine-core\jasmine.js:526:10)
                    at UserContext.fn (E:\vmware\Loop\GitHub\e2e\node_modules\jasmine\node_modules\jasmine-core\lib\jasmine-core\jasmine.js:5340:37)
                    at attempt (E:\vmware\Loop\GitHub\e2e\node_modules\jasmine\node_modules\jasmine-core\lib\jasmine-core\jasmine.js:4297:26)
                    at QueueRunner.run (E:\vmware\Loop\GitHub\e2e\node_modules\jasmine\node_modules\jasmine-core\lib\jasmine-core\jasmine.js:4217:20)
                    at runNext (E:\vmware\Loop\GitHub\e2e\node_modules\jasmine\node_modules\jasmine-core\lib\jasmine-core\jasmine.js:4257:20)
                From asynchronous test: 
                Error: 
                    at Jasmine2Reporter.jasmineStarted (E:\vmware\Loop\GitHub\e2e\node_modules\protractor-beautiful-reporter\index.js:4948:13)
                    at dispatch (E:\vmware\Loop\GitHub\e2e\node_modules\jasmine\node_modules\jasmine-core\lib\jasmine-core\jasmine.js:4366:28)
                    at ReportDispatcher.jasmineStarted (E:\vmware\Loop\GitHub\e2e\node_modules\jasmine\node_modules\jasmine-core\lib\jasmine-core\jasmine.js:4337:11)
                    at Env.execute (E:\vmware\Loop\GitHub\e2e\node_modules\jasmine\node_modules\jasmine-core\lib\jasmine-core\jasmine.js:975:16)
                    at Jasmine.execute (E:\vmware\Loop\GitHub\e2e\node_modules\jasmine\lib\jasmine.js:200:12)
                    at E:\vmware\Loop\GitHub\e2e\node_modules\protractor\built\frameworks\jasmine.js:132:15
                    at Function.promise (E:\vmware\Loop\GitHub\e2e\node_modules\q\q.js:682:9)
                    at E:\vmware\Loop\GitHub\e2e\node_modules\protractor\built\frameworks\jasmine.js:104:14
                    at _fulfilled (E:\vmware\Loop\GitHub\e2e\node_modules\q\q.js:834:54)
                From: Task: Run beforeEach in control flow
                    at UserContext.&lt;anonymous> (E:\vmware\Loop\GitHub\e2e\node_modules\jasminewd2\index.js:94:19)
                    at attempt (E:\vmware\Loop\GitHub\e2e\node_modules\jasmine\node_modules\jasmine-core\lib\jasmine-core\jasmine.js:4297:26)
                    at QueueRunner.run (E:\vmware\Loop\GitHub\e2e\node_modules\jasmine\node_modules\jasmine-core\lib\jasmine-core\jasmine.js:4217:20)
                    at QueueRunner.execute (E:\vmware\Loop\GitHub\e2e\node_modules\jasmine\node_modules\jasmine-core\lib\jasmine-core\jasmine.js:4199:10)
                    at Spec.queueRunnerFactory (E:\vmware\Loop\GitHub\e2e\node_modules\jasmine\node_modules\jasmine-core\lib\jasmine-core\jasmine.js:909:35)
                    at Spec.execute (E:\vmware\Loop\GitHub\e2e\node_modules\jasmine\node_modules\jasmine-core\lib\jasmine-core\jasmine.js:526:10)
                    at UserContext.fn (E:\vmware\Loop\GitHub\e2e\node_modules\jasmine\node_modules\jasmine-core\lib\jasmine-core\jasmine.js:5340:37)
                    at attempt (E:\vmware\Loop\GitHub\e2e\node_modules\jasmine\node_modules\jasmine-core\lib\jasmine-core\jasmine.js:4297:26)
                    at QueueRunner.run (E:\vmware\Loop\GitHub\e2e\node_modules\jasmine\node_modules\jasmine-core\lib\jasmine-core\jasmine.js:4217:20)
                    at runNext (E:\vmware\Loop\GitHub\e2e\node_modules\jasmine\node_modules\jasmine-core\lib\jasmine-core\jasmine.js:4257:20)
                From asynchronous test: 
                Error: 
                    at Jasmine2Reporter.jasmineStarted (E:\vmware\Loop\GitHub\e2e\node_modules\protractor-beautiful-reporter\index.js:4948:13)
                    at dispatch (E:\vmware\Loop\GitHub\e2e\node_modules\jasmine\node_modules\jasmine-core\lib\jasmine-core\jasmine.js:4366:28)
                    at ReportDispatcher.jasmineStarted (E:\vmware\Loop\GitHub\e2e\node_modules\jasmine\node_modules\jasmine-core\lib\jasmine-core\jasmine.js:4337:11)
                    at Env.execute (E:\vmware\Loop\GitHub\e2e\node_modules\jasmine\node_modules\jasmine-core\lib\jasmine-core\jasmine.js:975:16)
                    at Jasmine.execute (E:\vmware\Loop\GitHub\e2e\node_modules\jasmine\lib\jasmine.js:200:12)
                    at E:\vmware\Loop\GitHub\e2e\node_modules\protractor\built\frameworks\jasmine.js:132:15
                    at Function.promise (E:\vmware\Loop\GitHub\e2e\node_modules\q\q.js:682:9)
                    at E:\vmware\Loop\GitHub\e2e\node_modules\protractor\built\frameworks\jasmine.js:104:14
                    at _fulfilled (E:\vmware\Loop\GitHub\e2e\node_modules\q\q.js:834:54)
                From: Task: Run beforeEach in control flow
                    at UserContext.&lt;anonymous> (E:\vmware\Loop\GitHub\e2e\node_modules\jasminewd2\index.js:94:19)
                    at attempt (E:\vmware\Loop\GitHub\e2e\node_modules\jasmine\node_modules\jasmine-core\lib\jasmine-core\jasmine.js:4297:26)
                    at QueueRunner.run (E:\vmware\Loop\GitHub\e2e\node_modules\jasmine\node_modules\jasmine-core\lib\jasmine-core\jasmine.js:4217:20)
                    at QueueRunner.execute (E:\vmware\Loop\GitHub\e2e\node_modules\jasmine\node_modules\jasmine-core\lib\jasmine-core\jasmine.js:4199:10)
                    at Spec.queueRunnerFactory (E:\vmware\Loop\GitHub\e2e\node_modules\jasmine\node_modules\jasmine-core\lib\jasmine-core\jasmine.js:909:35)
                    at Spec.execute (E:\vmware\Loop\GitHub\e2e\node_modules\jasmine\node_modules\jasmine-core\lib\jasmine-core\jasmine.js:526:10)
                    at UserContext.fn (E:\vmware\Loop\GitHub\e2e\node_modules\jasmine\node_modules\jasmine-core\lib\jasmine-core\jasmine.js:5340:37)
                    at attempt (E:\vmware\Loop\GitHub\e2e\node_modules\jasmine\node_modules\jasmine-core\lib\jasmine-core\jasmine.js:4297:26)
                    at QueueRunner.run (E:\vmware\Loop\GitHub\e2e\node_modules\jasmine\node_modules\jasmine-core\lib\jasmine-core\jasmine.js:4217:20)
                    at runNext (E:\vmware\Loop\GitHub\e2e\node_modules\jasmine\node_modules\jasmine-core\lib\jasmine-core\jasmine.js:4257:20)
                From asynchronous test: 
                Error: 
                    at Jasmine2Reporter.jasmineStarted (E:\vmware\Loop\GitHub\e2e\node_modules\protractor-beautiful-reporter\index.js:4948:13)
                    at dispatch (E:\vmware\Loop\GitHub\e2e\node_modules\jasmine\node_modules\jasmine-core\lib\jasmine-core\jasmine.js:4366:28)
                    at ReportDispatcher.jasmineStarted (E:\vmware\Loop\GitHub\e2e\node_modules\jasmine\node_modules\jasmine-core\lib\jasmine-core\jasmine.js:4337:11)
                    at Env.execute (E:\vmware\Loop\GitHub\e2e\node_modules\jasmine\node_modules\jasmine-core\lib\jasmine-core\jasmine.js:975:16)
                    at Jasmine.execute (E:\vmware\Loop\GitHub\e2e\node_modules\jasmine\lib\jasmine.js:200:12)
                    at E:\vmware\Loop\GitHub\e2e\node_modules\protractor\built\frameworks\jasmine.js:132:15
                    at Function.promise (E:\vmware\Loop\GitHub\e2e\node_modules\q\q.js:682:9)
                    at E:\vmware\Loop\GitHub\e2e\node_modules\protractor\built\frameworks\jasmine.js:104:14
                    at _fulfilled (E:\vmware\Loop\GitHub\e2e\node_modules\q\q.js:834:54)
                From: Task: Run beforeEach in control flow
                    at UserContext.&lt;anonymous> (E:\vmware\Loop\GitHub\e2e\node_modules\jasminewd2\index.js:94:19)
                    at attempt (E:\vmware\Loop\GitHub\e2e\node_modules\jasmine\node_modules\jasmine-core\lib\jasmine-core\jasmine.js:4297:26)
                    at QueueRunner.run (E:\vmware\Loop\GitHub\e2e\node_modules\jasmine\node_modules\jasmine-core\lib\jasmine-core\jasmine.js:4217:20)
                    at QueueRunner.execute (E:\vmware\Loop\GitHub\e2e\node_modules\jasmine\node_modules\jasmine-core\lib\jasmine-core\jasmine.js:4199:10)
                    at Spec.queueRunnerFactory (E:\vmware\Loop\GitHub\e2e\node_modules\jasmine\node_modules\jasmine-core\lib\jasmine-core\jasmine.js:909:35)
                    at Spec.execute (E:\vmware\Loop\GitHub\e2e\node_modules\jasmine\node_modules\jasmine-core\lib\jasmine-core\jasmine.js:526:10)
                    at UserContext.fn (E:\vmware\Loop\GitHub\e2e\node_modules\jasmine\node_modules\jasmine-core\lib\jasmine-core\jasmine.js:5340:37)
                    at attempt (E:\vmware\Loop\GitHub\e2e\node_modules\jasmine\node_modules\jasmine-core\lib\jasmine-core\jasmine.js:4297:26)
                    at QueueRunner.run (E:\vmware\Loop\GitHub\e2e\node_modules\jasmine\node_modules\jasmine-core\lib\jasmine-core\jasmine.js:4217:20)
                    at runNext (E:\vmware\Loop\GitHub\e2e\node_modules\jasmine\node_modules\jasmine-core\lib\jasmine-core\jasmine.js:4257:20)
                From asynchronous test: 
                Error: 
                    at Jasmine2Reporter.jasmineStarted (E:\vmware\Loop\GitHub\e2e\node_modules\protractor-beautiful-reporter\index.js:4948:13)
                    at dispatch (E:\vmware\Loop\GitHub\e2e\node_modules\jasmine\node_modules\jasmine-core\lib\jasmine-core\jasmine.js:4366:28)
                    at ReportDispatcher.jasmineStarted (E:\vmware\Loop\GitHub\e2e\node_modules\jasmine\node_modules\jasmine-core\lib\jasmine-core\jasmine.js:4337:11)
                    at Env.execute (E:\vmware\Loop\GitHub\e2e\node_modules\jasmine\node_modules\jasmine-core\lib\jasmine-core\jasmine.js:975:16)
                    at Jasmine.execute (E:\vmware\Loop\GitHub\e2e\node_modules\jasmine\lib\jasmine.js:200:12)
                    at E:\vmware\Loop\GitHub\e2e\node_modules\protractor\built\frameworks\jasmine.js:132:15
                    at Function.promise (E:\vmware\Loop\GitHub\e2e\node_modules\q\q.js:682:9)
                    at E:\vmware\Loop\GitHub\e2e\node_modules\protractor\built\frameworks\jasmine.js:104:14
                    at _fulfilled (E:\vmware\Loop\GitHub\e2e\node_modules\q\q.js:834:54)
                From: Task: Run beforeEach in control flow
                    at UserContext.&lt;anonymous> (E:\vmware\Loop\GitHub\e2e\node_modules\jasminewd2\index.js:94:19)
                    at attempt (E:\vmware\Loop\GitHub\e2e\node_modules\jasmine\node_modules\jasmine-core\lib\jasmine-core\jasmine.js:4297:26)
                    at QueueRunner.run (E:\vmware\Loop\GitHub\e2e\node_modules\jasmine\node_modules\jasmine-core\lib\jasmine-core\jasmine.js:4217:20)
                    at QueueRunner.execute (E:\vmware\Loop\GitHub\e2e\node_modules\jasmine\node_modules\jasmine-core\lib\jasmine-core\jasmine.js:4199:10)
                    at Spec.queueRunnerFactory (E:\vmware\Loop\GitHub\e2e\node_modules\jasmine\node_modules\jasmine-core\lib\jasmine-core\jasmine.js:909:35)
                    at Spec.execute (E:\vmware\Loop\GitHub\e2e\node_modules\jasmine\node_modules\jasmine-core\lib\jasmine-core\jasmine.js:526:10)
                    at UserContext.fn (E:\vmware\Loop\GitHub\e2e\node_modules\jasmine\node_modules\jasmine-core\lib\jasmine-core\jasmine.js:5340:37)
                    at attempt (E:\vmware\Loop\GitHub\e2e\node_modules\jasmine\node_modules\jasmine-core\lib\jasmine-core\jasmine.js:4297:26)
                    at QueueRunner.run (E:\vmware\Loop\GitHub\e2e\node_modules\jasmine\node_modules\jasmine-core\lib\jasmine-core\jasmine.js:4217:20)
                    at QueueRunner.execute (E:\vmware\Loop\GitHub\e2e\node_modules\jasmine\node_modules\jasmine-core\lib\jasmine-core\jasmine.js:4199:10)
                From asynchronous test: 
                Error: 
                    at Jasmine2Reporter.jasmineStarted (E:\vmware\Loop\GitHub\e2e\node_modules\protractor-beautiful-reporter\index.js:4948:13)
                    at dispatch (E:\vmware\Loop\GitHub\e2e\node_modules\jasmine\node_modules\jasmine-core\lib\jasmine-core\jasmine.js:4366:28)
                    at ReportDispatcher.jasmineStarted (E:\vmware\Loop\GitHub\e2e\node_modules\jasmine\node_modules\jasmine-core\lib\jasmine-core\jasmine.js:4337:11)
                    at Env.execute (E:\vmware\Loop\GitHub\e2e\node_modules\jasmine\node_modules\jasmine-core\lib\jasmine-core\jasmine.js:975:16)
                    at Jasmine.execute (E:\vmware\Loop\GitHub\e2e\node_modules\jasmine\lib\jasmine.js:200:12)
                    at E:\vmware\Loop\GitHub\e2e\node_modules\protractor\built\frameworks\jasmine.js:132:15
                    at Function.promise (E:\vmware\Loop\GitHub\e2e\node_modules\q\q.js:682:9)
                    at E:\vmware\Loop\GitHub\e2e\node_modules\protractor\built\frameworks\jasmine.js:104:14
                    at _fulfilled (E:\vmware\Loop\GitHub\e2e\node_modules\q\q.js:834:54)
                From: Task: Run beforeEach in control flow
                    at UserContext.&lt;anonymous> (E:\vmware\Loop\GitHub\e2e\node_modules\jasminewd2\index.js:94:19)
                    at attempt (E:\vmware\Loop\GitHub\e2e\node_modules\jasmine\node_modules\jasmine-core\lib\jasmine-core\jasmine.js:4297:26)
                    at QueueRunner.run (E:\vmware\Loop\GitHub\e2e\node_modules\jasmine\node_modules\jasmine-core\lib\jasmine-core\jasmine.js:4217:20)
                    at QueueRunner.execute (E:\vmware\Loop\GitHub\e2e\node_modules\jasmine\node_modules\jasmine-core\lib\jasmine-core\jasmine.js:4199:10)
                    at Spec.queueRunnerFactory (E:\vmware\Loop\GitHub\e2e\node_modules\jasmine\node_modules\jasmine-core\lib\jasmine-core\jasmine.js:909:35)
                    at Spec.execute (E:\vmware\Loop\GitHub\e2e\node_modules\jasmine\node_modules\jasmine-core\lib\jasmine-core\jasmine.js:526:10)
                    at UserContext.fn (E:\vmware\Loop\GitHub\e2e\node_modules\jasmine\node_modules\jasmine-core\lib\jasmine-core\jasmine.js:5340:37)
                    at attempt (E:\vmware\Loop\GitHub\e2e\node_modules\jasmine\node_modules\jasmine-core\lib\jasmine-core\jasmine.js:4297:26)
                    at QueueRunner.run (E:\vmware\Loop\GitHub\e2e\node_modules\jasmine\node_modules\jasmine-core\lib\jasmine-core\jasmine.js:4217:20)
                    at runNext (E:\vmware\Loop\GitHub\e2e\node_modules\jasmine\node_modules\jasmine-core\lib\jasmine-core\jasmine.js:4257:20)
                From asynchronous test: 
                Error: 
                    at Jasmine2Reporter.jasmineStarted (E:\vmware\Loop\GitHub\e2e\node_modules\protractor-beautiful-reporter\index.js:4948:13)
                    at dispatch (E:\vmware\Loop\GitHub\e2e\node_modules\jasmine\node_modules\jasmine-core\lib\jasmine-core\jasmine.js:4366:28)
                    at ReportDispatcher.jasmineStarted (E:\vmware\Loop\GitHub\e2e\node_modules\jasmine\node_modules\jasmine-core\lib\jasmine-core\jasmine.js:4337:11)
                    at Env.execute (E:\vmware\Loop\GitHub\e2e\node_modules\jasmine\node_modules\jasmine-core\lib\jasmine-core\jasmine.js:975:16)
                    at Jasmine.execute (E:\vmware\Loop\GitHub\e2e\node_modules\jasmine\lib\jasmine.js:200:12)
                    at E:\vmware\Loop\GitHub\e2e\node_modules\protractor\built\frameworks\jasmine.js:132:15
                    at Function.promise (E:\vmware\Loop\GitHub\e2e\node_modules\q\q.js:682:9)
                    at E:\vmware\Loop\GitHub\e2e\node_modules\protractor\built\frameworks\jasmine.js:104:14
                    at _fulfilled (E:\vmware\Loop\GitHub\e2e\node_modules\q\q.js:834:54)
                From: Task: Run beforeEach in control flow
                    at UserContext.&lt;anonymous> (E:\vmware\Loop\GitHub\e2e\node_modules\jasminewd2\index.js:94:19)
                    at attempt (E:\vmware\Loop\GitHub\e2e\node_modules\jasmine\node_modules\jasmine-core\lib\jasmine-core\jasmine.js:4297:26)
                    at QueueRunner.run (E:\vmware\Loop\GitHub\e2e\node_modules\jasmine\node_modules\jasmine-core\lib\jasmine-core\jasmine.js:4217:20)
                    at QueueRunner.execute (E:\vmware\Loop\GitHub\e2e\node_modules\jasmine\node_modules\jasmine-core\lib\jasmine-core\jasmine.js:4199:10)
                    at Spec.queueRunnerFactory (E:\vmware\Loop\GitHub\e2e\node_modules\jasmine\node_modules\jasmine-core\lib\jasmine-core\jasmine.js:909:35)
                    at Spec.execute (E:\vmware\Loop\GitHub\e2e\node_modules\jasmine\node_modules\jasmine-core\lib\jasmine-core\jasmine.js:526:10)
                    at UserContext.fn (E:\vmware\Loop\GitHub\e2e\node_modules\jasmine\node_modules\jasmine-core\lib\jasmine-core\jasmine.js:5340:37)
                    at attempt (E:\vmware\Loop\GitHub\e2e\node_modules\jasmine\node_modules\jasmine-core\lib\jasmine-core\jasmine.js:4297:26)
                    at QueueRunner.run (E:\vmware\Loop\GitHub\e2e\node_modules\jasmine\node_modules\jasmine-core\lib\jasmine-core\jasmine.js:4217:20)
                    at runNext (E:\vmware\Loop\GitHub\e2e\node_modules\jasmine\node_modules\jasmine-core\lib\jasmine-core\jasmine.js:4257:20)
                From asynchronous test: 
                Error: 
                    at Jasmine2Reporter.jasmineStarted (E:\vmware\Loop\GitHub\e2e\node_modules\protractor-beautiful-reporter\index.js:4948:13)
                    at dispatch (E:\vmware\Loop\GitHub\e2e\node_modules\jasmine\node_modules\jasmine-core\lib\jasmine-core\jasmine.js:4366:28)
                    at ReportDispatcher.jasmineStarted (E:\vmware\Loop\GitHub\e2e\node_modules\jasmine\node_modules\jasmine-core\lib\jasmine-core\jasmine.js:4337:11)
                    at Env.execute (E:\vmware\Loop\GitHub\e2e\node_modules\jasmine\node_modules\jasmine-core\lib\jasmine-core\jasmine.js:975:16)
                    at Jasmine.execute (E:\vmware\Loop\GitHub\e2e\node_modules\jasmine\lib\jasmine.js:200:12)
                    at E:\vmware\Loop\GitHub\e2e\node_modules\protractor\built\frameworks\jasmine.js:132:15
                    at Function.promise (E:\vmware\Loop\GitHub\e2e\node_modules\q\q.js:682:9)
                    at E:\vmware\Loop\GitHub\e2e\node_modules\protractor\built\frameworks\jasmine.js:104:14
                    at _fulfilled (E:\vmware\Loop\GitHub\e2e\node_modules\q\q.js:834:54)
                From: Task: Run beforeEach in control flow
                    at UserContext.&lt;anonymous> (E:\vmware\Loop\GitHub\e2e\node_modules\jasminewd2\index.js:94:19)
                    at attempt (E:\vmware\Loop\GitHub\e2e\node_modules\jasmine\node_modules\jasmine-core\lib\jasmine-core\jasmine.js:4297:26)
                    at QueueRunner.run (E:\vmware\Loop\GitHub\e2e\node_modules\jasmine\node_modules\jasmine-core\lib\jasmine-core\jasmine.js:4217:20)
                    at QueueRunner.execute (E:\vmware\Loop\GitHub\e2e\node_modules\jasmine\node_modules\jasmine-core\lib\jasmine-core\jasmine.js:4199:10)
                    at Spec.queueRunnerFactory (E:\vmware\Loop\GitHub\e2e\node_modules\jasmine\node_modules\jasmine-core\lib\jasmine-core\jasmine.js:909:35)
                    at Spec.execute (E:\vmware\Loop\GitHub\e2e\node_modules\jasmine\node_modules\jasmine-core\lib\jasmine-core\jasmine.js:526:10)
                    at UserContext.fn (E:\vmware\Loop\GitHub\e2e\node_modules\jasmine\node_modules\jasmine-core\lib\jasmine-core\jasmine.js:5340:37)
                    at attempt (E:\vmware\Loop\GitHub\e2e\node_modules\jasmine\node_modules\jasmine-core\lib\jasmine-core\jasmine.js:4297:26)
                    at QueueRunner.run (E:\vmware\Loop\GitHub\e2e\node_modules\jasmine\node_modules\jasmine-core\lib\jasmine-core\jasmine.js:4217:20)
                    at QueueRunner.execute (E:\vmware\Loop\GitHub\e2e\node_modules\jasmine\node_modules\jasmine-core\lib\jasmine-core\jasmine.js:4199:10)
                From asynchronous test: 
                Error: 
                    at Jasmine2Reporter.jasmineStarted (E:\vmware\Loop\GitHub\e2e\node_modules\protractor-beautiful-reporter\index.js:4948:13)
                    at dispatch (E:\vmware\Loop\GitHub\e2e\node_modules\jasmine\node_modules\jasmine-core\lib\jasmine-core\jasmine.js:4366:28)
                    at ReportDispatcher.jasmineStarted (E:\vmware\Loop\GitHub\e2e\node_modules\jasmine\node_modules\jasmine-core\lib\jasmine-core\jasmine.js:4337:11)
                    at Env.execute (E:\vmware\Loop\GitHub\e2e\node_modules\jasmine\node_modules\jasmine-core\lib\jasmine-core\jasmine.js:975:16)
                    at Jasmine.execute (E:\vmware\Loop\GitHub\e2e\node_modules\jasmine\lib\jasmine.js:200:12)
                    at E:\vmware\Loop\GitHub\e2e\node_modules\protractor\built\frameworks\jasmine.js:132:15
                    at Function.promise (E:\vmware\Loop\GitHub\e2e\node_modules\q\q.js:682:9)
                    at E:\vmware\Loop\GitHub\e2e\node_modules\protractor\built\frameworks\jasmine.js:104:14
                    at _fulfilled (E:\vmware\Loop\GitHub\e2e\node_modules\q\q.js:834:54)
                From: Task: Run beforeEach in control flow
                    at UserContext.&lt;anonymous> (E:\vmware\Loop\GitHub\e2e\node_modules\jasminewd2\index.js:94:19)
                    at attempt (E:\vmware\Loop\GitHub\e2e\node_modules\jasmine\node_modules\jasmine-core\lib\jasmine-core\jasmine.js:4297:26)
                    at QueueRunner.run (E:\vmware\Loop\GitHub\e2e\node_modules\jasmine\node_modules\jasmine-core\lib\jasmine-core\jasmine.js:4217:20)
                    at QueueRunner.execute (E:\vmware\Loop\GitHub\e2e\node_modules\jasmine\node_modules\jasmine-core\lib\jasmine-core\jasmine.js:4199:10)
                    at Spec.queueRunnerFactory (E:\vmware\Loop\GitHub\e2e\node_modules\jasmine\node_modules\jasmine-core\lib\jasmine-core\jasmine.js:909:35)
                    at Spec.execute (E:\vmware\Loop\GitHub\e2e\node_modules\jasmine\node_modules\jasmine-core\lib\jasmine-core\jasmine.js:526:10)
                    at UserContext.fn (E:\vmware\Loop\GitHub\e2e\node_modules\jasmine\node_modules\jasmine-core\lib\jasmine-core\jasmine.js:5340:37)
                    at attempt (E:\vmware\Loop\GitHub\e2e\node_modules\jasmine\node_modules\jasmine-core\lib\jasmine-core\jasmine.js:4297:26)
                    at QueueRunner.run (E:\vmware\Loop\GitHub\e2e\node_modules\jasmine\node_modules\jasmine-core\lib\jasmine-core\jasmine.js:4217:20)
                    at runNext (E:\vmware\Loop\GitHub\e2e\node_modules\jasmine\node_modules\jasmine-core\lib\jasmine-core\jasmine.js:4257:20)
                From asynchronous test: 
                Error: 
                    at Jasmine2Reporter.jasmineStarted (E:\vmware\Loop\GitHub\e2e\node_modules\protractor-beautiful-reporter\index.js:4948:13)
                    at dispatch (E:\vmware\Loop\GitHub\e2e\node_modules\jasmine\node_modules\jasmine-core\lib\jasmine-core\jasmine.js:4366:28)
                    at ReportDispatcher.jasmineStarted (E:\vmware\Loop\GitHub\e2e\node_modules\jasmine\node_modules\jasmine-core\lib\jasmine-core\jasmine.js:4337:11)
                    at Env.execute (E:\vmware\Loop\GitHub\e2e\node_modules\jasmine\node_modules\jasmine-core\lib\jasmine-core\jasmine.js:975:16)
                    at Jasmine.execute (E:\vmware\Loop\GitHub\e2e\node_modules\jasmine\lib\jasmine.js:200:12)
                    at E:\vmware\Loop\GitHub\e2e\node_modules\protractor\built\frameworks\jasmine.js:132:15
                    at Function.promise (E:\vmware\Loop\GitHub\e2e\node_modules\q\q.js:682:9)
                    at E:\vmware\Loop\GitHub\e2e\node_modules\protractor\built\frameworks\jasmine.js:104:14
                    at _fulfilled (E:\vmware\Loop\GitHub\e2e\node_modules\q\q.js:834:54)
                From: Task: Run beforeEach in control flow
                    at UserContext.&lt;anonymous> (E:\vmware\Loop\GitHub\e2e\node_modules\jasminewd2\index.js:94:19)
                    at attempt (E:\vmware\Loop\GitHub\e2e\node_modules\jasmine\node_modules\jasmine-core\lib\jasmine-core\jasmine.js:4297:26)
                    at QueueRunner.run (E:\vmware\Loop\GitHub\e2e\node_modules\jasmine\node_modules\jasmine-core\lib\jasmine-core\jasmine.js:4217:20)
                    at QueueRunner.execute (E:\vmware\Loop\GitHub\e2e\node_modules\jasmine\node_modules\jasmine-core\lib\jasmine-core\jasmine.js:4199:10)
                    at Spec.queueRunnerFactory (E:\vmware\Loop\GitHub\e2e\node_modules\jasmine\node_modules\jasmine-core\lib\jasmine-core\jasmine.js:909:35)
                    at Spec.execute (E:\vmware\Loop\GitHub\e2e\node_modules\jasmine\node_modules\jasmine-core\lib\jasmine-core\jasmine.js:526:10)
                    at UserContext.fn (E:\vmware\Loop\GitHub\e2e\node_modules\jasmine\node_modules\jasmine-core\lib\jasmine-core\jasmine.js:5340:37)
                    at attempt (E:\vmware\Loop\GitHub\e2e\node_modules\jasmine\node_modules\jasmine-core\lib\jasmine-core\jasmine.js:4297:26)
                    at QueueRunner.run (E:\vmware\Loop\GitHub\e2e\node_modules\jasmine\node_modules\jasmine-core\lib\jasmine-core\jasmine.js:4217:20)
                    at QueueRunner.execute (E:\vmware\Loop\GitHub\e2e\node_modules\jasmine\node_modules\jasmine-core\lib\jasmine-core\jasmine.js:4199:10)
                From asynchronous test: 
                Error: 
                    at Jasmine2Reporter.jasmineStarted (E:\vmware\Loop\GitHub\e2e\node_modules\protractor-beautiful-reporter\index.js:4948:13)
                    at dispatch (E:\vmware\Loop\GitHub\e2e\node_modules\jasmine\node_modules\jasmine-core\lib\jasmine-core\jasmine.js:4366:28)
                    at ReportDispatcher.jasmineStarted (E:\vmware\Loop\GitHub\e2e\node_modules\jasmine\node_modules\jasmine-core\lib\jasmine-core\jasmine.js:4337:11)
                    at Env.execute (E:\vmware\Loop\GitHub\e2e\node_modules\jasmine\node_modules\jasmine-core\lib\jasmine-core\jasmine.js:975:16)
                    at Jasmine.execute (E:\vmware\Loop\GitHub\e2e\node_modules\jasmine\lib\jasmine.js:200:12)
                    at E:\vmware\Loop\GitHub\e2e\node_modules\protractor\built\frameworks\jasmine.js:132:15
                    at Function.promise (E:\vmware\Loop\GitHub\e2e\node_modules\q\q.js:682:9)
                    at E:\vmware\Loop\GitHub\e2e\node_modules\protractor\built\frameworks\jasmine.js:104:14
                    at _fulfilled (E:\vmware\Loop\GitHub\e2e\node_modules\q\q.js:834:54)
                From: Task: Run beforeEach in control flow
                    at UserContext.&lt;anonymous> (E:\vmware\Loop\GitHub\e2e\node_modules\jasminewd2\index.js:94:19)
                    at attempt (E:\vmware\Loop\GitHub\e2e\node_modules\jasmine\node_modules\jasmine-core\lib\jasmine-core\jasmine.js:4297:26)
                    at QueueRunner.run (E:\vmware\Loop\GitHub\e2e\node_modules\jasmine\node_modules\jasmine-core\lib\jasmine-core\jasmine.js:4217:20)
                    at QueueRunner.execute (E:\vmware\Loop\GitHub\e2e\node_modules\jasmine\node_modules\jasmine-core\lib\jasmine-core\jasmine.js:4199:10)
                    at Spec.queueRunnerFactory (E:\vmware\Loop\GitHub\e2e\node_modules\jasmine\node_modules\jasmine-core\lib\jasmine-core\jasmine.js:909:35)
                    at Spec.execute (E:\vmware\Loop\GitHub\e2e\node_modules\jasmine\node_modules\jasmine-core\lib\jasmine-core\jasmine.js:526:10)
                    at UserContext.fn (E:\vmware\Loop\GitHub\e2e\node_modules\jasmine\node_modules\jasmine-core\lib\jasmine-core\jasmine.js:5340:37)
                    at attempt (E:\vmware\Loop\GitHub\e2e\node_modules\jasmine\node_modules\jasmine-core\lib\jasmine-core\jasmine.js:4297:26)
                    at QueueRunner.run (E:\vmware\Loop\GitHub\e2e\node_modules\jasmine\node_modules\jasmine-core\lib\jasmine-core\jasmine.js:4217:20)
                    at runNext (E:\vmware\Loop\GitHub\e2e\node_modules\jasmine\node_modules\jasmine-core\lib\jasmine-core\jasmine.js:4257:20)
                From asynchronous test: 
                Error: 
                    at Jasmine2Reporter.jasmineStarted (E:\vmware\Loop\GitHub\e2e\node_modules\protractor-beautiful-reporter\index.js:4948:13)
                    at dispatch (E:\vmware\Loop\GitHub\e2e\node_modules\jasmine\node_modules\jasmine-core\lib\jasmine-core\jasmine.js:4366:28)
                    at ReportDispatcher.jasmineStarted (E:\vmware\Loop\GitHub\e2e\node_modules\jasmine\node_modules\jasmine-core\lib\jasmine-core\jasmine.js:4337:11)
                    at Env.execute (E:\vmware\Loop\GitHub\e2e\node_modules\jasmine\node_modules\jasmine-core\lib\jasmine-core\jasmine.js:975:16)
                    at Jasmine.execute (E:\vmware\Loop\GitHub\e2e\node_modules\jasmine\lib\jasmine.js:200:12)
                    at E:\vmware\Loop\GitHub\e2e\node_modules\protractor\built\frameworks\jasmine.js:132:15
                    at Function.promise (E:\vmware\Loop\GitHub\e2e\node_modules\q\q.js:682:9)
                    at E:\vmware\Loop\GitHub\e2e\node_modules\protractor\built\frameworks\jasmine.js:104:14
                    at _fulfilled (E:\vmware\Loop\GitHub\e2e\node_modules\q\q.js:834:54)
                From: Task: Run beforeEach in control flow
                    at UserContext.&lt;anonymous> (E:\vmware\Loop\GitHub\e2e\node_modules\jasminewd2\index.js:94:19)
                    at attempt (E:\vmware\Loop\GitHub\e2e\node_modules\jasmine\node_modules\jasmine-core\lib\jasmine-core\jasmine.js:4297:26)
                    at QueueRunner.run (E:\vmware\Loop\GitHub\e2e\node_modules\jasmine\node_modules\jasmine-core\lib\jasmine-core\jasmine.js:4217:20)
                    at QueueRunner.execute (E:\vmware\Loop\GitHub\e2e\node_modules\jasmine\node_modules\jasmine-core\lib\jasmine-core\jasmine.js:4199:10)
                    at Spec.queueRunnerFactory (E:\vmware\Loop\GitHub\e2e\node_modules\jasmine\node_modules\jasmine-core\lib\jasmine-core\jasmine.js:909:35)
                    at Spec.execute (E:\vmware\Loop\GitHub\e2e\node_modules\jasmine\node_modules\jasmine-core\lib\jasmine-core\jasmine.js:526:10)
                    at UserContext.fn (E:\vmware\Loop\GitHub\e2e\node_modules\jasmine\node_modules\jasmine-core\lib\jasmine-core\jasmine.js:5340:37)
                    at attempt (E:\vmware\Loop\GitHub\e2e\node_modules\jasmine\node_modules\jasmine-core\lib\jasmine-core\jasmine.js:4297:26)
                    at QueueRunner.run (E:\vmware\Loop\GitHub\e2e\node_modules\jasmine\node_modules\jasmine-core\lib\jasmine-core\jasmine.js:4217:20)
                    at runNext (E:\vmware\Loop\GitHub\e2e\node_modules\jasmine\node_modules\jasmine-core\lib\jasmine-core\jasmine.js:4257:20)
                From asynchronous test: 
                Error: 
                    at Jasmine2Reporter.jasmineStarted (E:\vmware\Loop\GitHub\e2e\node_modules\protractor-beautiful-reporter\index.js:4948:13)
                    at dispatch (E:\vmware\Loop\GitHub\e2e\node_modules\jasmine\node_modules\jasmine-core\lib\jasmine-core\jasmine.js:4366:28)
                    at ReportDispatcher.jasmineStarted (E:\vmware\Loop\GitHub\e2e\node_modules\jasmine\node_modules\jasmine-core\lib\jasmine-core\jasmine.js:4337:11)
                    at Env.execute (E:\vmware\Loop\GitHub\e2e\node_modules\jasmine\node_modules\jasmine-core\lib\jasmine-core\jasmine.js:975:16)
                    at Jasmine.execute (E:\vmware\Loop\GitHub\e2e\node_modules\jasmine\lib\jasmine.js:200:12)
                    at E:\vmware\Loop\GitHub\e2e\node_modules\protractor\built\frameworks\jasmine.js:132:15
                    at Function.promise (E:\vmware\Loop\GitHub\e2e\node_modules\q\q.js:682:9)
                    at E:\vmware\Loop\GitHub\e2e\node_modules\protractor\built\frameworks\jasmine.js:104:14
                    at _fulfilled (E:\vmware\Loop\GitHub\e2e\node_modules\q\q.js:834:54)
                From: Task: Run beforeEach in control flow
                    at UserContext.&lt;anonymous> (E:\vmware\Loop\GitHub\e2e\node_modules\jasminewd2\index.js:94:19)
                    at attempt (E:\vmware\Loop\GitHub\e2e\node_modules\jasmine\node_modules\jasmine-core\lib\jasmine-core\jasmine.js:4297:26)
                    at QueueRunner.run (E:\vmware\Loop\GitHub\e2e\node_modules\jasmine\node_modules\jasmine-core\lib\jasmine-core\jasmine.js:4217:20)
                    at QueueRunner.execute (E:\vmware\Loop\GitHub\e2e\node_modules\jasmine\node_modules\jasmine-core\lib\jasmine-core\jasmine.js:4199:10)
                    at Spec.queueRunnerFactory (E:\vmware\Loop\GitHub\e2e\node_modules\jasmine\node_modules\jasmine-core\lib\jasmine-core\jasmine.js:909:35)
                    at Spec.execute (E:\vmware\Loop\GitHub\e2e\node_modules\jasmine\node_modules\jasmine-core\lib\jasmine-core\jasmine.js:526:10)
                    at UserContext.fn (E:\vmware\Loop\GitHub\e2e\node_modules\jasmine\node_modules\jasmine-core\lib\jasmine-core\jasmine.js:5340:37)
                    at attempt (E:\vmware\Loop\GitHub\e2e\node_modules\jasmine\node_modules\jasmine-core\lib\jasmine-core\jasmine.js:4297:26)
                    at QueueRunner.run (E:\vmware\Loop\GitHub\e2e\node_modules\jasmine\node_modules\jasmine-core\lib\jasmine-core\jasmine.js:4217:20)
                    at runNext (E:\vmware\Loop\GitHub\e2e\node_modules\jasmine\node_modules\jasmine-core\lib\jasmine-core\jasmine.js:4257:20)
                From asynchronous test: 
                Error: 
                    at Jasmine2Reporter.jasmineStarted (E:\vmware\Loop\GitHub\e2e\node_modules\protractor-beautiful-reporter\index.js:4948:13)
                    at dispatch (E:\vmware\Loop\GitHub\e2e\node_modules\jasmine\node_modules\jasmine-core\lib\jasmine-core\jasmine.js:4366:28)
                    at ReportDispatcher.jasmineStarted (E:\vmware\Loop\GitHub\e2e\node_modules\jasmine\node_modules\jasmine-core\lib\jasmine-core\jasmine.js:4337:11)
                    at Env.execute (E:\vmware\Loop\GitHub\e2e\node_modules\jasmine\node_modules\jasmine-core\lib\jasmine-core\jasmine.js:975:16)
                    at Jasmine.execute (E:\vmware\Loop\GitHub\e2e\node_modules\jasmine\lib\jasmine.js:200:12)
                    at E:\vmware\Loop\GitHub\e2e\node_modules\protractor\built\frameworks\jasmine.js:132:15
                    at Function.promise (E:\vmware\Loop\GitHub\e2e\node_modules\q\q.js:682:9)
                    at E:\vmware\Loop\GitHub\e2e\node_modules\protractor\built\frameworks\jasmine.js:104:14
                    at _fulfilled (E:\vmware\Loop\GitHub\e2e\node_modules\q\q.js:834:54)
                From: Task: Run beforeEach in control flow
                    at UserContext.&lt;anonymous> (E:\vmware\Loop\GitHub\e2e\node_modules\jasminewd2\index.js:94:19)
                    at attempt (E:\vmware\Loop\GitHub\e2e\node_modules\jasmine\node_modules\jasmine-core\lib\jasmine-core\jasmine.js:4297:26)
                    at QueueRunner.run (E:\vmware\Loop\GitHub\e2e\node_modules\jasmine\node_modules\jasmine-core\lib\jasmine-core\jasmine.js:4217:20)
                    at QueueRunner.execute (E:\vmware\Loop\GitHub\e2e\node_modules\jasmine\node_modules\jasmine-core\lib\jasmine-core\jasmine.js:4199:10)
                    at Spec.queueRunnerFactory (E:\vmware\Loop\GitHub\e2e\node_modules\jasmine\node_modules\jasmine-core\lib\jasmine-core\jasmine.js:909:35)
                    at Spec.execute (E:\vmware\Loop\GitHub\e2e\node_modules\jasmine\node_modules\jasmine-core\lib\jasmine-core\jasmine.js:526:10)
                    at UserContext.fn (E:\vmware\Loop\GitHub\e2e\node_modules\jasmine\node_modules\jasmine-core\lib\jasmine-core\jasmine.js:5340:37)
                    at attempt (E:\vmware\Loop\GitHub\e2e\node_modules\jasmine\node_modules\jasmine-core\lib\jasmine-core\jasmine.js:4297:26)
                    at QueueRunner.run (E:\vmware\Loop\GitHub\e2e\node_modules\jasmine\node_modules\jasmine-core\lib\jasmine-core\jasmine.js:4217:20)
                    at runNext (E:\vmware\Loop\GitHub\e2e\node_modules\jasmine\node_modules\jasmine-core\lib\jasmine-core\jasmine.js:4257:20)
                From asynchronous test: 
                Error: 
                    at Jasmine2Reporter.jasmineStarted (E:\vmware\Loop\GitHub\e2e\node_modules\protractor-beautiful-reporter\index.js:4948:13)
                    at dispatch (E:\vmware\Loop\GitHub\e2e\node_modules\jasmine\node_modules\jasmine-core\lib\jasmine-core\jasmine.js:4366:28)
                    at ReportDispatcher.jasmineStarted (E:\vmware\Loop\GitHub\e2e\node_modules\jasmine\node_modules\jasmine-core\lib\jasmine-core\jasmine.js:4337:11)
                    at Env.execute (E:\vmware\Loop\GitHub\e2e\node_modules\jasmine\node_modules\jasmine-core\lib\jasmine-core\jasmine.js:975:16)
                    at Jasmine.execute (E:\vmware\Loop\GitHub\e2e\node_modules\jasmine\lib\jasmine.js:200:12)
                    at E:\vmware\Loop\GitHub\e2e\node_modules\protractor\built\frameworks\jasmine.js:132:15
                    at Function.promise (E:\vmware\Loop\GitHub\e2e\node_modules\q\q.js:682:9)
                    at E:\vmware\Loop\GitHub\e2e\node_modules\protractor\built\frameworks\jasmine.js:104:14
                    at _fulfilled (E:\vmware\Loop\GitHub\e2e\node_modules\q\q.js:834:54)
                From: Task: Run beforeEach in control flow
                    at UserContext.&lt;anonymous> (E:\vmware\Loop\GitHub\e2e\node_modules\jasminewd2\index.js:94:19)
                    at attempt (E:\vmware\Loop\GitHub\e2e\node_modules\jasmine\node_modules\jasmine-core\lib\jasmine-core\jasmine.js:4297:26)
                    at QueueRunner.run (E:\vmware\Loop\GitHub\e2e\node_modules\jasmine\node_modules\jasmine-core\lib\jasmine-core\jasmine.js:4217:20)
                    at QueueRunner.execute (E:\vmware\Loop\GitHub\e2e\node_modules\jasmine\node_modules\jasmine-core\lib\jasmine-core\jasmine.js:4199:10)
                    at Spec.queueRunnerFactory (E:\vmware\Loop\GitHub\e2e\node_modules\jasmine\node_modules\jasmine-core\lib\jasmine-core\jasmine.js:909:35)
                    at Spec.execute (E:\vmware\Loop\GitHub\e2e\node_modules\jasmine\node_modules\jasmine-core\lib\jasmine-core\jasmine.js:526:10)
                    at UserContext.fn (E:\vmware\Loop\GitHub\e2e\node_modules\jasmine\node_modules\jasmine-core\lib\jasmine-core\jasmine.js:5340:37)
                    at attempt (E:\vmware\Loop\GitHub\e2e\node_modules\jasmine\node_modules\jasmine-core\lib\jasmine-core\jasmine.js:4297:26)
                    at QueueRunner.run (E:\vmware\Loop\GitHub\e2e\node_modules\jasmine\node_modules\jasmine-core\lib\jasmine-core\jasmine.js:4217:20)
                    at runNext (E:\vmware\Loop\GitHub\e2e\node_modules\jasmine\node_modules\jasmine-core\lib\jasmine-core\jasmine.js:4257:20)
                From asynchronous test: 
                Error: 
                    at Jasmine2Reporter.jasmineStarted (E:\vmware\Loop\GitHub\e2e\node_modules\protractor-beautiful-reporter\index.js:4948:13)
                    at dispatch (E:\vmware\Loop\GitHub\e2e\node_modules\jasmine\node_modules\jasmine-core\lib\jasmine-core\jasmine.js:4366:28)
                    at ReportDispatcher.jasmineStarted (E:\vmware\Loop\GitHub\e2e\node_modules\jasmine\node_modules\jasmine-core\lib\jasmine-core\jasmine.js:4337:11)
                    at Env.execute (E:\vmware\Loop\GitHub\e2e\node_modules\jasmine\node_modules\jasmine-core\lib\jasmine-core\jasmine.js:975:16)
                    at Jasmine.execute (E:\vmware\Loop\GitHub\e2e\node_modules\jasmine\lib\jasmine.js:200:12)
                    at E:\vmware\Loop\GitHub\e2e\node_modules\protractor\built\frameworks\jasmine.js:132:15
                    at Function.promise (E:\vmware\Loop\GitHub\e2e\node_modules\q\q.js:682:9)
                    at E:\vmware\Loop\GitHub\e2e\node_modules\protractor\built\frameworks\jasmine.js:104:14
                    at _fulfilled (E:\vmware\Loop\GitHub\e2e\node_modules\q\q.js:834:54)
                From: Task: Run beforeEach in control flow
                    at UserContext.&lt;anonymous> (E:\vmware\Loop\GitHub\e2e\node_modules\jasminewd2\index.js:94:19)
                    at attempt (E:\vmware\Loop\GitHub\e2e\node_modules\jasmine\node_modules\jasmine-core\lib\jasmine-core\jasmine.js:4297:26)
                    at QueueRunner.run (E:\vmware\Loop\GitHub\e2e\node_modules\jasmine\node_modules\jasmine-core\lib\jasmine-core\jasmine.js:4217:20)
                    at QueueRunner.execute (E:\vmware\Loop\GitHub\e2e\node_modules\jasmine\node_modules\jasmine-core\lib\jasmine-core\jasmine.js:4199:10)
                    at Spec.queueRunnerFactory (E:\vmware\Loop\GitHub\e2e\node_modules\jasmine\node_modules\jasmine-core\lib\jasmine-core\jasmine.js:909:35)
                    at Spec.execute (E:\vmware\Loop\GitHub\e2e\node_modules\jasmine\node_modules\jasmine-core\lib\jasmine-core\jasmine.js:526:10)
                    at UserContext.fn (E:\vmware\Loop\GitHub\e2e\node_modules\jasmine\node_modules\jasmine-core\lib\jasmine-core\jasmine.js:5340:37)
                    at attempt (E:\vmware\Loop\GitHub\e2e\node_modules\jasmine\node_modules\jasmine-core\lib\jasmine-core\jasmine.js:4297:26)
                    at QueueRunner.run (E:\vmware\Loop\GitHub\e2e\node_modules\jasmine\node_modules\jasmine-core\lib\jasmine-core\jasmine.js:4217:20)
                    at runNext (E:\vmware\Loop\GitHub\e2e\node_modules\jasmine\node_modules\jasmine-core\lib\jasmine-core\jasmine.js:4257:20)
                From asynchronous test: 
                Error: 
                    at Jasmine2Reporter.jasmineStarted (E:\vmware\Loop\GitHub\e2e\node_modules\protractor-beautiful-reporter\index.js:4948:13)
                    at dispatch (E:\vmware\Loop\GitHub\e2e\node_modules\jasmine\node_modules\jasmine-core\lib\jasmine-core\jasmine.js:4366:28)
                    at ReportDispatcher.jasmineStarted (E:\vmware\Loop\GitHub\e2e\node_modules\jasmine\node_modules\jasmine-core\lib\jasmine-core\jasmine.js:4337:11)
                    at Env.execute (E:\vmware\Loop\GitHub\e2e\node_modules\jasmine\node_modules\jasmine-core\lib\jasmine-core\jasmine.js:975:16)
                    at Jasmine.execute (E:\vmware\Loop\GitHub\e2e\node_modules\jasmine\lib\jasmine.js:200:12)
                    at E:\vmware\Loop\GitHub\e2e\node_modules\protractor\built\frameworks\jasmine.js:132:15
                    at Function.promise (E:\vmware\Loop\GitHub\e2e\node_modules\q\q.js:682:9)
                    at E:\vmware\Loop\GitHub\e2e\node_modules\protractor\built\frameworks\jasmine.js:104:14
                    at _fulfilled (E:\vmware\Loop\GitHub\e2e\node_modules\q\q.js:834:54)
                From: Task: Run beforeEach in control flow
                    at UserContext.&lt;anonymous> (E:\vmware\Loop\GitHub\e2e\node_modules\jasminewd2\index.js:94:19)
                    at attempt (E:\vmware\Loop\GitHub\e2e\node_modules\jasmine\node_modules\jasmine-core\lib\jasmine-core\jasmine.js:4297:26)
                    at QueueRunner.run (E:\vmware\Loop\GitHub\e2e\node_modules\jasmine\node_modules\jasmine-core\lib\jasmine-core\jasmine.js:4217:20)
                    at QueueRunner.execute (E:\vmware\Loop\GitHub\e2e\node_modules\jasmine\node_modules\jasmine-core\lib\jasmine-core\jasmine.js:4199:10)
                    at Spec.queueRunnerFactory (E:\vmware\Loop\GitHub\e2e\node_modules\jasmine\node_modules\jasmine-core\lib\jasmine-core\jasmine.js:909:35)
                    at Spec.execute (E:\vmware\Loop\GitHub\e2e\node_modules\jasmine\node_modules\jasmine-core\lib\jasmine-core\jasmine.js:526:10)
                    at UserContext.fn (E:\vmware\Loop\GitHub\e2e\node_modules\jasmine\node_modules\jasmine-core\lib\jasmine-core\jasmine.js:5340:37)
                    at attempt (E:\vmware\Loop\GitHub\e2e\node_modules\jasmine\node_modules\jasmine-core\lib\jasmine-core\jasmine.js:4297:26)
                    at QueueRunner.run (E:\vmware\Loop\GitHub\e2e\node_modules\jasmine\node_modules\jasmine-core\lib\jasmine-core\jasmine.js:4217:20)
                    at runNext (E:\vmware\Loop\GitHub\e2e\node_modules\jasmine\node_modules\jasmine-core\lib\jasmine-core\jasmine.js:4257:20)
                From asynchronous test: 
                Error: 
                    at Jasmine2Reporter.jasmineStarted (E:\vmware\Loop\GitHub\e2e\node_modules\protractor-beautiful-reporter\index.js:4948:13)
                    at dispatch (E:\vmware\Loop\GitHub\e2e\node_modules\jasmine\node_modules\jasmine-core\lib\jasmine-core\jasmine.js:4366:28)
                    at ReportDispatcher.jasmineStarted (E:\vmware\Loop\GitHub\e2e\node_modules\jasmine\node_modules\jasmine-core\lib\jasmine-core\jasmine.js:4337:11)
                    at Env.execute (E:\vmware\Loop\GitHub\e2e\node_modules\jasmine\node_modules\jasmine-core\lib\jasmine-core\jasmine.js:975:16)
                    at Jasmine.execute (E:\vmware\Loop\GitHub\e2e\node_modules\jasmine\lib\jasmine.js:200:12)
                    at E:\vmware\Loop\GitHub\e2e\node_modules\protractor\built\frameworks\jasmine.js:132:15
                    at Function.promise (E:\vmware\Loop\GitHub\e2e\node_modules\q\q.js:682:9)
                    at E:\vmware\Loop\GitHub\e2e\node_modules\protractor\built\frameworks\jasmine.js:104:14
                    at _fulfilled (E:\vmware\Loop\GitHub\e2e\node_modules\q\q.js:834:54)
                From: Task: Run beforeEach in control flow
                    at UserContext.&lt;anonymous> (E:\vmware\Loop\GitHub\e2e\node_modules\jasminewd2\index.js:94:19)
                    at attempt (E:\vmware\Loop\GitHub\e2e\node_modules\jasmine\node_modules\jasmine-core\lib\jasmine-core\jasmine.js:4297:26)
                    at QueueRunner.run (E:\vmware\Loop\GitHub\e2e\node_modules\jasmine\node_modules\jasmine-core\lib\jasmine-core\jasmine.js:4217:20)
                    at QueueRunner.execute (E:\vmware\Loop\GitHub\e2e\node_modules\jasmine\node_modules\jasmine-core\lib\jasmine-core\jasmine.js:4199:10)
                    at Spec.queueRunnerFactory (E:\vmware\Loop\GitHub\e2e\node_modules\jasmine\node_modules\jasmine-core\lib\jasmine-core\jasmine.js:909:35)
                    at Spec.execute (E:\vmware\Loop\GitHub\e2e\node_modules\jasmine\node_modules\jasmine-core\lib\jasmine-core\jasmine.js:526:10)
                    at UserContext.fn (E:\vmware\Loop\GitHub\e2e\node_modules\jasmine\node_modules\jasmine-core\lib\jasmine-core\jasmine.js:5340:37)
                    at attempt (E:\vmware\Loop\GitHub\e2e\node_modules\jasmine\node_modules\jasmine-core\lib\jasmine-core\jasmine.js:4297:26)
                    at QueueRunner.run (E:\vmware\Loop\GitHub\e2e\node_modules\jasmine\node_modules\jasmine-core\lib\jasmine-core\jasmine.js:4217:20)
                    at runNext (E:\vmware\Loop\GitHub\e2e\node_modules\jasmine\node_modules\jasmine-core\lib\jasmine-core\jasmine.js:4257:20)
                From asynchronous test: 
                Error: 
                    at Jasmine2Reporter.jasmineStarted (E:\vmware\Loop\GitHub\e2e\node_modules\protractor-beautiful-reporter\index.js:4948:13)
                    at dispatch (E:\vmware\Loop\GitHub\e2e\node_modules\jasmine\node_modules\jasmine-core\lib\jasmine-core\jasmine.js:4366:28)
                    at ReportDispatcher.jasmineStarted (E:\vmware\Loop\GitHub\e2e\node_modules\jasmine\node_modules\jasmine-core\lib\jasmine-core\jasmine.js:4337:11)
                    at Env.execute (E:\vmware\Loop\GitHub\e2e\node_modules\jasmine\node_modules\jasmine-core\lib\jasmine-core\jasmine.js:975:16)
                    at Jasmine.execute (E:\vmware\Loop\GitHub\e2e\node_modules\jasmine\lib\jasmine.js:200:12)
                    at E:\vmware\Loop\GitHub\e2e\node_modules\protractor\built\frameworks\jasmine.js:132:15
                    at Function.promise (E:\vmware\Loop\GitHub\e2e\node_modules\q\q.js:682:9)
                    at E:\vmware\Loop\GitHub\e2e\node_modules\protractor\built\frameworks\jasmine.js:104:14
                    at _fulfilled (E:\vmware\Loop\GitHub\e2e\node_modules\q\q.js:834:54)
                From: Task: Run beforeEach in control flow
                    at UserContext.&lt;anonymous> (E:\vmware\Loop\GitHub\e2e\node_modules\jasminewd2\index.js:94:19)
                    at attempt (E:\vmware\Loop\GitHub\e2e\node_modules\jasmine\node_modules\jasmine-core\lib\jasmine-core\jasmine.js:4297:26)
                    at QueueRunner.run (E:\vmware\Loop\GitHub\e2e\node_modules\jasmine\node_modules\jasmine-core\lib\jasmine-core\jasmine.js:4217:20)
                    at QueueRunner.execute (E:\vmware\Loop\GitHub\e2e\node_modules\jasmine\node_modules\jasmine-core\lib\jasmine-core\jasmine.js:4199:10)
                    at Spec.queueRunnerFactory (E:\vmware\Loop\GitHub\e2e\node_modules\jasmine\node_modules\jasmine-core\lib\jasmine-core\jasmine.js:909:35)
                    at Spec.execute (E:\vmware\Loop\GitHub\e2e\node_modules\jasmine\node_modules\jasmine-core\lib\jasmine-core\jasmine.js:526:10)
                    at UserContext.fn (E:\vmware\Loop\GitHub\e2e\node_modules\jasmine\node_modules\jasmine-core\lib\jasmine-core\jasmine.js:5340:37)
                    at attempt (E:\vmware\Loop\GitHub\e2e\node_modules\jasmine\node_modules\jasmine-core\lib\jasmine-core\jasmine.js:4297:26)
                    at QueueRunner.run (E:\vmware\Loop\GitHub\e2e\node_modules\jasmine\node_modules\jasmine-core\lib\jasmine-core\jasmine.js:4217:20)
                    at runNext (E:\vmware\Loop\GitHub\e2e\node_modules\jasmine\node_modules\jasmine-core\lib\jasmine-core\jasmine.js:4257:20)
                From asynchronous test: 
                Error: 
                    at Jasmine2Reporter.jasmineStarted (E:\vmware\Loop\GitHub\e2e\node_modules\protractor-beautiful-reporter\index.js:4948:13)
                    at dispatch (E:\vmware\Loop\GitHub\e2e\node_modules\jasmine\node_modules\jasmine-core\lib\jasmine-core\jasmine.js:4366:28)
                    at ReportDispatcher.jasmineStarted (E:\vmware\Loop\GitHub\e2e\node_modules\jasmine\node_modules\jasmine-core\lib\jasmine-core\jasmine.js:4337:11)
                    at Env.execute (E:\vmware\Loop\GitHub\e2e\node_modules\jasmine\node_modules\jasmine-core\lib\jasmine-core\jasmine.js:975:16)
                    at Jasmine.execute (E:\vmware\Loop\GitHub\e2e\node_modules\jasmine\lib\jasmine.js:200:12)
                    at E:\vmware\Loop\GitHub\e2e\node_modules\protractor\built\frameworks\jasmine.js:132:15
                    at Function.promise (E:\vmware\Loop\GitHub\e2e\node_modules\q\q.js:682:9)
                    at E:\vmware\Loop\GitHub\e2e\node_modules\protractor\built\frameworks\jasmine.js:104:14
                    at _fulfilled (E:\vmware\Loop\GitHub\e2e\node_modules\q\q.js:834:54)
                From: Task: Run beforeEach in control flow
                    at UserContext.&lt;anonymous> (E:\vmware\Loop\GitHub\e2e\node_modules\jasminewd2\index.js:94:19)
                    at attempt (E:\vmware\Loop\GitHub\e2e\node_modules\jasmine\node_modules\jasmine-core\lib\jasmine-core\jasmine.js:4297:26)
                    at QueueRunner.run (E:\vmware\Loop\GitHub\e2e\node_modules\jasmine\node_modules\jasmine-core\lib\jasmine-core\jasmine.js:4217:20)
                    at QueueRunner.execute (E:\vmware\Loop\GitHub\e2e\node_modules\jasmine\node_modules\jasmine-core\lib\jasmine-core\jasmine.js:4199:10)
                    at Spec.queueRunnerFactory (E:\vmware\Loop\GitHub\e2e\node_modules\jasmine\node_modules\jasmine-core\lib\jasmine-core\jasmine.js:909:35)
                    at Spec.execute (E:\vmware\Loop\GitHub\e2e\node_modules\jasmine\node_modules\jasmine-core\lib\jasmine-core\jasmine.js:526:10)
                    at UserContext.fn (E:\vmware\Loop\GitHub\e2e\node_modules\jasmine\node_modules\jasmine-core\lib\jasmine-core\jasmine.js:5340:37)
                    at attempt (E:\vmware\Loop\GitHub\e2e\node_modules\jasmine\node_modules\jasmine-core\lib\jasmine-core\jasmine.js:4297:26)
                    at QueueRunner.run (E:\vmware\Loop\GitHub\e2e\node_modules\jasmine\node_modules\jasmine-core\lib\jasmine-core\jasmine.js:4217:20)
                    at runNext (E:\vmware\Loop\GitHub\e2e\node_modules\jasmine\node_modules\jasmine-core\lib\jasmine-core\jasmine.js:4257:20)
                From asynchronous test: 
                Error: 
                    at Jasmine2Reporter.jasmineStarted (E:\vmware\Loop\GitHub\e2e\node_modules\protractor-beautiful-reporter\index.js:4948:13)
                    at dispatch (E:\vmware\Loop\GitHub\e2e\node_modules\jasmine\node_modules\jasmine-core\lib\jasmine-core\jasmine.js:4366:28)
                    at ReportDispatcher.jasmineStarted (E:\vmware\Loop\GitHub\e2e\node_modules\jasmine\node_modules\jasmine-core\lib\jasmine-core\jasmine.js:4337:11)
                    at Env.execute (E:\vmware\Loop\GitHub\e2e\node_modules\jasmine\node_modules\jasmine-core\lib\jasmine-core\jasmine.js:975:16)
                    at Jasmine.execute (E:\vmware\Loop\GitHub\e2e\node_modules\jasmine\lib\jasmine.js:200:12)
                    at E:\vmware\Loop\GitHub\e2e\node_modules\protractor\built\frameworks\jasmine.js:132:15
                    at Function.promise (E:\vmware\Loop\GitHub\e2e\node_modules\q\q.js:682:9)
                    at E:\vmware\Loop\GitHub\e2e\node_modules\protractor\built\frameworks\jasmine.js:104:14
                    at _fulfilled (E:\vmware\Loop\GitHub\e2e\node_modules\q\q.js:834:54)
                From: Task: Run beforeEach in control flow
                    at UserContext.&lt;anonymous> (E:\vmware\Loop\GitHub\e2e\node_modules\jasminewd2\index.js:94:19)
                    at attempt (E:\vmware\Loop\GitHub\e2e\node_modules\jasmine\node_modules\jasmine-core\lib\jasmine-core\jasmine.js:4297:26)
                    at QueueRunner.run (E:\vmware\Loop\GitHub\e2e\node_modules\jasmine\node_modules\jasmine-core\lib\jasmine-core\jasmine.js:4217:20)
                    at QueueRunner.execute (E:\vmware\Loop\GitHub\e2e\node_modules\jasmine\node_modules\jasmine-core\lib\jasmine-core\jasmine.js:4199:10)
                    at Spec.queueRunnerFactory (E:\vmware\Loop\GitHub\e2e\node_modules\jasmine\node_modules\jasmine-core\lib\jasmine-core\jasmine.js:909:35)
                    at Spec.execute (E:\vmware\Loop\GitHub\e2e\node_modules\jasmine\node_modules\jasmine-core\lib\jasmine-core\jasmine.js:526:10)
                    at UserContext.fn (E:\vmware\Loop\GitHub\e2e\node_modules\jasmine\node_modules\jasmine-core\lib\jasmine-core\jasmine.js:5340:37)
                    at attempt (E:\vmware\Loop\GitHub\e2e\node_modules\jasmine\node_modules\jasmine-core\lib\jasmine-core\jasmine.js:4297:26)
                    at QueueRunner.run (E:\vmware\Loop\GitHub\e2e\node_modules\jasmine\node_modules\jasmine-core\lib\jasmine-core\jasmine.js:4217:20)
                    at runNext (E:\vmware\Loop\GitHub\e2e\node_modules\jasmine\node_modules\jasmine-core\lib\jasmine-core\jasmine.js:4257:20)
                From asynchronous test: 
                Error: 
                    at Jasmine2Reporter.jasmineStarted (E:\vmware\Loop\GitHub\e2e\node_modules\protractor-beautiful-reporter\index.js:4948:13)
                    at dispatch (E:\vmware\Loop\GitHub\e2e\node_modules\jasmine\node_modules\jasmine-core\lib\jasmine-core\jasmine.js:4366:28)
                    at ReportDispatcher.jasmineStarted (E:\vmware\Loop\GitHub\e2e\node_modules\jasmine\node_modules\jasmine-core\lib\jasmine-core\jasmine.js:4337:11)
                    at Env.execute (E:\vmware\Loop\GitHub\e2e\node_modules\jasmine\node_modules\jasmine-core\lib\jasmine-core\jasmine.js:975:16)
                    at Jasmine.execute (E:\vmware\Loop\GitHub\e2e\node_modules\jasmine\lib\jasmine.js:200:12)
                    at E:\vmware\Loop\GitHub\e2e\node_modules\protractor\built\frameworks\jasmine.js:132:15
                    at Function.promise (E:\vmware\Loop\GitHub\e2e\node_modules\q\q.js:682:9)
                    at E:\vmware\Loop\GitHub\e2e\node_modules\protractor\built\frameworks\jasmine.js:104:14
                    at _fulfilled (E:\vmware\Loop\GitHub\e2e\node_modules\q\q.js:834:54)
                From: Task: Run beforeEach in control flow
                    at UserContext.&lt;anonymous> (E:\vmware\Loop\GitHub\e2e\node_modules\jasminewd2\index.js:94:19)
                    at attempt (E:\vmware\Loop\GitHub\e2e\node_modules\jasmine\node_modules\jasmine-core\lib\jasmine-core\jasmine.js:4297:26)
                    at QueueRunner.run (E:\vmware\Loop\GitHub\e2e\node_modules\jasmine\node_modules\jasmine-core\lib\jasmine-core\jasmine.js:4217:20)
                    at QueueRunner.execute (E:\vmware\Loop\GitHub\e2e\node_modules\jasmine\node_modules\jasmine-core\lib\jasmine-core\jasmine.js:4199:10)
                    at Spec.queueRunnerFactory (E:\vmware\Loop\GitHub\e2e\node_modules\jasmine\node_modules\jasmine-core\lib\jasmine-core\jasmine.js:909:35)
                    at Spec.execute (E:\vmware\Loop\GitHub\e2e\node_modules\jasmine\node_modules\jasmine-core\lib\jasmine-core\jasmine.js:526:10)
                    at UserContext.fn (E:\vmware\Loop\GitHub\e2e\node_modules\jasmine\node_modules\jasmine-core\lib\jasmine-core\jasmine.js:5340:37)
                    at attempt (E:\vmware\Loop\GitHub\e2e\node_modules\jasmine\node_modules\jasmine-core\lib\jasmine-core\jasmine.js:4297:26)
                    at QueueRunner.run (E:\vmware\Loop\GitHub\e2e\node_modules\jasmine\node_modules\jasmine-core\lib\jasmine-core\jasmine.js:4217:20)
                    at runNext (E:\vmware\Loop\GitHub\e2e\node_modules\jasmine\node_modules\jasmine-core\lib\jasmine-core\jasmine.js:4257:20)
                From asynchronous test: 
                Error: 
                    at Jasmine2Reporter.jasmineStarted (E:\vmware\Loop\GitHub\e2e\node_modules\protractor-beautiful-reporter\index.js:4948:13)
                    at dispatch (E:\vmware\Loop\GitHub\e2e\node_modules\jasmine\node_modules\jasmine-core\lib\jasmine-core\jasmine.js:4366:28)
                    at ReportDispatcher.jasmineStarted (E:\vmware\Loop\GitHub\e2e\node_modules\jasmine\node_modules\jasmine-core\lib\jasmine-core\jasmine.js:4337:11)
                    at Env.execute (E:\vmware\Loop\GitHub\e2e\node_modules\jasmine\node_modules\jasmine-core\lib\jasmine-core\jasmine.js:975:16)
                    at Jasmine.execute (E:\vmware\Loop\GitHub\e2e\node_modules\jasmine\lib\jasmine.js:200:12)
                    at E:\vmware\Loop\GitHub\e2e\node_modules\protractor\built\frameworks\jasmine.js:132:15
                    at Function.promise (E:\vmware\Loop\GitHub\e2e\node_modules\q\q.js:682:9)
                    at E:\vmware\Loop\GitHub\e2e\node_modules\protractor\built\frameworks\jasmine.js:104:14
                    at _fulfilled (E:\vmware\Loop\GitHub\e2e\node_modules\q\q.js:834:54)
                From: Task: Run beforeEach in control flow
                    at UserContext.&lt;anonymous> (E:\vmware\Loop\GitHub\e2e\node_modules\jasminewd2\index.js:94:19)
                    at attempt (E:\vmware\Loop\GitHub\e2e\node_modules\jasmine\node_modules\jasmine-core\lib\jasmine-core\jasmine.js:4297:26)
                    at QueueRunner.run (E:\vmware\Loop\GitHub\e2e\node_modules\jasmine\node_modules\jasmine-core\lib\jasmine-core\jasmine.js:4217:20)
                    at QueueRunner.execute (E:\vmware\Loop\GitHub\e2e\node_modules\jasmine\node_modules\jasmine-core\lib\jasmine-core\jasmine.js:4199:10)
                    at Spec.queueRunnerFactory (E:\vmware\Loop\GitHub\e2e\node_modules\jasmine\node_modules\jasmine-core\lib\jasmine-core\jasmine.js:909:35)
                    at Spec.execute (E:\vmware\Loop\GitHub\e2e\node_modules\jasmine\node_modules\jasmine-core\lib\jasmine-core\jasmine.js:526:10)
                    at UserContext.fn (E:\vmware\Loop\GitHub\e2e\node_modules\jasmine\node_modules\jasmine-core\lib\jasmine-core\jasmine.js:5340:37)
                    at attempt (E:\vmware\Loop\GitHub\e2e\node_modules\jasmine\node_modules\jasmine-core\lib\jasmine-core\jasmine.js:4297:26)
                    at QueueRunner.run (E:\vmware\Loop\GitHub\e2e\node_modules\jasmine\node_modules\jasmine-core\lib\jasmine-core\jasmine.js:4217:20)
                    at runNext (E:\vmware\Loop\GitHub\e2e\node_modules\jasmine\node_modules\jasmine-core\lib\jasmine-core\jasmine.js:4257:20)
                From asynchronous test: 
                Error: 
                    at Jasmine2Reporter.jasmineStarted (E:\vmware\Loop\GitHub\e2e\node_modules\protractor-beautiful-reporter\index.js:4948:13)
                    at dispatch (E:\vmware\Loop\GitHub\e2e\node_modules\jasmine\node_modules\jasmine-core\lib\jasmine-core\jasmine.js:4366:28)
                    at ReportDispatcher.jasmineStarted (E:\vmware\Loop\GitHub\e2e\node_modules\jasmine\node_modules\jasmine-core\lib\jasmine-core\jasmine.js:4337:11)
                    at Env.execute (E:\vmware\Loop\GitHub\e2e\node_modules\jasmine\node_modules\jasmine-core\lib\jasmine-core\jasmine.js:975:16)
                    at Jasmine.execute (E:\vmware\Loop\GitHub\e2e\node_modules\jasmine\lib\jasmine.js:200:12)
                    at E:\vmware\Loop\GitHub\e2e\node_modules\protractor\built\frameworks\jasmine.js:132:15
                    at Function.promise (E:\vmware\Loop\GitHub\e2e\node_modules\q\q.js:682:9)
                    at E:\vmware\Loop\GitHub\e2e\node_modules\protractor\built\frameworks\jasmine.js:104:14
                    at _fulfilled (E:\vmware\Loop\GitHub\e2e\node_modules\q\q.js:834:54)
                From: Task: Run beforeEach in control flow
                    at UserContext.&lt;anonymous> (E:\vmware\Loop\GitHub\e2e\node_modules\jasminewd2\index.js:94:19)
                    at attempt (E:\vmware\Loop\GitHub\e2e\node_modules\jasmine\node_modules\jasmine-core\lib\jasmine-core\jasmine.js:4297:26)
                    at QueueRunner.run (E:\vmware\Loop\GitHub\e2e\node_modules\jasmine\node_modules\jasmine-core\lib\jasmine-core\jasmine.js:4217:20)
                    at QueueRunner.execute (E:\vmware\Loop\GitHub\e2e\node_modules\jasmine\node_modules\jasmine-core\lib\jasmine-core\jasmine.js:4199:10)
                    at Spec.queueRunnerFactory (E:\vmware\Loop\GitHub\e2e\node_modules\jasmine\node_modules\jasmine-core\lib\jasmine-core\jasmine.js:909:35)
                    at Spec.execute (E:\vmware\Loop\GitHub\e2e\node_modules\jasmine\node_modules\jasmine-core\lib\jasmine-core\jasmine.js:526:10)
                    at UserContext.fn (E:\vmware\Loop\GitHub\e2e\node_modules\jasmine\node_modules\jasmine-core\lib\jasmine-core\jasmine.js:5340:37)
                    at attempt (E:\vmware\Loop\GitHub\e2e\node_modules\jasmine\node_modules\jasmine-core\lib\jasmine-core\jasmine.js:4297:26)
                    at QueueRunner.run (E:\vmware\Loop\GitHub\e2e\node_modules\jasmine\node_modules\jasmine-core\lib\jasmine-core\jasmine.js:4217:20)
                    at runNext (E:\vmware\Loop\GitHub\e2e\node_modules\jasmine\node_modules\jasmine-core\lib\jasmine-core\jasmine.js:4257:20)
                From asynchronous test: 
                Error: 
                    at Jasmine2Reporter.jasmineStarted (E:\vmware\Loop\GitHub\e2e\node_modules\protractor-beautiful-reporter\index.js:4948:13)
                    at dispatch (E:\vmware\Loop\GitHub\e2e\node_modules\jasmine\node_modules\jasmine-core\lib\jasmine-core\jasmine.js:4366:28)
                    at ReportDispatcher.jasmineStarted (E:\vmware\Loop\GitHub\e2e\node_modules\jasmine\node_modules\jasmine-core\lib\jasmine-core\jasmine.js:4337:11)
                    at Env.execute (E:\vmware\Loop\GitHub\e2e\node_modules\jasmine\node_modules\jasmine-core\lib\jasmine-core\jasmine.js:975:16)
                    at Jasmine.execute (E:\vmware\Loop\GitHub\e2e\node_modules\jasmine\lib\jasmine.js:200:12)
                    at E:\vmware\Loop\GitHub\e2e\node_modules\protractor\built\frameworks\jasmine.js:132:15
                    at Function.promise (E:\vmware\Loop\GitHub\e2e\node_modules\q\q.js:682:9)
                    at E:\vmware\Loop\GitHub\e2e\node_modules\protractor\built\frameworks\jasmine.js:104:14
                    at _fulfilled (E:\vmware\Loop\GitHub\e2e\node_modules\q\q.js:834:54)</stack-trace>
            </failure>
        </test-case>
    </test-cases>
</ns2:test-suite>