<?xml version='1.0'?>
<ns2:test-suite xmlns:ns2='urn:model.allure.qatools.yandex.ru' start='1629685795974' stop='1629685796102'>
    <name>verify generate-download-share funtion verify community-dataset tab</name>
    <title>verify generate-download-share funtion verify community-dataset tab</title>
    <test-cases>
        <test-case start='1629685795974' status='failed' stop='1629685796014'>
            <name>Generate-new-dataset</name>
            <title>Generate-new-dataset</title>
            <labels/>
            <parameters/>
            <steps/>
            <attachments/>
            <failure>
                <message>Failed: EADDRINUSE connect EADDRINUSE 127.0.0.1:63150</message>
                <stack-trace>Error: EADDRINUSE connect EADDRINUSE 127.0.0.1:63150
                    at ClientRequest.&lt;anonymous> (E:\vmware\Loop\GitHub\e2e\node_modules\selenium-webdriver\http\index.js:238:15)
                    at ClientRequest.emit (node:events:394:28)
                    at Socket.socketErrorListener (node:_http_client:447:9)
                    at Socket.emit (node:events:394:28)
                    at emitErrorNT (node:internal/streams/destroy:157:8)
                    at emitErrorCloseNT (node:internal/streams/destroy:122:3)
                    at processTicksAndRejections (node:internal/process/task_queues:83:21)
                From: Task: WebDriver.manage().logs().get(browser)
                    at Driver.schedule (E:\vmware\Loop\GitHub\e2e\node_modules\selenium-webdriver\lib\webdriver.js:807:17)
                    at Logs.get (E:\vmware\Loop\GitHub\e2e\node_modules\selenium-webdriver\lib\webdriver.js:1731:25)
                    at Jasmine2Reporter._callee7$ (E:\vmware\Loop\GitHub\e2e\node_modules\protractor-beautiful-reporter\index.js:5154:64)
                    at tryCatch (E:\vmware\Loop\GitHub\e2e\node_modules\protractor-beautiful-reporter\index.js:5748:40)
                    at Generator.invoke [as _invoke] (E:\vmware\Loop\GitHub\e2e\node_modules\protractor-beautiful-reporter\index.js:6022:22)
                    at Generator.prototype.&lt;computed> [as next] (E:\vmware\Loop\GitHub\e2e\node_modules\protractor-beautiful-reporter\index.js:5781:21)
                    at step (E:\vmware\Loop\GitHub\e2e\node_modules\protractor-beautiful-reporter\index.js:4754:191)
                    at E:\vmware\Loop\GitHub\e2e\node_modules\protractor-beautiful-reporter\index.js:4754:361
                    at runMicrotasks (&lt;anonymous>)
                    at processTicksAndRejections (node:internal/process/task_queues:96:5)
                From: Task: Run beforeEach in control flow
                    at UserContext.&lt;anonymous> (E:\vmware\Loop\GitHub\e2e\node_modules\jasminewd2\index.js:94:19)
                    at attempt (E:\vmware\Loop\GitHub\e2e\node_modules\jasmine\node_modules\jasmine-core\lib\jasmine-core\jasmine.js:4297:26)
                    at QueueRunner.run (E:\vmware\Loop\GitHub\e2e\node_modules\jasmine\node_modules\jasmine-core\lib\jasmine-core\jasmine.js:4217:20)
                    at QueueRunner.execute (E:\vmware\Loop\GitHub\e2e\node_modules\jasmine\node_modules\jasmine-core\lib\jasmine-core\jasmine.js:4199:10)
                    at Spec.queueRunnerFactory (E:\vmware\Loop\GitHub\e2e\node_modules\jasmine\node_modules\jasmine-core\lib\jasmine-core\jasmine.js:909:35)
                    at Spec.execute (E:\vmware\Loop\GitHub\e2e\node_modules\jasmine\node_modules\jasmine-core\lib\jasmine-core\jasmine.js:526:10)
                    at UserContext.fn (E:\vmware\Loop\GitHub\e2e\node_modules\jasmine\node_modules\jasmine-core\lib\jasmine-core\jasmine.js:5340:37)
                    at attempt (E:\vmware\Loop\GitHub\e2e\node_modules\jasmine\node_modules\jasmine-core\lib\jasmine-core\jasmine.js:4297:26)
                    at QueueRunner.run (E:\vmware\Loop\GitHub\e2e\node_modules\jasmine\node_modules\jasmine-core\lib\jasmine-core\jasmine.js:4217:20)
                    at runNext (E:\vmware\Loop\GitHub\e2e\node_modules\jasmine\node_modules\jasmine-core\lib\jasmine-core\jasmine.js:4257:20)
                From asynchronous test: 
                Error: 
                    at Jasmine2Reporter.jasmineStarted (E:\vmware\Loop\GitHub\e2e\node_modules\protractor-beautiful-reporter\index.js:4948:13)
                    at dispatch (E:\vmware\Loop\GitHub\e2e\node_modules\jasmine\node_modules\jasmine-core\lib\jasmine-core\jasmine.js:4366:28)
                    at ReportDispatcher.jasmineStarted (E:\vmware\Loop\GitHub\e2e\node_modules\jasmine\node_modules\jasmine-core\lib\jasmine-core\jasmine.js:4337:11)
                    at Env.execute (E:\vmware\Loop\GitHub\e2e\node_modules\jasmine\node_modules\jasmine-core\lib\jasmine-core\jasmine.js:975:16)
                    at Jasmine.execute (E:\vmware\Loop\GitHub\e2e\node_modules\jasmine\lib\jasmine.js:200:12)
                    at E:\vmware\Loop\GitHub\e2e\node_modules\protractor\built\frameworks\jasmine.js:132:15
                    at Function.promise (E:\vmware\Loop\GitHub\e2e\node_modules\q\q.js:682:9)
                    at E:\vmware\Loop\GitHub\e2e\node_modules\protractor\built\frameworks\jasmine.js:104:14
                    at _fulfilled (E:\vmware\Loop\GitHub\e2e\node_modules\q\q.js:834:54)
                From: Task: Run beforeEach in control flow
                    at UserContext.&lt;anonymous> (E:\vmware\Loop\GitHub\e2e\node_modules\jasminewd2\index.js:94:19)
                    at attempt (E:\vmware\Loop\GitHub\e2e\node_modules\jasmine\node_modules\jasmine-core\lib\jasmine-core\jasmine.js:4297:26)
                    at QueueRunner.run (E:\vmware\Loop\GitHub\e2e\node_modules\jasmine\node_modules\jasmine-core\lib\jasmine-core\jasmine.js:4217:20)
                    at QueueRunner.execute (E:\vmware\Loop\GitHub\e2e\node_modules\jasmine\node_modules\jasmine-core\lib\jasmine-core\jasmine.js:4199:10)
                    at Spec.queueRunnerFactory (E:\vmware\Loop\GitHub\e2e\node_modules\jasmine\node_modules\jasmine-core\lib\jasmine-core\jasmine.js:909:35)
                    at Spec.execute (E:\vmware\Loop\GitHub\e2e\node_modules\jasmine\node_modules\jasmine-core\lib\jasmine-core\jasmine.js:526:10)
                    at UserContext.fn (E:\vmware\Loop\GitHub\e2e\node_modules\jasmine\node_modules\jasmine-core\lib\jasmine-core\jasmine.js:5340:37)
                    at attempt (E:\vmware\Loop\GitHub\e2e\node_modules\jasmine\node_modules\jasmine-core\lib\jasmine-core\jasmine.js:4297:26)
                    at QueueRunner.run (E:\vmware\Loop\GitHub\e2e\node_modules\jasmine\node_modules\jasmine-core\lib\jasmine-core\jasmine.js:4217:20)
                    at runNext (E:\vmware\Loop\GitHub\e2e\node_modules\jasmine\node_modules\jasmine-core\lib\jasmine-core\jasmine.js:4257:20)
                From asynchronous test: 
                Error: 
                    at Jasmine2Reporter.jasmineStarted (E:\vmware\Loop\GitHub\e2e\node_modules\protractor-beautiful-reporter\index.js:4948:13)
                    at dispatch (E:\vmware\Loop\GitHub\e2e\node_modules\jasmine\node_modules\jasmine-core\lib\jasmine-core\jasmine.js:4366:28)
                    at ReportDispatcher.jasmineStarted (E:\vmware\Loop\GitHub\e2e\node_modules\jasmine\node_modules\jasmine-core\lib\jasmine-core\jasmine.js:4337:11)
                    at Env.execute (E:\vmware\Loop\GitHub\e2e\node_modules\jasmine\node_modules\jasmine-core\lib\jasmine-core\jasmine.js:975:16)
                    at Jasmine.execute (E:\vmware\Loop\GitHub\e2e\node_modules\jasmine\lib\jasmine.js:200:12)
                    at E:\vmware\Loop\GitHub\e2e\node_modules\protractor\built\frameworks\jasmine.js:132:15
                    at Function.promise (E:\vmware\Loop\GitHub\e2e\node_modules\q\q.js:682:9)
                    at E:\vmware\Loop\GitHub\e2e\node_modules\protractor\built\frameworks\jasmine.js:104:14
                    at _fulfilled (E:\vmware\Loop\GitHub\e2e\node_modules\q\q.js:834:54)
                From: Task: Run beforeEach in control flow
                    at UserContext.&lt;anonymous> (E:\vmware\Loop\GitHub\e2e\node_modules\jasminewd2\index.js:94:19)
                    at attempt (E:\vmware\Loop\GitHub\e2e\node_modules\jasmine\node_modules\jasmine-core\lib\jasmine-core\jasmine.js:4297:26)
                    at QueueRunner.run (E:\vmware\Loop\GitHub\e2e\node_modules\jasmine\node_modules\jasmine-core\lib\jasmine-core\jasmine.js:4217:20)
                    at QueueRunner.execute (E:\vmware\Loop\GitHub\e2e\node_modules\jasmine\node_modules\jasmine-core\lib\jasmine-core\jasmine.js:4199:10)
                    at Spec.queueRunnerFactory (E:\vmware\Loop\GitHub\e2e\node_modules\jasmine\node_modules\jasmine-core\lib\jasmine-core\jasmine.js:909:35)
                    at Spec.execute (E:\vmware\Loop\GitHub\e2e\node_modules\jasmine\node_modules\jasmine-core\lib\jasmine-core\jasmine.js:526:10)
                    at UserContext.fn (E:\vmware\Loop\GitHub\e2e\node_modules\jasmine\node_modules\jasmine-core\lib\jasmine-core\jasmine.js:5340:37)
                    at attempt (E:\vmware\Loop\GitHub\e2e\node_modules\jasmine\node_modules\jasmine-core\lib\jasmine-core\jasmine.js:4297:26)
                    at QueueRunner.run (E:\vmware\Loop\GitHub\e2e\node_modules\jasmine\node_modules\jasmine-core\lib\jasmine-core\jasmine.js:4217:20)
                    at runNext (E:\vmware\Loop\GitHub\e2e\node_modules\jasmine\node_modules\jasmine-core\lib\jasmine-core\jasmine.js:4257:20)
                From asynchronous test: 
                Error: 
                    at Jasmine2Reporter.jasmineStarted (E:\vmware\Loop\GitHub\e2e\node_modules\protractor-beautiful-reporter\index.js:4948:13)
                    at dispatch (E:\vmware\Loop\GitHub\e2e\node_modules\jasmine\node_modules\jasmine-core\lib\jasmine-core\jasmine.js:4366:28)
                    at ReportDispatcher.jasmineStarted (E:\vmware\Loop\GitHub\e2e\node_modules\jasmine\node_modules\jasmine-core\lib\jasmine-core\jasmine.js:4337:11)
                    at Env.execute (E:\vmware\Loop\GitHub\e2e\node_modules\jasmine\node_modules\jasmine-core\lib\jasmine-core\jasmine.js:975:16)
                    at Jasmine.execute (E:\vmware\Loop\GitHub\e2e\node_modules\jasmine\lib\jasmine.js:200:12)
                    at E:\vmware\Loop\GitHub\e2e\node_modules\protractor\built\frameworks\jasmine.js:132:15
                    at Function.promise (E:\vmware\Loop\GitHub\e2e\node_modules\q\q.js:682:9)
                    at E:\vmware\Loop\GitHub\e2e\node_modules\protractor\built\frameworks\jasmine.js:104:14
                    at _fulfilled (E:\vmware\Loop\GitHub\e2e\node_modules\q\q.js:834:54)
                From: Task: Run beforeEach in control flow
                    at UserContext.&lt;anonymous> (E:\vmware\Loop\GitHub\e2e\node_modules\jasminewd2\index.js:94:19)
                    at attempt (E:\vmware\Loop\GitHub\e2e\node_modules\jasmine\node_modules\jasmine-core\lib\jasmine-core\jasmine.js:4297:26)
                    at QueueRunner.run (E:\vmware\Loop\GitHub\e2e\node_modules\jasmine\node_modules\jasmine-core\lib\jasmine-core\jasmine.js:4217:20)
                    at QueueRunner.execute (E:\vmware\Loop\GitHub\e2e\node_modules\jasmine\node_modules\jasmine-core\lib\jasmine-core\jasmine.js:4199:10)
                    at Spec.queueRunnerFactory (E:\vmware\Loop\GitHub\e2e\node_modules\jasmine\node_modules\jasmine-core\lib\jasmine-core\jasmine.js:909:35)
                    at Spec.execute (E:\vmware\Loop\GitHub\e2e\node_modules\jasmine\node_modules\jasmine-core\lib\jasmine-core\jasmine.js:526:10)
                    at UserContext.fn (E:\vmware\Loop\GitHub\e2e\node_modules\jasmine\node_modules\jasmine-core\lib\jasmine-core\jasmine.js:5340:37)
                    at attempt (E:\vmware\Loop\GitHub\e2e\node_modules\jasmine\node_modules\jasmine-core\lib\jasmine-core\jasmine.js:4297:26)
                    at QueueRunner.run (E:\vmware\Loop\GitHub\e2e\node_modules\jasmine\node_modules\jasmine-core\lib\jasmine-core\jasmine.js:4217:20)
                    at runNext (E:\vmware\Loop\GitHub\e2e\node_modules\jasmine\node_modules\jasmine-core\lib\jasmine-core\jasmine.js:4257:20)
                From asynchronous test: 
                Error: 
                    at Jasmine2Reporter.jasmineStarted (E:\vmware\Loop\GitHub\e2e\node_modules\protractor-beautiful-reporter\index.js:4948:13)
                    at dispatch (E:\vmware\Loop\GitHub\e2e\node_modules\jasmine\node_modules\jasmine-core\lib\jasmine-core\jasmine.js:4366:28)
                    at ReportDispatcher.jasmineStarted (E:\vmware\Loop\GitHub\e2e\node_modules\jasmine\node_modules\jasmine-core\lib\jasmine-core\jasmine.js:4337:11)
                    at Env.execute (E:\vmware\Loop\GitHub\e2e\node_modules\jasmine\node_modules\jasmine-core\lib\jasmine-core\jasmine.js:975:16)
                    at Jasmine.execute (E:\vmware\Loop\GitHub\e2e\node_modules\jasmine\lib\jasmine.js:200:12)
                    at E:\vmware\Loop\GitHub\e2e\node_modules\protractor\built\frameworks\jasmine.js:132:15
                    at Function.promise (E:\vmware\Loop\GitHub\e2e\node_modules\q\q.js:682:9)
                    at E:\vmware\Loop\GitHub\e2e\node_modules\protractor\built\frameworks\jasmine.js:104:14
                    at _fulfilled (E:\vmware\Loop\GitHub\e2e\node_modules\q\q.js:834:54)
                From: Task: Run beforeEach in control flow
                    at UserContext.&lt;anonymous> (E:\vmware\Loop\GitHub\e2e\node_modules\jasminewd2\index.js:94:19)
                    at attempt (E:\vmware\Loop\GitHub\e2e\node_modules\jasmine\node_modules\jasmine-core\lib\jasmine-core\jasmine.js:4297:26)
                    at QueueRunner.run (E:\vmware\Loop\GitHub\e2e\node_modules\jasmine\node_modules\jasmine-core\lib\jasmine-core\jasmine.js:4217:20)
                    at QueueRunner.execute (E:\vmware\Loop\GitHub\e2e\node_modules\jasmine\node_modules\jasmine-core\lib\jasmine-core\jasmine.js:4199:10)
                    at Spec.queueRunnerFactory (E:\vmware\Loop\GitHub\e2e\node_modules\jasmine\node_modules\jasmine-core\lib\jasmine-core\jasmine.js:909:35)
                    at Spec.execute (E:\vmware\Loop\GitHub\e2e\node_modules\jasmine\node_modules\jasmine-core\lib\jasmine-core\jasmine.js:526:10)
                    at UserContext.fn (E:\vmware\Loop\GitHub\e2e\node_modules\jasmine\node_modules\jasmine-core\lib\jasmine-core\jasmine.js:5340:37)
                    at attempt (E:\vmware\Loop\GitHub\e2e\node_modules\jasmine\node_modules\jasmine-core\lib\jasmine-core\jasmine.js:4297:26)
                    at QueueRunner.run (E:\vmware\Loop\GitHub\e2e\node_modules\jasmine\node_modules\jasmine-core\lib\jasmine-core\jasmine.js:4217:20)
                    at runNext (E:\vmware\Loop\GitHub\e2e\node_modules\jasmine\node_modules\jasmine-core\lib\jasmine-core\jasmine.js:4257:20)
                From asynchronous test: 
                Error: 
                    at Jasmine2Reporter.jasmineStarted (E:\vmware\Loop\GitHub\e2e\node_modules\protractor-beautiful-reporter\index.js:4948:13)
                    at dispatch (E:\vmware\Loop\GitHub\e2e\node_modules\jasmine\node_modules\jasmine-core\lib\jasmine-core\jasmine.js:4366:28)
                    at ReportDispatcher.jasmineStarted (E:\vmware\Loop\GitHub\e2e\node_modules\jasmine\node_modules\jasmine-core\lib\jasmine-core\jasmine.js:4337:11)
                    at Env.execute (E:\vmware\Loop\GitHub\e2e\node_modules\jasmine\node_modules\jasmine-core\lib\jasmine-core\jasmine.js:975:16)
                    at Jasmine.execute (E:\vmware\Loop\GitHub\e2e\node_modules\jasmine\lib\jasmine.js:200:12)
                    at E:\vmware\Loop\GitHub\e2e\node_modules\protractor\built\frameworks\jasmine.js:132:15
                    at Function.promise (E:\vmware\Loop\GitHub\e2e\node_modules\q\q.js:682:9)
                    at E:\vmware\Loop\GitHub\e2e\node_modules\protractor\built\frameworks\jasmine.js:104:14
                    at _fulfilled (E:\vmware\Loop\GitHub\e2e\node_modules\q\q.js:834:54)
                From: Task: Run beforeEach in control flow
                    at UserContext.&lt;anonymous> (E:\vmware\Loop\GitHub\e2e\node_modules\jasminewd2\index.js:94:19)
                    at attempt (E:\vmware\Loop\GitHub\e2e\node_modules\jasmine\node_modules\jasmine-core\lib\jasmine-core\jasmine.js:4297:26)
                    at QueueRunner.run (E:\vmware\Loop\GitHub\e2e\node_modules\jasmine\node_modules\jasmine-core\lib\jasmine-core\jasmine.js:4217:20)
                    at QueueRunner.execute (E:\vmware\Loop\GitHub\e2e\node_modules\jasmine\node_modules\jasmine-core\lib\jasmine-core\jasmine.js:4199:10)
                    at Spec.queueRunnerFactory (E:\vmware\Loop\GitHub\e2e\node_modules\jasmine\node_modules\jasmine-core\lib\jasmine-core\jasmine.js:909:35)
                    at Spec.execute (E:\vmware\Loop\GitHub\e2e\node_modules\jasmine\node_modules\jasmine-core\lib\jasmine-core\jasmine.js:526:10)
                    at UserContext.fn (E:\vmware\Loop\GitHub\e2e\node_modules\jasmine\node_modules\jasmine-core\lib\jasmine-core\jasmine.js:5340:37)
                    at attempt (E:\vmware\Loop\GitHub\e2e\node_modules\jasmine\node_modules\jasmine-core\lib\jasmine-core\jasmine.js:4297:26)
                    at QueueRunner.run (E:\vmware\Loop\GitHub\e2e\node_modules\jasmine\node_modules\jasmine-core\lib\jasmine-core\jasmine.js:4217:20)
                    at runNext (E:\vmware\Loop\GitHub\e2e\node_modules\jasmine\node_modules\jasmine-core\lib\jasmine-core\jasmine.js:4257:20)
                From asynchronous test: 
                Error: 
                    at Jasmine2Reporter.jasmineStarted (E:\vmware\Loop\GitHub\e2e\node_modules\protractor-beautiful-reporter\index.js:4948:13)
                    at dispatch (E:\vmware\Loop\GitHub\e2e\node_modules\jasmine\node_modules\jasmine-core\lib\jasmine-core\jasmine.js:4366:28)
                    at ReportDispatcher.jasmineStarted (E:\vmware\Loop\GitHub\e2e\node_modules\jasmine\node_modules\jasmine-core\lib\jasmine-core\jasmine.js:4337:11)
                    at Env.execute (E:\vmware\Loop\GitHub\e2e\node_modules\jasmine\node_modules\jasmine-core\lib\jasmine-core\jasmine.js:975:16)
                    at Jasmine.execute (E:\vmware\Loop\GitHub\e2e\node_modules\jasmine\lib\jasmine.js:200:12)
                    at E:\vmware\Loop\GitHub\e2e\node_modules\protractor\built\frameworks\jasmine.js:132:15
                    at Function.promise (E:\vmware\Loop\GitHub\e2e\node_modules\q\q.js:682:9)
                    at E:\vmware\Loop\GitHub\e2e\node_modules\protractor\built\frameworks\jasmine.js:104:14
                    at _fulfilled (E:\vmware\Loop\GitHub\e2e\node_modules\q\q.js:834:54)
                From: Task: Run beforeEach in control flow
                    at UserContext.&lt;anonymous> (E:\vmware\Loop\GitHub\e2e\node_modules\jasminewd2\index.js:94:19)
                    at attempt (E:\vmware\Loop\GitHub\e2e\node_modules\jasmine\node_modules\jasmine-core\lib\jasmine-core\jasmine.js:4297:26)
                    at QueueRunner.run (E:\vmware\Loop\GitHub\e2e\node_modules\jasmine\node_modules\jasmine-core\lib\jasmine-core\jasmine.js:4217:20)
                    at QueueRunner.execute (E:\vmware\Loop\GitHub\e2e\node_modules\jasmine\node_modules\jasmine-core\lib\jasmine-core\jasmine.js:4199:10)
                    at Spec.queueRunnerFactory (E:\vmware\Loop\GitHub\e2e\node_modules\jasmine\node_modules\jasmine-core\lib\jasmine-core\jasmine.js:909:35)
                    at Spec.execute (E:\vmware\Loop\GitHub\e2e\node_modules\jasmine\node_modules\jasmine-core\lib\jasmine-core\jasmine.js:526:10)
                    at UserContext.fn (E:\vmware\Loop\GitHub\e2e\node_modules\jasmine\node_modules\jasmine-core\lib\jasmine-core\jasmine.js:5340:37)
                    at attempt (E:\vmware\Loop\GitHub\e2e\node_modules\jasmine\node_modules\jasmine-core\lib\jasmine-core\jasmine.js:4297:26)
                    at QueueRunner.run (E:\vmware\Loop\GitHub\e2e\node_modules\jasmine\node_modules\jasmine-core\lib\jasmine-core\jasmine.js:4217:20)
                    at runNext (E:\vmware\Loop\GitHub\e2e\node_modules\jasmine\node_modules\jasmine-core\lib\jasmine-core\jasmine.js:4257:20)
                From asynchronous test: 
                Error: 
                    at Jasmine2Reporter.jasmineStarted (E:\vmware\Loop\GitHub\e2e\node_modules\protractor-beautiful-reporter\index.js:4948:13)
                    at dispatch (E:\vmware\Loop\GitHub\e2e\node_modules\jasmine\node_modules\jasmine-core\lib\jasmine-core\jasmine.js:4366:28)
                    at ReportDispatcher.jasmineStarted (E:\vmware\Loop\GitHub\e2e\node_modules\jasmine\node_modules\jasmine-core\lib\jasmine-core\jasmine.js:4337:11)
                    at Env.execute (E:\vmware\Loop\GitHub\e2e\node_modules\jasmine\node_modules\jasmine-core\lib\jasmine-core\jasmine.js:975:16)
                    at Jasmine.execute (E:\vmware\Loop\GitHub\e2e\node_modules\jasmine\lib\jasmine.js:200:12)
                    at E:\vmware\Loop\GitHub\e2e\node_modules\protractor\built\frameworks\jasmine.js:132:15
                    at Function.promise (E:\vmware\Loop\GitHub\e2e\node_modules\q\q.js:682:9)
                    at E:\vmware\Loop\GitHub\e2e\node_modules\protractor\built\frameworks\jasmine.js:104:14
                    at _fulfilled (E:\vmware\Loop\GitHub\e2e\node_modules\q\q.js:834:54)
                From: Task: Run beforeEach in control flow
                    at UserContext.&lt;anonymous> (E:\vmware\Loop\GitHub\e2e\node_modules\jasminewd2\index.js:94:19)
                    at attempt (E:\vmware\Loop\GitHub\e2e\node_modules\jasmine\node_modules\jasmine-core\lib\jasmine-core\jasmine.js:4297:26)
                    at QueueRunner.run (E:\vmware\Loop\GitHub\e2e\node_modules\jasmine\node_modules\jasmine-core\lib\jasmine-core\jasmine.js:4217:20)
                    at QueueRunner.execute (E:\vmware\Loop\GitHub\e2e\node_modules\jasmine\node_modules\jasmine-core\lib\jasmine-core\jasmine.js:4199:10)
                    at Spec.queueRunnerFactory (E:\vmware\Loop\GitHub\e2e\node_modules\jasmine\node_modules\jasmine-core\lib\jasmine-core\jasmine.js:909:35)
                    at Spec.execute (E:\vmware\Loop\GitHub\e2e\node_modules\jasmine\node_modules\jasmine-core\lib\jasmine-core\jasmine.js:526:10)
                    at UserContext.fn (E:\vmware\Loop\GitHub\e2e\node_modules\jasmine\node_modules\jasmine-core\lib\jasmine-core\jasmine.js:5340:37)
                    at attempt (E:\vmware\Loop\GitHub\e2e\node_modules\jasmine\node_modules\jasmine-core\lib\jasmine-core\jasmine.js:4297:26)
                    at QueueRunner.run (E:\vmware\Loop\GitHub\e2e\node_modules\jasmine\node_modules\jasmine-core\lib\jasmine-core\jasmine.js:4217:20)
                    at runNext (E:\vmware\Loop\GitHub\e2e\node_modules\jasmine\node_modules\jasmine-core\lib\jasmine-core\jasmine.js:4257:20)
                From asynchronous test: 
                Error: 
                    at Jasmine2Reporter.jasmineStarted (E:\vmware\Loop\GitHub\e2e\node_modules\protractor-beautiful-reporter\index.js:4948:13)
                    at dispatch (E:\vmware\Loop\GitHub\e2e\node_modules\jasmine\node_modules\jasmine-core\lib\jasmine-core\jasmine.js:4366:28)
                    at ReportDispatcher.jasmineStarted (E:\vmware\Loop\GitHub\e2e\node_modules\jasmine\node_modules\jasmine-core\lib\jasmine-core\jasmine.js:4337:11)
                    at Env.execute (E:\vmware\Loop\GitHub\e2e\node_modules\jasmine\node_modules\jasmine-core\lib\jasmine-core\jasmine.js:975:16)
                    at Jasmine.execute (E:\vmware\Loop\GitHub\e2e\node_modules\jasmine\lib\jasmine.js:200:12)
                    at E:\vmware\Loop\GitHub\e2e\node_modules\protractor\built\frameworks\jasmine.js:132:15
                    at Function.promise (E:\vmware\Loop\GitHub\e2e\node_modules\q\q.js:682:9)
                    at E:\vmware\Loop\GitHub\e2e\node_modules\protractor\built\frameworks\jasmine.js:104:14
                    at _fulfilled (E:\vmware\Loop\GitHub\e2e\node_modules\q\q.js:834:54)
                From: Task: Run beforeEach in control flow
                    at UserContext.&lt;anonymous> (E:\vmware\Loop\GitHub\e2e\node_modules\jasminewd2\index.js:94:19)
                    at attempt (E:\vmware\Loop\GitHub\e2e\node_modules\jasmine\node_modules\jasmine-core\lib\jasmine-core\jasmine.js:4297:26)
                    at QueueRunner.run (E:\vmware\Loop\GitHub\e2e\node_modules\jasmine\node_modules\jasmine-core\lib\jasmine-core\jasmine.js:4217:20)
                    at QueueRunner.execute (E:\vmware\Loop\GitHub\e2e\node_modules\jasmine\node_modules\jasmine-core\lib\jasmine-core\jasmine.js:4199:10)
                    at Spec.queueRunnerFactory (E:\vmware\Loop\GitHub\e2e\node_modules\jasmine\node_modules\jasmine-core\lib\jasmine-core\jasmine.js:909:35)
                    at Spec.execute (E:\vmware\Loop\GitHub\e2e\node_modules\jasmine\node_modules\jasmine-core\lib\jasmine-core\jasmine.js:526:10)
                    at UserContext.fn (E:\vmware\Loop\GitHub\e2e\node_modules\jasmine\node_modules\jasmine-core\lib\jasmine-core\jasmine.js:5340:37)
                    at attempt (E:\vmware\Loop\GitHub\e2e\node_modules\jasmine\node_modules\jasmine-core\lib\jasmine-core\jasmine.js:4297:26)
                    at QueueRunner.run (E:\vmware\Loop\GitHub\e2e\node_modules\jasmine\node_modules\jasmine-core\lib\jasmine-core\jasmine.js:4217:20)
                    at runNext (E:\vmware\Loop\GitHub\e2e\node_modules\jasmine\node_modules\jasmine-core\lib\jasmine-core\jasmine.js:4257:20)
                From asynchronous test: 
                Error: 
                    at Jasmine2Reporter.jasmineStarted (E:\vmware\Loop\GitHub\e2e\node_modules\protractor-beautiful-reporter\index.js:4948:13)
                    at dispatch (E:\vmware\Loop\GitHub\e2e\node_modules\jasmine\node_modules\jasmine-core\lib\jasmine-core\jasmine.js:4366:28)
                    at ReportDispatcher.jasmineStarted (E:\vmware\Loop\GitHub\e2e\node_modules\jasmine\node_modules\jasmine-core\lib\jasmine-core\jasmine.js:4337:11)
                    at Env.execute (E:\vmware\Loop\GitHub\e2e\node_modules\jasmine\node_modules\jasmine-core\lib\jasmine-core\jasmine.js:975:16)
                    at Jasmine.execute (E:\vmware\Loop\GitHub\e2e\node_modules\jasmine\lib\jasmine.js:200:12)
                    at E:\vmware\Loop\GitHub\e2e\node_modules\protractor\built\frameworks\jasmine.js:132:15
                    at Function.promise (E:\vmware\Loop\GitHub\e2e\node_modules\q\q.js:682:9)
                    at E:\vmware\Loop\GitHub\e2e\node_modules\protractor\built\frameworks\jasmine.js:104:14
                    at _fulfilled (E:\vmware\Loop\GitHub\e2e\node_modules\q\q.js:834:54)
                From: Task: Run beforeEach in control flow
                    at UserContext.&lt;anonymous> (E:\vmware\Loop\GitHub\e2e\node_modules\jasminewd2\index.js:94:19)
                    at attempt (E:\vmware\Loop\GitHub\e2e\node_modules\jasmine\node_modules\jasmine-core\lib\jasmine-core\jasmine.js:4297:26)
                    at QueueRunner.run (E:\vmware\Loop\GitHub\e2e\node_modules\jasmine\node_modules\jasmine-core\lib\jasmine-core\jasmine.js:4217:20)
                    at QueueRunner.execute (E:\vmware\Loop\GitHub\e2e\node_modules\jasmine\node_modules\jasmine-core\lib\jasmine-core\jasmine.js:4199:10)
                    at Spec.queueRunnerFactory (E:\vmware\Loop\GitHub\e2e\node_modules\jasmine\node_modules\jasmine-core\lib\jasmine-core\jasmine.js:909:35)
                    at Spec.execute (E:\vmware\Loop\GitHub\e2e\node_modules\jasmine\node_modules\jasmine-core\lib\jasmine-core\jasmine.js:526:10)
                    at UserContext.fn (E:\vmware\Loop\GitHub\e2e\node_modules\jasmine\node_modules\jasmine-core\lib\jasmine-core\jasmine.js:5340:37)
                    at attempt (E:\vmware\Loop\GitHub\e2e\node_modules\jasmine\node_modules\jasmine-core\lib\jasmine-core\jasmine.js:4297:26)
                    at QueueRunner.run (E:\vmware\Loop\GitHub\e2e\node_modules\jasmine\node_modules\jasmine-core\lib\jasmine-core\jasmine.js:4217:20)
                    at QueueRunner.execute (E:\vmware\Loop\GitHub\e2e\node_modules\jasmine\node_modules\jasmine-core\lib\jasmine-core\jasmine.js:4199:10)
                From asynchronous test: 
                Error: 
                    at Jasmine2Reporter.jasmineStarted (E:\vmware\Loop\GitHub\e2e\node_modules\protractor-beautiful-reporter\index.js:4948:13)
                    at dispatch (E:\vmware\Loop\GitHub\e2e\node_modules\jasmine\node_modules\jasmine-core\lib\jasmine-core\jasmine.js:4366:28)
                    at ReportDispatcher.jasmineStarted (E:\vmware\Loop\GitHub\e2e\node_modules\jasmine\node_modules\jasmine-core\lib\jasmine-core\jasmine.js:4337:11)
                    at Env.execute (E:\vmware\Loop\GitHub\e2e\node_modules\jasmine\node_modules\jasmine-core\lib\jasmine-core\jasmine.js:975:16)
                    at Jasmine.execute (E:\vmware\Loop\GitHub\e2e\node_modules\jasmine\lib\jasmine.js:200:12)
                    at E:\vmware\Loop\GitHub\e2e\node_modules\protractor\built\frameworks\jasmine.js:132:15
                    at Function.promise (E:\vmware\Loop\GitHub\e2e\node_modules\q\q.js:682:9)
                    at E:\vmware\Loop\GitHub\e2e\node_modules\protractor\built\frameworks\jasmine.js:104:14
                    at _fulfilled (E:\vmware\Loop\GitHub\e2e\node_modules\q\q.js:834:54)
                From: Task: Run beforeEach in control flow
                    at UserContext.&lt;anonymous> (E:\vmware\Loop\GitHub\e2e\node_modules\jasminewd2\index.js:94:19)
                    at attempt (E:\vmware\Loop\GitHub\e2e\node_modules\jasmine\node_modules\jasmine-core\lib\jasmine-core\jasmine.js:4297:26)
                    at QueueRunner.run (E:\vmware\Loop\GitHub\e2e\node_modules\jasmine\node_modules\jasmine-core\lib\jasmine-core\jasmine.js:4217:20)
                    at QueueRunner.execute (E:\vmware\Loop\GitHub\e2e\node_modules\jasmine\node_modules\jasmine-core\lib\jasmine-core\jasmine.js:4199:10)
                    at Spec.queueRunnerFactory (E:\vmware\Loop\GitHub\e2e\node_modules\jasmine\node_modules\jasmine-core\lib\jasmine-core\jasmine.js:909:35)
                    at Spec.execute (E:\vmware\Loop\GitHub\e2e\node_modules\jasmine\node_modules\jasmine-core\lib\jasmine-core\jasmine.js:526:10)
                    at UserContext.fn (E:\vmware\Loop\GitHub\e2e\node_modules\jasmine\node_modules\jasmine-core\lib\jasmine-core\jasmine.js:5340:37)
                    at attempt (E:\vmware\Loop\GitHub\e2e\node_modules\jasmine\node_modules\jasmine-core\lib\jasmine-core\jasmine.js:4297:26)
                    at QueueRunner.run (E:\vmware\Loop\GitHub\e2e\node_modules\jasmine\node_modules\jasmine-core\lib\jasmine-core\jasmine.js:4217:20)
                    at runNext (E:\vmware\Loop\GitHub\e2e\node_modules\jasmine\node_modules\jasmine-core\lib\jasmine-core\jasmine.js:4257:20)
                From asynchronous test: 
                Error: 
                    at Jasmine2Reporter.jasmineStarted (E:\vmware\Loop\GitHub\e2e\node_modules\protractor-beautiful-reporter\index.js:4948:13)
                    at dispatch (E:\vmware\Loop\GitHub\e2e\node_modules\jasmine\node_modules\jasmine-core\lib\jasmine-core\jasmine.js:4366:28)
                    at ReportDispatcher.jasmineStarted (E:\vmware\Loop\GitHub\e2e\node_modules\jasmine\node_modules\jasmine-core\lib\jasmine-core\jasmine.js:4337:11)
                    at Env.execute (E:\vmware\Loop\GitHub\e2e\node_modules\jasmine\node_modules\jasmine-core\lib\jasmine-core\jasmine.js:975:16)
                    at Jasmine.execute (E:\vmware\Loop\GitHub\e2e\node_modules\jasmine\lib\jasmine.js:200:12)
                    at E:\vmware\Loop\GitHub\e2e\node_modules\protractor\built\frameworks\jasmine.js:132:15
                    at Function.promise (E:\vmware\Loop\GitHub\e2e\node_modules\q\q.js:682:9)
                    at E:\vmware\Loop\GitHub\e2e\node_modules\protractor\built\frameworks\jasmine.js:104:14
                    at _fulfilled (E:\vmware\Loop\GitHub\e2e\node_modules\q\q.js:834:54)
                From: Task: Run beforeEach in control flow
                    at UserContext.&lt;anonymous> (E:\vmware\Loop\GitHub\e2e\node_modules\jasminewd2\index.js:94:19)
                    at attempt (E:\vmware\Loop\GitHub\e2e\node_modules\jasmine\node_modules\jasmine-core\lib\jasmine-core\jasmine.js:4297:26)
                    at QueueRunner.run (E:\vmware\Loop\GitHub\e2e\node_modules\jasmine\node_modules\jasmine-core\lib\jasmine-core\jasmine.js:4217:20)
                    at QueueRunner.execute (E:\vmware\Loop\GitHub\e2e\node_modules\jasmine\node_modules\jasmine-core\lib\jasmine-core\jasmine.js:4199:10)
                    at Spec.queueRunnerFactory (E:\vmware\Loop\GitHub\e2e\node_modules\jasmine\node_modules\jasmine-core\lib\jasmine-core\jasmine.js:909:35)
                    at Spec.execute (E:\vmware\Loop\GitHub\e2e\node_modules\jasmine\node_modules\jasmine-core\lib\jasmine-core\jasmine.js:526:10)
                    at UserContext.fn (E:\vmware\Loop\GitHub\e2e\node_modules\jasmine\node_modules\jasmine-core\lib\jasmine-core\jasmine.js:5340:37)
                    at attempt (E:\vmware\Loop\GitHub\e2e\node_modules\jasmine\node_modules\jasmine-core\lib\jasmine-core\jasmine.js:4297:26)
                    at QueueRunner.run (E:\vmware\Loop\GitHub\e2e\node_modules\jasmine\node_modules\jasmine-core\lib\jasmine-core\jasmine.js:4217:20)
                    at runNext (E:\vmware\Loop\GitHub\e2e\node_modules\jasmine\node_modules\jasmine-core\lib\jasmine-core\jasmine.js:4257:20)
                From asynchronous test: 
                Error: 
                    at Jasmine2Reporter.jasmineStarted (E:\vmware\Loop\GitHub\e2e\node_modules\protractor-beautiful-reporter\index.js:4948:13)
                    at dispatch (E:\vmware\Loop\GitHub\e2e\node_modules\jasmine\node_modules\jasmine-core\lib\jasmine-core\jasmine.js:4366:28)
                    at ReportDispatcher.jasmineStarted (E:\vmware\Loop\GitHub\e2e\node_modules\jasmine\node_modules\jasmine-core\lib\jasmine-core\jasmine.js:4337:11)
                    at Env.execute (E:\vmware\Loop\GitHub\e2e\node_modules\jasmine\node_modules\jasmine-core\lib\jasmine-core\jasmine.js:975:16)
                    at Jasmine.execute (E:\vmware\Loop\GitHub\e2e\node_modules\jasmine\lib\jasmine.js:200:12)
                    at E:\vmware\Loop\GitHub\e2e\node_modules\protractor\built\frameworks\jasmine.js:132:15
                    at Function.promise (E:\vmware\Loop\GitHub\e2e\node_modules\q\q.js:682:9)
                    at E:\vmware\Loop\GitHub\e2e\node_modules\protractor\built\frameworks\jasmine.js:104:14
                    at _fulfilled (E:\vmware\Loop\GitHub\e2e\node_modules\q\q.js:834:54)
                From: Task: Run beforeEach in control flow
                    at UserContext.&lt;anonymous> (E:\vmware\Loop\GitHub\e2e\node_modules\jasminewd2\index.js:94:19)
                    at attempt (E:\vmware\Loop\GitHub\e2e\node_modules\jasmine\node_modules\jasmine-core\lib\jasmine-core\jasmine.js:4297:26)
                    at QueueRunner.run (E:\vmware\Loop\GitHub\e2e\node_modules\jasmine\node_modules\jasmine-core\lib\jasmine-core\jasmine.js:4217:20)
                    at QueueRunner.execute (E:\vmware\Loop\GitHub\e2e\node_modules\jasmine\node_modules\jasmine-core\lib\jasmine-core\jasmine.js:4199:10)
                    at Spec.queueRunnerFactory (E:\vmware\Loop\GitHub\e2e\node_modules\jasmine\node_modules\jasmine-core\lib\jasmine-core\jasmine.js:909:35)
                    at Spec.execute (E:\vmware\Loop\GitHub\e2e\node_modules\jasmine\node_modules\jasmine-core\lib\jasmine-core\jasmine.js:526:10)
                    at UserContext.fn (E:\vmware\Loop\GitHub\e2e\node_modules\jasmine\node_modules\jasmine-core\lib\jasmine-core\jasmine.js:5340:37)
                    at attempt (E:\vmware\Loop\GitHub\e2e\node_modules\jasmine\node_modules\jasmine-core\lib\jasmine-core\jasmine.js:4297:26)
                    at QueueRunner.run (E:\vmware\Loop\GitHub\e2e\node_modules\jasmine\node_modules\jasmine-core\lib\jasmine-core\jasmine.js:4217:20)
                    at QueueRunner.execute (E:\vmware\Loop\GitHub\e2e\node_modules\jasmine\node_modules\jasmine-core\lib\jasmine-core\jasmine.js:4199:10)
                From asynchronous test: 
                Error: 
                    at Jasmine2Reporter.jasmineStarted (E:\vmware\Loop\GitHub\e2e\node_modules\protractor-beautiful-reporter\index.js:4948:13)
                    at dispatch (E:\vmware\Loop\GitHub\e2e\node_modules\jasmine\node_modules\jasmine-core\lib\jasmine-core\jasmine.js:4366:28)
                    at ReportDispatcher.jasmineStarted (E:\vmware\Loop\GitHub\e2e\node_modules\jasmine\node_modules\jasmine-core\lib\jasmine-core\jasmine.js:4337:11)
                    at Env.execute (E:\vmware\Loop\GitHub\e2e\node_modules\jasmine\node_modules\jasmine-core\lib\jasmine-core\jasmine.js:975:16)
                    at Jasmine.execute (E:\vmware\Loop\GitHub\e2e\node_modules\jasmine\lib\jasmine.js:200:12)
                    at E:\vmware\Loop\GitHub\e2e\node_modules\protractor\built\frameworks\jasmine.js:132:15
                    at Function.promise (E:\vmware\Loop\GitHub\e2e\node_modules\q\q.js:682:9)
                    at E:\vmware\Loop\GitHub\e2e\node_modules\protractor\built\frameworks\jasmine.js:104:14
                    at _fulfilled (E:\vmware\Loop\GitHub\e2e\node_modules\q\q.js:834:54)</stack-trace>
            </failure>
        </test-case>
        <test-case start='1629685796014' status='failed' stop='1629685796091'>
            <name>Download project</name>
            <title>Download project</title>
            <labels/>
            <parameters/>
            <steps/>
            <attachments/>
            <failure>
                <message>Error: EADDRINUSE connect EADDRINUSE 127.0.0.1:63150</message>
                <stack-trace>Error: EADDRINUSE connect EADDRINUSE 127.0.0.1:63150
                    at ClientRequest.&lt;anonymous> (E:\vmware\Loop\GitHub\e2e\node_modules\selenium-webdriver\http\index.js:238:15)
                    at ClientRequest.emit (node:events:394:28)
                    at Socket.socketErrorListener (node:_http_client:447:9)
                    at Socket.emit (node:events:394:28)
                    at emitErrorNT (node:internal/streams/destroy:157:8)
                    at emitErrorCloseNT (node:internal/streams/destroy:122:3)
                    at processTicksAndRejections (node:internal/process/task_queues:83:21)
                From: Task: WebDriver.takeScreenshot()
                    at Driver.schedule (E:\vmware\Loop\GitHub\e2e\node_modules\selenium-webdriver\lib\webdriver.js:807:17)
                    at Driver.takeScreenshot (E:\vmware\Loop\GitHub\e2e\node_modules\selenium-webdriver\lib\webdriver.js:1085:17)
                    at run (E:\vmware\Loop\GitHub\e2e\node_modules\protractor\built\browser.js:58:33)
                    at ProtractorBrowser.to.&lt;computed> [as takeScreenshot] (E:\vmware\Loop\GitHub\e2e\node_modules\protractor\built\browser.js:66:16)
                    at Spec.jasmine.Spec.addExpectationResult (E:\vmware\Loop\GitHub\e2e\protractor.config.js:147:17)
                    at Spec.onException (E:\vmware\Loop\GitHub\e2e\node_modules\jasmine\node_modules\jasmine-core\lib\jasmine-core\jasmine.js:548:10)
                    at QueueRunner.onException (E:\vmware\Loop\GitHub\e2e\node_modules\jasmine\node_modules\jasmine-core\lib\jasmine-core\jasmine.js:515:50)
                    at onException (E:\vmware\Loop\GitHub\e2e\node_modules\jasmine\node_modules\jasmine-core\lib\jasmine-core\jasmine.js:4310:14)
                    at handleError (E:\vmware\Loop\GitHub\e2e\node_modules\jasmine\node_modules\jasmine-core\lib\jasmine-core\jasmine.js:4243:11)
                    at process.onerror (E:\vmware\Loop\GitHub\e2e\node_modules\jasmine\node_modules\jasmine-core\lib\jasmine-core\jasmine.js:2371:17)</stack-trace>
            </failure>
        </test-case>
    </test-cases>
</ns2:test-suite>