<?xml version='1.0'?>
<ns2:test-suite xmlns:ns2='urn:model.allure.qatools.yandex.ru' start='1629688266037' stop='1629688283790'>
    <name>verify log project append funtion</name>
    <title>verify log project append funtion</title>
    <test-cases>
        <test-case start='1629688266038' status='failed' stop='1629688281145'>
            <name>Qick append verify add new line</name>
            <title>Qick append verify add new line</title>
            <labels/>
            <parameters/>
            <steps/>
            <attachments>
                <attachment title='Screenshot' source='aaff85dd-80ea-4b58-ac5e-f52b0d381b4d-attachment.png' type='image/png' size='7513'/>
            </attachments>
            <failure>
                <message>Failed: Error while waiting for Protractor to sync with the page: "both angularJS testability and angular testability are undefined.  This could be either because this is a non-angular page or because your test involves client-side navigation, which can interfere with Protractor's bootstrapping.  See http://git.io/v4gXM for details"</message>
                <stack-trace>Error: Error while waiting for Protractor to sync with the page: "both angularJS testability and angular testability are undefined.  This could be either because this is a non-angular page or because your test involves client-side navigation, which can interfere with Protractor's bootstrapping.  See http://git.io/v4gXM for details"
                    at E:\vmware\Loop\GitHub\e2e\node_modules\protractor\built\browser.js:461:23
                    at ManagedPromise.invokeCallback_ (E:\vmware\Loop\GitHub\e2e\node_modules\selenium-webdriver\lib\promise.js:1376:14)
                    at TaskQueue.execute_ (E:\vmware\Loop\GitHub\e2e\node_modules\selenium-webdriver\lib\promise.js:3084:14)
                    at TaskQueue.executeNext_ (E:\vmware\Loop\GitHub\e2e\node_modules\selenium-webdriver\lib\promise.js:3067:27)
                    at E:\vmware\Loop\GitHub\e2e\node_modules\selenium-webdriver\lib\promise.js:2927:27
                    at E:\vmware\Loop\GitHub\e2e\node_modules\selenium-webdriver\lib\promise.js:668:7
                    at processTicksAndRejections (node:internal/process/task_queues:96:5)
                From: Task: &lt;anonymous>
                    at pollCondition (E:\vmware\Loop\GitHub\e2e\node_modules\selenium-webdriver\lib\promise.js:2195:19)
                    at E:\vmware\Loop\GitHub\e2e\node_modules\selenium-webdriver\lib\promise.js:2191:7
                    at new ManagedPromise (E:\vmware\Loop\GitHub\e2e\node_modules\selenium-webdriver\lib\promise.js:1077:7)
                    at ControlFlow.promise (E:\vmware\Loop\GitHub\e2e\node_modules\selenium-webdriver\lib\promise.js:2505:12)
                    at E:\vmware\Loop\GitHub\e2e\node_modules\selenium-webdriver\lib\promise.js:2190:22
                    at TaskQueue.execute_ (E:\vmware\Loop\GitHub\e2e\node_modules\selenium-webdriver\lib\promise.js:3084:14)
                    at TaskQueue.executeNext_ (E:\vmware\Loop\GitHub\e2e\node_modules\selenium-webdriver\lib\promise.js:3067:27)
                    at E:\vmware\Loop\GitHub\e2e\node_modules\selenium-webdriver\lib\promise.js:2974:25
                    at E:\vmware\Loop\GitHub\e2e\node_modules\selenium-webdriver\lib\promise.js:668:7
                From: Task: &lt;anonymous wait>
                    at scheduleWait (E:\vmware\Loop\GitHub\e2e\node_modules\selenium-webdriver\lib\promise.js:2188:20)
                    at ControlFlow.wait (E:\vmware\Loop\GitHub\e2e\node_modules\selenium-webdriver\lib\promise.js:2517:12)
                    at Driver.wait (E:\vmware\Loop\GitHub\e2e\node_modules\selenium-webdriver\lib\webdriver.js:934:29)
                    at run (E:\vmware\Loop\GitHub\e2e\node_modules\protractor\built\browser.js:58:33)
                    at ProtractorBrowser.to.&lt;computed> [as wait] (E:\vmware\Loop\GitHub\e2e\node_modules\protractor\built\browser.js:66:16)
                    at Function.&lt;anonymous> (E:\vmware\Loop\GitHub\e2e\utils\function-util.ts:140:19)
                    at Generator.next (&lt;anonymous>)
                    at E:\vmware\Loop\GitHub\e2e\node_modules\tslib\tslib.js:115:75
                    at new Promise (&lt;anonymous>)
                    at Object.__awaiter (E:\vmware\Loop\GitHub\e2e\node_modules\tslib\tslib.js:111:16)
                From: Task: Run it("Qick append verify add new line") in control flow
                    at UserContext.&lt;anonymous> (E:\vmware\Loop\GitHub\e2e\node_modules\jasminewd2\index.js:94:19)
                    at attempt (E:\vmware\Loop\GitHub\e2e\node_modules\jasmine\node_modules\jasmine-core\lib\jasmine-core\jasmine.js:4297:26)
                    at QueueRunner.run (E:\vmware\Loop\GitHub\e2e\node_modules\jasmine\node_modules\jasmine-core\lib\jasmine-core\jasmine.js:4217:20)
                    at runNext (E:\vmware\Loop\GitHub\e2e\node_modules\jasmine\node_modules\jasmine-core\lib\jasmine-core\jasmine.js:4257:20)
                    at E:\vmware\Loop\GitHub\e2e\node_modules\jasmine\node_modules\jasmine-core\lib\jasmine-core\jasmine.js:4264:13
                    at E:\vmware\Loop\GitHub\e2e\node_modules\jasmine\node_modules\jasmine-core\lib\jasmine-core\jasmine.js:4172:9
                    at E:\vmware\Loop\GitHub\e2e\node_modules\jasminewd2\index.js:64:48
                    at ControlFlow.emit (E:\vmware\Loop\GitHub\e2e\node_modules\selenium-webdriver\lib\events.js:62:21)
                    at ControlFlow.shutdown_ (E:\vmware\Loop\GitHub\e2e\node_modules\selenium-webdriver\lib\promise.js:2674:10)
                    at E:\vmware\Loop\GitHub\e2e\node_modules\selenium-webdriver\lib\promise.js:2599:53
                From asynchronous test: 
                Error: 
                    at Suite.&lt;anonymous> (E:\vmware\Loop\GitHub\e2e\features\append-project-log-spec.ts:14:3)
                    at addSpecsToSuite (E:\vmware\Loop\GitHub\e2e\node_modules\jasmine\node_modules\jasmine-core\lib\jasmine-core\jasmine.js:1107:25)
                    at Env.describe (E:\vmware\Loop\GitHub\e2e\node_modules\jasmine\node_modules\jasmine-core\lib\jasmine-core\jasmine.js:1074:7)
                    at describe (E:\vmware\Loop\GitHub\e2e\node_modules\jasmine\node_modules\jasmine-core\lib\jasmine-core\jasmine.js:4399:18)
                    at Object.&lt;anonymous> (E:\vmware\Loop\GitHub\e2e\features\append-project-log-spec.ts:10:1)
                    at Module._compile (node:internal/modules/cjs/loader:1101:14)
                    at Module.m._compile (E:\vmware\Loop\GitHub\e2e\node_modules\ts-node\src\index.ts:422:23)
                    at Module._extensions..js (node:internal/modules/cjs/loader:1153:10)
                    at Object.require.extensions.&lt;computed> [as .ts] (E:\vmware\Loop\GitHub\e2e\node_modules\ts-node\src\index.ts:425:12)</stack-trace>
            </failure>
        </test-case>
        <test-case start='1629688281146' status='failed' stop='1629688282390'>
            <name>Qick append verify delete new line</name>
            <title>Qick append verify delete new line</title>
            <labels/>
            <parameters/>
            <steps/>
            <attachments>
                <attachment title='Screenshot' source='43c16cad-7992-4106-ba9b-defd29ab8dfa-attachment.png' type='image/png' size='7513'/>
            </attachments>
            <failure>
                <message>Failed: Error while waiting for Protractor to sync with the page: "both angularJS testability and angular testability are undefined.  This could be either because this is a non-angular page or because your test involves client-side navigation, which can interfere with Protractor's bootstrapping.  See http://git.io/v4gXM for details"</message>
                <stack-trace>Error: Error while waiting for Protractor to sync with the page: "both angularJS testability and angular testability are undefined.  This could be either because this is a non-angular page or because your test involves client-side navigation, which can interfere with Protractor's bootstrapping.  See http://git.io/v4gXM for details"
                    at E:\vmware\Loop\GitHub\e2e\node_modules\protractor\built\browser.js:461:23
                    at ManagedPromise.invokeCallback_ (E:\vmware\Loop\GitHub\e2e\node_modules\selenium-webdriver\lib\promise.js:1376:14)
                    at TaskQueue.execute_ (E:\vmware\Loop\GitHub\e2e\node_modules\selenium-webdriver\lib\promise.js:3084:14)
                    at TaskQueue.executeNext_ (E:\vmware\Loop\GitHub\e2e\node_modules\selenium-webdriver\lib\promise.js:3067:27)
                    at E:\vmware\Loop\GitHub\e2e\node_modules\selenium-webdriver\lib\promise.js:2927:27
                    at E:\vmware\Loop\GitHub\e2e\node_modules\selenium-webdriver\lib\promise.js:668:7
                    at processTicksAndRejections (node:internal/process/task_queues:96:5)
                From: Task: &lt;anonymous>
                    at pollCondition (E:\vmware\Loop\GitHub\e2e\node_modules\selenium-webdriver\lib\promise.js:2195:19)
                    at E:\vmware\Loop\GitHub\e2e\node_modules\selenium-webdriver\lib\promise.js:2191:7
                    at new ManagedPromise (E:\vmware\Loop\GitHub\e2e\node_modules\selenium-webdriver\lib\promise.js:1077:7)
                    at ControlFlow.promise (E:\vmware\Loop\GitHub\e2e\node_modules\selenium-webdriver\lib\promise.js:2505:12)
                    at E:\vmware\Loop\GitHub\e2e\node_modules\selenium-webdriver\lib\promise.js:2190:22
                    at TaskQueue.execute_ (E:\vmware\Loop\GitHub\e2e\node_modules\selenium-webdriver\lib\promise.js:3084:14)
                    at TaskQueue.executeNext_ (E:\vmware\Loop\GitHub\e2e\node_modules\selenium-webdriver\lib\promise.js:3067:27)
                    at E:\vmware\Loop\GitHub\e2e\node_modules\selenium-webdriver\lib\promise.js:2974:25
                    at E:\vmware\Loop\GitHub\e2e\node_modules\selenium-webdriver\lib\promise.js:668:7
                From: Task: &lt;anonymous wait>
                    at scheduleWait (E:\vmware\Loop\GitHub\e2e\node_modules\selenium-webdriver\lib\promise.js:2188:20)
                    at ControlFlow.wait (E:\vmware\Loop\GitHub\e2e\node_modules\selenium-webdriver\lib\promise.js:2517:12)
                    at Driver.wait (E:\vmware\Loop\GitHub\e2e\node_modules\selenium-webdriver\lib\webdriver.js:934:29)
                    at run (E:\vmware\Loop\GitHub\e2e\node_modules\protractor\built\browser.js:58:33)
                    at ProtractorBrowser.to.&lt;computed> [as wait] (E:\vmware\Loop\GitHub\e2e\node_modules\protractor\built\browser.js:66:16)
                    at Function.&lt;anonymous> (E:\vmware\Loop\GitHub\e2e\utils\function-util.ts:140:19)
                    at Generator.next (&lt;anonymous>)
                    at E:\vmware\Loop\GitHub\e2e\node_modules\tslib\tslib.js:115:75
                    at new Promise (&lt;anonymous>)
                    at Object.__awaiter (E:\vmware\Loop\GitHub\e2e\node_modules\tslib\tslib.js:111:16)
                From: Task: Run it("Qick append verify delete new line") in control flow
                    at UserContext.&lt;anonymous> (E:\vmware\Loop\GitHub\e2e\node_modules\jasminewd2\index.js:94:19)
                    at attempt (E:\vmware\Loop\GitHub\e2e\node_modules\jasmine\node_modules\jasmine-core\lib\jasmine-core\jasmine.js:4297:26)
                    at QueueRunner.run (E:\vmware\Loop\GitHub\e2e\node_modules\jasmine\node_modules\jasmine-core\lib\jasmine-core\jasmine.js:4217:20)
                    at runNext (E:\vmware\Loop\GitHub\e2e\node_modules\jasmine\node_modules\jasmine-core\lib\jasmine-core\jasmine.js:4257:20)
                    at E:\vmware\Loop\GitHub\e2e\node_modules\jasmine\node_modules\jasmine-core\lib\jasmine-core\jasmine.js:4264:13
                    at E:\vmware\Loop\GitHub\e2e\node_modules\jasmine\node_modules\jasmine-core\lib\jasmine-core\jasmine.js:4172:9
                    at E:\vmware\Loop\GitHub\e2e\node_modules\jasminewd2\index.js:64:48
                    at ControlFlow.emit (E:\vmware\Loop\GitHub\e2e\node_modules\selenium-webdriver\lib\events.js:62:21)
                    at ControlFlow.shutdown_ (E:\vmware\Loop\GitHub\e2e\node_modules\selenium-webdriver\lib\promise.js:2674:10)
                    at E:\vmware\Loop\GitHub\e2e\node_modules\selenium-webdriver\lib\promise.js:2599:53
                From asynchronous test: 
                Error: 
                    at Suite.&lt;anonymous> (E:\vmware\Loop\GitHub\e2e\features\append-project-log-spec.ts:18:3)
                    at addSpecsToSuite (E:\vmware\Loop\GitHub\e2e\node_modules\jasmine\node_modules\jasmine-core\lib\jasmine-core\jasmine.js:1107:25)
                    at Env.describe (E:\vmware\Loop\GitHub\e2e\node_modules\jasmine\node_modules\jasmine-core\lib\jasmine-core\jasmine.js:1074:7)
                    at describe (E:\vmware\Loop\GitHub\e2e\node_modules\jasmine\node_modules\jasmine-core\lib\jasmine-core\jasmine.js:4399:18)
                    at Object.&lt;anonymous> (E:\vmware\Loop\GitHub\e2e\features\append-project-log-spec.ts:10:1)
                    at Module._compile (node:internal/modules/cjs/loader:1101:14)
                    at Module.m._compile (E:\vmware\Loop\GitHub\e2e\node_modules\ts-node\src\index.ts:422:23)
                    at Module._extensions..js (node:internal/modules/cjs/loader:1153:10)
                    at Object.require.extensions.&lt;computed> [as .ts] (E:\vmware\Loop\GitHub\e2e\node_modules\ts-node\src\index.ts:425:12)</stack-trace>
            </failure>
        </test-case>
        <test-case start='1629688282390' status='failed' stop='1629688283589'>
            <name>Qick append verify upload sigle log file and publish</name>
            <title>Qick append verify upload sigle log file and publish</title>
            <labels/>
            <parameters/>
            <steps/>
            <attachments>
                <attachment title='Screenshot' source='0972e056-12dd-4821-8f4a-51e3bf7f814f-attachment.png' type='image/png' size='7513'/>
            </attachments>
            <failure>
                <message>Failed: Error while waiting for Protractor to sync with the page: "both angularJS testability and angular testability are undefined.  This could be either because this is a non-angular page or because your test involves client-side navigation, which can interfere with Protractor's bootstrapping.  See http://git.io/v4gXM for details"</message>
                <stack-trace>Error: Error while waiting for Protractor to sync with the page: "both angularJS testability and angular testability are undefined.  This could be either because this is a non-angular page or because your test involves client-side navigation, which can interfere with Protractor's bootstrapping.  See http://git.io/v4gXM for details"
                    at E:\vmware\Loop\GitHub\e2e\node_modules\protractor\built\browser.js:461:23
                    at ManagedPromise.invokeCallback_ (E:\vmware\Loop\GitHub\e2e\node_modules\selenium-webdriver\lib\promise.js:1376:14)
                    at TaskQueue.execute_ (E:\vmware\Loop\GitHub\e2e\node_modules\selenium-webdriver\lib\promise.js:3084:14)
                    at TaskQueue.executeNext_ (E:\vmware\Loop\GitHub\e2e\node_modules\selenium-webdriver\lib\promise.js:3067:27)
                    at E:\vmware\Loop\GitHub\e2e\node_modules\selenium-webdriver\lib\promise.js:2927:27
                    at E:\vmware\Loop\GitHub\e2e\node_modules\selenium-webdriver\lib\promise.js:668:7
                    at processTicksAndRejections (node:internal/process/task_queues:96:5)Error: 
                    at ElementArrayFinder.applyAction_ (E:\vmware\Loop\GitHub\e2e\node_modules\protractor\built\element.js:459:27)
                    at ElementArrayFinder.&lt;computed> [as sendKeys] (E:\vmware\Loop\GitHub\e2e\node_modules\protractor\built\element.js:91:29)
                    at ElementFinder.&lt;computed> [as sendKeys] (E:\vmware\Loop\GitHub\e2e\node_modules\protractor\built\element.js:831:22)
                    at CommonAppend.&lt;anonymous> (E:\vmware\Loop\GitHub\e2e\general\common-append.ts:69:32)
                    at Generator.next (&lt;anonymous>)
                    at fulfilled (E:\vmware\Loop\GitHub\e2e\node_modules\tslib\tslib.js:112:62)
                From: Task: Run it("Qick append verify upload sigle log file and publish") in control flow
                    at UserContext.&lt;anonymous> (E:\vmware\Loop\GitHub\e2e\node_modules\jasminewd2\index.js:94:19)
                    at attempt (E:\vmware\Loop\GitHub\e2e\node_modules\jasmine\node_modules\jasmine-core\lib\jasmine-core\jasmine.js:4297:26)
                    at QueueRunner.run (E:\vmware\Loop\GitHub\e2e\node_modules\jasmine\node_modules\jasmine-core\lib\jasmine-core\jasmine.js:4217:20)
                    at runNext (E:\vmware\Loop\GitHub\e2e\node_modules\jasmine\node_modules\jasmine-core\lib\jasmine-core\jasmine.js:4257:20)
                    at E:\vmware\Loop\GitHub\e2e\node_modules\jasmine\node_modules\jasmine-core\lib\jasmine-core\jasmine.js:4264:13
                    at E:\vmware\Loop\GitHub\e2e\node_modules\jasmine\node_modules\jasmine-core\lib\jasmine-core\jasmine.js:4172:9
                    at E:\vmware\Loop\GitHub\e2e\node_modules\jasminewd2\index.js:64:48
                    at ControlFlow.emit (E:\vmware\Loop\GitHub\e2e\node_modules\selenium-webdriver\lib\events.js:62:21)
                    at ControlFlow.shutdown_ (E:\vmware\Loop\GitHub\e2e\node_modules\selenium-webdriver\lib\promise.js:2674:10)
                    at E:\vmware\Loop\GitHub\e2e\node_modules\selenium-webdriver\lib\promise.js:2599:53
                From asynchronous test: 
                Error: 
                    at Suite.&lt;anonymous> (E:\vmware\Loop\GitHub\e2e\features\append-project-log-spec.ts:23:3)
                    at addSpecsToSuite (E:\vmware\Loop\GitHub\e2e\node_modules\jasmine\node_modules\jasmine-core\lib\jasmine-core\jasmine.js:1107:25)
                    at Env.describe (E:\vmware\Loop\GitHub\e2e\node_modules\jasmine\node_modules\jasmine-core\lib\jasmine-core\jasmine.js:1074:7)
                    at describe (E:\vmware\Loop\GitHub\e2e\node_modules\jasmine\node_modules\jasmine-core\lib\jasmine-core\jasmine.js:4399:18)
                    at Object.&lt;anonymous> (E:\vmware\Loop\GitHub\e2e\features\append-project-log-spec.ts:10:1)
                    at Module._compile (node:internal/modules/cjs/loader:1101:14)
                    at Module.m._compile (E:\vmware\Loop\GitHub\e2e\node_modules\ts-node\src\index.ts:422:23)
                    at Module._extensions..js (node:internal/modules/cjs/loader:1153:10)
                    at Object.require.extensions.&lt;computed> [as .ts] (E:\vmware\Loop\GitHub\e2e\node_modules\ts-node\src\index.ts:425:12)</stack-trace>
            </failure>
        </test-case>
        <test-case start='1629688283589' status='failed' stop='1629688283788'>
            <name>File append verify selete existing log file</name>
            <title>File append verify selete existing log file</title>
            <labels/>
            <parameters/>
            <steps/>
            <attachments>
                <attachment title='Screenshot' source='29fdacb6-1bc0-4a65-ad50-3a8c58900057-attachment.png' type='image/png' size='7513'/>
            </attachments>
            <failure>
                <message>Failed: Error while waiting for Protractor to sync with the page: "both angularJS testability and angular testability are undefined.  This could be either because this is a non-angular page or because your test involves client-side navigation, which can interfere with Protractor's bootstrapping.  See http://git.io/v4gXM for details"</message>
                <stack-trace>Error: Error while waiting for Protractor to sync with the page: "both angularJS testability and angular testability are undefined.  This could be either because this is a non-angular page or because your test involves client-side navigation, which can interfere with Protractor's bootstrapping.  See http://git.io/v4gXM for details"
                    at E:\vmware\Loop\GitHub\e2e\node_modules\protractor\built\browser.js:461:23
                    at ManagedPromise.invokeCallback_ (E:\vmware\Loop\GitHub\e2e\node_modules\selenium-webdriver\lib\promise.js:1376:14)
                    at TaskQueue.execute_ (E:\vmware\Loop\GitHub\e2e\node_modules\selenium-webdriver\lib\promise.js:3084:14)
                    at TaskQueue.executeNext_ (E:\vmware\Loop\GitHub\e2e\node_modules\selenium-webdriver\lib\promise.js:3067:27)
                    at E:\vmware\Loop\GitHub\e2e\node_modules\selenium-webdriver\lib\promise.js:2927:27
                    at E:\vmware\Loop\GitHub\e2e\node_modules\selenium-webdriver\lib\promise.js:668:7
                    at processTicksAndRejections (node:internal/process/task_queues:96:5)
                From: Task: &lt;anonymous>
                    at pollCondition (E:\vmware\Loop\GitHub\e2e\node_modules\selenium-webdriver\lib\promise.js:2195:19)
                    at E:\vmware\Loop\GitHub\e2e\node_modules\selenium-webdriver\lib\promise.js:2191:7
                    at new ManagedPromise (E:\vmware\Loop\GitHub\e2e\node_modules\selenium-webdriver\lib\promise.js:1077:7)
                    at ControlFlow.promise (E:\vmware\Loop\GitHub\e2e\node_modules\selenium-webdriver\lib\promise.js:2505:12)
                    at E:\vmware\Loop\GitHub\e2e\node_modules\selenium-webdriver\lib\promise.js:2190:22
                    at TaskQueue.execute_ (E:\vmware\Loop\GitHub\e2e\node_modules\selenium-webdriver\lib\promise.js:3084:14)
                    at TaskQueue.executeNext_ (E:\vmware\Loop\GitHub\e2e\node_modules\selenium-webdriver\lib\promise.js:3067:27)
                    at E:\vmware\Loop\GitHub\e2e\node_modules\selenium-webdriver\lib\promise.js:2974:25
                    at E:\vmware\Loop\GitHub\e2e\node_modules\selenium-webdriver\lib\promise.js:668:7
                    at processTicksAndRejections (node:internal/process/task_queues:96:5)
                From: Task: &lt;anonymous wait>
                    at scheduleWait (E:\vmware\Loop\GitHub\e2e\node_modules\selenium-webdriver\lib\promise.js:2188:20)
                    at ControlFlow.wait (E:\vmware\Loop\GitHub\e2e\node_modules\selenium-webdriver\lib\promise.js:2517:12)
                    at Driver.wait (E:\vmware\Loop\GitHub\e2e\node_modules\selenium-webdriver\lib\webdriver.js:934:29)
                    at run (E:\vmware\Loop\GitHub\e2e\node_modules\protractor\built\browser.js:58:33)
                    at ProtractorBrowser.to.&lt;computed> [as wait] (E:\vmware\Loop\GitHub\e2e\node_modules\protractor\built\browser.js:66:16)
                    at Function.&lt;anonymous> (E:\vmware\Loop\GitHub\e2e\utils\function-util.ts:140:19)
                    at Generator.next (&lt;anonymous>)
                    at E:\vmware\Loop\GitHub\e2e\node_modules\tslib\tslib.js:115:75
                    at new Promise (&lt;anonymous>)
                    at Object.__awaiter (E:\vmware\Loop\GitHub\e2e\node_modules\tslib\tslib.js:111:16)
                From: Task: Run it("File append verify selete existing log file") in control flow
                    at UserContext.&lt;anonymous> (E:\vmware\Loop\GitHub\e2e\node_modules\jasminewd2\index.js:94:19)
                    at attempt (E:\vmware\Loop\GitHub\e2e\node_modules\jasmine\node_modules\jasmine-core\lib\jasmine-core\jasmine.js:4297:26)
                    at QueueRunner.run (E:\vmware\Loop\GitHub\e2e\node_modules\jasmine\node_modules\jasmine-core\lib\jasmine-core\jasmine.js:4217:20)
                    at runNext (E:\vmware\Loop\GitHub\e2e\node_modules\jasmine\node_modules\jasmine-core\lib\jasmine-core\jasmine.js:4257:20)
                    at E:\vmware\Loop\GitHub\e2e\node_modules\jasmine\node_modules\jasmine-core\lib\jasmine-core\jasmine.js:4264:13
                    at E:\vmware\Loop\GitHub\e2e\node_modules\jasmine\node_modules\jasmine-core\lib\jasmine-core\jasmine.js:4172:9
                    at E:\vmware\Loop\GitHub\e2e\node_modules\jasminewd2\index.js:64:48
                    at ControlFlow.emit (E:\vmware\Loop\GitHub\e2e\node_modules\selenium-webdriver\lib\events.js:62:21)
                    at ControlFlow.shutdown_ (E:\vmware\Loop\GitHub\e2e\node_modules\selenium-webdriver\lib\promise.js:2674:10)
                    at E:\vmware\Loop\GitHub\e2e\node_modules\selenium-webdriver\lib\promise.js:2599:53
                From asynchronous test: 
                Error: 
                    at Suite.&lt;anonymous> (E:\vmware\Loop\GitHub\e2e\features\append-project-log-spec.ts:30:3)
                    at addSpecsToSuite (E:\vmware\Loop\GitHub\e2e\node_modules\jasmine\node_modules\jasmine-core\lib\jasmine-core\jasmine.js:1107:25)
                    at Env.describe (E:\vmware\Loop\GitHub\e2e\node_modules\jasmine\node_modules\jasmine-core\lib\jasmine-core\jasmine.js:1074:7)
                    at describe (E:\vmware\Loop\GitHub\e2e\node_modules\jasmine\node_modules\jasmine-core\lib\jasmine-core\jasmine.js:4399:18)
                    at Object.&lt;anonymous> (E:\vmware\Loop\GitHub\e2e\features\append-project-log-spec.ts:10:1)
                    at Module._compile (node:internal/modules/cjs/loader:1101:14)
                    at Module.m._compile (E:\vmware\Loop\GitHub\e2e\node_modules\ts-node\src\index.ts:422:23)
                    at Module._extensions..js (node:internal/modules/cjs/loader:1153:10)
                    at Object.require.extensions.&lt;computed> [as .ts] (E:\vmware\Loop\GitHub\e2e\node_modules\ts-node\src\index.ts:425:12)</stack-trace>
            </failure>
        </test-case>
    </test-cases>
</ns2:test-suite>